Log file open, 12/16/19 23:20:33
LogWindows: Failed to load 'aqProf.dll' (GetLastError=126)
LogWindows: File 'aqProf.dll' does not exist
LogWindows: Failed to load 'VtuneApi.dll' (GetLastError=126)
LogWindows: File 'VtuneApi.dll' does not exist
LogWindows: Failed to load 'VtuneApi32e.dll' (GetLastError=126)
LogWindows: File 'VtuneApi32e.dll' does not exist
LogConsoleResponse: Display: Failed to find resolution value strings in scalability ini. Falling back to default.
LogInit: Display: Running engine for game: BuildingEscape
LogPlatformFile: Not using cached read wrapper
LogTaskGraph: Started task graph with 5 named threads and 14 total threads with 3 sets of task threads.
LogStats: Stats thread started at 0.729135
LogD3D11RHI: Loaded GFSDK_Aftermath_Lib.x64.dll
LogICUInternationalization: ICU TimeZone Detection - Raw Offset: -5:00, Platform Override: ''
LogPluginManager: Mounting plugin Paper2D
LogPluginManager: Mounting plugin AISupport
LogPluginManager: Mounting plugin LightPropagationVolume
LogPluginManager: Mounting plugin ActorLayerUtilities
LogPluginManager: Mounting plugin AnimationSharing
LogPluginManager: Mounting plugin CLionSourceCodeAccess
LogPluginManager: Mounting plugin CodeLiteSourceCodeAccess
LogPluginManager: Mounting plugin GitSourceControl
LogPluginManager: Mounting plugin KDevelopSourceCodeAccess
LogPluginManager: Mounting plugin NullSourceCodeAccess
LogPluginManager: Mounting plugin PerforceSourceControl
LogPluginManager: Mounting plugin SubversionSourceControl
LogPluginManager: Mounting plugin UObjectPlugin
LogPluginManager: Mounting plugin VisualStudioCodeSourceCodeAccess
LogPluginManager: Mounting plugin VisualStudioSourceCodeAccess
LogPluginManager: Mounting plugin XCodeSourceCodeAccess
LogPluginManager: Mounting plugin AssetManagerEditor
LogPluginManager: Mounting plugin CryptoKeys
LogPluginManager: Mounting plugin CurveEditorTools
LogPluginManager: Mounting plugin DataValidation
LogPluginManager: Mounting plugin EditorScriptingUtilities
LogPluginManager: Mounting plugin FacialAnimation
LogPluginManager: Mounting plugin GameplayTagsEditor
LogPluginManager: Mounting plugin GLTFImporter
LogPluginManager: Mounting plugin MacGraphicsSwitching
LogPluginManager: Mounting plugin MaterialAnalyzer
LogPluginManager: Mounting plugin MeshEditor
LogPluginManager: Mounting plugin MobileLauncherProfileWizard
LogPluginManager: Mounting plugin PluginBrowser
LogPluginManager: Mounting plugin SpeedTreeImporter
LogPluginManager: Mounting plugin DatasmithContent
LogPluginManager: Mounting plugin VariantManagerContent
LogPluginManager: Mounting plugin AlembicImporter
LogPluginManager: Mounting plugin AutomationUtils
LogPluginManager: Mounting plugin BackChannel
LogPluginManager: Mounting plugin BlastPlugin
LogPluginManager: Mounting plugin ChaosSolverPlugin
LogPluginManager: Mounting plugin CharacterAI
LogPluginManager: Mounting plugin DataPrepEditor
LogPluginManager: Mounting plugin GeometryCache
LogPluginManager: Mounting plugin GeometryCollectionPlugin
LogPluginManager: Mounting plugin HTML5Networking
LogPluginManager: Mounting plugin PlatformCrypto
LogPluginManager: Mounting plugin ProxyLODPlugin
LogPluginManager: Mounting plugin SkeletalReduction
LogPluginManager: Mounting plugin MagicLeap
LogPluginManager: Mounting plugin MagicLeapMedia
LogPluginManager: Mounting plugin AndroidMedia
LogPluginManager: Mounting plugin AvfMedia
LogPluginManager: Mounting plugin ImgMedia
LogPluginManager: Mounting plugin MediaCompositing
LogPluginManager: Mounting plugin MediaPlayerEditor
LogPluginManager: Mounting plugin WebMMedia
LogPluginManager: Mounting plugin WmfMedia
LogPluginManager: Mounting plugin TcpMessaging
LogPluginManager: Mounting plugin UdpMessaging
LogPluginManager: Mounting plugin ActorSequence
LogPluginManager: Mounting plugin LevelSequenceEditor
LogPluginManager: Mounting plugin MatineeToLevelSequence
LogPluginManager: Mounting plugin NetcodeUnitTest
LogPluginManager: Mounting plugin NUTUnrealEngine4
LogPluginManager: Mounting plugin OnlineSubsystemGooglePlay
LogPluginManager: Mounting plugin OnlineSubsystemIOS
LogPluginManager: Mounting plugin OnlineSubsystem
LogPluginManager: Mounting plugin OnlineSubsystemNull
LogPluginManager: Mounting plugin OnlineSubsystemUtils
LogPluginManager: Mounting plugin LauncherChunkInstaller
LogPluginManager: Mounting plugin AndroidDeviceProfileSelector
LogPluginManager: Mounting plugin AndroidMoviePlayer
LogPluginManager: Mounting plugin AndroidPermission
LogPluginManager: Mounting plugin AppleImageUtils
LogPluginManager: Mounting plugin AppleMoviePlayer
LogPluginManager: Mounting plugin ArchVisCharacter
LogPluginManager: Mounting plugin AudioCapture
LogPluginManager: Mounting plugin CableComponent
LogPluginManager: Mounting plugin CustomMeshComponent
LogPluginManager: Mounting plugin EditableMesh
LogPluginManager: Mounting plugin ExampleDeviceProfileSelector
LogPluginManager: Mounting plugin GoogleCloudMessaging
LogPluginManager: Mounting plugin IOSDeviceProfileSelector
LogPluginManager: Mounting plugin LinuxDeviceProfileSelector
LogPluginManager: Mounting plugin LocationServicesBPLibrary
LogPluginManager: Mounting plugin MobilePatchingUtils
LogPluginManager: Mounting plugin OculusVR
LogPluginManager: Mounting plugin PhysXVehicles
LogPluginManager: Mounting plugin ProceduralMeshComponent
LogPluginManager: Mounting plugin RuntimePhysXCooking
LogPluginManager: Mounting plugin SignificanceManager
LogPluginManager: Mounting plugin SteamVR
LogPluginManager: Mounting plugin WebMMoviePlayer
LogPluginManager: Mounting plugin WindowsMoviePlayer
LogPluginManager: Mounting plugin ScreenshotTools
LogPluginManager: Mounting plugin DatasmithC4DImporter
LogPluginManager: Mounting plugin DatasmithCADImporter
LogPluginManager: Mounting plugin DatasmithFBXImporter
LogPluginManager: Mounting plugin DatasmithGLTFImporter
LogPluginManager: Mounting plugin DatasmithIFCImporter
LogPluginManager: Mounting plugin DatasmithImporter
LogPluginManager: Mounting plugin MDLImporter
LogPluginManager: Mounting plugin StaticMeshEditorExtension
LogPluginManager: Mounting plugin VariantManager
LogInit: Using libcurl 7.55.1-DEV
LogInit:  - built for x86_64-pc-win32
LogInit:  - supports SSL with OpenSSL/1.1.1
LogInit:  - supports HTTP deflate (compression) using libz 1.2.8
LogInit:  - other features:
LogInit:      CURL_VERSION_SSL
LogInit:      CURL_VERSION_LIBZ
LogInit:      CURL_VERSION_IPV6
LogInit:      CURL_VERSION_ASYNCHDNS
LogInit:      CURL_VERSION_LARGEFILE
LogInit:      CURL_VERSION_IDN
LogInit:  CurlRequestOptions (configurable via config and command line):
LogInit:  - bVerifyPeer = true  - Libcurl will verify peer certificate
LogInit:  - bUseHttpProxy = false  - Libcurl will NOT use HTTP proxy
LogInit:  - bDontReuseConnections = false  - Libcurl will reuse connections
LogInit:  - MaxHostConnections = 16  - Libcurl will limit the number of connections to a host
LogInit:  - LocalHostAddr = Default
LogInit:  - BufferSize = 65536
LogOnline: OSS: Creating online subsystem instance for: NULL
LogInit: WinSock: version 1.1 (2.2), MaxSocks=32767, MaxUdp=65467
LogInit: Build: ++UE4+Release-4.23-CL-8386587
LogInit: Engine Version: 4.23.0-8386587+++UE4+Release-4.23
LogInit: Compatible Engine Version: 4.23.0-8386587+++UE4+Release-4.23
LogInit: Net CL: 8386587
LogInit: OS: Windows 10 (Release 1903) (), CPU: Intel(R) Core(TM) i5-6300HQ CPU @ 2.30GHz, GPU: Intel(R) HD Graphics 530
LogInit: Compiled (64-bit): Aug 31 2019 02:04:44
LogInit: Compiled with Visual C++: 19.16.27030.01
LogInit: Build Configuration: Development
LogInit: Branch Name: ++UE4+Release-4.23
LogInit: Command Line:  /Game/Level_001 -game -PIEVIACONSOLE -ResX=1280 -ResY=720 -Multiprocess -messaging -SessionName="Play in Standalone Game" -windowed
LogInit: Base Directory: C:/Program Files/Epic Games/UE_4.23/Engine/Binaries/Win64/
LogInit: Installed Engine Build: 1
LogDevObjectVersion: Number of dev versions registered: 23
LogDevObjectVersion:   Dev-Blueprints (B0D832E4-1F89-4F0D-ACCF-7EB736FD4AA2): 10
LogDevObjectVersion:   Dev-Build (E1C64328-A22C-4D53-A36C-8E866417BD8C): 0
LogDevObjectVersion:   Dev-Core (375EC13C-06E4-48FB-B500-84F0262A717E): 3
LogDevObjectVersion:   Dev-Editor (E4B068ED-F494-42E9-A231-DA0B2E46BB41): 34
LogDevObjectVersion:   Dev-Framework (CFFC743F-43B0-4480-9391-14DF171D2073): 35
LogDevObjectVersion:   Dev-Mobile (B02B49B5-BB20-44E9-A304-32B752E40360): 2
LogDevObjectVersion:   Dev-Networking (A4E4105C-59A1-49B5-A7C5-40C4547EDFEE): 0
LogDevObjectVersion:   Dev-Online (39C831C9-5AE6-47DC-9A44-9C173E1C8E7C): 0
LogDevObjectVersion:   Dev-Physics (78F01B33-EBEA-4F98-B9B4-84EACCB95AA2): 0
LogDevObjectVersion:   Dev-Platform (6631380F-2D4D-43E0-8009-CF276956A95A): 0
LogDevObjectVersion:   Dev-Rendering (12F88B9F-8875-4AFC-A67C-D90C383ABD29): 31
LogDevObjectVersion:   Dev-Sequencer (7B5AE74C-D270-4C10-A958-57980B212A5A): 11
LogDevObjectVersion:   Dev-VR (D7296918-1DD6-4BDD-9DE2-64A83CC13884): 2
LogDevObjectVersion:   Dev-LoadTimes (C2A15278-BFE7-4AFE-6C17-90FF531DF755): 1
LogDevObjectVersion:   Private-Geometry (6EACA3D4-40EC-4CC1-B786-8BED09428FC5): 3
LogDevObjectVersion:   Dev-AnimPhys (29E575DD-E0A3-4627-9D10-D276232CDCEA): 17
LogDevObjectVersion:   Dev-Anim (AF43A65D-7FD3-4947-9873-3E8ED9C1BB05): 2
LogDevObjectVersion:   Dev-ReflectionCapture (6B266CEC-1EC7-4B8F-A30B-E4D90942FC07): 1
LogDevObjectVersion:   Dev-Automation (0DF73D61-A23F-47EA-B727-89E90C41499A): 1
LogDevObjectVersion:   FortniteMain (601D1886-AC64-4F84-AA16-D3DE0DEAC7D6): 27
LogDevObjectVersion:   Dev-Enterprise (9DFFBCD6-494F-0158-E221-12823C92A888): 6
LogDevObjectVersion:   Dev-Niagara (F2AED0AC-9AFE-416F-8664-AA7FFA26D6FC): 1
LogDevObjectVersion:   Dev-Destruction (174F1F0B-B4C6-45A5-B13F-2EE8D0FB917D): 9
LogInit: Presizing for max 16777216 objects, including 0 objects not considered by GC, pre-allocating 0 bytes for permanent pool.
LogInit: Object subsystem initialized
LogConfig: Setting CVar [[con.DebugEarlyDefault:1]]
LogConfig: Setting CVar [[r.setres:1280x720]]
[2019.12.17-04.20.35:258][  0]LogConfig: Setting CVar [[con.DebugEarlyDefault:1]]
[2019.12.17-04.20.35:258][  0]LogConfig: Setting CVar [[r.setres:1280x720]]
[2019.12.17-04.20.35:258][  0]LogConfig: Applying CVar settings from Section [/Script/Engine.RendererSettings] File [C:/Users/TheK-B1000/Desktop/The K-B Folder/Unreal/repos/Section 3/BuildingEscape/Saved/Config/Windows/Engine.ini]
[2019.12.17-04.20.35:259][  0]LogConfig: Setting CVar [[r.GPUCrashDebugging:0]]
[2019.12.17-04.20.35:259][  0]LogConfig: Setting CVar [[r.DefaultFeature.AutoExposure.ExtendDefaultLuminanceRange:1]]
[2019.12.17-04.20.35:259][  0]LogConfig: Applying CVar settings from Section [/Script/Engine.RendererOverrideSettings] File [C:/Users/TheK-B1000/Desktop/The K-B Folder/Unreal/repos/Section 3/BuildingEscape/Saved/Config/Windows/Engine.ini]
[2019.12.17-04.20.35:259][  0]LogConfig: Applying CVar settings from Section [/Script/Engine.StreamingSettings] File [C:/Users/TheK-B1000/Desktop/The K-B Folder/Unreal/repos/Section 3/BuildingEscape/Saved/Config/Windows/Engine.ini]
[2019.12.17-04.20.35:259][  0]LogConfig: Setting CVar [[s.MinBulkDataSizeForAsyncLoading:131072]]
[2019.12.17-04.20.35:259][  0]LogConfig: Setting CVar [[s.AsyncLoadingThreadEnabled:0]]
[2019.12.17-04.20.35:259][  0]LogConfig: Setting CVar [[s.EventDrivenLoaderEnabled:1]]
[2019.12.17-04.20.35:259][  0]LogConfig: Setting CVar [[s.WarnIfTimeLimitExceeded:0]]
[2019.12.17-04.20.35:259][  0]LogConfig: Setting CVar [[s.TimeLimitExceededMultiplier:1.5]]
[2019.12.17-04.20.35:259][  0]LogConfig: Setting CVar [[s.TimeLimitExceededMinTime:0.005]]
[2019.12.17-04.20.35:259][  0]LogConfig: Setting CVar [[s.UseBackgroundLevelStreaming:1]]
[2019.12.17-04.20.35:259][  0]LogConfig: Setting CVar [[s.PriorityAsyncLoadingExtraTime:15.0]]
[2019.12.17-04.20.35:259][  0]LogConfig: Setting CVar [[s.LevelStreamingActorsUpdateTimeLimit:5.0]]
[2019.12.17-04.20.35:259][  0]LogConfig: Setting CVar [[s.PriorityLevelStreamingActorsUpdateExtraTime:5.0]]
[2019.12.17-04.20.35:259][  0]LogConfig: Setting CVar [[s.LevelStreamingComponentsRegistrationGranularity:10]]
[2019.12.17-04.20.35:259][  0]LogConfig: Setting CVar [[s.UnregisterComponentsTimeLimit:1.0]]
[2019.12.17-04.20.35:259][  0]LogConfig: Setting CVar [[s.LevelStreamingComponentsUnregistrationGranularity:5]]
[2019.12.17-04.20.35:259][  0]LogConfig: Applying CVar settings from Section [/Script/Engine.GarbageCollectionSettings] File [C:/Users/TheK-B1000/Desktop/The K-B Folder/Unreal/repos/Section 3/BuildingEscape/Saved/Config/Windows/Engine.ini]
[2019.12.17-04.20.35:259][  0]LogConfig: Setting CVar [[gc.MaxObjectsNotConsideredByGC:1]]
[2019.12.17-04.20.35:259][  0]LogConfig: Setting CVar [[gc.SizeOfPermanentObjectPool:0]]
[2019.12.17-04.20.35:259][  0]LogConfig: Setting CVar [[gc.FlushStreamingOnGC:0]]
[2019.12.17-04.20.35:259][  0]LogConfig: Setting CVar [[gc.NumRetriesBeforeForcingGC:10]]
[2019.12.17-04.20.35:259][  0]LogConfig: Setting CVar [[gc.AllowParallelGC:1]]
[2019.12.17-04.20.35:259][  0]LogConfig: Setting CVar [[gc.TimeBetweenPurgingPendingKillObjects:61.1]]
[2019.12.17-04.20.35:259][  0]LogConfig: Setting CVar [[gc.MaxObjectsInEditor:16777216]]
[2019.12.17-04.20.35:259][  0]LogConfig: Setting CVar [[gc.IncrementalBeginDestroyEnabled:1]]
[2019.12.17-04.20.35:259][  0]LogConfig: Setting CVar [[gc.CreateGCClusters:1]]
[2019.12.17-04.20.35:259][  0]LogConfig: Setting CVar [[gc.MinGCClusterSize:5]]
[2019.12.17-04.20.35:259][  0]LogConfig: Setting CVar [[gc.ActorClusteringEnabled:0]]
[2019.12.17-04.20.35:259][  0]LogConfig: Setting CVar [[gc.BlueprintClusteringEnabled:0]]
[2019.12.17-04.20.35:259][  0]LogConfig: Setting CVar [[gc.UseDisregardForGCOnDedicatedServers:0]]
[2019.12.17-04.20.35:259][  0]LogConfig: Applying CVar settings from Section [/Script/Engine.NetworkSettings] File [C:/Users/TheK-B1000/Desktop/The K-B Folder/Unreal/repos/Section 3/BuildingEscape/Saved/Config/Windows/Engine.ini]
[2019.12.17-04.20.35:259][  0]LogConfig: Applying CVar settings from Section [/Script/UnrealEd.CookerSettings] File [C:/Users/TheK-B1000/Desktop/The K-B Folder/Unreal/repos/Section 3/BuildingEscape/Saved/Config/Windows/Engine.ini]
[2019.12.17-04.20.35:272][  0]LogConfig: Applying CVar settings from Section [ViewDistanceQuality@3] File [C:/Users/TheK-B1000/Desktop/The K-B Folder/Unreal/repos/Section 3/BuildingEscape/Saved/Config/Windows/Scalability.ini]
[2019.12.17-04.20.35:272][  0]LogConfig: Setting CVar [[r.SkeletalMeshLODBias:0]]
[2019.12.17-04.20.35:272][  0]LogConfig: Setting CVar [[r.ViewDistanceScale:1.0]]
[2019.12.17-04.20.35:272][  0]LogConfig: Applying CVar settings from Section [AntiAliasingQuality@3] File [C:/Users/TheK-B1000/Desktop/The K-B Folder/Unreal/repos/Section 3/BuildingEscape/Saved/Config/Windows/Scalability.ini]
[2019.12.17-04.20.35:272][  0]LogConfig: Setting CVar [[r.PostProcessAAQuality:4]]
[2019.12.17-04.20.35:272][  0]LogConfig: Applying CVar settings from Section [ShadowQuality@3] File [C:/Users/TheK-B1000/Desktop/The K-B Folder/Unreal/repos/Section 3/BuildingEscape/Saved/Config/Windows/Scalability.ini]
[2019.12.17-04.20.35:272][  0]LogConfig: Setting CVar [[r.LightFunctionQuality:1]]
[2019.12.17-04.20.35:272][  0]LogConfig: Setting CVar [[r.ShadowQuality:5]]
[2019.12.17-04.20.35:272][  0]LogConfig: Setting CVar [[r.Shadow.CSM.MaxCascades:10]]
[2019.12.17-04.20.35:272][  0]LogConfig: Setting CVar [[r.Shadow.MaxResolution:2048]]
[2019.12.17-04.20.35:272][  0]LogConfig: Setting CVar [[r.Shadow.MaxCSMResolution:2048]]
[2019.12.17-04.20.35:272][  0]LogConfig: Setting CVar [[r.Shadow.RadiusThreshold:0.01]]
[2019.12.17-04.20.35:272][  0]LogConfig: Setting CVar [[r.Shadow.DistanceScale:1.0]]
[2019.12.17-04.20.35:272][  0]LogConfig: Setting CVar [[r.Shadow.CSM.TransitionScale:1.0]]
[2019.12.17-04.20.35:272][  0]LogConfig: Setting CVar [[r.Shadow.PreShadowResolutionFactor:1.0]]
[2019.12.17-04.20.35:272][  0]LogConfig: Setting CVar [[r.DistanceFieldShadowing:1]]
[2019.12.17-04.20.35:272][  0]LogConfig: Setting CVar [[r.DistanceFieldAO:1]]
[2019.12.17-04.20.35:272][  0]LogConfig: Setting CVar [[r.AOQuality:2]]
[2019.12.17-04.20.35:272][  0]LogConfig: Setting CVar [[r.VolumetricFog:1]]
[2019.12.17-04.20.35:272][  0]LogConfig: Setting CVar [[r.VolumetricFog.GridPixelSize:8]]
[2019.12.17-04.20.35:272][  0]LogConfig: Setting CVar [[r.VolumetricFog.GridSizeZ:128]]
[2019.12.17-04.20.35:272][  0]LogConfig: Setting CVar [[r.VolumetricFog.HistoryMissSupersampleCount:4]]
[2019.12.17-04.20.35:272][  0]LogConfig: Setting CVar [[r.LightMaxDrawDistanceScale:1]]
[2019.12.17-04.20.35:272][  0]LogConfig: Setting CVar [[r.CapsuleShadows:1]]
[2019.12.17-04.20.35:272][  0]LogConfig: Applying CVar settings from Section [PostProcessQuality@3] File [C:/Users/TheK-B1000/Desktop/The K-B Folder/Unreal/repos/Section 3/BuildingEscape/Saved/Config/Windows/Scalability.ini]
[2019.12.17-04.20.35:272][  0]LogConfig: Setting CVar [[r.MotionBlurQuality:4]]
[2019.12.17-04.20.35:272][  0]LogConfig: Setting CVar [[r.AmbientOcclusionMipLevelFactor:0.4]]
[2019.12.17-04.20.35:272][  0]LogConfig: Setting CVar [[r.AmbientOcclusionMaxQuality:100]]
[2019.12.17-04.20.35:272][  0]LogConfig: Setting CVar [[r.AmbientOcclusionLevels:-1]]
[2019.12.17-04.20.35:272][  0]LogConfig: Setting CVar [[r.AmbientOcclusionRadiusScale:1.0]]
[2019.12.17-04.20.35:272][  0]LogConfig: Setting CVar [[r.DepthOfFieldQuality:2]]
[2019.12.17-04.20.35:272][  0]LogConfig: Setting CVar [[r.RenderTargetPoolMin:400]]
[2019.12.17-04.20.35:272][  0]LogConfig: Setting CVar [[r.LensFlareQuality:2]]
[2019.12.17-04.20.35:272][  0]LogConfig: Setting CVar [[r.SceneColorFringeQuality:1]]
[2019.12.17-04.20.35:272][  0]LogConfig: Setting CVar [[r.EyeAdaptationQuality:2]]
[2019.12.17-04.20.35:272][  0]LogConfig: Setting CVar [[r.BloomQuality:5]]
[2019.12.17-04.20.35:272][  0]LogConfig: Setting CVar [[r.FastBlurThreshold:100]]
[2019.12.17-04.20.35:272][  0]LogConfig: Setting CVar [[r.Upscale.Quality:3]]
[2019.12.17-04.20.35:272][  0]LogConfig: Setting CVar [[r.Tonemapper.GrainQuantization:1]]
[2019.12.17-04.20.35:272][  0]LogConfig: Setting CVar [[r.LightShaftQuality:1]]
[2019.12.17-04.20.35:272][  0]LogConfig: Setting CVar [[r.Filter.SizeScale:1]]
[2019.12.17-04.20.35:272][  0]LogConfig: Setting CVar [[r.Tonemapper.Quality:5]]
[2019.12.17-04.20.35:272][  0]LogConfig: Setting CVar [[r.DOF.Gather.AccumulatorQuality:1        ; higher gathering accumulator quality]]
[2019.12.17-04.20.35:272][  0]LogConfig: Setting CVar [[r.DOF.Gather.PostfilterMethod:1          ; Median3x3 postfilering method]]
[2019.12.17-04.20.35:272][  0]LogConfig: Setting CVar [[r.DOF.Gather.EnableBokehSettings:0       ; no bokeh simulation when gathering]]
[2019.12.17-04.20.35:272][  0]LogConfig: Setting CVar [[r.DOF.Gather.RingCount:4                 ; medium number of samples when gathering]]
[2019.12.17-04.20.35:272][  0]LogConfig: Setting CVar [[r.DOF.Scatter.ForegroundCompositing:1    ; additive foreground scattering]]
[2019.12.17-04.20.35:273][  0]LogConfig: Setting CVar [[r.DOF.Scatter.BackgroundCompositing:2    ; additive background scattering]]
[2019.12.17-04.20.35:273][  0]LogConfig: Setting CVar [[r.DOF.Scatter.EnableBokehSettings:1      ; bokeh simulation when scattering]]
[2019.12.17-04.20.35:273][  0]LogConfig: Setting CVar [[r.DOF.Scatter.MaxSpriteRatio:0.1         ; only a maximum of 10% of scattered bokeh]]
[2019.12.17-04.20.35:273][  0]LogConfig: Setting CVar [[r.DOF.Recombine.Quality:1                ; cheap slight out of focus]]
[2019.12.17-04.20.35:273][  0]LogConfig: Setting CVar [[r.DOF.Recombine.EnableBokehSettings:0    ; no bokeh simulation on slight out of focus]]
[2019.12.17-04.20.35:273][  0]LogConfig: Setting CVar [[r.DOF.TemporalAAQuality:1                ; more stable temporal accumulation]]
[2019.12.17-04.20.35:273][  0]LogConfig: Setting CVar [[r.DOF.Kernel.MaxForegroundRadius:0.025]]
[2019.12.17-04.20.35:273][  0]LogConfig: Setting CVar [[r.DOF.Kernel.MaxBackgroundRadius:0.025]]
[2019.12.17-04.20.35:273][  0]LogConfig: Applying CVar settings from Section [TextureQuality@3] File [C:/Users/TheK-B1000/Desktop/The K-B Folder/Unreal/repos/Section 3/BuildingEscape/Saved/Config/Windows/Scalability.ini]
[2019.12.17-04.20.35:273][  0]LogConfig: Setting CVar [[r.Streaming.MipBias:0]]
[2019.12.17-04.20.35:273][  0]LogConfig: Setting CVar [[r.Streaming.AmortizeCPUToGPUCopy:0]]
[2019.12.17-04.20.35:273][  0]LogConfig: Setting CVar [[r.Streaming.MaxNumTexturesToStreamPerFrame:0]]
[2019.12.17-04.20.35:273][  0]LogConfig: Setting CVar [[r.Streaming.Boost:1]]
[2019.12.17-04.20.35:273][  0]LogConfig: Setting CVar [[r.MaxAnisotropy:8]]
[2019.12.17-04.20.35:273][  0]LogConfig: Setting CVar [[r.Streaming.LimitPoolSizeToVRAM:0]]
[2019.12.17-04.20.35:273][  0]LogConfig: Setting CVar [[r.Streaming.PoolSize:1000]]
[2019.12.17-04.20.35:273][  0]LogConfig: Setting CVar [[r.Streaming.MaxEffectiveScreenSize:0]]
[2019.12.17-04.20.35:273][  0]LogConfig: Applying CVar settings from Section [EffectsQuality@3] File [C:/Users/TheK-B1000/Desktop/The K-B Folder/Unreal/repos/Section 3/BuildingEscape/Saved/Config/Windows/Scalability.ini]
[2019.12.17-04.20.35:273][  0]LogConfig: Setting CVar [[r.TranslucencyLightingVolumeDim:64]]
[2019.12.17-04.20.35:273][  0]LogConfig: Setting CVar [[r.RefractionQuality:2]]
[2019.12.17-04.20.35:273][  0]LogConfig: Setting CVar [[r.SSR.Quality:3]]
[2019.12.17-04.20.35:273][  0]LogConfig: Setting CVar [[r.SceneColorFormat:4]]
[2019.12.17-04.20.35:273][  0]LogConfig: Setting CVar [[r.DetailMode:2]]
[2019.12.17-04.20.35:273][  0]LogConfig: Setting CVar [[r.TranslucencyVolumeBlur:1]]
[2019.12.17-04.20.35:273][  0]LogConfig: Setting CVar [[r.MaterialQualityLevel:1 ; High quality]]
[2019.12.17-04.20.35:273][  0]LogConfig: Setting CVar [[r.SSS.Scale:1]]
[2019.12.17-04.20.35:273][  0]LogConfig: Setting CVar [[r.SSS.SampleSet:2]]
[2019.12.17-04.20.35:273][  0]LogConfig: Setting CVar [[r.SSS.Quality:1]]
[2019.12.17-04.20.35:273][  0]LogConfig: Setting CVar [[r.SSS.HalfRes:1]]
[2019.12.17-04.20.35:273][  0]LogConfig: Setting CVar [[r.EmitterSpawnRateScale:1.0]]
[2019.12.17-04.20.35:273][  0]LogConfig: Setting CVar [[r.ParticleLightQuality:2]]
[2019.12.17-04.20.35:273][  0]LogConfig: Applying CVar settings from Section [FoliageQuality@3] File [C:/Users/TheK-B1000/Desktop/The K-B Folder/Unreal/repos/Section 3/BuildingEscape/Saved/Config/Windows/Scalability.ini]
[2019.12.17-04.20.35:273][  0]LogConfig: Setting CVar [[foliage.DensityScale:1.0]]
[2019.12.17-04.20.35:273][  0]LogConfig: Setting CVar [[grass.DensityScale:1.0]]
[2019.12.17-04.20.35:273][  0]LogInit: Selected Device Profile: [Windows]
[2019.12.17-04.20.35:273][  0]LogInit: Applying CVar settings loaded from the selected device profile: [Windows]
[2019.12.17-04.20.35:278][  0]LogHAL: Display: Platform has ~ 8 GB [8462237696 / 8589934592 / 8], which maps to Default [LargestMinGB=32, LargerMinGB=12, DefaultMinGB=8, SmallerMinGB=6, SmallestMinGB=0)
[2019.12.17-04.20.35:278][  0]LogInit: Going up to parent DeviceProfile []
[2019.12.17-04.20.35:279][  0]LogConfig: Applying CVar settings from Section [ViewDistanceQuality@3] File [C:/Users/TheK-B1000/Desktop/The K-B Folder/Unreal/repos/Section 3/BuildingEscape/Saved/Config/Windows/Scalability.ini]
[2019.12.17-04.20.35:279][  0]LogConfig: Setting CVar [[r.SkeletalMeshLODBias:0]]
[2019.12.17-04.20.35:279][  0]LogConfig: Setting CVar [[r.ViewDistanceScale:1.0]]
[2019.12.17-04.20.35:279][  0]LogConfig: Applying CVar settings from Section [AntiAliasingQuality@3] File [C:/Users/TheK-B1000/Desktop/The K-B Folder/Unreal/repos/Section 3/BuildingEscape/Saved/Config/Windows/Scalability.ini]
[2019.12.17-04.20.35:279][  0]LogConfig: Setting CVar [[r.PostProcessAAQuality:4]]
[2019.12.17-04.20.35:279][  0]LogConfig: Applying CVar settings from Section [ShadowQuality@3] File [C:/Users/TheK-B1000/Desktop/The K-B Folder/Unreal/repos/Section 3/BuildingEscape/Saved/Config/Windows/Scalability.ini]
[2019.12.17-04.20.35:279][  0]LogConfig: Setting CVar [[r.LightFunctionQuality:1]]
[2019.12.17-04.20.35:279][  0]LogConfig: Setting CVar [[r.ShadowQuality:5]]
[2019.12.17-04.20.35:279][  0]LogConfig: Setting CVar [[r.Shadow.CSM.MaxCascades:10]]
[2019.12.17-04.20.35:279][  0]LogConfig: Setting CVar [[r.Shadow.MaxResolution:2048]]
[2019.12.17-04.20.35:279][  0]LogConfig: Setting CVar [[r.Shadow.MaxCSMResolution:2048]]
[2019.12.17-04.20.35:279][  0]LogConfig: Setting CVar [[r.Shadow.RadiusThreshold:0.01]]
[2019.12.17-04.20.35:279][  0]LogConfig: Setting CVar [[r.Shadow.DistanceScale:1.0]]
[2019.12.17-04.20.35:279][  0]LogConfig: Setting CVar [[r.Shadow.CSM.TransitionScale:1.0]]
[2019.12.17-04.20.35:279][  0]LogConfig: Setting CVar [[r.Shadow.PreShadowResolutionFactor:1.0]]
[2019.12.17-04.20.35:279][  0]LogConfig: Setting CVar [[r.DistanceFieldShadowing:1]]
[2019.12.17-04.20.35:279][  0]LogConfig: Setting CVar [[r.DistanceFieldAO:1]]
[2019.12.17-04.20.35:279][  0]LogConfig: Setting CVar [[r.AOQuality:2]]
[2019.12.17-04.20.35:279][  0]LogConfig: Setting CVar [[r.VolumetricFog:1]]
[2019.12.17-04.20.35:279][  0]LogConfig: Setting CVar [[r.VolumetricFog.GridPixelSize:8]]
[2019.12.17-04.20.35:279][  0]LogConfig: Setting CVar [[r.VolumetricFog.GridSizeZ:128]]
[2019.12.17-04.20.35:279][  0]LogConfig: Setting CVar [[r.VolumetricFog.HistoryMissSupersampleCount:4]]
[2019.12.17-04.20.35:279][  0]LogConfig: Setting CVar [[r.LightMaxDrawDistanceScale:1]]
[2019.12.17-04.20.35:279][  0]LogConfig: Setting CVar [[r.CapsuleShadows:1]]
[2019.12.17-04.20.35:279][  0]LogConfig: Applying CVar settings from Section [PostProcessQuality@3] File [C:/Users/TheK-B1000/Desktop/The K-B Folder/Unreal/repos/Section 3/BuildingEscape/Saved/Config/Windows/Scalability.ini]
[2019.12.17-04.20.35:279][  0]LogConfig: Setting CVar [[r.MotionBlurQuality:4]]
[2019.12.17-04.20.35:279][  0]LogConfig: Setting CVar [[r.AmbientOcclusionMipLevelFactor:0.4]]
[2019.12.17-04.20.35:279][  0]LogConfig: Setting CVar [[r.AmbientOcclusionMaxQuality:100]]
[2019.12.17-04.20.35:279][  0]LogConfig: Setting CVar [[r.AmbientOcclusionLevels:-1]]
[2019.12.17-04.20.35:279][  0]LogConfig: Setting CVar [[r.AmbientOcclusionRadiusScale:1.0]]
[2019.12.17-04.20.35:279][  0]LogConfig: Setting CVar [[r.DepthOfFieldQuality:2]]
[2019.12.17-04.20.35:279][  0]LogConfig: Setting CVar [[r.RenderTargetPoolMin:400]]
[2019.12.17-04.20.35:279][  0]LogConfig: Setting CVar [[r.LensFlareQuality:2]]
[2019.12.17-04.20.35:279][  0]LogConfig: Setting CVar [[r.SceneColorFringeQuality:1]]
[2019.12.17-04.20.35:279][  0]LogConfig: Setting CVar [[r.EyeAdaptationQuality:2]]
[2019.12.17-04.20.35:279][  0]LogConfig: Setting CVar [[r.BloomQuality:5]]
[2019.12.17-04.20.35:279][  0]LogConfig: Setting CVar [[r.FastBlurThreshold:100]]
[2019.12.17-04.20.35:279][  0]LogConfig: Setting CVar [[r.Upscale.Quality:3]]
[2019.12.17-04.20.35:279][  0]LogConfig: Setting CVar [[r.Tonemapper.GrainQuantization:1]]
[2019.12.17-04.20.35:279][  0]LogConfig: Setting CVar [[r.LightShaftQuality:1]]
[2019.12.17-04.20.35:279][  0]LogConfig: Setting CVar [[r.Filter.SizeScale:1]]
[2019.12.17-04.20.35:279][  0]LogConfig: Setting CVar [[r.Tonemapper.Quality:5]]
[2019.12.17-04.20.35:279][  0]LogConfig: Setting CVar [[r.DOF.Gather.AccumulatorQuality:1        ; higher gathering accumulator quality]]
[2019.12.17-04.20.35:280][  0]LogConfig: Setting CVar [[r.DOF.Gather.PostfilterMethod:1          ; Median3x3 postfilering method]]
[2019.12.17-04.20.35:280][  0]LogConfig: Setting CVar [[r.DOF.Gather.EnableBokehSettings:0       ; no bokeh simulation when gathering]]
[2019.12.17-04.20.35:280][  0]LogConfig: Setting CVar [[r.DOF.Gather.RingCount:4                 ; medium number of samples when gathering]]
[2019.12.17-04.20.35:280][  0]LogConfig: Setting CVar [[r.DOF.Scatter.ForegroundCompositing:1    ; additive foreground scattering]]
[2019.12.17-04.20.35:280][  0]LogConfig: Setting CVar [[r.DOF.Scatter.BackgroundCompositing:2    ; additive background scattering]]
[2019.12.17-04.20.35:280][  0]LogConfig: Setting CVar [[r.DOF.Scatter.EnableBokehSettings:1      ; bokeh simulation when scattering]]
[2019.12.17-04.20.35:280][  0]LogConfig: Setting CVar [[r.DOF.Scatter.MaxSpriteRatio:0.1         ; only a maximum of 10% of scattered bokeh]]
[2019.12.17-04.20.35:280][  0]LogConfig: Setting CVar [[r.DOF.Recombine.Quality:1                ; cheap slight out of focus]]
[2019.12.17-04.20.35:280][  0]LogConfig: Setting CVar [[r.DOF.Recombine.EnableBokehSettings:0    ; no bokeh simulation on slight out of focus]]
[2019.12.17-04.20.35:280][  0]LogConfig: Setting CVar [[r.DOF.TemporalAAQuality:1                ; more stable temporal accumulation]]
[2019.12.17-04.20.35:280][  0]LogConfig: Setting CVar [[r.DOF.Kernel.MaxForegroundRadius:0.025]]
[2019.12.17-04.20.35:280][  0]LogConfig: Setting CVar [[r.DOF.Kernel.MaxBackgroundRadius:0.025]]
[2019.12.17-04.20.35:281][  0]LogConfig: Applying CVar settings from Section [TextureQuality@3] File [C:/Users/TheK-B1000/Desktop/The K-B Folder/Unreal/repos/Section 3/BuildingEscape/Saved/Config/Windows/Scalability.ini]
[2019.12.17-04.20.35:281][  0]LogConfig: Setting CVar [[r.Streaming.MipBias:0]]
[2019.12.17-04.20.35:281][  0]LogConfig: Setting CVar [[r.Streaming.AmortizeCPUToGPUCopy:0]]
[2019.12.17-04.20.35:281][  0]LogConfig: Setting CVar [[r.Streaming.MaxNumTexturesToStreamPerFrame:0]]
[2019.12.17-04.20.35:281][  0]LogConfig: Setting CVar [[r.Streaming.Boost:1]]
[2019.12.17-04.20.35:281][  0]LogConfig: Setting CVar [[r.MaxAnisotropy:8]]
[2019.12.17-04.20.35:281][  0]LogConfig: Setting CVar [[r.Streaming.LimitPoolSizeToVRAM:0]]
[2019.12.17-04.20.35:281][  0]LogConfig: Setting CVar [[r.Streaming.PoolSize:1000]]
[2019.12.17-04.20.35:281][  0]LogConfig: Setting CVar [[r.Streaming.MaxEffectiveScreenSize:0]]
[2019.12.17-04.20.35:282][  0]LogConfig: Applying CVar settings from Section [EffectsQuality@3] File [C:/Users/TheK-B1000/Desktop/The K-B Folder/Unreal/repos/Section 3/BuildingEscape/Saved/Config/Windows/Scalability.ini]
[2019.12.17-04.20.35:282][  0]LogConfig: Setting CVar [[r.TranslucencyLightingVolumeDim:64]]
[2019.12.17-04.20.35:282][  0]LogConfig: Setting CVar [[r.RefractionQuality:2]]
[2019.12.17-04.20.35:282][  0]LogConfig: Setting CVar [[r.SSR.Quality:3]]
[2019.12.17-04.20.35:282][  0]LogConfig: Setting CVar [[r.SceneColorFormat:4]]
[2019.12.17-04.20.35:282][  0]LogConfig: Setting CVar [[r.DetailMode:2]]
[2019.12.17-04.20.35:282][  0]LogConfig: Setting CVar [[r.TranslucencyVolumeBlur:1]]
[2019.12.17-04.20.35:282][  0]LogConfig: Setting CVar [[r.MaterialQualityLevel:1 ; High quality]]
[2019.12.17-04.20.35:282][  0]LogConfig: Setting CVar [[r.SSS.Scale:1]]
[2019.12.17-04.20.35:282][  0]LogConfig: Setting CVar [[r.SSS.SampleSet:2]]
[2019.12.17-04.20.35:282][  0]LogConfig: Setting CVar [[r.SSS.Quality:1]]
[2019.12.17-04.20.35:282][  0]LogConfig: Setting CVar [[r.SSS.HalfRes:1]]
[2019.12.17-04.20.35:282][  0]LogConfig: Setting CVar [[r.EmitterSpawnRateScale:1.0]]
[2019.12.17-04.20.35:282][  0]LogConfig: Setting CVar [[r.ParticleLightQuality:2]]
[2019.12.17-04.20.35:282][  0]LogConfig: Applying CVar settings from Section [FoliageQuality@3] File [C:/Users/TheK-B1000/Desktop/The K-B Folder/Unreal/repos/Section 3/BuildingEscape/Saved/Config/Windows/Scalability.ini]
[2019.12.17-04.20.35:282][  0]LogConfig: Setting CVar [[foliage.DensityScale:1.0]]
[2019.12.17-04.20.35:282][  0]LogConfig: Setting CVar [[grass.DensityScale:1.0]]
[2019.12.17-04.20.35:282][  0]LogConfig: Applying CVar settings from Section [Startup] File [../../../Engine/Config/ConsoleVariables.ini]
[2019.12.17-04.20.35:283][  0]LogConfig: Setting CVar [[net.UseAdaptiveNetUpdateFrequency:0]]
[2019.12.17-04.20.35:283][  0]LogConfig: Setting CVar [[p.chaos.AllowCreatePhysxBodies:1]]
[2019.12.17-04.20.35:283][  0]LogConfig: Applying CVar settings from Section [ConsoleVariables] File [C:/Users/TheK-B1000/Desktop/The K-B Folder/Unreal/repos/Section 3/BuildingEscape/Saved/Config/Windows/Engine.ini]
[2019.12.17-04.20.35:284][  0]LogInit: Computer: LAPTOP-7TARG8CR
[2019.12.17-04.20.35:284][  0]LogInit: User: TheKB1000
[2019.12.17-04.20.35:284][  0]LogInit: CPU Page size=4096, Cores=4
[2019.12.17-04.20.35:284][  0]LogInit: High frequency timer resolution =10.000000 MHz
[2019.12.17-04.20.35:284][  0]LogMemory: Memory total: Physical=7.9GB (8GB approx)
[2019.12.17-04.20.35:284][  0]LogMemory: Platform Memory Stats for Windows
[2019.12.17-04.20.35:284][  0]LogMemory: Process Physical Memory: 100.67 MB used, 100.68 MB peak
[2019.12.17-04.20.35:284][  0]LogMemory: Process Virtual Memory: 100.13 MB used, 100.13 MB peak
[2019.12.17-04.20.35:284][  0]LogMemory: Physical Memory: 7605.89 MB used,  464.33 MB free, 8070.22 MB total
[2019.12.17-04.20.35:284][  0]LogMemory: Virtual Memory: 4656.42 MB used,  134213072.00 MB free, 134217728.00 MB total
[2019.12.17-04.20.35:304][  0]LogWindows: WindowsPlatformFeatures enabled
[2019.12.17-04.20.35:883][  0]LogInit: Using OS detected language (en-US).
[2019.12.17-04.20.35:883][  0]LogInit: Using OS detected locale (en-US).
[2019.12.17-04.20.35:886][  0]LogTextLocalizationManager: No specific localization for 'en-US' exists, so the 'en' localization will be used.
[2019.12.17-04.20.36:615][  0]LogSlate: New Slate User Created.  User Index 0, Is Virtual User: 0
[2019.12.17-04.20.36:615][  0]LogSlate: Slate User Registered.  User Index 0, Is Virtual User: 0
[2019.12.17-04.20.36:766][  0]LogHMD: Failed to initialize OpenVR with code 110
[2019.12.17-04.20.36:766][  0]LogD3D11RHI: D3D11 adapters:
[2019.12.17-04.20.37:132][  0]LogD3D11RHI:    0. 'NVIDIA GeForce GTX 960M' (Feature Level 11_0)
[2019.12.17-04.20.37:132][  0]LogD3D11RHI:       4055/0/4035 MB DedicatedVideo/DedicatedSystem/SharedSystem, Outputs:1, VendorId:0x10de
[2019.12.17-04.20.37:260][  0]LogD3D11RHI:    1. 'Intel(R) HD Graphics 530' (Feature Level 11_0)
[2019.12.17-04.20.37:260][  0]LogD3D11RHI:       128/0/4035 MB DedicatedVideo/DedicatedSystem/SharedSystem, Outputs:0, VendorId:0x8086
[2019.12.17-04.20.37:332][  0]LogD3D11RHI:    2. 'Microsoft Basic Render Driver' (Feature Level 11_0)
[2019.12.17-04.20.37:332][  0]LogD3D11RHI:       0/0/4035 MB DedicatedVideo/DedicatedSystem/SharedSystem, Outputs:0, VendorId:0x1414
[2019.12.17-04.20.37:332][  0]LogD3D11RHI: Chosen D3D11 Adapter: 0
[2019.12.17-04.20.37:461][  0]LogD3D11RHI: Creating new Direct3DDevice
[2019.12.17-04.20.37:462][  0]LogD3D11RHI:     GPU DeviceId: 0x139b (for the marketing name, search the web for "GPU Device Id")
[2019.12.17-04.20.37:467][  0]LogWindows: EnumDisplayDevices:
[2019.12.17-04.20.37:468][  0]LogWindows:    0. 'Intel(R) HD Graphics 530' (P:1 D:1)
[2019.12.17-04.20.37:469][  0]LogWindows:    1. 'Intel(R) HD Graphics 530' (P:0 D:0)
[2019.12.17-04.20.37:469][  0]LogWindows:    2. 'Intel(R) HD Graphics 530' (P:0 D:0)
[2019.12.17-04.20.37:470][  0]LogWindows: DebugString: PrimaryIsNotTheChoosenAdapter PrimaryIsNotTheChoosenAdapter PrimaryIsNotTheChoosenAdapter FoundDriverCount:0 
[2019.12.17-04.20.37:470][  0]LogD3D11RHI:     Adapter Name: NVIDIA GeForce GTX 960M
[2019.12.17-04.20.37:470][  0]LogD3D11RHI:   Driver Version: Unknown (internal:Unknown, unified:Unknown)
[2019.12.17-04.20.37:470][  0]LogD3D11RHI:      Driver Date: Unknown
[2019.12.17-04.20.37:471][  0]LogRHI: Texture pool is 2839 MB (70% of 4055 MB)
[2019.12.17-04.20.37:620][  0]LogD3D11RHI: Async texture creation enabled
[2019.12.17-04.20.37:658][  0]LogD3D11RHI: GPU Timing Frequency: 1000.000000 (Debug: 2 2)
[2019.12.17-04.20.39:775][  0]LogTemp: Display: Module 'WindowsClientTargetPlatform' loaded TargetPlatform 'WindowsClient'
[2019.12.17-04.20.39:793][  0]LogTemp: Display: Module 'WindowsNoEditorTargetPlatform' loaded TargetPlatform 'WindowsNoEditor'
[2019.12.17-04.20.39:819][  0]LogTemp: Display: Module 'WindowsServerTargetPlatform' loaded TargetPlatform 'WindowsServer'
[2019.12.17-04.20.39:835][  0]LogTemp: Display: Module 'WindowsTargetPlatform' loaded TargetPlatform 'Windows'
[2019.12.17-04.20.39:836][  0]LogTargetPlatformManager: Display: Building Assets For Windows
[2019.12.17-04.20.39:973][  0]LogAudioDebug: Display: Lib vorbis DLL was dynamically loaded.
[2019.12.17-04.20.40:710][  0]LogShaderCompilers: Guid format shader working directory is -45 characters bigger than the processId version (../../../../../../Users/TheK-B1000/Desktop/The K-B Folder/Unreal/repos/Section 3/BuildingEscape/Intermediate/Shaders/WorkingDirectory/79968/).
[2019.12.17-04.20.40:710][  0]LogShaderCompilers: Cleaned the shader compiler working directory 'C:/Users/TheK-B1000/AppData/Local/Temp/UnrealShaderWorkingDir/DDC64FAC4270B6C9B57CEEB20DAAEF8C/'.
[2019.12.17-04.20.40:721][  0]LogXGEController: Cannot use XGE Controller as Incredibuild is not installed on this machine.
[2019.12.17-04.20.40:721][  0]LogShaderCompilers: Cannot use XGE Shader Compiler as Incredibuild is not installed on this machine.
[2019.12.17-04.20.40:721][  0]LogShaderCompilers: Display: Using Local Shader Compiler.
[2019.12.17-04.20.42:354][  0]LogDerivedDataCache: Display: Max Cache Size: 512 MB
[2019.12.17-04.20.42:964][  0]LogDerivedDataCache: Loaded boot cache 0.61s 74MB C:/Users/TheK-B1000/AppData/Local/UnrealEngine/4.23/DerivedDataCache/Boot.ddc.
[2019.12.17-04.20.42:964][  0]LogDerivedDataCache: Display: Loaded Boot cache: C:/Users/TheK-B1000/AppData/Local/UnrealEngine/4.23/DerivedDataCache/Boot.ddc
[2019.12.17-04.20.42:964][  0]LogDerivedDataCache: FDerivedDataBackendGraph:  Pak pak cache file ../../../../../../Users/TheK-B1000/Desktop/The K-B Folder/Unreal/repos/Section 3/BuildingEscape/DerivedDataCache/DDC.ddp not found, will not use a pak cache.
[2019.12.17-04.20.42:964][  0]LogDerivedDataCache: Unable to find inner node Pak for hierarchical cache Hierarchy.
[2019.12.17-04.20.42:964][  0]LogDerivedDataCache: FDerivedDataBackendGraph:  CompressedPak pak cache file ../../../../../../Users/TheK-B1000/Desktop/The K-B Folder/Unreal/repos/Section 3/BuildingEscape/DerivedDataCache/Compressed.ddp not found, will not use a pak cache.
[2019.12.17-04.20.42:964][  0]LogDerivedDataCache: Unable to find inner node CompressedPak for hierarchical cache Hierarchy.
[2019.12.17-04.20.42:988][  0]LogDerivedDataCache: Display: Pak cache opened for reading ../../../Engine/DerivedDataCache/Compressed.ddp.
[2019.12.17-04.20.42:991][  0]LogDerivedDataCache: Display: Pak cache opened for reading ../../../Enterprise/DerivedDataCache/Compressed.ddp.
[2019.12.17-04.20.42:999][  0]LogDerivedDataCache: Using Local data cache path C:/Users/TheK-B1000/AppData/Local/UnrealEngine/Common/DerivedDataCache: Writable
[2019.12.17-04.20.42:999][  0]LogDerivedDataCache: Shared data cache path not found in *engine.ini, will not use an Shared cache.
[2019.12.17-04.20.42:999][  0]LogDerivedDataCache: Unable to find inner node Shared for hierarchical cache Hierarchy.
[2019.12.17-04.20.43:048][  0]LogMaterial: Verifying Global Shaders for PCD3D_SM5
[2019.12.17-04.20.43:058][  0]LogSlate: Using FreeType 2.6.0
[2019.12.17-04.20.43:062][  0]LogSlate: SlateFontServices - WITH_FREETYPE: 1, WITH_HARFBUZZ: 1
[2019.12.17-04.20.43:670][  0]LogInit: Using OS detected language (en-US).
[2019.12.17-04.20.43:670][  0]LogInit: Using OS detected locale (en-US).
[2019.12.17-04.20.43:670][  0]LogTextLocalizationManager: No localization for 'en-US' exists, so 'en' will be used for the language.
[2019.12.17-04.20.43:670][  0]LogTextLocalizationManager: No localization for 'en-US' exists, so 'en' will be used for the locale.
[2019.12.17-04.20.43:670][  0]LogSlate: FontCache flush requested. Reason: Culture for localization was changed
[2019.12.17-04.20.43:670][  0]LogSlate: FontCache flush requested. Reason: Culture for localization was changed
[2019.12.17-04.20.43:675][  0]LogTextLocalizationManager: Compacting localization data took   0.01ms
[2019.12.17-04.20.43:689][  0]LogAssetRegistry: FAssetRegistry took 0.0022 seconds to start up
[2019.12.17-04.20.44:650][  0]LogPackageLocalizationCache: Processed 18 localized package path(s) for 1 prioritized culture(s) in 0.008796 seconds
[2019.12.17-04.20.44:837][  0]LogInit: Selected Device Profile: [Windows]
[2019.12.17-04.20.45:202][  0]LogMeshReduction: Using QuadricMeshReduction for automatic static mesh reduction
[2019.12.17-04.20.45:202][  0]LogMeshReduction: Using SimplygonMeshReduction for automatic skeletal mesh reduction
[2019.12.17-04.20.45:202][  0]LogMeshReduction: Using ProxyLODMeshReduction for automatic mesh merging
[2019.12.17-04.20.45:202][  0]LogMeshReduction: No distributed automatic mesh merging module available
[2019.12.17-04.20.45:203][  0]LogMeshMerging: No distributed automatic mesh merging module available
[2019.12.17-04.20.45:503][  0]LogNetVersion: BuildingEscape 1.0.0, NetCL: 8386587, EngineNetVer: 11, GameNetVer: 0 (Checksum: 1610626118)
[2019.12.17-04.20.48:307][  0]LogMoviePlayer: Initializing movie player
[2019.12.17-04.20.48:889][  0]LogTcpMessaging: Initializing TcpMessaging bridge
[2019.12.17-04.20.48:920][  0]LogUdpMessaging: Initializing bridge on interface 0.0.0.0:0 to multicast group 230.0.0.1:6666.
[2019.12.17-04.20.49:248][  0]SourceControl: Source control is disabled
[2019.12.17-04.20.49:248][  0]SourceControl: Source control is disabled
[2019.12.17-04.20.49:287][  0]SourceControl: Source control is disabled
[2019.12.17-04.20.50:203][  0]LogAndroidPermission: UAndroidPermissionCallbackProxy::GetInstance
[2019.12.17-04.20.50:766][  0]LogOcInput: OculusInput pre-init called
[2019.12.17-04.20.50:816][  0]LogUObjectArray: 48895 objects as part of root set at end of initial load.
[2019.12.17-04.20.50:816][  0]LogUObjectAllocator: 8617560 out of 0 bytes used by permanent object pool.
[2019.12.17-04.20.50:816][  0]LogUObjectArray: CloseDisregardForGC: 0/0 objects in disregard for GC pool
[2019.12.17-04.20.51:300][  0]LogEngine: Initializing Engine...
[2019.12.17-04.20.51:306][  0]LogHMD: Failed to initialize OpenVR with code 110
[2019.12.17-04.20.51:317][  0]LogStats: UGameplayTagsManager::InitializeManager -  0.001 s
[2019.12.17-04.20.51:779][  0]LogInit: Initializing FReadOnlyCVARCache
[2019.12.17-04.20.51:956][  0]LogInit: XAudio2 using 'Speakers (Realtek High Definition Audio)' : 2 channels at 48 kHz using 32 bits per sample (channel mask 0x3)
[2019.12.17-04.20.52:244][  0]LogInit: FAudioDevice initialized.
[2019.12.17-04.20.52:314][  0]LogNetVersion: Set ProjectVersion to 1.0.0.0. Version Checksum will be recalculated on next use.
[2019.12.17-04.20.52:315][  0]LogInit: Texture streaming: Enabled
[2019.12.17-04.20.52:687][  0]LogSlate: Updating window title bar state: overlay mode, drag disabled, window buttons hidden, title bar hidden
[2019.12.17-04.20.52:688][  0]LogInit: Display: Game Engine Initialized.
[2019.12.17-04.20.52:936][  0]LogInit: Display: Starting Game.
[2019.12.17-04.20.52:936][  0]LogNet: Browse: /Game/Level_001?Name=Player
[2019.12.17-04.20.52:936][  0]LogLoad: LoadMap: /Game/Level_001?Name=Player
[2019.12.17-04.20.52:937][  0]LogWorld: BeginTearingDown for /Temp/Untitled_0
[2019.12.17-04.20.52:944][  0]LogWorld: UWorld::CleanupWorld for Untitled, bSessionEnded=true, bCleanupResources=true
[2019.12.17-04.20.53:151][  0]LogUObjectHash: Compacting FUObjectHashTables data took   2.75ms
[2019.12.17-04.20.53:492][  0]LogAIModule: Creating AISystem for world Level_001
[2019.12.17-04.20.53:492][  0]LogLoad: Game class is 'GameModeBase'
[2019.12.17-04.20.53:495][  0]LogWorld: Bringing World /Game/Level_001.Level_001 up for play (max tick rate 0) at 2019.12.16-23.20.53
[2019.12.17-04.20.53:496][  0]LogWorld: Bringing up level for play took: 0.002147
[2019.12.17-04.20.53:504][  0]LogTemp: Warning: Object Name is: Sphere_2
[2019.12.17-04.20.53:504][  0]LogTemp: Warning: Object Location is: X=-270.000 Y=-280.000 Z=150.000
[2019.12.17-04.20.53:504][  0]LogLoad: Took 0.567800 seconds to LoadMap(/Game/Level_001)
[2019.12.17-04.20.53:616][  0]LogRenderer: Reallocating scene render targets to support 1280x720 Format 10 NumSamples 1 (Frame:1).
[2019.12.17-04.20.53:616][  0]LogLoad: (Engine Initialization) Total time: 25.81 seconds
[2019.12.17-04.20.53:616][  0]LogLoad: (Engine Initialization) Total Blueprint compile time: 0.00 seconds
[2019.12.17-04.20.53:636][  0]LogContentStreaming: Texture pool size now 1000 MB
[2019.12.17-04.20.53:695][  0]LogRenderer: Reallocating scene render targets to support 128x128 Format 10 NumSamples 1 (Frame:1).
[2019.12.17-04.20.53:749][  0]LogRenderer: Reallocating scene render targets to support 1280x720 Format 10 NumSamples 1 (Frame:2).
[2019.12.17-04.20.53:772][  1]LogTemp: Warning: Yaw is: 0.000000 
[2019.12.17-04.20.53:789][  2]LogTemp: Warning: Yaw is: 9.000021 
[2019.12.17-04.20.53:804][  3]LogTemp: Warning: Yaw is: 17.100046 
[2019.12.17-04.20.53:820][  4]LogTemp: Warning: Yaw is: 24.390001 
[2019.12.17-04.20.53:865][  5]LogTemp: Warning: Yaw is: 30.951027 
[2019.12.17-04.20.53:902][  6]LogTemp: Warning: Yaw is: 36.855900 
[2019.12.17-04.20.53:919][  7]LogTemp: Warning: Yaw is: 42.170345 
[2019.12.17-04.20.53:949][  8]LogTemp: Warning: Yaw is: 46.953278 
[2019.12.17-04.20.53:966][  9]LogTemp: Warning: Yaw is: 51.257988 
[2019.12.17-04.20.53:985][ 10]LogTemp: Warning: Yaw is: 55.132164 
[2019.12.17-04.20.54:001][ 11]LogTemp: Warning: Yaw is: 58.618908 
[2019.12.17-04.20.54:017][ 12]LogTemp: Warning: Yaw is: 61.757023 
[2019.12.17-04.20.54:033][ 13]LogTemp: Warning: Yaw is: 64.581360 
[2019.12.17-04.20.54:050][ 14]LogTemp: Warning: Yaw is: 67.123245 
[2019.12.17-04.20.54:067][ 15]LogTemp: Warning: Yaw is: 69.410919 
[2019.12.17-04.20.54:087][ 16]LogTemp: Warning: Yaw is: 71.469810 
[2019.12.17-04.20.54:121][ 17]LogTemp: Warning: Yaw is: 73.322815 
[2019.12.17-04.20.54:145][ 18]LogTemp: Warning: Yaw is: 74.990494 
[2019.12.17-04.20.54:162][ 19]LogTemp: Warning: Yaw is: 76.491402 
[2019.12.17-04.20.54:187][ 20]LogTemp: Warning: Yaw is: 77.842216 
[2019.12.17-04.20.54:202][ 21]LogTemp: Warning: Yaw is: 79.057953 
[2019.12.17-04.20.54:219][ 22]LogTemp: Warning: Yaw is: 80.152130 
[2019.12.17-04.20.54:235][ 23]LogTemp: Warning: Yaw is: 81.136894 
[2019.12.17-04.20.54:302][ 24]LogTemp: Warning: Yaw is: 82.023186 
[2019.12.17-04.20.54:320][ 25]LogTemp: Warning: Yaw is: 82.820839 
[2019.12.17-04.20.54:359][ 26]LogTemp: Warning: Yaw is: 83.538757 
[2019.12.17-04.20.54:387][ 27]LogTemp: Warning: Yaw is: 84.184860 
[2019.12.17-04.20.54:427][ 28]LogTemp: Warning: Yaw is: 84.766373 
[2019.12.17-04.20.54:454][ 29]LogTemp: Warning: Yaw is: 85.289734 
[2019.12.17-04.20.54:529][ 30]LogTemp: Warning: Yaw is: 85.760757 
[2019.12.17-04.20.54:548][ 31]LogTemp: Warning: Yaw is: 86.184669 
[2019.12.17-04.20.54:565][ 32]LogTemp: Warning: Yaw is: 86.566185 
[2019.12.17-04.20.54:581][ 33]LogTemp: Warning: Yaw is: 86.909554 
[2019.12.17-04.20.54:615][ 34]LogTemp: Warning: Yaw is: 87.218605 
[2019.12.17-04.20.54:650][ 35]LogTemp: Warning: Yaw is: 87.496727 
[2019.12.17-04.20.54:682][ 36]LogTemp: Warning: Yaw is: 87.747055 
[2019.12.17-04.20.54:699][ 37]LogTemp: Warning: Yaw is: 87.972343 
[2019.12.17-04.20.54:736][ 38]LogTemp: Warning: Yaw is: 88.175117 
[2019.12.17-04.20.54:756][ 39]LogTemp: Warning: Yaw is: 88.357582 
[2019.12.17-04.20.54:772][ 40]LogTemp: Warning: Yaw is: 88.521820 
[2019.12.17-04.20.54:788][ 41]LogTemp: Warning: Yaw is: 88.669624 
[2019.12.17-04.20.54:804][ 42]LogTemp: Warning: Yaw is: 88.802635 
[2019.12.17-04.20.54:833][ 43]LogTemp: Warning: Yaw is: 88.922371 
[2019.12.17-04.20.54:869][ 44]LogTemp: Warning: Yaw is: 89.030136 
[2019.12.17-04.20.54:886][ 45]LogTemp: Warning: Yaw is: 89.127113 
[2019.12.17-04.20.54:933][ 46]LogTemp: Warning: Yaw is: 89.214401 
[2019.12.17-04.20.54:950][ 47]LogTemp: Warning: Yaw is: 89.292961 
[2019.12.17-04.20.54:993][ 48]LogTemp: Warning: Yaw is: 89.363655 
[2019.12.17-04.20.55:033][ 49]LogTemp: Warning: Yaw is: 89.427292 
[2019.12.17-04.20.55:080][ 50]LogTemp: Warning: Yaw is: 89.484550 
[2019.12.17-04.20.55:102][ 51]LogTemp: Warning: Yaw is: 89.536095 
[2019.12.17-04.20.55:147][ 52]LogTemp: Warning: Yaw is: 89.582474 
[2019.12.17-04.20.55:179][ 53]LogTemp: Warning: Yaw is: 89.624229 
[2019.12.17-04.20.55:219][ 54]LogTemp: Warning: Yaw is: 89.661804 
[2019.12.17-04.20.55:236][ 55]LogTemp: Warning: Yaw is: 89.695610 
[2019.12.17-04.20.55:252][ 56]LogTemp: Warning: Yaw is: 89.726036 
[2019.12.17-04.20.55:269][ 57]LogTemp: Warning: Yaw is: 89.753410 
[2019.12.17-04.20.55:313][ 58]LogTemp: Warning: Yaw is: 89.778053 
[2019.12.17-04.20.55:334][ 59]LogTemp: Warning: Yaw is: 89.800247 
[2019.12.17-04.20.55:399][ 60]LogTemp: Warning: Yaw is: 89.820221 
[2019.12.17-04.20.55:430][ 61]LogTemp: Warning: Yaw is: 89.838188 
[2019.12.17-04.20.55:448][ 62]LogTemp: Warning: Yaw is: 89.854355 
[2019.12.17-04.20.55:484][ 63]LogTemp: Warning: Yaw is: 89.868904 
[2019.12.17-04.20.55:505][ 64]LogTemp: Warning: Yaw is: 89.881996 
[2019.12.17-04.20.55:532][ 65]LogTemp: Warning: Yaw is: 89.893784 
[2019.12.17-04.20.55:548][ 66]LogTemp: Warning: Yaw is: 89.904388 
[2019.12.17-04.20.55:580][ 67]LogTemp: Warning: Yaw is: 89.913940 
[2019.12.17-04.20.55:612][ 68]LogTemp: Warning: Yaw is: 89.922546 
[2019.12.17-04.20.55:653][ 69]LogTemp: Warning: Yaw is: 89.930275 
[2019.12.17-04.20.55:685][ 70]LogTemp: Warning: Yaw is: 89.937233 
[2019.12.17-04.20.55:701][ 71]LogTemp: Warning: Yaw is: 89.943489 
[2019.12.17-04.20.55:733][ 72]LogTemp: Warning: Yaw is: 89.949142 
[2019.12.17-04.20.55:750][ 73]LogTemp: Warning: Yaw is: 89.954231 
[2019.12.17-04.20.55:766][ 74]LogTemp: Warning: Yaw is: 89.958801 
[2019.12.17-04.20.55:783][ 75]LogTemp: Warning: Yaw is: 89.962906 
[2019.12.17-04.20.55:799][ 76]LogTemp: Warning: Yaw is: 89.966599 
[2019.12.17-04.20.55:815][ 77]LogTemp: Warning: Yaw is: 89.969940 
[2019.12.17-04.20.55:832][ 78]LogTemp: Warning: Yaw is: 89.972946 
[2019.12.17-04.20.55:877][ 79]LogTemp: Warning: Yaw is: 89.975632 
[2019.12.17-04.20.55:902][ 80]LogTemp: Warning: Yaw is: 89.978065 
[2019.12.17-04.20.55:947][ 81]LogTemp: Warning: Yaw is: 89.980255 
[2019.12.17-04.20.55:963][ 82]LogTemp: Warning: Yaw is: 89.982216 
[2019.12.17-04.20.55:980][ 83]LogTemp: Warning: Yaw is: 89.983978 
[2019.12.17-04.20.55:997][ 84]LogTemp: Warning: Yaw is: 89.985565 
[2019.12.17-04.20.56:012][ 85]LogTemp: Warning: Yaw is: 89.986992 
[2019.12.17-04.20.56:029][ 86]LogTemp: Warning: Yaw is: 89.988297 
[2019.12.17-04.20.56:045][ 87]LogTemp: Warning: Yaw is: 89.989471 
[2019.12.17-04.20.56:062][ 88]LogTemp: Warning: Yaw is: 89.990509 
[2019.12.17-04.20.56:097][ 89]LogTemp: Warning: Yaw is: 89.991440 
[2019.12.17-04.20.56:116][ 90]LogTemp: Warning: Yaw is: 89.992279 
[2019.12.17-04.20.56:152][ 91]LogTemp: Warning: Yaw is: 89.993050 
[2019.12.17-04.20.56:169][ 92]LogTemp: Warning: Yaw is: 89.993729 
[2019.12.17-04.20.56:185][ 93]LogTemp: Warning: Yaw is: 89.994339 
[2019.12.17-04.20.56:202][ 94]LogTemp: Warning: Yaw is: 89.994881 
[2019.12.17-04.20.56:218][ 95]LogTemp: Warning: Yaw is: 89.995384 
[2019.12.17-04.20.56:234][ 96]LogTemp: Warning: Yaw is: 89.995850 
[2019.12.17-04.20.56:268][ 97]LogTemp: Warning: Yaw is: 89.996246 
[2019.12.17-04.20.56:315][ 98]LogTemp: Warning: Yaw is: 89.996620 
[2019.12.17-04.20.56:332][ 99]LogTemp: Warning: Yaw is: 89.996948 
[2019.12.17-04.20.56:347][100]LogTemp: Warning: Yaw is: 89.997231 
[2019.12.17-04.20.56:365][101]LogTemp: Warning: Yaw is: 89.997482 
[2019.12.17-04.20.56:380][102]LogTemp: Warning: Yaw is: 89.997734 
[2019.12.17-04.20.56:397][103]LogTemp: Warning: Yaw is: 89.997948 
[2019.12.17-04.20.56:412][104]LogTemp: Warning: Yaw is: 89.998138 
[2019.12.17-04.20.56:429][105]LogTemp: Warning: Yaw is: 89.998322 
[2019.12.17-04.20.56:462][106]LogTemp: Warning: Yaw is: 89.998489 
[2019.12.17-04.20.56:514][107]LogTemp: Warning: Yaw is: 89.998642 
[2019.12.17-04.20.56:531][108]LogTemp: Warning: Yaw is: 89.998772 
[2019.12.17-04.20.56:549][109]LogTemp: Warning: Yaw is: 89.998901 
[2019.12.17-04.20.56:566][110]LogTemp: Warning: Yaw is: 89.998901 
[2019.12.17-04.20.56:628][111]LogTemp: Warning: Yaw is: 89.998901 
[2019.12.17-04.20.56:665][112]LogTemp: Warning: Yaw is: 89.998901 
[2019.12.17-04.20.56:715][113]LogTemp: Warning: Yaw is: 89.998901 
[2019.12.17-04.20.56:733][114]LogTemp: Warning: Yaw is: 89.998901 
[2019.12.17-04.20.56:750][115]LogTemp: Warning: Yaw is: 89.998901 
[2019.12.17-04.20.56:784][116]LogTemp: Warning: Yaw is: 89.998901 
[2019.12.17-04.20.56:816][117]LogTemp: Warning: Yaw is: 89.998901 
[2019.12.17-04.20.56:852][118]LogTemp: Warning: Yaw is: 89.998901 
[2019.12.17-04.20.56:868][119]LogTemp: Warning: Yaw is: 89.998901 
[2019.12.17-04.20.56:884][120]LogTemp: Warning: Yaw is: 89.998901 
[2019.12.17-04.20.56:900][121]LogTemp: Warning: Yaw is: 89.998901 
[2019.12.17-04.20.56:931][122]LogTemp: Warning: Yaw is: 89.998901 
[2019.12.17-04.20.56:967][123]LogTemp: Warning: Yaw is: 89.998901 
[2019.12.17-04.20.56:998][124]LogTemp: Warning: Yaw is: 89.998901 
[2019.12.17-04.20.57:032][125]LogTemp: Warning: Yaw is: 89.998901 
[2019.12.17-04.20.57:071][126]LogTemp: Warning: Yaw is: 89.998901 
[2019.12.17-04.20.57:100][127]LogTemp: Warning: Yaw is: 89.998901 
[2019.12.17-04.20.57:124][128]LogTemp: Warning: Yaw is: 89.998901 
[2019.12.17-04.20.57:139][129]LogTemp: Warning: Yaw is: 89.998901 
[2019.12.17-04.20.57:155][130]LogTemp: Warning: Yaw is: 89.998901 
[2019.12.17-04.20.57:171][131]LogTemp: Warning: Yaw is: 89.998901 
[2019.12.17-04.20.57:212][132]LogTemp: Warning: Yaw is: 89.998901 
[2019.12.17-04.20.57:232][133]LogTemp: Warning: Yaw is: 89.998901 
[2019.12.17-04.20.57:278][134]LogTemp: Warning: Yaw is: 89.998901 
[2019.12.17-04.20.57:316][135]LogTemp: Warning: Yaw is: 89.998901 
[2019.12.17-04.20.57:338][136]LogTemp: Warning: Yaw is: 89.998901 
[2019.12.17-04.20.57:381][137]LogTemp: Warning: Yaw is: 89.998901 
[2019.12.17-04.20.57:401][138]LogTemp: Warning: Yaw is: 89.998901 
[2019.12.17-04.20.57:428][139]LogTemp: Warning: Yaw is: 89.998901 
[2019.12.17-04.20.57:465][140]LogTemp: Warning: Yaw is: 89.998901 
[2019.12.17-04.20.57:519][141]LogTemp: Warning: Yaw is: 89.998901 
[2019.12.17-04.20.57:535][142]LogTemp: Warning: Yaw is: 89.998901 
[2019.12.17-04.20.57:552][143]LogTemp: Warning: Yaw is: 89.998901 
[2019.12.17-04.20.57:569][144]LogTemp: Warning: Yaw is: 89.998901 
[2019.12.17-04.20.57:586][145]LogTemp: Warning: Yaw is: 89.998901 
[2019.12.17-04.20.57:605][146]LogTemp: Warning: Yaw is: 89.998901 
[2019.12.17-04.20.57:629][147]LogTemp: Warning: Yaw is: 89.998901 
[2019.12.17-04.20.57:645][148]LogTemp: Warning: Yaw is: 89.998901 
[2019.12.17-04.20.57:675][149]LogTemp: Warning: Yaw is: 89.998901 
[2019.12.17-04.20.57:702][150]LogTemp: Warning: Yaw is: 89.998901 
[2019.12.17-04.20.57:731][151]LogTemp: Warning: Yaw is: 89.998901 
[2019.12.17-04.20.57:766][152]LogTemp: Warning: Yaw is: 89.998901 
[2019.12.17-04.20.57:788][153]LogTemp: Warning: Yaw is: 89.998901 
[2019.12.17-04.20.57:804][154]LogTemp: Warning: Yaw is: 89.998901 
[2019.12.17-04.20.57:819][155]LogTemp: Warning: Yaw is: 89.998901 
[2019.12.17-04.20.57:835][156]LogTemp: Warning: Yaw is: 89.998901 
[2019.12.17-04.20.57:852][157]LogTemp: Warning: Yaw is: 89.998901 
[2019.12.17-04.20.57:908][158]LogTemp: Warning: Yaw is: 89.998901 
[2019.12.17-04.20.57:933][159]LogTemp: Warning: Yaw is: 89.998901 
[2019.12.17-04.20.57:965][160]LogTemp: Warning: Yaw is: 89.998901 
[2019.12.17-04.20.57:997][161]LogTemp: Warning: Yaw is: 89.998901 
[2019.12.17-04.20.58:021][162]LogTemp: Warning: Yaw is: 89.998901 
[2019.12.17-04.20.58:048][163]LogTemp: Warning: Yaw is: 89.998901 
[2019.12.17-04.20.58:079][164]LogTemp: Warning: Yaw is: 89.998901 
[2019.12.17-04.20.58:098][165]LogTemp: Warning: Yaw is: 89.998901 
[2019.12.17-04.20.58:115][166]LogTemp: Warning: Yaw is: 89.998901 
[2019.12.17-04.20.58:161][167]LogTemp: Warning: Yaw is: 89.998901 
[2019.12.17-04.20.58:183][168]LogTemp: Warning: Yaw is: 89.998901 
[2019.12.17-04.20.58:214][169]LogTemp: Warning: Yaw is: 89.998901 
[2019.12.17-04.20.58:262][170]LogTemp: Warning: Yaw is: 89.998901 
[2019.12.17-04.20.58:280][171]LogTemp: Warning: Yaw is: 89.998901 
[2019.12.17-04.20.58:297][172]LogTemp: Warning: Yaw is: 89.998901 
[2019.12.17-04.20.58:335][173]LogTemp: Warning: Yaw is: 89.998901 
[2019.12.17-04.20.58:369][174]LogTemp: Warning: Yaw is: 89.998901 
[2019.12.17-04.20.58:386][175]LogTemp: Warning: Yaw is: 89.998901 
[2019.12.17-04.20.58:413][176]LogTemp: Warning: Yaw is: 89.998901 
[2019.12.17-04.20.58:443][177]LogTemp: Warning: Yaw is: 89.998901 
[2019.12.17-04.20.58:471][178]LogTemp: Warning: Yaw is: 89.998901 
[2019.12.17-04.20.58:500][179]LogTemp: Warning: Yaw is: 89.998901 
[2019.12.17-04.20.58:526][180]LogTemp: Warning: Yaw is: 89.998901 
[2019.12.17-04.20.58:546][181]LogTemp: Warning: Yaw is: 89.998901 
[2019.12.17-04.20.58:559][182]LogTemp: Warning: Yaw is: 89.998901 
[2019.12.17-04.20.58:578][183]LogTemp: Warning: Yaw is: 89.998901 
[2019.12.17-04.20.58:596][184]LogTemp: Warning: Yaw is: 89.998901 
[2019.12.17-04.20.58:610][185]LogTemp: Warning: Yaw is: 89.998901 
[2019.12.17-04.20.58:627][186]LogTemp: Warning: Yaw is: 89.998901 
[2019.12.17-04.20.58:644][187]LogTemp: Warning: Yaw is: 89.998901 
[2019.12.17-04.20.58:660][188]LogTemp: Warning: Yaw is: 89.998901 
[2019.12.17-04.20.58:676][189]LogTemp: Warning: Yaw is: 89.998901 
[2019.12.17-04.20.58:695][190]LogTemp: Warning: Yaw is: 89.998901 
[2019.12.17-04.20.58:717][191]LogTemp: Warning: Yaw is: 89.998901 
[2019.12.17-04.20.58:746][192]LogTemp: Warning: Yaw is: 89.998901 
[2019.12.17-04.20.58:779][193]LogTemp: Warning: Yaw is: 89.998901 
[2019.12.17-04.20.58:803][194]LogTemp: Warning: Yaw is: 89.998901 
[2019.12.17-04.20.58:832][195]LogTemp: Warning: Yaw is: 89.998901 
[2019.12.17-04.20.58:863][196]LogTemp: Warning: Yaw is: 89.998901 
[2019.12.17-04.20.58:880][197]LogTemp: Warning: Yaw is: 89.998901 
[2019.12.17-04.20.58:897][198]LogTemp: Warning: Yaw is: 89.998901 
[2019.12.17-04.20.58:914][199]LogTemp: Warning: Yaw is: 89.998901 
[2019.12.17-04.20.58:936][200]LogTemp: Warning: Yaw is: 89.998901 
[2019.12.17-04.20.58:952][201]LogTemp: Warning: Yaw is: 89.998901 
[2019.12.17-04.20.58:969][202]LogTemp: Warning: Yaw is: 89.998901 
[2019.12.17-04.20.58:985][203]LogTemp: Warning: Yaw is: 89.998901 
[2019.12.17-04.20.59:002][204]LogTemp: Warning: Yaw is: 89.998901 
[2019.12.17-04.20.59:018][205]LogTemp: Warning: Yaw is: 89.998901 
[2019.12.17-04.20.59:034][206]LogTemp: Warning: Yaw is: 89.998901 
[2019.12.17-04.20.59:065][207]LogTemp: Warning: Yaw is: 89.998901 
[2019.12.17-04.20.59:083][208]LogTemp: Warning: Yaw is: 89.998901 
[2019.12.17-04.20.59:101][209]LogTemp: Warning: Yaw is: 89.998901 
[2019.12.17-04.20.59:116][210]LogTemp: Warning: Yaw is: 89.998901 
[2019.12.17-04.20.59:132][211]LogTemp: Warning: Yaw is: 89.998901 
[2019.12.17-04.20.59:180][212]LogTemp: Warning: Yaw is: 89.998901 
[2019.12.17-04.20.59:185][213]LogTemp: Warning: Yaw is: 89.998901 
[2019.12.17-04.20.59:215][214]LogTemp: Warning: Yaw is: 89.998901 
[2019.12.17-04.20.59:232][215]LogTemp: Warning: Yaw is: 89.998901 
[2019.12.17-04.20.59:252][216]LogTemp: Warning: Yaw is: 89.998901 
[2019.12.17-04.20.59:273][217]LogTemp: Warning: Yaw is: 89.998901 
[2019.12.17-04.20.59:290][218]LogTemp: Warning: Yaw is: 89.998901 
[2019.12.17-04.20.59:313][219]LogTemp: Warning: Yaw is: 89.998901 
[2019.12.17-04.20.59:332][220]LogTemp: Warning: Yaw is: 89.998901 
[2019.12.17-04.20.59:349][221]LogTemp: Warning: Yaw is: 89.998901 
[2019.12.17-04.20.59:366][222]LogTemp: Warning: Yaw is: 89.998901 
[2019.12.17-04.20.59:382][223]LogTemp: Warning: Yaw is: 89.998901 
[2019.12.17-04.20.59:397][224]LogTemp: Warning: Yaw is: 89.998901 
[2019.12.17-04.20.59:414][225]LogTemp: Warning: Yaw is: 89.998901 
[2019.12.17-04.20.59:429][226]LogTemp: Warning: Yaw is: 89.998901 
[2019.12.17-04.20.59:448][227]LogTemp: Warning: Yaw is: 89.998901 
[2019.12.17-04.20.59:463][228]LogTemp: Warning: Yaw is: 89.998901 
[2019.12.17-04.20.59:480][229]LogTemp: Warning: Yaw is: 89.998901 
[2019.12.17-04.20.59:496][230]LogTemp: Warning: Yaw is: 89.998901 
[2019.12.17-04.20.59:512][231]LogTemp: Warning: Yaw is: 89.998901 
[2019.12.17-04.20.59:528][232]LogTemp: Warning: Yaw is: 89.998901 
[2019.12.17-04.20.59:545][233]LogTemp: Warning: Yaw is: 89.998901 
[2019.12.17-04.20.59:561][234]LogTemp: Warning: Yaw is: 89.998901 
[2019.12.17-04.20.59:578][235]LogTemp: Warning: Yaw is: 89.998901 
[2019.12.17-04.20.59:593][236]LogTemp: Warning: Yaw is: 89.998901 
[2019.12.17-04.20.59:610][237]LogTemp: Warning: Yaw is: 89.998901 
[2019.12.17-04.20.59:627][238]LogTemp: Warning: Yaw is: 89.998901 
[2019.12.17-04.20.59:644][239]LogTemp: Warning: Yaw is: 89.998901 
[2019.12.17-04.20.59:661][240]LogTemp: Warning: Yaw is: 89.998901 
[2019.12.17-04.20.59:677][241]LogTemp: Warning: Yaw is: 89.998901 
[2019.12.17-04.20.59:693][242]LogTemp: Warning: Yaw is: 89.998901 
[2019.12.17-04.20.59:709][243]LogTemp: Warning: Yaw is: 89.998901 
[2019.12.17-04.20.59:725][244]LogTemp: Warning: Yaw is: 89.998901 
[2019.12.17-04.20.59:740][245]LogTemp: Warning: Yaw is: 89.998901 
[2019.12.17-04.20.59:756][246]LogTemp: Warning: Yaw is: 89.998901 
[2019.12.17-04.20.59:772][247]LogTemp: Warning: Yaw is: 89.998901 
[2019.12.17-04.20.59:788][248]LogTemp: Warning: Yaw is: 89.998901 
[2019.12.17-04.20.59:804][249]LogTemp: Warning: Yaw is: 89.998901 
[2019.12.17-04.20.59:820][250]LogTemp: Warning: Yaw is: 89.998901 
[2019.12.17-04.20.59:836][251]LogTemp: Warning: Yaw is: 89.998901 
[2019.12.17-04.20.59:854][252]LogTemp: Warning: Yaw is: 89.998901 
[2019.12.17-04.20.59:870][253]LogTemp: Warning: Yaw is: 89.998901 
[2019.12.17-04.20.59:887][254]LogTemp: Warning: Yaw is: 89.998901 
[2019.12.17-04.20.59:904][255]LogTemp: Warning: Yaw is: 89.998901 
[2019.12.17-04.20.59:921][256]LogTemp: Warning: Yaw is: 89.998901 
[2019.12.17-04.20.59:937][257]LogTemp: Warning: Yaw is: 89.998901 
[2019.12.17-04.20.59:954][258]LogTemp: Warning: Yaw is: 89.998901 
[2019.12.17-04.20.59:969][259]LogTemp: Warning: Yaw is: 89.998901 
[2019.12.17-04.20.59:985][260]LogTemp: Warning: Yaw is: 89.998901 
[2019.12.17-04.21.00:002][261]LogTemp: Warning: Yaw is: 89.998901 
[2019.12.17-04.21.00:018][262]LogTemp: Warning: Yaw is: 89.998901 
[2019.12.17-04.21.00:036][263]LogTemp: Warning: Yaw is: 89.998901 
[2019.12.17-04.21.00:051][264]LogTemp: Warning: Yaw is: 89.998901 
[2019.12.17-04.21.00:068][265]LogTemp: Warning: Yaw is: 89.998901 
[2019.12.17-04.21.00:100][266]LogTemp: Warning: Yaw is: 89.998901 
[2019.12.17-04.21.00:117][267]LogTemp: Warning: Yaw is: 89.998901 
[2019.12.17-04.21.00:154][267]LogAudio: Warning: Waited 36.718899 ms for audio thread.
[2019.12.17-04.21.00:157][268]LogTemp: Warning: Yaw is: 89.998901 
[2019.12.17-04.21.00:173][269]LogTemp: Warning: Yaw is: 89.998901 
[2019.12.17-04.21.00:189][270]LogTemp: Warning: Yaw is: 89.998901 
[2019.12.17-04.21.00:219][271]LogTemp: Warning: Yaw is: 89.998901 
[2019.12.17-04.21.00:235][272]LogTemp: Warning: Yaw is: 89.998901 
[2019.12.17-04.21.00:252][273]LogTemp: Warning: Yaw is: 89.998901 
[2019.12.17-04.21.00:269][274]LogTemp: Warning: Yaw is: 89.998901 
[2019.12.17-04.21.00:285][275]LogTemp: Warning: Yaw is: 89.998901 
[2019.12.17-04.21.00:305][276]LogTemp: Warning: Yaw is: 89.998901 
[2019.12.17-04.21.00:322][277]LogTemp: Warning: Yaw is: 89.998901 
[2019.12.17-04.21.00:349][278]LogTemp: Warning: Yaw is: 89.998901 
[2019.12.17-04.21.00:366][279]LogTemp: Warning: Yaw is: 89.998901 
[2019.12.17-04.21.00:382][280]LogTemp: Warning: Yaw is: 89.998901 
[2019.12.17-04.21.00:398][281]LogTemp: Warning: Yaw is: 89.998901 
[2019.12.17-04.21.00:415][282]LogTemp: Warning: Yaw is: 89.998901 
[2019.12.17-04.21.00:432][283]LogTemp: Warning: Yaw is: 89.998901 
[2019.12.17-04.21.00:448][284]LogTemp: Warning: Yaw is: 89.998901 
[2019.12.17-04.21.00:464][285]LogTemp: Warning: Yaw is: 89.998901 
[2019.12.17-04.21.00:481][286]LogTemp: Warning: Yaw is: 89.998901 
[2019.12.17-04.21.00:497][287]LogTemp: Warning: Yaw is: 89.998901 
[2019.12.17-04.21.00:518][288]LogTemp: Warning: Yaw is: 89.998901 
[2019.12.17-04.21.00:538][289]LogTemp: Warning: Yaw is: 89.998901 
[2019.12.17-04.21.00:555][290]LogTemp: Warning: Yaw is: 89.998901 
[2019.12.17-04.21.00:572][291]LogTemp: Warning: Yaw is: 89.998901 
[2019.12.17-04.21.00:589][292]LogTemp: Warning: Yaw is: 89.998901 
[2019.12.17-04.21.00:616][292]LogSlate: Window 'BuildingEscape (64-bit Development PCD3D_SM5) ' being destroyed
[2019.12.17-04.21.00:617][292]LogWindowsTextInputMethodSystem: Display: IME system now deactivated.
[2019.12.17-04.21.00:629][293]LogSlate: Updating window title bar state: overlay mode, drag disabled, window buttons hidden, title bar hidden
[2019.12.17-04.21.00:629][293]LogEngine: All Windows Closed
[2019.12.17-04.21.00:629][293]LogWindows: FPlatformMisc::RequestExit(0)
[2019.12.17-04.21.00:643][294]LogWorld: BeginTearingDown for /Game/Level_001
[2019.12.17-04.21.00:644][294]LogWorld: UWorld::CleanupWorld for Level_001, bSessionEnded=true, bCleanupResources=true
[2019.12.17-04.21.01:333][294]LogExit: Preparing to exit.
[2019.12.17-04.21.01:333][294]LogMoviePlayer: Shutting down movie player
[2019.12.17-04.21.02:235][294]LogSlate: Updating window title bar state: overlay mode, drag disabled, window buttons hidden, title bar hidden
[2019.12.17-04.21.02:242][294]LogDemo: Cleaned up 0 splitscreen connections with owner deletion
[2019.12.17-04.21.02:252][294]LogExit: Game engine shut down
[2019.12.17-04.21.02:398][294]LogExit: Object subsystem successfully closed.
[2019.12.17-04.21.02:471][294]LogShaderCompilers: Display: Shaders left to compile 0
[2019.12.17-04.21.02:545][294]LogModuleManager: Shutting down and abandoning module SequenceRecorderSections (418)
[2019.12.17-04.21.02:545][294]LogModuleManager: Shutting down and abandoning module SequenceRecorder (416)
[2019.12.17-04.21.02:546][294]LogModuleManager: Shutting down and abandoning module AutomationController (414)
[2019.12.17-04.21.02:547][294]LogModuleManager: Shutting down and abandoning module AutomationWorker (412)
[2019.12.17-04.21.02:547][294]LogModuleManager: Shutting down and abandoning module Voice (410)
[2019.12.17-04.21.02:548][294]LogModuleManager: Shutting down and abandoning module AIModule (408)
[2019.12.17-04.21.02:548][294]LogModuleManager: Shutting down and abandoning module GameplayDebugger (407)
[2019.12.17-04.21.02:548][294]LogModuleManager: Shutting down and abandoning module AITestSuite (405)
[2019.12.17-04.21.02:549][294]LogModuleManager: Shutting down and abandoning module NavigationSystem (403)
[2019.12.17-04.21.02:549][294]LogModuleManager: Shutting down and abandoning module OculusMR (400)
[2019.12.17-04.21.02:549][294]LogModuleManager: Shutting down and abandoning module WmfMediaFactory (398)
[2019.12.17-04.21.02:549][294]LogModuleManager: Shutting down and abandoning module WebMMediaFactory (396)
[2019.12.17-04.21.02:549][294]LogModuleManager: Shutting down and abandoning module WebMMedia (394)
[2019.12.17-04.21.02:549][294]LogModuleManager: Shutting down and abandoning module OpenExrWrapper (392)
[2019.12.17-04.21.02:549][294]LogModuleManager: Shutting down and abandoning module ImgMediaFactory (390)
[2019.12.17-04.21.02:549][294]LogModuleManager: Shutting down and abandoning module AvfMediaFactory (388)
[2019.12.17-04.21.02:549][294]LogModuleManager: Shutting down and abandoning module MagicLeapCameraPreviewFactory (386)
[2019.12.17-04.21.02:549][294]LogModuleManager: Shutting down and abandoning module MagicLeapMediaCodecFactory (384)
[2019.12.17-04.21.02:549][294]LogModuleManager: Shutting down and abandoning module MagicLeapMediaFactory (382)
[2019.12.17-04.21.02:549][294]LogModuleManager: Shutting down and abandoning module CharacterAI (380)
[2019.12.17-04.21.02:549][294]LogModuleManager: Shutting down and abandoning module SessionServices (378)
[2019.12.17-04.21.02:549][294]LogModuleManager: Shutting down and abandoning module MovieSceneCapture (376)
[2019.12.17-04.21.02:549][294]LogModuleManager: Shutting down and abandoning module LiveCoding (374)
[2019.12.17-04.21.02:550][294]LogModuleManager: Shutting down and abandoning module LevelSequence (372)
[2019.12.17-04.21.02:550][294]LogModuleManager: Shutting down and abandoning module MovieSceneTracks (370)
[2019.12.17-04.21.02:550][294]LogModuleManager: Shutting down and abandoning module MovieScene (368)
[2019.12.17-04.21.02:550][294]LogModuleManager: Shutting down and abandoning module StreamingPauseRendering (366)
[2019.12.17-04.21.02:550][294]LogModuleManager: Shutting down and abandoning module PortalServices (364)
[2019.12.17-04.21.02:550][294]LogModuleManager: Shutting down and abandoning module PortalRpc (362)
[2019.12.17-04.21.02:550][294]LogModuleManager: Shutting down and abandoning module MessagingRpc (360)
[2019.12.17-04.21.02:550][294]LogModuleManager: Shutting down and abandoning module ImageWriteQueue (358)
[2019.12.17-04.21.02:556][294]LogModuleManager: Shutting down and abandoning module ProfilerService (356)
[2019.12.17-04.21.02:664][294]LogModuleManager: Shutting down and abandoning module TaskGraph (354)
[2019.12.17-04.21.02:665][294]LogModuleManager: Shutting down and abandoning module SteamVRController (352)
[2019.12.17-04.21.02:665][294]LogModuleManager: Shutting down and abandoning module ProceduralMeshComponent (350)
[2019.12.17-04.21.02:665][294]LogModuleManager: Shutting down and abandoning module OculusInput (348)
[2019.12.17-04.21.02:665][294]LogModuleManager: Shutting down and abandoning module MobilePatchingUtils (346)
[2019.12.17-04.21.02:666][294]LogModuleManager: Shutting down and abandoning module EditableMesh (344)
[2019.12.17-04.21.02:666][294]LogModuleManager: Shutting down and abandoning module CustomMeshComponent (342)
[2019.12.17-04.21.02:666][294]LogModuleManager: Shutting down and abandoning module CableComponent (340)
[2019.12.17-04.21.02:666][294]LogModuleManager: Shutting down and abandoning module AudioCapture (338)
[2019.12.17-04.21.02:666][294]LogModuleManager: Shutting down and abandoning module ArchVisCharacter (336)
[2019.12.17-04.21.02:666][294]LogModuleManager: Shutting down and abandoning module AppleImageUtilsBlueprintSupport (334)
[2019.12.17-04.21.02:666][294]LogModuleManager: Shutting down and abandoning module AppleImageUtils (332)
[2019.12.17-04.21.02:666][294]LogModuleManager: Shutting down and abandoning module AndroidPermission (330)
[2019.12.17-04.21.02:666][294]LogModuleManager: Shutting down and abandoning module NUTUnrealEngine4 (328)
[2019.12.17-04.21.02:666][294]LogModuleManager: Shutting down and abandoning module NetcodeUnitTest (326)
[2019.12.17-04.21.02:667][294]LogModuleManager: Shutting down and abandoning module MediaCompositing (324)
[2019.12.17-04.21.02:667][294]LogModuleManager: Shutting down and abandoning module ImgMedia (322)
[2019.12.17-04.21.02:667][294]LogModuleManager: Shutting down and abandoning module MagicLeapHelperVulkan (320)
[2019.12.17-04.21.02:667][294]LogModuleManager: Shutting down and abandoning module MagicLeapHelperOpenGL (318)
[2019.12.17-04.21.02:667][294]LogModuleManager: Shutting down and abandoning module MagicLeapAudio (316)
[2019.12.17-04.21.02:668][294]LogModuleManager: Shutting down and abandoning module HTML5Networking (314)
[2019.12.17-04.21.02:668][294]LogModuleManager: Shutting down and abandoning module GeometryCollectionTracks (312)
[2019.12.17-04.21.02:668][294]LogModuleManager: Shutting down and abandoning module GeometryCollectionSequencer (311)
[2019.12.17-04.21.02:668][294]LogModuleManager: Shutting down and abandoning module GeometryCollectionExampleCore (308)
[2019.12.17-04.21.02:668][294]LogModuleManager: Shutting down and abandoning module GeometryCacheTracks (306)
[2019.12.17-04.21.02:668][294]LogModuleManager: Shutting down and abandoning module GeometryCacheSequencer (305)
[2019.12.17-04.21.02:669][294]LogModuleManager: Shutting down and abandoning module GeometryCache (302)
[2019.12.17-04.21.02:669][294]LogModuleManager: Shutting down and abandoning module GeometryCacheEd (301)
[2019.12.17-04.21.02:669][294]LogModuleManager: Shutting down and abandoning module BlastCore (298)
[2019.12.17-04.21.02:669][294]LogModuleManager: Shutting down and abandoning module BackChannel (296)
[2019.12.17-04.21.02:669][294]LogModuleManager: Shutting down and abandoning module AutomationUtils (294)
[2019.12.17-04.21.02:669][294]LogModuleManager: Shutting down and abandoning module VariantManagerContent (292)
[2019.12.17-04.21.02:669][294]LogModuleManager: Shutting down and abandoning module CryptoKeysOpenSSL (290)
[2019.12.17-04.21.02:669][294]LogModuleManager: Shutting down and abandoning module CryptoKeys (288)
[2019.12.17-04.21.02:669][294]LogModuleManager: Shutting down and abandoning module VisualStudioSourceCodeAccess (286)
[2019.12.17-04.21.02:670][294]LogModuleManager: Shutting down and abandoning module HotReload (285)
[2019.12.17-04.21.02:670][294]LogModuleManager: Shutting down and abandoning module DirectoryWatcher (284)
[2019.12.17-04.21.02:670][294]LogModuleManager: Shutting down and abandoning module VisualStudioCodeSourceCodeAccess (280)
[2019.12.17-04.21.02:670][294]LogModuleManager: Shutting down and abandoning module UObjectPlugin (278)
[2019.12.17-04.21.02:670][294]LogModuleManager: Shutting down and abandoning module SubversionSourceControl (276)
[2019.12.17-04.21.02:670][294]LogModuleManager: Shutting down and abandoning module PerforceSourceControl (274)
[2019.12.17-04.21.02:670][294]LogModuleManager: Shutting down and abandoning module SourceControl (273)
[2019.12.17-04.21.02:672][294]LogModuleManager: Shutting down and abandoning module CLionSourceCodeAccess (270)
[2019.12.17-04.21.02:672][294]LogModuleManager: Shutting down and abandoning module ActorLayerUtilities (268)
[2019.12.17-04.21.02:672][294]LogModuleManager: Shutting down and abandoning module BuildingEscape (266)
[2019.12.17-04.21.02:672][294]LogModuleManager: Shutting down and abandoning module SignificanceManager (264)
[2019.12.17-04.21.02:672][294]LogModuleManager: Shutting down and abandoning module RuntimePhysXCooking (262)
[2019.12.17-04.21.02:672][294]LogModuleManager: Shutting down and abandoning module PhysXVehiclesEditor (260)
[2019.12.17-04.21.02:672][294]LogModuleManager: Shutting down and abandoning module LocationServicesBPLibrary (256)
[2019.12.17-04.21.02:672][294]LogModuleManager: Shutting down and abandoning module ActorSequence (254)
[2019.12.17-04.21.02:672][294]LogModuleManager: Shutting down and abandoning module UdpMessaging (252)
[2019.12.17-04.21.02:774][294]LogModuleManager: Shutting down and abandoning module TcpMessaging (250)
[2019.12.17-04.21.02:925][294]LogModuleManager: Shutting down and abandoning module MagicLeapIdentity (248)
[2019.12.17-04.21.02:925][294]LogModuleManager: Shutting down and abandoning module MagicLeapSecureStorage (246)
[2019.12.17-04.21.02:925][294]LogModuleManager: Shutting down and abandoning module MagicLeapHandTracking (244)
[2019.12.17-04.21.02:925][294]LogModuleManager: Shutting down and abandoning module MagicLeapEyeTracker (242)
[2019.12.17-04.21.02:925][294]LogModuleManager: Shutting down and abandoning module MagicLeapController (240)
[2019.12.17-04.21.02:926][294]LogSlate: Slate User Destroyed.  User Index 0, Is Virtual User: 0
[2019.12.17-04.21.02:926][294]LogModuleManager: Shutting down and abandoning module MagicLeapAR (238)
[2019.12.17-04.21.02:926][294]LogModuleManager: Shutting down and abandoning module AugmentedReality (237)
[2019.12.17-04.21.02:926][294]LogModuleManager: Shutting down and abandoning module GameplayTagsEditor (234)
[2019.12.17-04.21.02:927][294]LogModuleManager: Shutting down and abandoning module FacialAnimation (232)
[2019.12.17-04.21.02:927][294]LogModuleManager: Shutting down and abandoning module AssetManagerEditor (230)
[2019.12.17-04.21.02:927][294]LogModuleManager: Shutting down and abandoning module TreeMap (229)
[2019.12.17-04.21.02:927][294]LogModuleManager: Shutting down and abandoning module AnimationSharing (226)
[2019.12.17-04.21.02:927][294]LogModuleManager: Shutting down and abandoning module LightPropagationVolumeRuntime (224)
[2019.12.17-04.21.02:927][294]LogModuleManager: Shutting down and abandoning module Paper2D (222)
[2019.12.17-04.21.02:927][294]LogModuleManager: Shutting down and abandoning module WindowsMoviePlayer (220)
[2019.12.17-04.21.02:930][294]LogModuleManager: Shutting down and abandoning module WebMMoviePlayer (218)
[2019.12.17-04.21.02:930][294]LogModuleManager: Shutting down and abandoning module NetworkReplayStreaming (216)
[2019.12.17-04.21.02:930][294]LogModuleManager: Shutting down and abandoning module PacketHandler (214)
[2019.12.17-04.21.02:931][294]LogModuleManager: Shutting down and abandoning module ClothingSystemEditor (212)
[2019.12.17-04.21.02:931][294]LogModuleManager: Shutting down and abandoning module ClothingSystemRuntime (210)
[2019.12.17-04.21.02:932][294]LogModuleManager: Shutting down and abandoning module MediaAssets (208)
[2019.12.17-04.21.02:932][294]LogModuleManager: Shutting down and abandoning module Overlay (206)
[2019.12.17-04.21.02:933][294]LogModuleManager: Shutting down and abandoning module OverlayEditor (205)
[2019.12.17-04.21.02:933][294]LogModuleManager: Shutting down and abandoning module VREditor (202)
[2019.12.17-04.21.02:934][294]LogModuleManager: Shutting down and abandoning module StringTableEditor (200)
[2019.12.17-04.21.02:938][294]LogModuleManager: Shutting down and abandoning module GameplayTasksEditor (198)
[2019.12.17-04.21.02:939][294]LogModuleManager: Shutting down and abandoning module BehaviorTreeEditor (196)
[2019.12.17-04.21.02:940][294]LogModuleManager: Shutting down and abandoning module FunctionalTesting (194)
[2019.12.17-04.21.02:940][294]LogModuleManager: Shutting down and abandoning module CollisionAnalyzer (192)
[2019.12.17-04.21.02:940][294]LogModuleManager: Shutting down and abandoning module WorkspaceMenuStructure (191)
[2019.12.17-04.21.02:941][294]LogModuleManager: Shutting down and abandoning module UMG (188)
[2019.12.17-04.21.02:942][294]LogModuleManager: Shutting down and abandoning module UMGEditor (187)
[2019.12.17-04.21.02:943][294]LogModuleManager: Shutting down and abandoning module Sequencer (186)
[2019.12.17-04.21.02:946][294]LogModuleManager: Shutting down and abandoning module MessageLog (183)
[2019.12.17-04.21.02:946][294]LogModuleManager: Shutting down and abandoning module SlateReflector (178)
[2019.12.17-04.21.02:948][294]LogModuleManager: Shutting down and abandoning module Slate (176)
[2019.12.17-04.21.02:948][294]LogModuleManager: Shutting down and abandoning module LandscapeEditorUtilities (174)
[2019.12.17-04.21.02:948][294]LogModuleManager: Shutting down and abandoning module EditorStyle (172)
[2019.12.17-04.21.02:949][294]LogModuleManager: Shutting down and abandoning module UnrealEd (170)
[2019.12.17-04.21.02:950][294]LogModuleManager: Shutting down and abandoning module MRMesh (168)
[2019.12.17-04.21.02:950][294]LogModuleManager: Shutting down and abandoning module Messaging (166)
[2019.12.17-04.21.02:950][294]LogModuleManager: Shutting down and abandoning module SourceCodeAccess (164)
[2019.12.17-04.21.02:950][294]LogModuleManager: Shutting down and abandoning module HeadMountedDisplay (162)
[2019.12.17-04.21.02:950][294]LogModuleManager: Shutting down and abandoning module XAudio2 (160)
[2019.12.17-04.21.02:950][294]LogModuleManager: Shutting down and abandoning module Networking (158)
[2019.12.17-04.21.02:950][294]LogModuleManager: Shutting down and abandoning module Core (156)
[2019.12.17-04.21.02:950][294]LogModuleManager: Shutting down and abandoning module KismetCompiler (154)
[2019.12.17-04.21.02:950][294]LogModuleManager: Shutting down and abandoning module MeshUtilities (152)
[2019.12.17-04.21.02:950][294]LogModuleManager: Shutting down and abandoning module MeshMergeUtilities (151)
[2019.12.17-04.21.02:950][294]LogModuleManager: Shutting down and abandoning module MeshReductionInterface (150)
[2019.12.17-04.21.02:950][294]LogModuleManager: Shutting down and abandoning module SkeletalMeshReduction (149)
[2019.12.17-04.21.02:950][294]LogModuleManager: Shutting down and abandoning module ProxyLODMeshReduction (147)
[2019.12.17-04.21.02:951][294]LogModuleManager: Shutting down and abandoning module QuadricMeshReduction (145)
[2019.12.17-04.21.02:951][294]LogModuleManager: Shutting down and abandoning module MaterialBaking (141)
[2019.12.17-04.21.02:952][294]LogModuleManager: Shutting down and abandoning module NullInstallBundleManager (136)
[2019.12.17-04.21.02:952][294]LogModuleManager: Shutting down and abandoning module PIEPreviewDeviceProfileSelector (134)
[2019.12.17-04.21.02:952][294]LogModuleManager: Shutting down and abandoning module DerivedDataCache (132)
[2019.12.17-04.21.03:219][294]LogDerivedDataCache: Shutdown
[2019.12.17-04.21.03:219][294]LogModuleManager: Shutting down and abandoning module XGEController (130)
[2019.12.17-04.21.03:220][294]LogModuleManager: Shutting down and abandoning module TargetPlatform (128)
[2019.12.17-04.21.03:221][294]LogModuleManager: Shutting down and abandoning module VulkanShaderFormat (127)
[2019.12.17-04.21.03:222][294]LogModuleManager: Shutting down and abandoning module ShaderFormatVectorVM (125)
[2019.12.17-04.21.03:223][294]LogModuleManager: Shutting down and abandoning module ShaderFormatOpenGL (123)
[2019.12.17-04.21.03:224][294]LogModuleManager: Shutting down and abandoning module ShaderFormatD3D (121)
[2019.12.17-04.21.03:225][294]LogModuleManager: Shutting down and abandoning module MetalShaderFormat (119)
[2019.12.17-04.21.03:226][294]LogModuleManager: Shutting down and abandoning module TextureFormatUncompressed (117)
[2019.12.17-04.21.03:226][294]LogModuleManager: Shutting down and abandoning module TextureFormatPVR (115)
[2019.12.17-04.21.03:226][294]LogModuleManager: Shutting down and abandoning module TextureFormatDXT (113)
[2019.12.17-04.21.03:226][294]LogModuleManager: Shutting down and abandoning module TextureFormatIntelISPCTexComp (111)
[2019.12.17-04.21.03:227][294]LogModuleManager: Shutting down and abandoning module TextureFormatASTC (109)
[2019.12.17-04.21.03:227][294]LogModuleManager: Shutting down and abandoning module ImageWrapper (108)
[2019.12.17-04.21.03:227][294]LogModuleManager: Shutting down and abandoning module TextureFormatAndroid (105)
[2019.12.17-04.21.03:227][294]LogModuleManager: Shutting down and abandoning module AudioFormatOpus (103)
[2019.12.17-04.21.03:227][294]LogModuleManager: Shutting down and abandoning module AudioFormatOgg (101)
[2019.12.17-04.21.03:227][294]LogModuleManager: Shutting down and abandoning module AudioFormatADPCM (99)
[2019.12.17-04.21.03:227][294]LogModuleManager: Shutting down and abandoning module WindowsTargetPlatform (97)
[2019.12.17-04.21.03:227][294]LogModuleManager: Shutting down and abandoning module WindowsServerTargetPlatform (95)
[2019.12.17-04.21.03:227][294]LogModuleManager: Shutting down and abandoning module WindowsNoEditorTargetPlatform (93)
[2019.12.17-04.21.03:227][294]LogModuleManager: Shutting down and abandoning module WindowsClientTargetPlatform (91)
[2019.12.17-04.21.03:227][294]LogModuleManager: Shutting down and abandoning module InputCore (88)
[2019.12.17-04.21.03:227][294]LogModuleManager: Shutting down and abandoning module Settings (86)
[2019.12.17-04.21.03:227][294]LogModuleManager: Shutting down and abandoning module PhysXCooking (84)
[2019.12.17-04.21.03:227][294]LogModuleManager: Shutting down and abandoning module WindowsPlatformFeatures (82)
[2019.12.17-04.21.03:227][294]LogModuleManager: Shutting down and abandoning module GameplayMediaEncoder (81)
[2019.12.17-04.21.03:228][294]LogModuleManager: Shutting down and abandoning module SteamVR (78)
[2019.12.17-04.21.03:229][294]LogHMD: Freeing OpenVRDLLHandle.
[2019.12.17-04.21.03:229][294]LogModuleManager: Shutting down and abandoning module OculusHMD (76)
[2019.12.17-04.21.03:229][294]LogModuleManager: Shutting down and abandoning module ExampleDeviceProfileSelector (74)
[2019.12.17-04.21.03:229][294]LogModuleManager: Shutting down and abandoning module LauncherChunkInstaller (72)
[2019.12.17-04.21.03:229][294]LogModuleManager: Shutting down and abandoning module OnlineBlueprintSupport (70)
[2019.12.17-04.21.03:229][294]LogModuleManager: Shutting down and abandoning module OnlineSubsystem (66)
[2019.12.17-04.21.03:230][294]LogModuleManager: Shutting down and abandoning module XMPP (61)
[2019.12.17-04.21.03:232][294]LogModuleManager: Shutting down and abandoning module WebSockets (60)
[2019.12.17-04.21.03:254][294]LogModuleManager: Shutting down and abandoning module HTTP (57)
[2019.12.17-04.21.03:280][294]LogModuleManager: Shutting down and abandoning module SSL (56)
[2019.12.17-04.21.03:296][294]LogModuleManager: Shutting down and abandoning module WmfMedia (52)
