Log file open, 01/19/20 23:22:19
LogWindows: Failed to load 'aqProf.dll' (GetLastError=126)
LogWindows: File 'aqProf.dll' does not exist
LogWindows: Failed to load 'VtuneApi.dll' (GetLastError=126)
LogWindows: File 'VtuneApi.dll' does not exist
LogWindows: Failed to load 'VtuneApi32e.dll' (GetLastError=126)
LogWindows: File 'VtuneApi32e.dll' does not exist
LogConsoleResponse: Display: Failed to find resolution value strings in scalability ini. Falling back to default.
LogInit: Display: Running engine for game: BuildingEscape
LogPlatformFile: Not using cached read wrapper
LogTaskGraph: Started task graph with 5 named threads and 14 total threads with 3 sets of task threads.
LogStats: Stats thread started at 0.114330
LogD3D11RHI: Loaded GFSDK_Aftermath_Lib.x64.dll
LogICUInternationalization: ICU TimeZone Detection - Raw Offset: -5:00, Platform Override: ''
LogPluginManager: Mounting plugin Paper2D
LogPluginManager: Mounting plugin AISupport
LogPluginManager: Mounting plugin LightPropagationVolume
LogPluginManager: Mounting plugin ActorLayerUtilities
LogPluginManager: Mounting plugin AnimationSharing
LogPluginManager: Mounting plugin CLionSourceCodeAccess
LogPluginManager: Mounting plugin CodeLiteSourceCodeAccess
LogPluginManager: Mounting plugin GitSourceControl
LogPluginManager: Mounting plugin KDevelopSourceCodeAccess
LogPluginManager: Mounting plugin NullSourceCodeAccess
LogPluginManager: Mounting plugin PerforceSourceControl
LogPluginManager: Mounting plugin PlasticSourceControl
LogPluginManager: Mounting plugin SubversionSourceControl
LogPluginManager: Mounting plugin UObjectPlugin
LogPluginManager: Mounting plugin VisualStudioCodeSourceCodeAccess
LogPluginManager: Mounting plugin VisualStudioSourceCodeAccess
LogPluginManager: Mounting plugin XCodeSourceCodeAccess
LogPluginManager: Mounting plugin AssetManagerEditor
LogPluginManager: Mounting plugin CryptoKeys
LogPluginManager: Mounting plugin CurveEditorTools
LogPluginManager: Mounting plugin DataValidation
LogPluginManager: Mounting plugin FacialAnimation
LogPluginManager: Mounting plugin GameplayTagsEditor
LogPluginManager: Mounting plugin MacGraphicsSwitching
LogPluginManager: Mounting plugin MaterialAnalyzer
LogPluginManager: Mounting plugin MobileLauncherProfileWizard
LogPluginManager: Mounting plugin PluginBrowser
LogPluginManager: Mounting plugin SpeedTreeImporter
LogPluginManager: Mounting plugin DatasmithContent
LogPluginManager: Mounting plugin VariantManagerContent
LogPluginManager: Mounting plugin AlembicImporter
LogPluginManager: Mounting plugin AutomationUtils
LogPluginManager: Mounting plugin BackChannel
LogPluginManager: Mounting plugin CharacterAI
LogPluginManager: Mounting plugin GeometryCache
LogPluginManager: Mounting plugin PlatformCrypto
LogPluginManager: Mounting plugin ProxyLODPlugin
LogPluginManager: Mounting plugin SkeletalReduction
LogPluginManager: Mounting plugin MagicLeap
LogPluginManager: Mounting plugin MagicLeapMedia
LogPluginManager: Mounting plugin MLSDK
LogPluginManager: Mounting plugin AndroidMedia
LogPluginManager: Mounting plugin AvfMedia
LogPluginManager: Mounting plugin ImgMedia
LogPluginManager: Mounting plugin MediaCompositing
LogPluginManager: Mounting plugin MediaPlayerEditor
LogPluginManager: Mounting plugin WebMMedia
LogPluginManager: Mounting plugin WmfMedia
LogPluginManager: Mounting plugin TcpMessaging
LogPluginManager: Mounting plugin UdpMessaging
LogPluginManager: Mounting plugin ActorSequence
LogPluginManager: Mounting plugin LevelSequenceEditor
LogPluginManager: Mounting plugin MatineeToLevelSequence
LogPluginManager: Mounting plugin NetcodeUnitTest
LogPluginManager: Mounting plugin NUTUnrealEngine4
LogPluginManager: Mounting plugin OnlineSubsystemGooglePlay
LogPluginManager: Mounting plugin OnlineSubsystemIOS
LogPluginManager: Mounting plugin OnlineSubsystem
LogPluginManager: Mounting plugin OnlineSubsystemNull
LogPluginManager: Mounting plugin OnlineSubsystemUtils
LogPluginManager: Mounting plugin LauncherChunkInstaller
LogPluginManager: Mounting plugin AndroidDeviceProfileSelector
LogPluginManager: Mounting plugin AndroidMoviePlayer
LogPluginManager: Mounting plugin AndroidPermission
LogPluginManager: Mounting plugin AppleImageUtils
LogPluginManager: Mounting plugin AppleMoviePlayer
LogPluginManager: Mounting plugin ArchVisCharacter
LogPluginManager: Mounting plugin AssetTags
LogPluginManager: Mounting plugin AudioCapture
LogPluginManager: Mounting plugin CableComponent
LogPluginManager: Mounting plugin CustomMeshComponent
LogPluginManager: Mounting plugin EditableMesh
LogPluginManager: Mounting plugin ExampleDeviceProfileSelector
LogPluginManager: Mounting plugin GoogleCloudMessaging
LogPluginManager: Mounting plugin IOSDeviceProfileSelector
LogPluginManager: Mounting plugin LinuxDeviceProfileSelector
LogPluginManager: Mounting plugin LocationServicesBPLibrary
LogPluginManager: Mounting plugin MobilePatchingUtils
LogPluginManager: Mounting plugin OculusVR
LogPluginManager: Mounting plugin PhysXVehicles
LogPluginManager: Mounting plugin PostSplashScreen
LogPluginManager: Mounting plugin ProceduralMeshComponent
LogPluginManager: Mounting plugin RuntimePhysXCooking
LogPluginManager: Mounting plugin SignificanceManager
LogPluginManager: Mounting plugin SteamVR
LogPluginManager: Mounting plugin WebMMoviePlayer
LogPluginManager: Mounting plugin WindowsMoviePlayer
LogPluginManager: Mounting plugin ScreenshotTools
LogInit: Using libcurl 7.55.1-DEV
LogInit:  - built for x86_64-pc-win32
LogInit:  - supports SSL with OpenSSL/1.1.1
LogInit:  - supports HTTP deflate (compression) using libz 1.2.8
LogInit:  - other features:
LogInit:      CURL_VERSION_SSL
LogInit:      CURL_VERSION_LIBZ
LogInit:      CURL_VERSION_IPV6
LogInit:      CURL_VERSION_ASYNCHDNS
LogInit:      CURL_VERSION_LARGEFILE
LogInit:      CURL_VERSION_IDN
LogInit:  CurlRequestOptions (configurable via config and command line):
LogInit:  - bVerifyPeer = true  - Libcurl will verify peer certificate
LogInit:  - bUseHttpProxy = false  - Libcurl will NOT use HTTP proxy
LogInit:  - bDontReuseConnections = false  - Libcurl will reuse connections
LogInit:  - MaxHostConnections = 16  - Libcurl will limit the number of connections to a host
LogInit:  - LocalHostAddr = Default
LogInit:  - BufferSize = 65536
LogOnline: OSS: Creating online subsystem instance for: NULL
LogInit: WinSock: version 1.1 (2.2), MaxSocks=32767, MaxUdp=65467
LogOnline: OSS: TryLoadSubsystemAndSetDefault: Loaded subsystem for module [NULL]
LogInit: Build: ++UE4+Release-4.24-CL-10757647
LogInit: Engine Version: 4.24.1-10757647+++UE4+Release-4.24
LogInit: Compatible Engine Version: 4.24.0-10570792+++UE4+Release-4.24
LogInit: Net CL: 10570792
LogInit: OS: Windows 10 (Release 1903) (), CPU: Intel(R) Core(TM) i5-6300HQ CPU @ 2.30GHz, GPU: Intel(R) HD Graphics 530
LogInit: Compiled (64-bit): Dec 17 2019 02:08:03
LogInit: Compiled with Visual C++: 19.16.27032.01
LogInit: Build Configuration: Development
LogInit: Branch Name: ++UE4+Release-4.24
LogInit: Command Line: 
LogInit: Base Directory: C:/Program Files/Epic Games/UE_4.24/Engine/Binaries/Win64/
LogInit: Installed Engine Build: 1
LogDevObjectVersion: Number of dev versions registered: 25
LogDevObjectVersion:   Dev-Blueprints (B0D832E4-1F89-4F0D-ACCF-7EB736FD4AA2): 10
LogDevObjectVersion:   Dev-Build (E1C64328-A22C-4D53-A36C-8E866417BD8C): 0
LogDevObjectVersion:   Dev-Core (375EC13C-06E4-48FB-B500-84F0262A717E): 3
LogDevObjectVersion:   Dev-Editor (E4B068ED-F494-42E9-A231-DA0B2E46BB41): 37
LogDevObjectVersion:   Dev-Framework (CFFC743F-43B0-4480-9391-14DF171D2073): 36
LogDevObjectVersion:   Dev-Mobile (B02B49B5-BB20-44E9-A304-32B752E40360): 2
LogDevObjectVersion:   Dev-Networking (A4E4105C-59A1-49B5-A7C5-40C4547EDFEE): 0
LogDevObjectVersion:   Dev-Online (39C831C9-5AE6-47DC-9A44-9C173E1C8E7C): 0
LogDevObjectVersion:   Dev-Physics (78F01B33-EBEA-4F98-B9B4-84EACCB95AA2): 2
LogDevObjectVersion:   Dev-Platform (6631380F-2D4D-43E0-8009-CF276956A95A): 0
LogDevObjectVersion:   Dev-Rendering (12F88B9F-8875-4AFC-A67C-D90C383ABD29): 36
LogDevObjectVersion:   Dev-Sequencer (7B5AE74C-D270-4C10-A958-57980B212A5A): 11
LogDevObjectVersion:   Dev-VR (D7296918-1DD6-4BDD-9DE2-64A83CC13884): 2
LogDevObjectVersion:   Dev-LoadTimes (C2A15278-BFE7-4AFE-6C17-90FF531DF755): 1
LogDevObjectVersion:   Private-Geometry (6EACA3D4-40EC-4CC1-B786-8BED09428FC5): 3
LogDevObjectVersion:   Dev-AnimPhys (29E575DD-E0A3-4627-9D10-D276232CDCEA): 17
LogDevObjectVersion:   Dev-Anim (AF43A65D-7FD3-4947-9873-3E8ED9C1BB05): 2
LogDevObjectVersion:   Dev-ReflectionCapture (6B266CEC-1EC7-4B8F-A30B-E4D90942FC07): 1
LogDevObjectVersion:   Dev-Automation (0DF73D61-A23F-47EA-B727-89E90C41499A): 1
LogDevObjectVersion:   FortniteMain (601D1886-AC64-4F84-AA16-D3DE0DEAC7D6): 31
LogDevObjectVersion:   Dev-Enterprise (9DFFBCD6-494F-0158-E221-12823C92A888): 8
LogDevObjectVersion:   Dev-Niagara (F2AED0AC-9AFE-416F-8664-AA7FFA26D6FC): 1
LogDevObjectVersion:   Dev-Destruction (174F1F0B-B4C6-45A5-B13F-2EE8D0FB917D): 9
LogDevObjectVersion:   Dev-Physics-Ext (35F94A83-E258-406C-A318-09F59610247C): 8
LogDevObjectVersion:   Dev-CineCamera (B2E18506-4273-CFC2-A54E-F4BB758BBA07): 1
LogInit: Presizing for max 25165824 objects, including 0 objects not considered by GC, pre-allocating 0 bytes for permanent pool.
LogInit: Object subsystem initialized
LogConfig: Setting CVar [[con.DebugEarlyDefault:1]]
LogConfig: Setting CVar [[r.setres:1280x720]]
[2020.01.20-04.22.19:906][  0]LogConfig: Setting CVar [[r.VSync:0]]
[2020.01.20-04.22.19:906][  0]LogConfig: Setting CVar [[r.RHICmdBypass:0]]
[2020.01.20-04.22.19:906][  0]LogConfig: Applying CVar settings from Section [/Script/Engine.RendererSettings] File [C:/Users/TheK-B1000/Desktop/The K-B Folder/Unreal/repos/Section 3/BuildingEscape/Saved/Config/Windows/Engine.ini]
[2020.01.20-04.22.19:906][  0]LogConfig: Setting CVar [[r.GPUCrashDebugging:0]]
[2020.01.20-04.22.19:906][  0]LogConfig: Setting CVar [[r.DefaultFeature.AutoExposure.ExtendDefaultLuminanceRange:1]]
[2020.01.20-04.22.19:906][  0]LogConfig: Applying CVar settings from Section [/Script/Engine.RendererOverrideSettings] File [C:/Users/TheK-B1000/Desktop/The K-B Folder/Unreal/repos/Section 3/BuildingEscape/Saved/Config/Windows/Engine.ini]
[2020.01.20-04.22.19:906][  0]LogConfig: Applying CVar settings from Section [/Script/Engine.StreamingSettings] File [C:/Users/TheK-B1000/Desktop/The K-B Folder/Unreal/repos/Section 3/BuildingEscape/Saved/Config/Windows/Engine.ini]
[2020.01.20-04.22.19:906][  0]LogConfig: Setting CVar [[s.MinBulkDataSizeForAsyncLoading:131072]]
[2020.01.20-04.22.19:906][  0]LogConfig: Setting CVar [[s.AsyncLoadingThreadEnabled:0]]
[2020.01.20-04.22.19:906][  0]LogConfig: Setting CVar [[s.EventDrivenLoaderEnabled:1]]
[2020.01.20-04.22.19:906][  0]LogConfig: Setting CVar [[s.WarnIfTimeLimitExceeded:0]]
[2020.01.20-04.22.19:906][  0]LogConfig: Setting CVar [[s.TimeLimitExceededMultiplier:1.5]]
[2020.01.20-04.22.19:906][  0]LogConfig: Setting CVar [[s.TimeLimitExceededMinTime:0.005]]
[2020.01.20-04.22.19:906][  0]LogConfig: Setting CVar [[s.UseBackgroundLevelStreaming:1]]
[2020.01.20-04.22.19:906][  0]LogConfig: Setting CVar [[s.PriorityAsyncLoadingExtraTime:15.0]]
[2020.01.20-04.22.19:906][  0]LogConfig: Setting CVar [[s.LevelStreamingActorsUpdateTimeLimit:5.0]]
[2020.01.20-04.22.19:906][  0]LogConfig: Setting CVar [[s.PriorityLevelStreamingActorsUpdateExtraTime:5.0]]
[2020.01.20-04.22.19:906][  0]LogConfig: Setting CVar [[s.LevelStreamingComponentsRegistrationGranularity:10]]
[2020.01.20-04.22.19:906][  0]LogConfig: Setting CVar [[s.UnregisterComponentsTimeLimit:1.0]]
[2020.01.20-04.22.19:906][  0]LogConfig: Setting CVar [[s.LevelStreamingComponentsUnregistrationGranularity:5]]
[2020.01.20-04.22.19:906][  0]LogConfig: Setting CVar [[s.FlushStreamingOnExit:1]]
[2020.01.20-04.22.19:906][  0]LogConfig: Applying CVar settings from Section [/Script/Engine.GarbageCollectionSettings] File [C:/Users/TheK-B1000/Desktop/The K-B Folder/Unreal/repos/Section 3/BuildingEscape/Saved/Config/Windows/Engine.ini]
[2020.01.20-04.22.19:906][  0]LogConfig: Setting CVar [[gc.MaxObjectsNotConsideredByGC:1]]
[2020.01.20-04.22.19:906][  0]LogConfig: Setting CVar [[gc.SizeOfPermanentObjectPool:0]]
[2020.01.20-04.22.19:906][  0]LogConfig: Setting CVar [[gc.FlushStreamingOnGC:0]]
[2020.01.20-04.22.19:906][  0]LogConfig: Setting CVar [[gc.NumRetriesBeforeForcingGC:10]]
[2020.01.20-04.22.19:907][  0]LogConfig: Setting CVar [[gc.AllowParallelGC:1]]
[2020.01.20-04.22.19:907][  0]LogConfig: Setting CVar [[gc.TimeBetweenPurgingPendingKillObjects:61.1]]
[2020.01.20-04.22.19:907][  0]LogConfig: Setting CVar [[gc.MaxObjectsInEditor:25165824]]
[2020.01.20-04.22.19:907][  0]LogConfig: Setting CVar [[gc.IncrementalBeginDestroyEnabled:1]]
[2020.01.20-04.22.19:907][  0]LogConfig: Setting CVar [[gc.CreateGCClusters:1]]
[2020.01.20-04.22.19:907][  0]LogConfig: Setting CVar [[gc.MinGCClusterSize:5]]
[2020.01.20-04.22.19:907][  0]LogConfig: Setting CVar [[gc.ActorClusteringEnabled:0]]
[2020.01.20-04.22.19:907][  0]LogConfig: Setting CVar [[gc.BlueprintClusteringEnabled:0]]
[2020.01.20-04.22.19:907][  0]LogConfig: Setting CVar [[gc.UseDisregardForGCOnDedicatedServers:0]]
[2020.01.20-04.22.19:907][  0]LogConfig: Applying CVar settings from Section [/Script/Engine.NetworkSettings] File [C:/Users/TheK-B1000/Desktop/The K-B Folder/Unreal/repos/Section 3/BuildingEscape/Saved/Config/Windows/Engine.ini]
[2020.01.20-04.22.19:907][  0]LogConfig: Applying CVar settings from Section [/Script/UnrealEd.CookerSettings] File [C:/Users/TheK-B1000/Desktop/The K-B Folder/Unreal/repos/Section 3/BuildingEscape/Saved/Config/Windows/Engine.ini]
[2020.01.20-04.22.19:911][  0]LogConfig: Applying CVar settings from Section [ViewDistanceQuality@3] File [C:/Users/TheK-B1000/Desktop/The K-B Folder/Unreal/repos/Section 3/BuildingEscape/Saved/Config/Windows/Scalability.ini]
[2020.01.20-04.22.19:911][  0]LogConfig: Setting CVar [[r.SkeletalMeshLODBias:0]]
[2020.01.20-04.22.19:911][  0]LogConfig: Setting CVar [[r.ViewDistanceScale:1.0]]
[2020.01.20-04.22.19:911][  0]LogConfig: Applying CVar settings from Section [AntiAliasingQuality@3] File [C:/Users/TheK-B1000/Desktop/The K-B Folder/Unreal/repos/Section 3/BuildingEscape/Saved/Config/Windows/Scalability.ini]
[2020.01.20-04.22.19:911][  0]LogConfig: Setting CVar [[r.PostProcessAAQuality:4]]
[2020.01.20-04.22.19:911][  0]LogConfig: Applying CVar settings from Section [ShadowQuality@3] File [C:/Users/TheK-B1000/Desktop/The K-B Folder/Unreal/repos/Section 3/BuildingEscape/Saved/Config/Windows/Scalability.ini]
[2020.01.20-04.22.19:911][  0]LogConfig: Setting CVar [[r.LightFunctionQuality:1]]
[2020.01.20-04.22.19:911][  0]LogConfig: Setting CVar [[r.ShadowQuality:5]]
[2020.01.20-04.22.19:911][  0]LogConfig: Setting CVar [[r.Shadow.CSM.MaxCascades:10]]
[2020.01.20-04.22.19:911][  0]LogConfig: Setting CVar [[r.Shadow.MaxResolution:2048]]
[2020.01.20-04.22.19:911][  0]LogConfig: Setting CVar [[r.Shadow.MaxCSMResolution:2048]]
[2020.01.20-04.22.19:911][  0]LogConfig: Setting CVar [[r.Shadow.RadiusThreshold:0.01]]
[2020.01.20-04.22.19:911][  0]LogConfig: Setting CVar [[r.Shadow.DistanceScale:1.0]]
[2020.01.20-04.22.19:911][  0]LogConfig: Setting CVar [[r.Shadow.CSM.TransitionScale:1.0]]
[2020.01.20-04.22.19:911][  0]LogConfig: Setting CVar [[r.Shadow.PreShadowResolutionFactor:1.0]]
[2020.01.20-04.22.19:911][  0]LogConfig: Setting CVar [[r.DistanceFieldShadowing:1]]
[2020.01.20-04.22.19:911][  0]LogConfig: Setting CVar [[r.DistanceFieldAO:1]]
[2020.01.20-04.22.19:911][  0]LogConfig: Setting CVar [[r.AOQuality:2]]
[2020.01.20-04.22.19:911][  0]LogConfig: Setting CVar [[r.VolumetricFog:1]]
[2020.01.20-04.22.19:911][  0]LogConfig: Setting CVar [[r.VolumetricFog.GridPixelSize:8]]
[2020.01.20-04.22.19:911][  0]LogConfig: Setting CVar [[r.VolumetricFog.GridSizeZ:128]]
[2020.01.20-04.22.19:911][  0]LogConfig: Setting CVar [[r.VolumetricFog.HistoryMissSupersampleCount:4]]
[2020.01.20-04.22.19:911][  0]LogConfig: Setting CVar [[r.LightMaxDrawDistanceScale:1]]
[2020.01.20-04.22.19:911][  0]LogConfig: Setting CVar [[r.CapsuleShadows:1]]
[2020.01.20-04.22.19:911][  0]LogConfig: Applying CVar settings from Section [PostProcessQuality@3] File [C:/Users/TheK-B1000/Desktop/The K-B Folder/Unreal/repos/Section 3/BuildingEscape/Saved/Config/Windows/Scalability.ini]
[2020.01.20-04.22.19:911][  0]LogConfig: Setting CVar [[r.MotionBlurQuality:4]]
[2020.01.20-04.22.19:911][  0]LogConfig: Setting CVar [[r.AmbientOcclusionMipLevelFactor:0.4]]
[2020.01.20-04.22.19:911][  0]LogConfig: Setting CVar [[r.AmbientOcclusionMaxQuality:100]]
[2020.01.20-04.22.19:912][  0]LogConfig: Setting CVar [[r.AmbientOcclusionLevels:-1]]
[2020.01.20-04.22.19:912][  0]LogConfig: Setting CVar [[r.AmbientOcclusionRadiusScale:1.0]]
[2020.01.20-04.22.19:912][  0]LogConfig: Setting CVar [[r.DepthOfFieldQuality:2]]
[2020.01.20-04.22.19:912][  0]LogConfig: Setting CVar [[r.RenderTargetPoolMin:400]]
[2020.01.20-04.22.19:912][  0]LogConfig: Setting CVar [[r.LensFlareQuality:2]]
[2020.01.20-04.22.19:912][  0]LogConfig: Setting CVar [[r.SceneColorFringeQuality:1]]
[2020.01.20-04.22.19:912][  0]LogConfig: Setting CVar [[r.EyeAdaptationQuality:2]]
[2020.01.20-04.22.19:912][  0]LogConfig: Setting CVar [[r.BloomQuality:5]]
[2020.01.20-04.22.19:912][  0]LogConfig: Setting CVar [[r.FastBlurThreshold:100]]
[2020.01.20-04.22.19:912][  0]LogConfig: Setting CVar [[r.Upscale.Quality:3]]
[2020.01.20-04.22.19:912][  0]LogConfig: Setting CVar [[r.Tonemapper.GrainQuantization:1]]
[2020.01.20-04.22.19:912][  0]LogConfig: Setting CVar [[r.LightShaftQuality:1]]
[2020.01.20-04.22.19:912][  0]LogConfig: Setting CVar [[r.Filter.SizeScale:1]]
[2020.01.20-04.22.19:912][  0]LogConfig: Setting CVar [[r.Tonemapper.Quality:5]]
[2020.01.20-04.22.19:912][  0]LogConfig: Setting CVar [[r.DOF.Gather.AccumulatorQuality:1        ; higher gathering accumulator quality]]
[2020.01.20-04.22.19:912][  0]LogConfig: Setting CVar [[r.DOF.Gather.PostfilterMethod:1          ; Median3x3 postfilering method]]
[2020.01.20-04.22.19:912][  0]LogConfig: Setting CVar [[r.DOF.Gather.EnableBokehSettings:0       ; no bokeh simulation when gathering]]
[2020.01.20-04.22.19:912][  0]LogConfig: Setting CVar [[r.DOF.Gather.RingCount:4                 ; medium number of samples when gathering]]
[2020.01.20-04.22.19:912][  0]LogConfig: Setting CVar [[r.DOF.Scatter.ForegroundCompositing:1    ; additive foreground scattering]]
[2020.01.20-04.22.19:912][  0]LogConfig: Setting CVar [[r.DOF.Scatter.BackgroundCompositing:2    ; additive background scattering]]
[2020.01.20-04.22.19:912][  0]LogConfig: Setting CVar [[r.DOF.Scatter.EnableBokehSettings:1      ; bokeh simulation when scattering]]
[2020.01.20-04.22.19:912][  0]LogConfig: Setting CVar [[r.DOF.Scatter.MaxSpriteRatio:0.1         ; only a maximum of 10% of scattered bokeh]]
[2020.01.20-04.22.19:912][  0]LogConfig: Setting CVar [[r.DOF.Recombine.Quality:1                ; cheap slight out of focus]]
[2020.01.20-04.22.19:912][  0]LogConfig: Setting CVar [[r.DOF.Recombine.EnableBokehSettings:0    ; no bokeh simulation on slight out of focus]]
[2020.01.20-04.22.19:912][  0]LogConfig: Setting CVar [[r.DOF.TemporalAAQuality:1                ; more stable temporal accumulation]]
[2020.01.20-04.22.19:912][  0]LogConfig: Setting CVar [[r.DOF.Kernel.MaxForegroundRadius:0.025]]
[2020.01.20-04.22.19:912][  0]LogConfig: Setting CVar [[r.DOF.Kernel.MaxBackgroundRadius:0.025]]
[2020.01.20-04.22.19:912][  0]LogConfig: Applying CVar settings from Section [TextureQuality@3] File [C:/Users/TheK-B1000/Desktop/The K-B Folder/Unreal/repos/Section 3/BuildingEscape/Saved/Config/Windows/Scalability.ini]
[2020.01.20-04.22.19:912][  0]LogConfig: Setting CVar [[r.Streaming.MipBias:0]]
[2020.01.20-04.22.19:912][  0]LogConfig: Setting CVar [[r.Streaming.AmortizeCPUToGPUCopy:0]]
[2020.01.20-04.22.19:912][  0]LogConfig: Setting CVar [[r.Streaming.MaxNumTexturesToStreamPerFrame:0]]
[2020.01.20-04.22.19:912][  0]LogConfig: Setting CVar [[r.Streaming.Boost:1]]
[2020.01.20-04.22.19:912][  0]LogConfig: Setting CVar [[r.MaxAnisotropy:8]]
[2020.01.20-04.22.19:912][  0]LogConfig: Setting CVar [[r.VT.MaxAnisotropy:8]]
[2020.01.20-04.22.19:912][  0]LogConfig: Setting CVar [[r.Streaming.LimitPoolSizeToVRAM:0]]
[2020.01.20-04.22.19:912][  0]LogConfig: Setting CVar [[r.Streaming.PoolSize:1000]]
[2020.01.20-04.22.19:912][  0]LogConfig: Setting CVar [[r.Streaming.MaxEffectiveScreenSize:0]]
[2020.01.20-04.22.19:912][  0]LogConfig: Applying CVar settings from Section [EffectsQuality@3] File [C:/Users/TheK-B1000/Desktop/The K-B Folder/Unreal/repos/Section 3/BuildingEscape/Saved/Config/Windows/Scalability.ini]
[2020.01.20-04.22.19:912][  0]LogConfig: Setting CVar [[r.TranslucencyLightingVolumeDim:64]]
[2020.01.20-04.22.19:912][  0]LogConfig: Setting CVar [[r.RefractionQuality:2]]
[2020.01.20-04.22.19:912][  0]LogConfig: Setting CVar [[r.SSR.Quality:3]]
[2020.01.20-04.22.19:912][  0]LogConfig: Setting CVar [[r.SSR.HalfResSceneColor:0]]
[2020.01.20-04.22.19:912][  0]LogConfig: Setting CVar [[r.SceneColorFormat:4]]
[2020.01.20-04.22.19:912][  0]LogConfig: Setting CVar [[r.DetailMode:2]]
[2020.01.20-04.22.19:912][  0]LogConfig: Setting CVar [[r.TranslucencyVolumeBlur:1]]
[2020.01.20-04.22.19:912][  0]LogConfig: Setting CVar [[r.MaterialQualityLevel:1 ; High quality]]
[2020.01.20-04.22.19:912][  0]LogConfig: Setting CVar [[r.SSS.Scale:1]]
[2020.01.20-04.22.19:912][  0]LogConfig: Setting CVar [[r.SSS.SampleSet:2]]
[2020.01.20-04.22.19:912][  0]LogConfig: Setting CVar [[r.SSS.Quality:1]]
[2020.01.20-04.22.19:912][  0]LogConfig: Setting CVar [[r.SSS.HalfRes:1]]
[2020.01.20-04.22.19:912][  0]LogConfig: Setting CVar [[r.SSGI.Quality:3]]
[2020.01.20-04.22.19:912][  0]LogConfig: Setting CVar [[r.EmitterSpawnRateScale:1.0]]
[2020.01.20-04.22.19:912][  0]LogConfig: Setting CVar [[r.ParticleLightQuality:2]]
[2020.01.20-04.22.19:912][  0]LogConfig: Setting CVar [[r.SkyAtmosphere.AerialPerspectiveLUT.FastApplyOnOpaque:1 ; Always have FastSkyLUT 1 in this case to avoid wrong sky]]
[2020.01.20-04.22.19:912][  0]LogConfig: Setting CVar [[r.SkyAtmosphere.AerialPerspectiveLUT.SampleCountPerSlice:1]]
[2020.01.20-04.22.19:913][  0]LogConfig: Setting CVar [[r.SkyAtmosphere.AerialPerspectiveLUT.DepthResolution:16.0]]
[2020.01.20-04.22.19:913][  0]LogConfig: Setting CVar [[r.SkyAtmosphere.FastSkyLUT:1]]
[2020.01.20-04.22.19:913][  0]LogConfig: Setting CVar [[r.SkyAtmosphere.FastSkyLUT.SampleCountMin:4.0]]
[2020.01.20-04.22.19:913][  0]LogConfig: Setting CVar [[r.SkyAtmosphere.FastSkyLUT.SampleCountMax:32.0]]
[2020.01.20-04.22.19:913][  0]LogConfig: Setting CVar [[r.SkyAtmosphere.SampleCountMin:4.0]]
[2020.01.20-04.22.19:913][  0]LogConfig: Setting CVar [[r.SkyAtmosphere.SampleCountMax:32.0]]
[2020.01.20-04.22.19:913][  0]LogConfig: Setting CVar [[r.SkyAtmosphere.TransmittanceLUT.UseSmallFormat:0]]
[2020.01.20-04.22.19:913][  0]LogConfig: Setting CVar [[r.SkyAtmosphere.TransmittanceLUT.SampleCount:10.0]]
[2020.01.20-04.22.19:913][  0]LogConfig: Setting CVar [[r.SkyAtmosphere.MultiScatteringLUT.SampleCount:15.0]]
[2020.01.20-04.22.19:913][  0]LogConfig: Applying CVar settings from Section [FoliageQuality@3] File [C:/Users/TheK-B1000/Desktop/The K-B Folder/Unreal/repos/Section 3/BuildingEscape/Saved/Config/Windows/Scalability.ini]
[2020.01.20-04.22.19:913][  0]LogConfig: Setting CVar [[foliage.DensityScale:1.0]]
[2020.01.20-04.22.19:913][  0]LogConfig: Setting CVar [[grass.DensityScale:1.0]]
[2020.01.20-04.22.19:913][  0]LogConfig: Applying CVar settings from Section [ShadingQuality@3] File [C:/Users/TheK-B1000/Desktop/The K-B Folder/Unreal/repos/Section 3/BuildingEscape/Saved/Config/Windows/Scalability.ini]
[2020.01.20-04.22.19:913][  0]LogConfig: Setting CVar [[r.HairStrands.SkyLighting.SampleCount:16]]
[2020.01.20-04.22.19:913][  0]LogConfig: Setting CVar [[r.HairStrands.SkyLighting.JitterIntegration:0]]
[2020.01.20-04.22.19:913][  0]LogConfig: Setting CVar [[r.HairStrands.SkyAO.SampleCount:16]]
[2020.01.20-04.22.19:913][  0]LogInit: Selected Device Profile: [Windows]
[2020.01.20-04.22.19:913][  0]LogInit: Applying CVar settings loaded from the selected device profile: [Windows]
[2020.01.20-04.22.19:917][  0]LogHAL: Display: Platform has ~ 8 GB [8462237696 / 8589934592 / 8], which maps to Default [LargestMinGB=32, LargerMinGB=12, DefaultMinGB=8, SmallerMinGB=6, SmallestMinGB=0)
[2020.01.20-04.22.19:917][  0]LogInit: Going up to parent DeviceProfile []
[2020.01.20-04.22.19:917][  0]LogConfig: Applying CVar settings from Section [ViewDistanceQuality@3] File [C:/Users/TheK-B1000/Desktop/The K-B Folder/Unreal/repos/Section 3/BuildingEscape/Saved/Config/Windows/Scalability.ini]
[2020.01.20-04.22.19:917][  0]LogConfig: Setting CVar [[r.SkeletalMeshLODBias:0]]
[2020.01.20-04.22.19:917][  0]LogConfig: Setting CVar [[r.ViewDistanceScale:1.0]]
[2020.01.20-04.22.19:917][  0]LogConfig: Applying CVar settings from Section [AntiAliasingQuality@3] File [C:/Users/TheK-B1000/Desktop/The K-B Folder/Unreal/repos/Section 3/BuildingEscape/Saved/Config/Windows/Scalability.ini]
[2020.01.20-04.22.19:917][  0]LogConfig: Setting CVar [[r.PostProcessAAQuality:4]]
[2020.01.20-04.22.19:917][  0]LogConfig: Applying CVar settings from Section [ShadowQuality@3] File [C:/Users/TheK-B1000/Desktop/The K-B Folder/Unreal/repos/Section 3/BuildingEscape/Saved/Config/Windows/Scalability.ini]
[2020.01.20-04.22.19:917][  0]LogConfig: Setting CVar [[r.LightFunctionQuality:1]]
[2020.01.20-04.22.19:917][  0]LogConfig: Setting CVar [[r.ShadowQuality:5]]
[2020.01.20-04.22.19:917][  0]LogConfig: Setting CVar [[r.Shadow.CSM.MaxCascades:10]]
[2020.01.20-04.22.19:917][  0]LogConfig: Setting CVar [[r.Shadow.MaxResolution:2048]]
[2020.01.20-04.22.19:917][  0]LogConfig: Setting CVar [[r.Shadow.MaxCSMResolution:2048]]
[2020.01.20-04.22.19:917][  0]LogConfig: Setting CVar [[r.Shadow.RadiusThreshold:0.01]]
[2020.01.20-04.22.19:917][  0]LogConfig: Setting CVar [[r.Shadow.DistanceScale:1.0]]
[2020.01.20-04.22.19:917][  0]LogConfig: Setting CVar [[r.Shadow.CSM.TransitionScale:1.0]]
[2020.01.20-04.22.19:917][  0]LogConfig: Setting CVar [[r.Shadow.PreShadowResolutionFactor:1.0]]
[2020.01.20-04.22.19:917][  0]LogConfig: Setting CVar [[r.DistanceFieldShadowing:1]]
[2020.01.20-04.22.19:917][  0]LogConfig: Setting CVar [[r.DistanceFieldAO:1]]
[2020.01.20-04.22.19:917][  0]LogConfig: Setting CVar [[r.AOQuality:2]]
[2020.01.20-04.22.19:917][  0]LogConfig: Setting CVar [[r.VolumetricFog:1]]
[2020.01.20-04.22.19:917][  0]LogConfig: Setting CVar [[r.VolumetricFog.GridPixelSize:8]]
[2020.01.20-04.22.19:917][  0]LogConfig: Setting CVar [[r.VolumetricFog.GridSizeZ:128]]
[2020.01.20-04.22.19:917][  0]LogConfig: Setting CVar [[r.VolumetricFog.HistoryMissSupersampleCount:4]]
[2020.01.20-04.22.19:917][  0]LogConfig: Setting CVar [[r.LightMaxDrawDistanceScale:1]]
[2020.01.20-04.22.19:917][  0]LogConfig: Setting CVar [[r.CapsuleShadows:1]]
[2020.01.20-04.22.19:917][  0]LogConfig: Applying CVar settings from Section [PostProcessQuality@3] File [C:/Users/TheK-B1000/Desktop/The K-B Folder/Unreal/repos/Section 3/BuildingEscape/Saved/Config/Windows/Scalability.ini]
[2020.01.20-04.22.19:917][  0]LogConfig: Setting CVar [[r.MotionBlurQuality:4]]
[2020.01.20-04.22.19:917][  0]LogConfig: Setting CVar [[r.AmbientOcclusionMipLevelFactor:0.4]]
[2020.01.20-04.22.19:917][  0]LogConfig: Setting CVar [[r.AmbientOcclusionMaxQuality:100]]
[2020.01.20-04.22.19:917][  0]LogConfig: Setting CVar [[r.AmbientOcclusionLevels:-1]]
[2020.01.20-04.22.19:917][  0]LogConfig: Setting CVar [[r.AmbientOcclusionRadiusScale:1.0]]
[2020.01.20-04.22.19:917][  0]LogConfig: Setting CVar [[r.DepthOfFieldQuality:2]]
[2020.01.20-04.22.19:917][  0]LogConfig: Setting CVar [[r.RenderTargetPoolMin:400]]
[2020.01.20-04.22.19:917][  0]LogConfig: Setting CVar [[r.LensFlareQuality:2]]
[2020.01.20-04.22.19:917][  0]LogConfig: Setting CVar [[r.SceneColorFringeQuality:1]]
[2020.01.20-04.22.19:917][  0]LogConfig: Setting CVar [[r.EyeAdaptationQuality:2]]
[2020.01.20-04.22.19:917][  0]LogConfig: Setting CVar [[r.BloomQuality:5]]
[2020.01.20-04.22.19:917][  0]LogConfig: Setting CVar [[r.FastBlurThreshold:100]]
[2020.01.20-04.22.19:917][  0]LogConfig: Setting CVar [[r.Upscale.Quality:3]]
[2020.01.20-04.22.19:918][  0]LogConfig: Setting CVar [[r.Tonemapper.GrainQuantization:1]]
[2020.01.20-04.22.19:918][  0]LogConfig: Setting CVar [[r.LightShaftQuality:1]]
[2020.01.20-04.22.19:918][  0]LogConfig: Setting CVar [[r.Filter.SizeScale:1]]
[2020.01.20-04.22.19:918][  0]LogConfig: Setting CVar [[r.Tonemapper.Quality:5]]
[2020.01.20-04.22.19:918][  0]LogConfig: Setting CVar [[r.DOF.Gather.AccumulatorQuality:1        ; higher gathering accumulator quality]]
[2020.01.20-04.22.19:918][  0]LogConfig: Setting CVar [[r.DOF.Gather.PostfilterMethod:1          ; Median3x3 postfilering method]]
[2020.01.20-04.22.19:918][  0]LogConfig: Setting CVar [[r.DOF.Gather.EnableBokehSettings:0       ; no bokeh simulation when gathering]]
[2020.01.20-04.22.19:918][  0]LogConfig: Setting CVar [[r.DOF.Gather.RingCount:4                 ; medium number of samples when gathering]]
[2020.01.20-04.22.19:918][  0]LogConfig: Setting CVar [[r.DOF.Scatter.ForegroundCompositing:1    ; additive foreground scattering]]
[2020.01.20-04.22.19:918][  0]LogConfig: Setting CVar [[r.DOF.Scatter.BackgroundCompositing:2    ; additive background scattering]]
[2020.01.20-04.22.19:918][  0]LogConfig: Setting CVar [[r.DOF.Scatter.EnableBokehSettings:1      ; bokeh simulation when scattering]]
[2020.01.20-04.22.19:918][  0]LogConfig: Setting CVar [[r.DOF.Scatter.MaxSpriteRatio:0.1         ; only a maximum of 10% of scattered bokeh]]
[2020.01.20-04.22.19:918][  0]LogConfig: Setting CVar [[r.DOF.Recombine.Quality:1                ; cheap slight out of focus]]
[2020.01.20-04.22.19:918][  0]LogConfig: Setting CVar [[r.DOF.Recombine.EnableBokehSettings:0    ; no bokeh simulation on slight out of focus]]
[2020.01.20-04.22.19:918][  0]LogConfig: Setting CVar [[r.DOF.TemporalAAQuality:1                ; more stable temporal accumulation]]
[2020.01.20-04.22.19:918][  0]LogConfig: Setting CVar [[r.DOF.Kernel.MaxForegroundRadius:0.025]]
[2020.01.20-04.22.19:918][  0]LogConfig: Setting CVar [[r.DOF.Kernel.MaxBackgroundRadius:0.025]]
[2020.01.20-04.22.19:918][  0]LogConfig: Applying CVar settings from Section [TextureQuality@3] File [C:/Users/TheK-B1000/Desktop/The K-B Folder/Unreal/repos/Section 3/BuildingEscape/Saved/Config/Windows/Scalability.ini]
[2020.01.20-04.22.19:918][  0]LogConfig: Setting CVar [[r.Streaming.MipBias:0]]
[2020.01.20-04.22.19:918][  0]LogConfig: Setting CVar [[r.Streaming.AmortizeCPUToGPUCopy:0]]
[2020.01.20-04.22.19:918][  0]LogConfig: Setting CVar [[r.Streaming.MaxNumTexturesToStreamPerFrame:0]]
[2020.01.20-04.22.19:918][  0]LogConfig: Setting CVar [[r.Streaming.Boost:1]]
[2020.01.20-04.22.19:918][  0]LogConfig: Setting CVar [[r.MaxAnisotropy:8]]
[2020.01.20-04.22.19:918][  0]LogConfig: Setting CVar [[r.VT.MaxAnisotropy:8]]
[2020.01.20-04.22.19:918][  0]LogConfig: Setting CVar [[r.Streaming.LimitPoolSizeToVRAM:0]]
[2020.01.20-04.22.19:918][  0]LogConfig: Setting CVar [[r.Streaming.PoolSize:1000]]
[2020.01.20-04.22.19:918][  0]LogConfig: Setting CVar [[r.Streaming.MaxEffectiveScreenSize:0]]
[2020.01.20-04.22.19:918][  0]LogConfig: Applying CVar settings from Section [EffectsQuality@3] File [C:/Users/TheK-B1000/Desktop/The K-B Folder/Unreal/repos/Section 3/BuildingEscape/Saved/Config/Windows/Scalability.ini]
[2020.01.20-04.22.19:918][  0]LogConfig: Setting CVar [[r.TranslucencyLightingVolumeDim:64]]
[2020.01.20-04.22.19:918][  0]LogConfig: Setting CVar [[r.RefractionQuality:2]]
[2020.01.20-04.22.19:918][  0]LogConfig: Setting CVar [[r.SSR.Quality:3]]
[2020.01.20-04.22.19:918][  0]LogConfig: Setting CVar [[r.SSR.HalfResSceneColor:0]]
[2020.01.20-04.22.19:918][  0]LogConfig: Setting CVar [[r.SceneColorFormat:4]]
[2020.01.20-04.22.19:918][  0]LogConfig: Setting CVar [[r.DetailMode:2]]
[2020.01.20-04.22.19:918][  0]LogConfig: Setting CVar [[r.TranslucencyVolumeBlur:1]]
[2020.01.20-04.22.19:918][  0]LogConfig: Setting CVar [[r.MaterialQualityLevel:1 ; High quality]]
[2020.01.20-04.22.19:918][  0]LogConfig: Setting CVar [[r.SSS.Scale:1]]
[2020.01.20-04.22.19:918][  0]LogConfig: Setting CVar [[r.SSS.SampleSet:2]]
[2020.01.20-04.22.19:918][  0]LogConfig: Setting CVar [[r.SSS.Quality:1]]
[2020.01.20-04.22.19:918][  0]LogConfig: Setting CVar [[r.SSS.HalfRes:1]]
[2020.01.20-04.22.19:918][  0]LogConfig: Setting CVar [[r.SSGI.Quality:3]]
[2020.01.20-04.22.19:918][  0]LogConfig: Setting CVar [[r.EmitterSpawnRateScale:1.0]]
[2020.01.20-04.22.19:918][  0]LogConfig: Setting CVar [[r.ParticleLightQuality:2]]
[2020.01.20-04.22.19:918][  0]LogConfig: Setting CVar [[r.SkyAtmosphere.AerialPerspectiveLUT.FastApplyOnOpaque:1 ; Always have FastSkyLUT 1 in this case to avoid wrong sky]]
[2020.01.20-04.22.19:918][  0]LogConfig: Setting CVar [[r.SkyAtmosphere.AerialPerspectiveLUT.SampleCountPerSlice:1]]
[2020.01.20-04.22.19:918][  0]LogConfig: Setting CVar [[r.SkyAtmosphere.AerialPerspectiveLUT.DepthResolution:16.0]]
[2020.01.20-04.22.19:918][  0]LogConfig: Setting CVar [[r.SkyAtmosphere.FastSkyLUT:1]]
[2020.01.20-04.22.19:918][  0]LogConfig: Setting CVar [[r.SkyAtmosphere.FastSkyLUT.SampleCountMin:4.0]]
[2020.01.20-04.22.19:919][  0]LogConfig: Setting CVar [[r.SkyAtmosphere.FastSkyLUT.SampleCountMax:32.0]]
[2020.01.20-04.22.19:919][  0]LogConfig: Setting CVar [[r.SkyAtmosphere.SampleCountMin:4.0]]
[2020.01.20-04.22.19:919][  0]LogConfig: Setting CVar [[r.SkyAtmosphere.SampleCountMax:32.0]]
[2020.01.20-04.22.19:919][  0]LogConfig: Setting CVar [[r.SkyAtmosphere.TransmittanceLUT.UseSmallFormat:0]]
[2020.01.20-04.22.19:919][  0]LogConfig: Setting CVar [[r.SkyAtmosphere.TransmittanceLUT.SampleCount:10.0]]
[2020.01.20-04.22.19:919][  0]LogConfig: Setting CVar [[r.SkyAtmosphere.MultiScatteringLUT.SampleCount:15.0]]
[2020.01.20-04.22.19:919][  0]LogConfig: Applying CVar settings from Section [FoliageQuality@3] File [C:/Users/TheK-B1000/Desktop/The K-B Folder/Unreal/repos/Section 3/BuildingEscape/Saved/Config/Windows/Scalability.ini]
[2020.01.20-04.22.19:919][  0]LogConfig: Setting CVar [[foliage.DensityScale:1.0]]
[2020.01.20-04.22.19:919][  0]LogConfig: Setting CVar [[grass.DensityScale:1.0]]
[2020.01.20-04.22.19:919][  0]LogConfig: Applying CVar settings from Section [ShadingQuality@3] File [C:/Users/TheK-B1000/Desktop/The K-B Folder/Unreal/repos/Section 3/BuildingEscape/Saved/Config/Windows/Scalability.ini]
[2020.01.20-04.22.19:919][  0]LogConfig: Setting CVar [[r.HairStrands.SkyLighting.SampleCount:16]]
[2020.01.20-04.22.19:919][  0]LogConfig: Setting CVar [[r.HairStrands.SkyLighting.JitterIntegration:0]]
[2020.01.20-04.22.19:919][  0]LogConfig: Setting CVar [[r.HairStrands.SkyAO.SampleCount:16]]
[2020.01.20-04.22.19:919][  0]LogConfig: Applying CVar settings from Section [Startup] File [../../../Engine/Config/ConsoleVariables.ini]
[2020.01.20-04.22.19:919][  0]LogConfig: Setting CVar [[net.UseAdaptiveNetUpdateFrequency:0]]
[2020.01.20-04.22.19:919][  0]LogConfig: Setting CVar [[p.chaos.AllowCreatePhysxBodies:1]]
[2020.01.20-04.22.19:919][  0]LogConfig: Applying CVar settings from Section [ConsoleVariables] File [C:/Users/TheK-B1000/Desktop/The K-B Folder/Unreal/repos/Section 3/BuildingEscape/Saved/Config/Windows/Engine.ini]
[2020.01.20-04.22.19:919][  0]LogInit: Computer: LAPTOP-7TARG8CR
[2020.01.20-04.22.19:919][  0]LogInit: User: TheKB1000
[2020.01.20-04.22.19:919][  0]LogInit: CPU Page size=4096, Cores=4
[2020.01.20-04.22.19:919][  0]LogInit: High frequency timer resolution =10.000000 MHz
[2020.01.20-04.22.19:920][  0]LogMemory: Memory total: Physical=7.9GB (8GB approx)
[2020.01.20-04.22.19:920][  0]LogMemory: Platform Memory Stats for Windows
[2020.01.20-04.22.19:920][  0]LogMemory: Process Physical Memory: 105.16 MB used, 105.16 MB peak
[2020.01.20-04.22.19:920][  0]LogMemory: Process Virtual Memory: 100.12 MB used, 100.12 MB peak
[2020.01.20-04.22.19:920][  0]LogMemory: Physical Memory: 5876.81 MB used,  2193.41 MB free, 8070.22 MB total
[2020.01.20-04.22.19:920][  0]LogMemory: Virtual Memory: 5121.08 MB used,  134212608.00 MB free, 134217728.00 MB total
[2020.01.20-04.22.19:924][  0]LogWindows: WindowsPlatformFeatures enabled
[2020.01.20-04.22.19:994][  0]LogInit: Using OS detected language (en-US).
[2020.01.20-04.22.19:994][  0]LogInit: Using OS detected locale (en-US).
[2020.01.20-04.22.19:996][  0]LogTextLocalizationManager: No specific localization for 'en-US' exists, so the 'en' localization will be used.
[2020.01.20-04.22.20:300][  0]LogInit: Setting process to per monitor DPI aware
[2020.01.20-04.22.20:348][  0]LogSlate: New Slate User Created.  User Index 0, Is Virtual User: 0
[2020.01.20-04.22.20:348][  0]LogSlate: Slate User Registered.  User Index 0, Is Virtual User: 0
[2020.01.20-04.22.20:818][  0]LogHMD: Failed to initialize OpenVR with code 110
[2020.01.20-04.22.20:818][  0]LogD3D11RHI: D3D11 min allowed feature level: 11_0
[2020.01.20-04.22.20:818][  0]LogD3D11RHI: D3D11 max allowed feature level: 11_0
[2020.01.20-04.22.20:818][  0]LogD3D11RHI: D3D11 adapters:
[2020.01.20-04.22.21:148][  0]LogD3D11RHI:    0. 'NVIDIA GeForce GTX 960M' (Feature Level 11_0)
[2020.01.20-04.22.21:148][  0]LogD3D11RHI:       4055/0/4035 MB DedicatedVideo/DedicatedSystem/SharedSystem, Outputs:1, VendorId:0x10de
[2020.01.20-04.22.21:167][  0]LogD3D11RHI:    1. 'Intel(R) HD Graphics 530' (Feature Level 11_0)
[2020.01.20-04.22.21:167][  0]LogD3D11RHI:       128/0/4035 MB DedicatedVideo/DedicatedSystem/SharedSystem, Outputs:0, VendorId:0x8086
[2020.01.20-04.22.21:174][  0]LogD3D11RHI:    2. 'Microsoft Basic Render Driver' (Feature Level 11_0)
[2020.01.20-04.22.21:175][  0]LogD3D11RHI:       0/0/4035 MB DedicatedVideo/DedicatedSystem/SharedSystem, Outputs:0, VendorId:0x1414
[2020.01.20-04.22.21:175][  0]LogD3D11RHI: Chosen D3D11 Adapter: 0
[2020.01.20-04.22.21:244][  0]LogD3D11RHI: Creating new Direct3DDevice
[2020.01.20-04.22.21:244][  0]LogD3D11RHI:     GPU DeviceId: 0x139b (for the marketing name, search the web for "GPU Device Id")
[2020.01.20-04.22.21:244][  0]LogWindows: EnumDisplayDevices:
[2020.01.20-04.22.21:244][  0]LogWindows:    0. 'Intel(R) HD Graphics 530' (P:1 D:1)
[2020.01.20-04.22.21:245][  0]LogWindows:    1. 'Intel(R) HD Graphics 530' (P:0 D:0)
[2020.01.20-04.22.21:245][  0]LogWindows:    2. 'Intel(R) HD Graphics 530' (P:0 D:0)
[2020.01.20-04.22.21:246][  0]LogWindows: DebugString: PrimaryIsNotTheChoosenAdapter PrimaryIsNotTheChoosenAdapter PrimaryIsNotTheChoosenAdapter FoundDriverCount:0 
[2020.01.20-04.22.21:246][  0]LogD3D11RHI:     Adapter Name: NVIDIA GeForce GTX 960M
[2020.01.20-04.22.21:246][  0]LogD3D11RHI:   Driver Version: Unknown (internal:Unknown, unified:Unknown)
[2020.01.20-04.22.21:246][  0]LogD3D11RHI:      Driver Date: Unknown
[2020.01.20-04.22.21:246][  0]LogRHI: Texture pool is 2839 MB (70% of 4055 MB)
[2020.01.20-04.22.21:303][  0]LogD3D11RHI: RHI has support for 64 bit atomics
[2020.01.20-04.22.21:303][  0]LogD3D11RHI: Async texture creation enabled
[2020.01.20-04.22.21:323][  0]LogD3D11RHI: GPU Timing Frequency: 1000.000000 (Debug: 2 2)
[2020.01.20-04.22.21:780][  0]LogTargetPlatformManager: Display: Loaded TargetPlatform 'AllDesktop'
[2020.01.20-04.22.21:831][  0]LogTargetPlatformManager: Display: Loaded TargetPlatform 'Android'
[2020.01.20-04.22.21:831][  0]LogTargetPlatformManager: Display: Loaded TargetPlatform 'Android_ASTC'
[2020.01.20-04.22.21:831][  0]LogTargetPlatformManager: Display: Loaded TargetPlatform 'Android_ATC'
[2020.01.20-04.22.21:831][  0]LogTargetPlatformManager: Display: Loaded TargetPlatform 'Android_DXT'
[2020.01.20-04.22.21:831][  0]LogTargetPlatformManager: Display: Loaded TargetPlatform 'Android_ETC1'
[2020.01.20-04.22.21:831][  0]LogTargetPlatformManager: Display: Loaded TargetPlatform 'Android_ETC1a'
[2020.01.20-04.22.21:831][  0]LogTargetPlatformManager: Display: Loaded TargetPlatform 'Android_ETC2'
[2020.01.20-04.22.21:831][  0]LogTargetPlatformManager: Display: Loaded TargetPlatform 'Android_PVRTC'
[2020.01.20-04.22.21:831][  0]LogTargetPlatformManager: Display: Loaded TargetPlatform 'AndroidClient'
[2020.01.20-04.22.21:831][  0]LogTargetPlatformManager: Display: Loaded TargetPlatform 'Android_ASTCClient'
[2020.01.20-04.22.21:831][  0]LogTargetPlatformManager: Display: Loaded TargetPlatform 'Android_ATCClient'
[2020.01.20-04.22.21:831][  0]LogTargetPlatformManager: Display: Loaded TargetPlatform 'Android_DXTClient'
[2020.01.20-04.22.21:831][  0]LogTargetPlatformManager: Display: Loaded TargetPlatform 'Android_ETC1Client'
[2020.01.20-04.22.21:831][  0]LogTargetPlatformManager: Display: Loaded TargetPlatform 'Android_ETC1aClient'
[2020.01.20-04.22.21:831][  0]LogTargetPlatformManager: Display: Loaded TargetPlatform 'Android_ETC2Client'
[2020.01.20-04.22.21:831][  0]LogTargetPlatformManager: Display: Loaded TargetPlatform 'Android_PVRTCClient'
[2020.01.20-04.22.21:831][  0]LogTargetPlatformManager: Display: Loaded TargetPlatform 'Android_Multi'
[2020.01.20-04.22.21:832][  0]LogTargetPlatformManager: Display: Loaded TargetPlatform 'Android_MultiClient'
[2020.01.20-04.22.21:865][  0]LogTargetPlatformManager: Display: Loaded TargetPlatform 'IOSClient'
[2020.01.20-04.22.21:865][  0]LogTargetPlatformManager: Display: Loaded TargetPlatform 'IOS'
[2020.01.20-04.22.21:877][  0]LogTargetPlatformManager: Display: Loaded TargetPlatform 'LinuxNoEditor'
[2020.01.20-04.22.21:888][  0]LogTargetPlatformManager: Display: Loaded TargetPlatform 'LinuxClient'
[2020.01.20-04.22.21:900][  0]LogTargetPlatformManager: Display: Loaded TargetPlatform 'LinuxServer'
[2020.01.20-04.22.21:912][  0]LogTargetPlatformManager: Display: Loaded TargetPlatform 'LinuxAArch64NoEditor'
[2020.01.20-04.22.21:922][  0]LogTargetPlatformManager: Display: Loaded TargetPlatform 'LinuxAArch64Client'
[2020.01.20-04.22.21:934][  0]LogTargetPlatformManager: Display: Loaded TargetPlatform 'LinuxAArch64Server'
[2020.01.20-04.22.21:965][  0]LogTargetPlatformManager: Display: Loaded TargetPlatform 'Lumin'
[2020.01.20-04.22.21:965][  0]LogTargetPlatformManager: Display: Loaded TargetPlatform 'LuminClient'
[2020.01.20-04.22.21:984][  0]LogTargetPlatformManager: Display: Loaded TargetPlatform 'TVOSClient'
[2020.01.20-04.22.21:984][  0]LogTargetPlatformManager: Display: Loaded TargetPlatform 'TVOS'
[2020.01.20-04.22.21:995][  0]LogTargetPlatformManager: Display: Loaded TargetPlatform 'WindowsNoEditor'
[2020.01.20-04.22.22:007][  0]LogTargetPlatformManager: Display: Loaded TargetPlatform 'Windows'
[2020.01.20-04.22.22:018][  0]LogTargetPlatformManager: Display: Loaded TargetPlatform 'WindowsClient'
[2020.01.20-04.22.22:029][  0]LogTargetPlatformManager: Display: Loaded TargetPlatform 'WindowsServer'
[2020.01.20-04.22.22:029][  0]LogTargetPlatformManager: Display: Building Assets For Windows
[2020.01.20-04.22.22:046][  0]LogAudioDebug: Display: Lib vorbis DLL was dynamically loaded.
[2020.01.20-04.22.22:122][  0]LogShaderCompilers: Guid format shader working directory is -45 characters bigger than the processId version (../../../../../../Users/TheK-B1000/Desktop/The K-B Folder/Unreal/repos/Section 3/BuildingEscape/Intermediate/Shaders/WorkingDirectory/12972/).
[2020.01.20-04.22.22:122][  0]LogShaderCompilers: Cleaned the shader compiler working directory 'C:/Users/TheK-B1000/AppData/Local/Temp/UnrealShaderWorkingDir/545FA48F41BA3D41DAFEB09779E7A104/'.
[2020.01.20-04.22.22:123][  0]LogXGEController: Cleaning working directory: C:/Users/TheK-B1000/AppData/Local/Temp/UnrealXGEWorkingDir/
[2020.01.20-04.22.22:123][  0]LogXGEController: Cannot use XGE Controller as Incredibuild is not installed on this machine.
[2020.01.20-04.22.22:123][  0]LogShaderCompilers: Cannot use XGE Shader Compiler as Incredibuild is not installed on this machine.
[2020.01.20-04.22.22:123][  0]LogShaderCompilers: Display: Using Local Shader Compiler.
[2020.01.20-04.22.23:160][  0]LogDerivedDataCache: Display: Max Cache Size: 512 MB
[2020.01.20-04.22.23:605][  0]LogDerivedDataCache: Loaded boot cache 0.44s 78MB C:/Users/TheK-B1000/AppData/Local/UnrealEngine/4.24/DerivedDataCache/Boot.ddc.
[2020.01.20-04.22.23:605][  0]LogDerivedDataCache: Display: Loaded Boot cache: C:/Users/TheK-B1000/AppData/Local/UnrealEngine/4.24/DerivedDataCache/Boot.ddc
[2020.01.20-04.22.23:605][  0]LogDerivedDataCache: FDerivedDataBackendGraph:  Pak pak cache file ../../../../../../Users/TheK-B1000/Desktop/The K-B Folder/Unreal/repos/Section 3/BuildingEscape/DerivedDataCache/DDC.ddp not found, will not use a pak cache.
[2020.01.20-04.22.23:605][  0]LogDerivedDataCache: Unable to find inner node Pak for hierarchical cache Hierarchy.
[2020.01.20-04.22.23:605][  0]LogDerivedDataCache: FDerivedDataBackendGraph:  CompressedPak pak cache file ../../../../../../Users/TheK-B1000/Desktop/The K-B Folder/Unreal/repos/Section 3/BuildingEscape/DerivedDataCache/Compressed.ddp not found, will not use a pak cache.
[2020.01.20-04.22.23:605][  0]LogDerivedDataCache: Unable to find inner node CompressedPak for hierarchical cache Hierarchy.
[2020.01.20-04.22.23:619][  0]LogDerivedDataCache: Display: Pak cache opened for reading ../../../Engine/DerivedDataCache/Compressed.ddp.
[2020.01.20-04.22.23:619][  0]LogDerivedDataCache: FDerivedDataBackendGraph:  EnterprisePak pak cache file ../../../Enterprise/DerivedDataCache/Compressed.ddp not found, will not use a pak cache.
[2020.01.20-04.22.23:619][  0]LogDerivedDataCache: Unable to find inner node EnterprisePak for hierarchical cache Hierarchy.
[2020.01.20-04.22.23:620][  0]LogDerivedDataCache: Using Local data cache path C:/Users/TheK-B1000/AppData/Local/UnrealEngine/Common/DerivedDataCache: Writable
[2020.01.20-04.22.23:621][  0]LogDerivedDataCache: Shared data cache path not found in *engine.ini, will not use an Shared cache.
[2020.01.20-04.22.23:621][  0]LogDerivedDataCache: Unable to find inner node Shared for hierarchical cache Hierarchy.
[2020.01.20-04.22.23:652][  0]LogMaterial: Verifying Global Shaders for PCD3D_SM5
[2020.01.20-04.22.23:655][  0]LogSlate: Using FreeType 2.10.0
[2020.01.20-04.22.23:656][  0]LogSlate: SlateFontServices - WITH_FREETYPE: 1, WITH_HARFBUZZ: 1
[2020.01.20-04.22.23:737][  0]LogAssetRegistry: FAssetRegistry took 0.0032 seconds to start up
[2020.01.20-04.22.24:133][  0]LogInit: Selected Device Profile: [Windows]
[2020.01.20-04.22.24:356][  0]LogMeshReduction: Using QuadricMeshReduction for automatic static mesh reduction
[2020.01.20-04.22.24:356][  0]LogMeshReduction: Using SimplygonMeshReduction for automatic skeletal mesh reduction
[2020.01.20-04.22.24:356][  0]LogMeshReduction: Using ProxyLODMeshReduction for automatic mesh merging
[2020.01.20-04.22.24:356][  0]LogMeshReduction: No distributed automatic mesh merging module available
[2020.01.20-04.22.24:356][  0]LogMeshMerging: No distributed automatic mesh merging module available
[2020.01.20-04.22.24:374][  0]LogNetVersion: BuildingEscape 1.0.0, NetCL: 10570792, EngineNetVer: 13, GameNetVer: 0 (Checksum: 2745654942)
[2020.01.20-04.22.26:491][  0]LogPackageLocalizationCache: Processed 10 localized package path(s) for 1 prioritized culture(s) in 0.046508 seconds
[2020.01.20-04.22.26:499][  0]LogUObjectArray: 46750 objects as part of root set at end of initial load.
[2020.01.20-04.22.26:499][  0]LogUObjectAllocator: 8137160 out of 0 bytes used by permanent object pool.
[2020.01.20-04.22.26:499][  0]LogUObjectArray: CloseDisregardForGC: 0/0 objects in disregard for GC pool
[2020.01.20-04.22.27:184][  0]LogTcpMessaging: Initializing TcpMessaging bridge
[2020.01.20-04.22.27:190][  0]LogUdpMessaging: Initializing bridge on interface 0.0.0.0:0 to multicast group 230.0.0.1:6666.
[2020.01.20-04.22.27:298][  0]SourceControl: Source control is disabled
[2020.01.20-04.22.27:298][  0]SourceControl: Source control is disabled
[2020.01.20-04.22.27:304][  0]SourceControl: Source control is disabled
[2020.01.20-04.22.27:308][  0]SourceControl: Source control is disabled
[2020.01.20-04.22.27:311][  0]SourceControl: Source control is disabled
[2020.01.20-04.22.27:509][  0]LogAndroidPermission: UAndroidPermissionCallbackProxy::GetInstance
[2020.01.20-04.22.27:536][  0]LogAudioCaptureCore: Display: No Audio Capture implementations found. Audio input will be silent.
[2020.01.20-04.22.27:536][  0]LogAudioCaptureCore: Display: No Audio Capture implementations found. Audio input will be silent.
[2020.01.20-04.22.27:668][  0]LogOcInput: OculusInput pre-init called
[2020.01.20-04.22.27:690][  0]LogWindows: Failed to load 'OVRPlugin.dll' (GetLastError=126)
[2020.01.20-04.22.27:690][  0]LogWindows: File 'OVRPlugin.dll' does not exist
[2020.01.20-04.22.27:806][  0]LogEngine: Initializing Engine...
[2020.01.20-04.22.27:807][  0]LogHMD: Failed to initialize OpenVR with code 110
[2020.01.20-04.22.27:809][  0]LogStats: UGameplayTagsManager::InitializeManager -  0.000 s
[2020.01.20-04.22.28:341][  0]LogInit: Initializing FReadOnlyCVARCache
[2020.01.20-04.22.28:354][  0]LogAIModule: Creating AISystem for world Untitled
[2020.01.20-04.22.28:389][  0]LogAudioMixer: Display: Audio Mixer Platform Settings:
[2020.01.20-04.22.28:389][  0]LogAudioMixer: Display: 	Sample Rate:						  48000
[2020.01.20-04.22.28:389][  0]LogAudioMixer: Display: 	Callback Buffer Frame Size Requested: 256
[2020.01.20-04.22.28:389][  0]LogAudioMixer: Display: 	Callback Buffer Frame Size To Use:	  256
[2020.01.20-04.22.28:389][  0]LogAudioMixer: Display: 	Number of buffers to queue:			  7
[2020.01.20-04.22.28:389][  0]LogAudioMixer: Display: 	Max Channels (voices):				  32
[2020.01.20-04.22.28:389][  0]LogAudioMixer: Display: 	Number of Async Source Workers:		  0
[2020.01.20-04.22.28:389][  0]LogAudio: Display: AudioDevice MaxSources: 32
[2020.01.20-04.22.28:389][  0]LogAudio: Display: Using built-in audio occlusion.
[2020.01.20-04.22.28:389][  0]LogAudioMixer: Display: Initializing audio mixer.
[2020.01.20-04.22.28:427][  0]LogAudioMixer: Display: Audio Device Output Speaker Info:
[2020.01.20-04.22.28:427][  0]LogAudioMixer: Display: Name: Speakers (Realtek High Definition Audio)
[2020.01.20-04.22.28:427][  0]LogAudioMixer: Display: Is Default: Yes
[2020.01.20-04.22.28:427][  0]LogAudioMixer: Display: Sample Rate: 48000
[2020.01.20-04.22.28:427][  0]LogAudioMixer: Display: Channel Count Used: 2
[2020.01.20-04.22.28:427][  0]LogAudioMixer: Display: Device Channel Count: 2
[2020.01.20-04.22.28:428][  0]LogAudioMixer: Display: Channel Order:
[2020.01.20-04.22.28:428][  0]LogAudioMixer: Display: 0: FrontLeft
[2020.01.20-04.22.28:428][  0]LogAudioMixer: Display: 1: FrontRight
[2020.01.20-04.22.29:303][  0]LogAudioMixer: Display: Using Audio Device Speakers (Realtek High Definition Audio)
[2020.01.20-04.22.29:308][  0]LogInit: FAudioDevice initialized.
[2020.01.20-04.22.29:308][  0]LogNetVersion: Set ProjectVersion to 1.0.0.0. Version Checksum will be recalculated on next use.
[2020.01.20-04.22.29:498][  0]LogDerivedDataCache: Saved boot cache 0.19s 78MB C:/Users/TheK-B1000/AppData/Local/UnrealEngine/4.24/DerivedDataCache/Boot.ddc.
[2020.01.20-04.22.29:504][  0]LogInit: Texture streaming: Enabled
[2020.01.20-04.22.29:527][  0]LogEngineSessionManager: EngineSessionManager initialized
[2020.01.20-04.22.29:527][  0]LogEngineSessionManager: EngineSessionManager sent abnormal shutdown report. Type=Crashed, SessionId={B44F7AA6-4F8F-B2F2-2F01-39A5D7645BD2}
[2020.01.20-04.22.29:527][  0]LogEditorSessionSummary: Verbose: Initializing EditorSessionSummaryWriter for editor session tracking
[2020.01.20-04.22.29:535][  0]LogEditorSessionSummary: EditorSessionSummaryWriter initialized
[2020.01.20-04.22.29:585][  0]LogInit: Transaction tracking system initialized
[2020.01.20-04.22.29:616][  0]BlueprintLog: New page: Editor Load
[2020.01.20-04.22.29:696][  0]LocalizationService: Localization service is disabled
[2020.01.20-04.22.29:761][  0]LogLinker: Warning: Failed to load '/Game/CloseCombat/CloseCombat_Greeting_Tutorial': Can't find file.
[2020.01.20-04.22.29:761][  0]LogLinker: Warning: Failed to load '/Game/CloseCombat/CloseCombat_Greeting_Tutorial': Can't find file.
[2020.01.20-04.22.29:761][  0]LogUObjectGlobals: Warning: Failed to find object 'Class /Game/CloseCombat/CloseCombat_Greeting_Tutorial.CloseCombat_Greeting_Tutorial_C'
[2020.01.20-04.22.30:083][  0]LogFileCache: Scanning file cache for directory 'C:/Users/TheK-B1000/Desktop/The K-B Folder/Unreal/repos/Section 3/BuildingEscape/Content/' took 0.00s
[2020.01.20-04.22.30:083][  0]LogCook: Display: Max memory allowance for cook 16384mb min free memory 0mb
[2020.01.20-04.22.30:083][  0]LogCook: Display: Mobile HDR setting 1
[2020.01.20-04.22.31:257][  0]SourceControl: Source control is disabled
[2020.01.20-04.22.31:427][  0]LogSlate: Took 0.000210 seconds to synchronously load lazily loaded font '../../../Engine/Content/Slate/Fonts/Roboto-Regular.ttf' (155K)
[2020.01.20-04.23.27:905][  0]LogSlate: Window 'Restore Packages' being destroyed
[2020.01.20-04.23.27:911][  0]LogWindowsTextInputMethodSystem: Display: IME system now deactivated.
[2020.01.20-04.23.27:925][  0]Cmd: MAP LOAD FILE="../../../../../../Users/TheK-B1000/Desktop/The K-B Folder/Unreal/repos/Section 3/BuildingEscape/Content/Level_001.umap" TEMPLATE=0 SHOWPROGRESS=1 FEATURELEVEL=3
[2020.01.20-04.23.27:926][  0]LightingResults: New page: Lighting Build
[2020.01.20-04.23.27:927][  0]LogWorld: UWorld::CleanupWorld for Untitled, bSessionEnded=true, bCleanupResources=true
[2020.01.20-04.23.27:928][  0]LogSlate: InvalidateAllWidgets triggered.  All widgets were invalidated
[2020.01.20-04.23.27:928][  0]MapCheck: New page: Map Check
[2020.01.20-04.23.27:928][  0]LightingResults: New page: Lighting Build
[2020.01.20-04.23.27:959][  0]LogUObjectHash: Compacting FUObjectHashTables data took   2.33ms
[2020.01.20-04.23.28:173][  0]LogAIModule: Creating AISystem for world Level_001
[2020.01.20-04.23.28:179][  0]LogMaterial: Display: Material /Game/Broken_Concrete.Broken_Concrete needed to have new flag set bUsedWithStaticLighting !
[2020.01.20-04.23.28:192][  0]LogMaterial: Display: Missing cached shader map for material Broken_Concrete, compiling. 
[2020.01.20-04.23.28:288][  0]MapCheck: Warning: Broken_Concrete Material /Game/Broken_Concrete.Broken_Concrete was missing the usage flag bUsedWithStaticLighting. If the material asset is not re-saved, it may not render correctly when run outside the editor. Fix
[2020.01.20-04.23.28:290][  0]LogEditorServer: Finished looking for orphan Actors (0.000 secs)
[2020.01.20-04.23.28:318][  0]LogShaderCompilers: Display: Worker (1/3): shaders left to compile 24
[2020.01.20-04.23.28:318][  0]LogShaderCompilers: Display: Worker (2/3): shaders left to compile 15
[2020.01.20-04.23.28:318][  0]LogShaderCompilers: Display: Worker (3/3): shaders left to compile 6
[2020.01.20-04.23.28:321][  0]LogUObjectHash: Compacting FUObjectHashTables data took   2.83ms
[2020.01.20-04.23.28:322][  0]Cmd: MAP CHECKDEP NOCLEARLOG
[2020.01.20-04.23.28:323][  0]MapCheck: Map check complete: 0 Error(s), 1 Warning(s), took 0.215ms to complete.
[2020.01.20-04.23.28:344][  0]LogFileHelpers: Loading map 'Level_001' took 0.419
[2020.01.20-04.23.28:369][  0]LogWindowsTextInputMethodSystem: Display: IME system now deactivated.
[2020.01.20-04.23.28:445][  0]LogSlate: Updating window title bar state: overlay mode, drag disabled, window buttons hidden, title bar hidden
[2020.01.20-04.23.28:459][  0]LogSlate: Updating window title bar state: overlay mode, drag disabled, window buttons hidden, title bar hidden
[2020.01.20-04.23.28:471][  0]LogSlate: Updating window title bar state: overlay mode, drag disabled, window buttons hidden, title bar hidden
[2020.01.20-04.23.28:482][  0]LogSlate: Updating window title bar state: overlay mode, drag disabled, window buttons hidden, title bar hidden
[2020.01.20-04.23.28:493][  0]LogCollectionManager: Loaded 0 collections in 0.002950 seconds
[2020.01.20-04.23.28:512][  0]LogFileCache: Scanning file cache for directory 'C:/Users/TheK-B1000/Desktop/The K-B Folder/Unreal/repos/Section 3/BuildingEscape/Saved/Collections/' took 0.00s
[2020.01.20-04.23.28:512][  0]LogFileCache: Scanning file cache for directory 'C:/Users/TheK-B1000/Desktop/The K-B Folder/Unreal/repos/Section 3/BuildingEscape/Content/Developers/TheKB1000/Collections/' took 0.00s
[2020.01.20-04.23.28:512][  0]LogFileCache: Scanning file cache for directory 'C:/Users/TheK-B1000/Desktop/The K-B Folder/Unreal/repos/Section 3/BuildingEscape/Content/Collections/' took 0.00s
[2020.01.20-04.23.28:512][  0]LogContentBrowser: Native class hierarchy populated in 0.0103 seconds. Added 3019 classes and 720 folders.
[2020.01.20-04.23.28:516][  0]LogContentBrowser: Native class hierarchy updated for 'WidgetCarousel' in 0.0004 seconds. Added 0 classes and 0 folders.
[2020.01.20-04.23.28:733][  0]LogContentBrowser: Native class hierarchy updated for 'AddContentDialog' in 0.0004 seconds. Added 0 classes and 0 folders.
[2020.01.20-04.23.28:743][  0]LogContentBrowser: Native class hierarchy updated for 'SceneOutliner' in 0.0004 seconds. Added 2 classes and 3 folders.
[2020.01.20-04.23.28:865][  0]LogSlate: Took 0.000550 seconds to synchronously load lazily loaded font '../../../Engine/Content/Slate/Fonts/Roboto-Bold.ttf' (160K)
[2020.01.20-04.23.28:871][  0]LogSlate: Took 0.000945 seconds to synchronously load lazily loaded font '../../../Engine/Content/Editor/Slate/Fonts/FontAwesome.ttf' (139K)
[2020.01.20-04.23.28:873][  0]LogSlate: Took 0.001127 seconds to synchronously load lazily loaded font '../../../Engine/Content/Slate/Fonts/DroidSansMono.ttf' (77K)
[2020.01.20-04.23.28:993][  0]LogRenderer: Reallocating scene render targets to support 840x412 Format 10 NumSamples 1 (Frame:1).
[2020.01.20-04.23.29:190][  0]LogContentBrowser: Native class hierarchy updated for 'HierarchicalLODOutliner' in 0.0006 seconds. Added 0 classes and 0 folders.
[2020.01.20-04.23.29:190][  0]LogLoad: (Engine Initialization) Total time: 71.19 seconds
[2020.01.20-04.23.29:190][  0]LogLoad: (Engine Initialization) Total Blueprint compile time: 0.00 seconds
[2020.01.20-04.23.29:266][  0]LogContentStreaming: Texture pool size now 1000 MB
[2020.01.20-04.23.29:554][  2]LogAssetRegistry: Asset discovery search completed in 65.8189 seconds
[2020.01.20-04.23.29:559][  2]LogCollectionManager: Fixed up redirectors for 0 collections in 0.000017 seconds (updated 0 objects)
[2020.01.20-04.23.30:610][ 61]LogSlate: Took 0.001037 seconds to synchronously load lazily loaded font '../../../Engine/Content/Slate/Fonts/Roboto-Light.ttf' (167K)
[2020.01.20-04.26.14:344][678]Candidate modules for hot reload:
[2020.01.20-04.26.14:344][678]  BuildingEscape
[2020.01.20-04.26.14:344][678]Launching UnrealBuildTool... [C:/Program Files/Epic Games/UE_4.24/Engine/Binaries/DotNET/UnrealBuildTool.exe  -ModuleWithSuffix=BuildingEscape,5500 Win64 Development -TargetType=Editor -Project="C:/Users/TheK-B1000/Desktop/The K-B Folder/Unreal/repos/Section 3/BuildingEscape/BuildingEscape.uproject" "C:/Users/TheK-B1000/Desktop/The K-B Folder/Unreal/repos/Section 3/BuildingEscape/BuildingEscape.uproject"  -IgnoreJunk]
[2020.01.20-04.26.14:354][678]Warning: Starting HotReload took  0.0s.
[2020.01.20-04.26.52:785][907]CompilerResultsLog: New page: Compilation - Jan 19, 2020, 6:26:52 PM
[2020.01.20-04.26.52:787][907]CompilerResultsLog: WARNING: Trying to build an enterprise target but the enterprise directory is missing. Falling back on engine components only.
[2020.01.20-04.26.52:787][907]CompilerResultsLog: WARNING: Couldn't parse '<<<<<<< HEAD' in UnrealBuildTool.ConfigFileSection of C:\Users\TheK-B1000\Desktop\The K-B Folder\Unreal\repos\Section 3\BuildingEscape\Config\DefaultEngine.ini
[2020.01.20-04.26.52:787][907]CompilerResultsLog: WARNING: Couldn't parse '<<<<<<< HEAD' in UnrealBuildTool.ConfigFileSection of C:\Users\TheK-B1000\Desktop\The K-B Folder\Unreal\repos\Section 3\BuildingEscape\Config\DefaultEngine.ini
[2020.01.20-04.26.52:787][907]CompilerResultsLog: WARNING: Couldn't parse '=======' in UnrealBuildTool.ConfigFileSection of C:\Users\TheK-B1000\Desktop\The K-B Folder\Unreal\repos\Section 3\BuildingEscape\Config\DefaultEngine.ini
[2020.01.20-04.26.52:787][907]CompilerResultsLog: Using 'git status' to determine working set for adaptive non-unity build (C:\Users\TheK-B1000\Desktop\The K-B Folder\Unreal\repos\Section 3).
[2020.01.20-04.26.52:787][907]CompilerResultsLog: Parsing headers for BuildingEscapeEditor
[2020.01.20-04.26.52:787][907]CompilerResultsLog:   Running UnrealHeaderTool "C:\Users\TheK-B1000\Desktop\The K-B Folder\Unreal\repos\Section 3\BuildingEscape\BuildingEscape.uproject" "C:\Users\TheK-B1000\Desktop\The K-B Folder\Unreal\repos\Section 3\BuildingEscape\Intermediate\Build\Win64\BuildingEscapeEditor\Development\BuildingEscapeEditor.uhtmanifest" -LogCmds="loginit warning, logexit warning, logdatabase error" -Unattended -WarningsAsErrors -installed
[2020.01.20-04.26.52:787][907]CompilerResultsLog: Reflection code generated for BuildingEscapeEditor in 12.9577536 seconds
[2020.01.20-04.26.52:787][907]CompilerResultsLog: Building BuildingEscapeEditor...
[2020.01.20-04.26.52:787][907]CompilerResultsLog: Using Visual Studio 2019 14.21.27619 toolchain (C:\Program Files (x86)\Microsoft Visual Studio\2019\Preview\VC\Tools\MSVC\14.21.27619) and Windows 10.0.17763.0 SDK (C:\Program Files (x86)\Windows Kits\10).
[2020.01.20-04.26.52:787][907]CompilerResultsLog: [Upgrade]
[2020.01.20-04.26.52:787][907]CompilerResultsLog: [Upgrade] Using backward-compatible build settings. The latest version of UE4 sets the following values by default, which may require code changes:
[2020.01.20-04.26.52:787][907]CompilerResultsLog: [Upgrade]     bLegacyPublicIncludePaths = false                 => Omits subfolders from public include paths to reduce compiler command line length. (Previously: true).
[2020.01.20-04.26.52:787][907]CompilerResultsLog: [Upgrade]     ShadowVariableWarningLevel = WarningLevel.Error   => Treats shadowed variable warnings as errors. (Previously: WarningLevel.Warning).
[2020.01.20-04.26.52:787][907]CompilerResultsLog: [Upgrade]     PCHUsage = PCHUsageMode.UseExplicitOrSharedPCHs   => Set in build.cs files to enables IWYU-style PCH model. See https://docs.unrealengine.com/en-US/Programming/BuildTools/UnrealBuildTool/IWYU/index.html. (Previously: PCHUsageMode.UseSharedPCHs).
[2020.01.20-04.26.52:787][907]CompilerResultsLog: [Upgrade] Suppress this message by setting 'DefaultBuildSettings = BuildSettingsVersion.V2;' in BuildingEscapeEditor.Target.cs, and explicitly overriding settings that differ from the new defaults.
[2020.01.20-04.26.52:787][907]CompilerResultsLog: [Upgrade]
[2020.01.20-04.26.52:788][907]CompilerResultsLog: Building 5 actions with 4 processes...
[2020.01.20-04.26.52:788][907]CompilerResultsLog:   [1/5] Grabber.cpp
[2020.01.20-04.26.52:788][907]CompilerResultsLog:   C:\Users\TheK-B1000\Desktop\The K-B Folder\Unreal\repos\Section 3\BuildingEscape\Source\BuildingEscape\Private\Grabber.cpp(51): warning C4458: declaration of 'LineTraceDirection' hides class member
[2020.01.20-04.26.52:788][907]CompilerResultsLog:   C:\Users\TheK-B1000\Desktop\The K-B Folder\Unreal\repos\Section 3\BuildingEscape\Source\BuildingEscape\Public\Grabber.h(27): note: see declaration of 'UGrabber::LineTraceDirection'
[2020.01.20-04.26.52:788][907]CompilerResultsLog:   C:\Users\TheK-B1000\Desktop\The K-B Folder\Unreal\repos\Section 3\BuildingEscape\Source\BuildingEscape\Private\Grabber.cpp(52): warning C4458: declaration of 'LineTraceEnd' hides class member
[2020.01.20-04.26.52:788][907]CompilerResultsLog:   C:\Users\TheK-B1000\Desktop\The K-B Folder\Unreal\repos\Section 3\BuildingEscape\Source\BuildingEscape\Public\Grabber.h(29): note: see declaration of 'UGrabber::LineTraceEnd'
[2020.01.20-04.26.52:788][907]CompilerResultsLog:    C:\Users\TheK-B1000\Desktop\The K-B Folder\Unreal\repos\Section 3\BuildingEscape\Source\BuildingEscape\Private\Grabber.cpp(81) : error C2440: '=': cannot convert from 'FString' to 'AActor *'
[2020.01.20-04.26.52:788][907]CompilerResultsLog:   C:\Users\TheK-B1000\Desktop\The K-B Folder\Unreal\repos\Section 3\BuildingEscape\Source\BuildingEscape\Private\Grabber.cpp(81): note: No user-defined-conversion operator available that can perform this conversion, or the operator cannot be called
[2020.01.20-04.26.52:788][907]CompilerResultsLog:   [2/5] Grabber.gen.cpp
[2020.01.20-04.26.52:788][907]LogMainFrame: MainFrame: Module compiling took 38.454 seconds
[2020.01.20-04.26.52:788][907]Warning: HotReload failed, recompile failed
[2020.01.20-04.28.50:986][ 47]Candidate modules for hot reload:
[2020.01.20-04.28.50:986][ 47]  BuildingEscape
[2020.01.20-04.28.50:986][ 47]Launching UnrealBuildTool... [C:/Program Files/Epic Games/UE_4.24/Engine/Binaries/DotNET/UnrealBuildTool.exe  -ModuleWithSuffix=BuildingEscape,899 Win64 Development -TargetType=Editor -Project="C:/Users/TheK-B1000/Desktop/The K-B Folder/Unreal/repos/Section 3/BuildingEscape/BuildingEscape.uproject" "C:/Users/TheK-B1000/Desktop/The K-B Folder/Unreal/repos/Section 3/BuildingEscape/BuildingEscape.uproject"  -IgnoreJunk]
[2020.01.20-04.28.50:999][ 47]Warning: Starting HotReload took  0.0s.
[2020.01.20-04.29.10:795][152]CompilerResultsLog: New page: Compilation - Jan 19, 2020, 6:29:10 PM
[2020.01.20-04.29.10:795][152]CompilerResultsLog: WARNING: Trying to build an enterprise target but the enterprise directory is missing. Falling back on engine components only.
[2020.01.20-04.29.10:795][152]CompilerResultsLog: WARNING: Couldn't parse '<<<<<<< HEAD' in UnrealBuildTool.ConfigFileSection of C:\Users\TheK-B1000\Desktop\The K-B Folder\Unreal\repos\Section 3\BuildingEscape\Config\DefaultEngine.ini
[2020.01.20-04.29.10:795][152]CompilerResultsLog: WARNING: Couldn't parse '<<<<<<< HEAD' in UnrealBuildTool.ConfigFileSection of C:\Users\TheK-B1000\Desktop\The K-B Folder\Unreal\repos\Section 3\BuildingEscape\Config\DefaultEngine.ini
[2020.01.20-04.29.10:795][152]CompilerResultsLog: WARNING: Couldn't parse '=======' in UnrealBuildTool.ConfigFileSection of C:\Users\TheK-B1000\Desktop\The K-B Folder\Unreal\repos\Section 3\BuildingEscape\Config\DefaultEngine.ini
[2020.01.20-04.29.10:795][152]CompilerResultsLog: Using 'git status' to determine working set for adaptive non-unity build (C:\Users\TheK-B1000\Desktop\The K-B Folder\Unreal\repos\Section 3).
[2020.01.20-04.29.10:795][152]CompilerResultsLog: Parsing headers for BuildingEscapeEditor
[2020.01.20-04.29.10:795][152]CompilerResultsLog:   Running UnrealHeaderTool "C:\Users\TheK-B1000\Desktop\The K-B Folder\Unreal\repos\Section 3\BuildingEscape\BuildingEscape.uproject" "C:\Users\TheK-B1000\Desktop\The K-B Folder\Unreal\repos\Section 3\BuildingEscape\Intermediate\Build\Win64\BuildingEscapeEditor\Development\BuildingEscapeEditor.uhtmanifest" -LogCmds="loginit warning, logexit warning, logdatabase error" -Unattended -WarningsAsErrors -installed
[2020.01.20-04.29.10:795][152]CompilerResultsLog: Reflection code generated for BuildingEscapeEditor in 12.8792836 seconds
[2020.01.20-04.29.10:795][152]CompilerResultsLog: Building BuildingEscapeEditor...
[2020.01.20-04.29.10:795][152]CompilerResultsLog: Using Visual Studio 2019 14.21.27619 toolchain (C:\Program Files (x86)\Microsoft Visual Studio\2019\Preview\VC\Tools\MSVC\14.21.27619) and Windows 10.0.17763.0 SDK (C:\Program Files (x86)\Windows Kits\10).
[2020.01.20-04.29.10:795][152]CompilerResultsLog: [Upgrade]
[2020.01.20-04.29.10:795][152]CompilerResultsLog: [Upgrade] Using backward-compatible build settings. The latest version of UE4 sets the following values by default, which may require code changes:
[2020.01.20-04.29.10:795][152]CompilerResultsLog: [Upgrade]     bLegacyPublicIncludePaths = false                 => Omits subfolders from public include paths to reduce compiler command line length. (Previously: true).
[2020.01.20-04.29.10:795][152]CompilerResultsLog: [Upgrade]     ShadowVariableWarningLevel = WarningLevel.Error   => Treats shadowed variable warnings as errors. (Previously: WarningLevel.Warning).
[2020.01.20-04.29.10:796][152]CompilerResultsLog: [Upgrade]     PCHUsage = PCHUsageMode.UseExplicitOrSharedPCHs   => Set in build.cs files to enables IWYU-style PCH model. See https://docs.unrealengine.com/en-US/Programming/BuildTools/UnrealBuildTool/IWYU/index.html. (Previously: PCHUsageMode.UseSharedPCHs).
[2020.01.20-04.29.10:796][152]CompilerResultsLog: [Upgrade] Suppress this message by setting 'DefaultBuildSettings = BuildSettingsVersion.V2;' in BuildingEscapeEditor.Target.cs, and explicitly overriding settings that differ from the new defaults.
[2020.01.20-04.29.10:796][152]CompilerResultsLog: [Upgrade]
[2020.01.20-04.29.10:796][152]CompilerResultsLog: Building 5 actions with 4 processes...
[2020.01.20-04.29.10:796][152]CompilerResultsLog:   [1/5] Grabber.cpp
[2020.01.20-04.29.10:796][152]CompilerResultsLog:   C:\Users\TheK-B1000\Desktop\The K-B Folder\Unreal\repos\Section 3\BuildingEscape\Source\BuildingEscape\Private\Grabber.cpp(51): warning C4458: declaration of 'LineTraceDirection' hides class member
[2020.01.20-04.29.10:796][152]CompilerResultsLog:   C:\Users\TheK-B1000\Desktop\The K-B Folder\Unreal\repos\Section 3\BuildingEscape\Source\BuildingEscape\Public\Grabber.h(27): note: see declaration of 'UGrabber::LineTraceDirection'
[2020.01.20-04.29.10:796][152]CompilerResultsLog:   C:\Users\TheK-B1000\Desktop\The K-B Folder\Unreal\repos\Section 3\BuildingEscape\Source\BuildingEscape\Private\Grabber.cpp(52): warning C4458: declaration of 'LineTraceEnd' hides class member
[2020.01.20-04.29.10:796][152]CompilerResultsLog:   C:\Users\TheK-B1000\Desktop\The K-B Folder\Unreal\repos\Section 3\BuildingEscape\Source\BuildingEscape\Public\Grabber.h(29): note: see declaration of 'UGrabber::LineTraceEnd'
[2020.01.20-04.29.10:796][152]CompilerResultsLog:    C:\Program Files\Epic Games\UE_4.24\Engine\Source\Runtime\Core\Public\Logging/LogMacros.h(58) : error C2338: Invalid argument(s) passed to FMsg::Logf_Internal
[2020.01.20-04.29.10:796][152]CompilerResultsLog:   C:\Users\TheK-B1000\Desktop\The K-B Folder\Unreal\repos\Section 3\BuildingEscape\Source\BuildingEscape\Private\Grabber.cpp(81): note: see reference to function template instantiation 'void FMsg::Logf_Internal<wchar_t[19],FString>(const ANSICHAR *,int32,const FLogCategoryName &,ELogVerbosity::Type,const FmtType (&),FString)' being compiled
[2020.01.20-04.29.10:796][152]CompilerResultsLog:           with
[2020.01.20-04.29.10:796][152]CompilerResultsLog:           [
[2020.01.20-04.29.10:796][152]CompilerResultsLog:               FmtType=wchar_t [19]
[2020.01.20-04.29.10:796][152]CompilerResultsLog:           ]
[2020.01.20-04.29.10:796][152]CompilerResultsLog:    C:\Program Files\Epic Games\UE_4.24\Engine\Source\Runtime\Core\Public\Logging/LogMacros.h(60) : error C4840: non-portable use of class 'FString' as an argument to a variadic function
[2020.01.20-04.29.10:796][152]CompilerResultsLog:   C:\Program Files\Epic Games\UE_4.24\Engine\Source\Runtime\Core\Public\Logging/LogMacros.h(60): note: 'FString::FString' is non-trivial
[2020.01.20-04.29.10:796][152]CompilerResultsLog:   C:\Program Files\Epic Games\UE_4.24\Engine\Source\Runtime\Core\Public\Containers/UnrealString.h(75): note: see declaration of 'FString::FString'
[2020.01.20-04.29.10:796][152]CompilerResultsLog:   C:\Program Files\Epic Games\UE_4.24\Engine\Source\Runtime\Core\Public\Logging/LogMacros.h(60): note: the constructor and destructor will not be called; a bitwise copy of the class will be passed as the argument
[2020.01.20-04.29.10:796][152]CompilerResultsLog:   C:\Program Files\Epic Games\UE_4.24\Engine\Source\Runtime\Core\Public\Windows/WindowsCriticalSection.h(9): note: see declaration of 'FString'
[2020.01.20-04.29.10:796][152]CompilerResultsLog:   [2/5] Grabber.gen.cpp
[2020.01.20-04.29.10:796][152]LogMainFrame: MainFrame: Module compiling took 19.820 seconds
[2020.01.20-04.29.10:796][152]Warning: HotReload failed, recompile failed
[2020.01.20-04.31.50:668][ 95]Candidate modules for hot reload:
[2020.01.20-04.31.50:668][ 95]  BuildingEscape
[2020.01.20-04.31.50:668][ 95]Launching UnrealBuildTool... [C:/Program Files/Epic Games/UE_4.24/Engine/Binaries/DotNET/UnrealBuildTool.exe  -ModuleWithSuffix=BuildingEscape,736 Win64 Development -TargetType=Editor -Project="C:/Users/TheK-B1000/Desktop/The K-B Folder/Unreal/repos/Section 3/BuildingEscape/BuildingEscape.uproject" "C:/Users/TheK-B1000/Desktop/The K-B Folder/Unreal/repos/Section 3/BuildingEscape/BuildingEscape.uproject"  -IgnoreJunk]
[2020.01.20-04.31.50:678][ 95]Warning: Starting HotReload took  0.0s.
[2020.01.20-04.33.06:031][310]CompilerResultsLog: New page: Compilation - Jan 19, 2020, 6:33:06 PM
[2020.01.20-04.33.06:032][310]CompilerResultsLog: WARNING: Trying to build an enterprise target but the enterprise directory is missing. Falling back on engine components only.
[2020.01.20-04.33.06:032][310]CompilerResultsLog: WARNING: Couldn't parse '<<<<<<< HEAD' in UnrealBuildTool.ConfigFileSection of C:\Users\TheK-B1000\Desktop\The K-B Folder\Unreal\repos\Section 3\BuildingEscape\Config\DefaultEngine.ini
[2020.01.20-04.33.06:032][310]CompilerResultsLog: WARNING: Couldn't parse '<<<<<<< HEAD' in UnrealBuildTool.ConfigFileSection of C:\Users\TheK-B1000\Desktop\The K-B Folder\Unreal\repos\Section 3\BuildingEscape\Config\DefaultEngine.ini
[2020.01.20-04.33.06:032][310]CompilerResultsLog: WARNING: Couldn't parse '=======' in UnrealBuildTool.ConfigFileSection of C:\Users\TheK-B1000\Desktop\The K-B Folder\Unreal\repos\Section 3\BuildingEscape\Config\DefaultEngine.ini
[2020.01.20-04.33.06:032][310]CompilerResultsLog: Using 'git status' to determine working set for adaptive non-unity build (C:\Users\TheK-B1000\Desktop\The K-B Folder\Unreal\repos\Section 3).
[2020.01.20-04.33.06:032][310]CompilerResultsLog: Parsing headers for BuildingEscapeEditor
[2020.01.20-04.33.06:032][310]CompilerResultsLog:   Running UnrealHeaderTool "C:\Users\TheK-B1000\Desktop\The K-B Folder\Unreal\repos\Section 3\BuildingEscape\BuildingEscape.uproject" "C:\Users\TheK-B1000\Desktop\The K-B Folder\Unreal\repos\Section 3\BuildingEscape\Intermediate\Build\Win64\BuildingEscapeEditor\Development\BuildingEscapeEditor.uhtmanifest" -LogCmds="loginit warning, logexit warning, logdatabase error" -Unattended -WarningsAsErrors -installed
[2020.01.20-04.33.06:032][310]CompilerResultsLog: Reflection code generated for BuildingEscapeEditor in 20.1884015 seconds
[2020.01.20-04.33.06:032][310]CompilerResultsLog: Building BuildingEscapeEditor...
[2020.01.20-04.33.06:032][310]CompilerResultsLog: Using Visual Studio 2019 14.21.27619 toolchain (C:\Program Files (x86)\Microsoft Visual Studio\2019\Preview\VC\Tools\MSVC\14.21.27619) and Windows 10.0.17763.0 SDK (C:\Program Files (x86)\Windows Kits\10).
[2020.01.20-04.33.06:032][310]CompilerResultsLog: [Upgrade]
[2020.01.20-04.33.06:032][310]CompilerResultsLog: [Upgrade] Using backward-compatible build settings. The latest version of UE4 sets the following values by default, which may require code changes:
[2020.01.20-04.33.06:042][310]CompilerResultsLog: [Upgrade]     bLegacyPublicIncludePaths = false                 => Omits subfolders from public include paths to reduce compiler command line length. (Previously: true).
[2020.01.20-04.33.06:042][310]CompilerResultsLog: [Upgrade]     ShadowVariableWarningLevel = WarningLevel.Error   => Treats shadowed variable warnings as errors. (Previously: WarningLevel.Warning).
[2020.01.20-04.33.06:042][310]CompilerResultsLog: [Upgrade]     PCHUsage = PCHUsageMode.UseExplicitOrSharedPCHs   => Set in build.cs files to enables IWYU-style PCH model. See https://docs.unrealengine.com/en-US/Programming/BuildTools/UnrealBuildTool/IWYU/index.html. (Previously: PCHUsageMode.UseSharedPCHs).
[2020.01.20-04.33.06:042][310]CompilerResultsLog: [Upgrade] Suppress this message by setting 'DefaultBuildSettings = BuildSettingsVersion.V2;' in BuildingEscapeEditor.Target.cs, and explicitly overriding settings that differ from the new defaults.
[2020.01.20-04.33.06:042][310]CompilerResultsLog: [Upgrade]
[2020.01.20-04.33.06:042][310]CompilerResultsLog: Building 5 actions with 4 processes...
[2020.01.20-04.33.06:042][310]CompilerResultsLog:   [1/5] Grabber.cpp
[2020.01.20-04.33.06:042][310]CompilerResultsLog:   C:\Users\TheK-B1000\Desktop\The K-B Folder\Unreal\repos\Section 3\BuildingEscape\Source\BuildingEscape\Private\Grabber.cpp(51): warning C4458: declaration of 'LineTraceDirection' hides class member
[2020.01.20-04.33.06:042][310]CompilerResultsLog:   C:\Users\TheK-B1000\Desktop\The K-B Folder\Unreal\repos\Section 3\BuildingEscape\Source\BuildingEscape\Public\Grabber.h(27): note: see declaration of 'UGrabber::LineTraceDirection'
[2020.01.20-04.33.06:042][310]CompilerResultsLog:   C:\Users\TheK-B1000\Desktop\The K-B Folder\Unreal\repos\Section 3\BuildingEscape\Source\BuildingEscape\Private\Grabber.cpp(52): warning C4458: declaration of 'LineTraceEnd' hides class member
[2020.01.20-04.33.06:042][310]CompilerResultsLog:   C:\Users\TheK-B1000\Desktop\The K-B Folder\Unreal\repos\Section 3\BuildingEscape\Source\BuildingEscape\Public\Grabber.h(29): note: see declaration of 'UGrabber::LineTraceEnd'
[2020.01.20-04.33.06:043][310]CompilerResultsLog:    C:\Program Files\Epic Games\UE_4.24\Engine\Source\Runtime\Core\Public\Logging/LogMacros.h(58) : error C2338: Invalid argument(s) passed to FMsg::Logf_Internal
[2020.01.20-04.33.06:043][310]CompilerResultsLog:   C:\Users\TheK-B1000\Desktop\The K-B Folder\Unreal\repos\Section 3\BuildingEscape\Source\BuildingEscape\Private\Grabber.cpp(82): note: see reference to function template instantiation 'void FMsg::Logf_Internal<wchar_t[19],FString>(const ANSICHAR *,int32,const FLogCategoryName &,ELogVerbosity::Type,const FmtType (&),FString)' being compiled
[2020.01.20-04.33.06:043][310]CompilerResultsLog:           with
[2020.01.20-04.33.06:043][310]CompilerResultsLog:           [
[2020.01.20-04.33.06:043][310]CompilerResultsLog:               FmtType=wchar_t [19]
[2020.01.20-04.33.06:043][310]CompilerResultsLog:           ]
[2020.01.20-04.33.06:043][310]CompilerResultsLog:    C:\Program Files\Epic Games\UE_4.24\Engine\Source\Runtime\Core\Public\Logging/LogMacros.h(60) : error C4840: non-portable use of class 'FString' as an argument to a variadic function
[2020.01.20-04.33.06:043][310]CompilerResultsLog:   C:\Program Files\Epic Games\UE_4.24\Engine\Source\Runtime\Core\Public\Logging/LogMacros.h(60): note: 'FString::FString' is non-trivial
[2020.01.20-04.33.06:043][310]CompilerResultsLog:   C:\Program Files\Epic Games\UE_4.24\Engine\Source\Runtime\Core\Public\Containers/UnrealString.h(75): note: see declaration of 'FString::FString'
[2020.01.20-04.33.06:043][310]CompilerResultsLog:   C:\Program Files\Epic Games\UE_4.24\Engine\Source\Runtime\Core\Public\Logging/LogMacros.h(60): note: the constructor and destructor will not be called; a bitwise copy of the class will be passed as the argument
[2020.01.20-04.33.06:043][310]CompilerResultsLog:   C:\Program Files\Epic Games\UE_4.24\Engine\Source\Runtime\Core\Public\Windows/WindowsCriticalSection.h(9): note: see declaration of 'FString'
[2020.01.20-04.33.06:043][310]CompilerResultsLog:   [2/5] Grabber.gen.cpp
[2020.01.20-04.33.06:043][310]LogMainFrame: MainFrame: Module compiling took 75.386 seconds
[2020.01.20-04.33.06:043][310]Warning: HotReload failed, recompile failed
[2020.01.20-04.33.33:952][743]Candidate modules for hot reload:
[2020.01.20-04.33.33:952][743]  BuildingEscape
[2020.01.20-04.33.33:952][743]Launching UnrealBuildTool... [C:/Program Files/Epic Games/UE_4.24/Engine/Binaries/DotNET/UnrealBuildTool.exe  -ModuleWithSuffix=BuildingEscape,1088 Win64 Development -TargetType=Editor -Project="C:/Users/TheK-B1000/Desktop/The K-B Folder/Unreal/repos/Section 3/BuildingEscape/BuildingEscape.uproject" "C:/Users/TheK-B1000/Desktop/The K-B Folder/Unreal/repos/Section 3/BuildingEscape/BuildingEscape.uproject"  -IgnoreJunk]
[2020.01.20-04.33.33:970][743]Warning: Starting HotReload took  0.1s.
[2020.01.20-04.34.17:486][919]CompilerResultsLog: New page: Compilation - Jan 19, 2020, 6:34:17 PM
[2020.01.20-04.34.17:487][919]CompilerResultsLog: WARNING: Trying to build an enterprise target but the enterprise directory is missing. Falling back on engine components only.
[2020.01.20-04.34.17:487][919]CompilerResultsLog: WARNING: Couldn't parse '<<<<<<< HEAD' in UnrealBuildTool.ConfigFileSection of C:\Users\TheK-B1000\Desktop\The K-B Folder\Unreal\repos\Section 3\BuildingEscape\Config\DefaultEngine.ini
[2020.01.20-04.34.17:487][919]CompilerResultsLog: WARNING: Couldn't parse '<<<<<<< HEAD' in UnrealBuildTool.ConfigFileSection of C:\Users\TheK-B1000\Desktop\The K-B Folder\Unreal\repos\Section 3\BuildingEscape\Config\DefaultEngine.ini
[2020.01.20-04.34.17:487][919]CompilerResultsLog: WARNING: Couldn't parse '=======' in UnrealBuildTool.ConfigFileSection of C:\Users\TheK-B1000\Desktop\The K-B Folder\Unreal\repos\Section 3\BuildingEscape\Config\DefaultEngine.ini
[2020.01.20-04.34.17:487][919]CompilerResultsLog: Using 'git status' to determine working set for adaptive non-unity build (C:\Users\TheK-B1000\Desktop\The K-B Folder\Unreal\repos\Section 3).
[2020.01.20-04.34.17:487][919]CompilerResultsLog: Parsing headers for BuildingEscapeEditor
[2020.01.20-04.34.17:487][919]CompilerResultsLog:   Running UnrealHeaderTool "C:\Users\TheK-B1000\Desktop\The K-B Folder\Unreal\repos\Section 3\BuildingEscape\BuildingEscape.uproject" "C:\Users\TheK-B1000\Desktop\The K-B Folder\Unreal\repos\Section 3\BuildingEscape\Intermediate\Build\Win64\BuildingEscapeEditor\Development\BuildingEscapeEditor.uhtmanifest" -LogCmds="loginit warning, logexit warning, logdatabase error" -Unattended -WarningsAsErrors -installed
[2020.01.20-04.34.17:487][919]CompilerResultsLog: Reflection code generated for BuildingEscapeEditor in 20.6821911 seconds
[2020.01.20-04.34.17:487][919]CompilerResultsLog: Building BuildingEscapeEditor...
[2020.01.20-04.34.17:488][919]CompilerResultsLog: Using Visual Studio 2019 14.21.27619 toolchain (C:\Program Files (x86)\Microsoft Visual Studio\2019\Preview\VC\Tools\MSVC\14.21.27619) and Windows 10.0.17763.0 SDK (C:\Program Files (x86)\Windows Kits\10).
[2020.01.20-04.34.17:488][919]CompilerResultsLog: [Upgrade]
[2020.01.20-04.34.17:488][919]CompilerResultsLog: [Upgrade] Using backward-compatible build settings. The latest version of UE4 sets the following values by default, which may require code changes:
[2020.01.20-04.34.17:488][919]CompilerResultsLog: [Upgrade]     bLegacyPublicIncludePaths = false                 => Omits subfolders from public include paths to reduce compiler command line length. (Previously: true).
[2020.01.20-04.34.17:488][919]CompilerResultsLog: [Upgrade]     ShadowVariableWarningLevel = WarningLevel.Error   => Treats shadowed variable warnings as errors. (Previously: WarningLevel.Warning).
[2020.01.20-04.34.17:488][919]CompilerResultsLog: [Upgrade]     PCHUsage = PCHUsageMode.UseExplicitOrSharedPCHs   => Set in build.cs files to enables IWYU-style PCH model. See https://docs.unrealengine.com/en-US/Programming/BuildTools/UnrealBuildTool/IWYU/index.html. (Previously: PCHUsageMode.UseSharedPCHs).
[2020.01.20-04.34.17:488][919]CompilerResultsLog: [Upgrade] Suppress this message by setting 'DefaultBuildSettings = BuildSettingsVersion.V2;' in BuildingEscapeEditor.Target.cs, and explicitly overriding settings that differ from the new defaults.
[2020.01.20-04.34.17:488][919]CompilerResultsLog: [Upgrade]
[2020.01.20-04.34.17:488][919]CompilerResultsLog: Building 4 actions with 4 processes...
[2020.01.20-04.34.17:488][919]CompilerResultsLog:   [1/4] Grabber.cpp
[2020.01.20-04.34.17:488][919]CompilerResultsLog:   C:\Users\TheK-B1000\Desktop\The K-B Folder\Unreal\repos\Section 3\BuildingEscape\Source\BuildingEscape\Private\Grabber.cpp(51): warning C4458: declaration of 'LineTraceDirection' hides class member
[2020.01.20-04.34.17:488][919]CompilerResultsLog:   C:\Users\TheK-B1000\Desktop\The K-B Folder\Unreal\repos\Section 3\BuildingEscape\Source\BuildingEscape\Public\Grabber.h(27): note: see declaration of 'UGrabber::LineTraceDirection'
[2020.01.20-04.34.17:488][919]CompilerResultsLog:   C:\Users\TheK-B1000\Desktop\The K-B Folder\Unreal\repos\Section 3\BuildingEscape\Source\BuildingEscape\Private\Grabber.cpp(52): warning C4458: declaration of 'LineTraceEnd' hides class member
[2020.01.20-04.34.17:488][919]CompilerResultsLog:   C:\Users\TheK-B1000\Desktop\The K-B Folder\Unreal\repos\Section 3\BuildingEscape\Source\BuildingEscape\Public\Grabber.h(29): note: see declaration of 'UGrabber::LineTraceEnd'
[2020.01.20-04.34.17:488][919]CompilerResultsLog:   [2/4] UE4Editor-BuildingEscape-1088.lib
[2020.01.20-04.34.17:488][919]CompilerResultsLog:      Creating library C:\Users\TheK-B1000\Desktop\The K-B Folder\Unreal\repos\Section 3\BuildingEscape\Intermediate\Build\Win64\UE4Editor\Development\BuildingEscape\UE4Editor-BuildingEscape-1088.lib and object C:\Users\TheK-B1000\Desktop\The K-B Folder\Unreal\repos\Section 3\BuildingEscape\Intermediate\Build\Win64\UE4Editor\Development\BuildingEscape\UE4Editor-BuildingEscape-1088.exp
[2020.01.20-04.34.17:488][919]CompilerResultsLog:   [3/4] UE4Editor-BuildingEscape-1088.dll
[2020.01.20-04.34.17:488][919]CompilerResultsLog:      Creating library C:\Users\TheK-B1000\Desktop\The K-B Folder\Unreal\repos\Section 3\BuildingEscape\Intermediate\Build\Win64\UE4Editor\Development\BuildingEscape\UE4Editor-BuildingEscape-1088.suppressed.lib and object C:\Users\TheK-B1000\Desktop\The K-B Folder\Unreal\repos\Section 3\BuildingEscape\Intermediate\Build\Win64\UE4Editor\Development\BuildingEscape\UE4Editor-BuildingEscape-1088.suppressed.exp
[2020.01.20-04.34.17:488][919]CompilerResultsLog:   [4/4] BuildingEscapeEditor.target
[2020.01.20-04.34.17:488][919]CompilerResultsLog: Total time in Parallel executor: 17.81 seconds
[2020.01.20-04.34.17:488][919]CompilerResultsLog: Total execution time: 43.22 seconds
[2020.01.20-04.34.17:488][919]LogMainFrame: MainFrame: Module compiling took 43.552 seconds
[2020.01.20-04.34.17:524][919]LogUObjectHash: Compacting FUObjectHashTables data took   1.03ms
[2020.01.20-04.34.19:053][919]LogContentBrowser: Native class hierarchy updated for 'BuildingEscape' in 0.0006 seconds. Added 4 classes and 3 folders.
[2020.01.20-04.34.19:056][919]Display: HotReload successful (0 functions remapped  0 scriptstructs remapped)
[2020.01.20-04.34.19:169][919]LogUObjectHash: Compacting FUObjectHashTables data took   2.41ms
[2020.01.20-04.34.19:189][919]LogContentBrowser: Native class hierarchy populated in 0.0132 seconds. Added 3021 classes and 723 folders.
[2020.01.20-04.34.19:189][919]Display: HotReload took 45.3s.
[2020.01.20-04.34.37:136][907]LogTemp: Repeating last play command: Selected Viewport
[2020.01.20-04.34.37:161][907]LogBlueprintUserMessages: Early PlayInEditor Detection: Level '/Game/Level_001.Level_001:PersistentLevel' has LevelScriptBlueprint '/Game/Level_001.Level_001:PersistentLevel.Level_001' with GeneratedClass '/Game/Level_001.Level_001_C' with ClassGeneratedBy '/Game/Level_001.Level_001:PersistentLevel.Level_001'
[2020.01.20-04.34.37:164][907]LogPlayLevel: PlayLevel: No blueprints needed recompiling
[2020.01.20-04.34.37:165][907]PIE: New page: PIE session: Level_001 (Jan 19, 2020, 6:34:37 PM)
[2020.01.20-04.34.37:172][907]LogOnline: OSS: Creating online subsystem instance for: NULL
[2020.01.20-04.34.37:177][907]LogOnline: OSS: TryLoadSubsystemAndSetDefault: Loaded subsystem for module [NULL]
[2020.01.20-04.34.37:179][907]LogPlayLevel: Creating play world package: /Game/UEDPIE_0_Level_001
[2020.01.20-04.34.37:195][907]LogPlayLevel: PIE: StaticDuplicateObject took: (0.015714s)
[2020.01.20-04.34.37:198][907]LogAIModule: Creating AISystem for world Level_001
[2020.01.20-04.34.37:200][907]LogPlayLevel: PIE: World Init took: (0.004682s)
[2020.01.20-04.34.37:200][907]LogPlayLevel: PIE: Created PIE world by copying editor world from /Game/Level_001.Level_001 to /Game/UEDPIE_0_Level_001.Level_001 (0.020861s)
[2020.01.20-04.34.37:234][907]LogUObjectHash: Compacting FUObjectHashTables data took   2.30ms
[2020.01.20-04.34.37:236][907]LogAudioMixer: Display: Audio Mixer Platform Settings:
[2020.01.20-04.34.37:237][907]LogAudioMixer: Display: 	Sample Rate:						  48000
[2020.01.20-04.34.37:237][907]LogAudioMixer: Display: 	Callback Buffer Frame Size Requested: 256
[2020.01.20-04.34.37:237][907]LogAudioMixer: Display: 	Callback Buffer Frame Size To Use:	  256
[2020.01.20-04.34.37:237][907]LogAudioMixer: Display: 	Number of buffers to queue:			  7
[2020.01.20-04.34.37:237][907]LogAudioMixer: Display: 	Max Channels (voices):				  32
[2020.01.20-04.34.37:237][907]LogAudioMixer: Display: 	Number of Async Source Workers:		  0
[2020.01.20-04.34.37:237][907]LogAudio: Display: AudioDevice MaxSources: 32
[2020.01.20-04.34.37:240][907]LogAudio: Display: Using built-in audio occlusion.
[2020.01.20-04.34.37:240][907]LogAudioMixer: Display: Initializing audio mixer.
[2020.01.20-04.34.37:276][907]LogAudioMixer: Display: Audio Device Output Speaker Info:
[2020.01.20-04.34.37:276][907]LogAudioMixer: Display: Name: Speakers (Realtek High Definition Audio)
[2020.01.20-04.34.37:276][907]LogAudioMixer: Display: Is Default: Yes
[2020.01.20-04.34.37:276][907]LogAudioMixer: Display: Sample Rate: 48000
[2020.01.20-04.34.37:276][907]LogAudioMixer: Display: Channel Count Used: 2
[2020.01.20-04.34.37:276][907]LogAudioMixer: Display: Device Channel Count: 2
[2020.01.20-04.34.37:276][907]LogAudioMixer: Display: Channel Order:
[2020.01.20-04.34.37:276][907]LogAudioMixer: Display: 0: FrontLeft
[2020.01.20-04.34.37:276][907]LogAudioMixer: Display: 1: FrontRight
[2020.01.20-04.34.37:393][907]LogAudioMixer: Display: Using Audio Device Speakers (Realtek High Definition Audio)
[2020.01.20-04.34.37:400][907]LogInit: FAudioDevice initialized.
[2020.01.20-04.34.37:442][907]LogLoad: Game class is 'GameModeBase_BP_C'
[2020.01.20-04.34.37:459][907]LogWorld: Bringing World /Game/UEDPIE_0_Level_001.Level_001 up for play (max tick rate 60) at 2020.01.19-23.34.37
[2020.01.20-04.34.37:462][907]LogWorld: Bringing up level for play took: 0.005283
[2020.01.20-04.34.37:464][907]LogOnline: OSS: Creating online subsystem instance for: :Context_1
[2020.01.20-04.34.37:542][907]LogContentBrowser: Native class hierarchy updated for 'MovieSceneCapture' in 0.0005 seconds. Added 20 classes and 0 folders.
[2020.01.20-04.34.37:550][907]LogTemp: Warning: Object Name is: Sphere_2
[2020.01.20-04.34.37:557][907]PIE: Play in editor start time for /Game/UEDPIE_0_Level_001 0.125
[2020.01.20-04.34.37:558][907]LogBlueprintUserMessages: Late PlayInEditor Detection: Level '/Game/Level_001.Level_001:PersistentLevel' has LevelScriptBlueprint '/Game/Level_001.Level_001:PersistentLevel.Level_001' with GeneratedClass '/Game/Level_001.Level_001_C' with ClassGeneratedBy '/Game/Level_001.Level_001:PersistentLevel.Level_001'
[2020.01.20-04.34.40:473][907]LogWindows: Error: === Critical error: ===
[2020.01.20-04.34.40:473][907]LogWindows: Error: 
[2020.01.20-04.34.40:473][907]LogWindows: Error: Fatal error!
[2020.01.20-04.34.40:473][907]LogWindows: Error: 
[2020.01.20-04.34.40:473][907]LogWindows: Error: Unhandled Exception: EXCEPTION_ACCESS_VIOLATION reading address 0x00000018
[2020.01.20-04.34.40:473][907]LogWindows: Error: 
[2020.01.20-04.34.40:473][907]LogWindows: Error: [Callstack] 0x00007ffbf4c02109 UE4Editor-BuildingEscape-1088.dll!UnknownFunction []
[2020.01.20-04.34.40:473][907]LogWindows: Error: [Callstack] 0x00007ffba1f01dd8 UE4Editor-Engine.dll!UnknownFunction []
[2020.01.20-04.34.40:473][907]LogWindows: Error: [Callstack] 0x00007ffba1f32d84 UE4Editor-Engine.dll!UnknownFunction []
[2020.01.20-04.34.40:473][907]LogWindows: Error: [Callstack] 0x00007ffba2ca6123 UE4Editor-Engine.dll!UnknownFunction []
[2020.01.20-04.34.40:473][907]LogWindows: Error: [Callstack] 0x00007ffba2cb4116 UE4Editor-Engine.dll!UnknownFunction []
[2020.01.20-04.34.40:473][907]LogWindows: Error: [Callstack] 0x00007ffbab1c9ff2 UE4Editor-Core.dll!UnknownFunction []
[2020.01.20-04.34.40:473][907]LogWindows: Error: [Callstack] 0x00007ffbab1ca2aa UE4Editor-Core.dll!UnknownFunction []
[2020.01.20-04.34.40:473][907]LogWindows: Error: [Callstack] 0x00007ffba2cd265d UE4Editor-Engine.dll!UnknownFunction []
[2020.01.20-04.34.40:473][907]LogWindows: Error: [Callstack] 0x00007ffba2cd84f2 UE4Editor-Engine.dll!UnknownFunction []
[2020.01.20-04.34.40:473][907]LogWindows: Error: [Callstack] 0x00007ffba2459f3f UE4Editor-Engine.dll!UnknownFunction []
[2020.01.20-04.34.40:473][907]LogWindows: Error: [Callstack] 0x00007ffba24655ee UE4Editor-Engine.dll!UnknownFunction []
[2020.01.20-04.34.40:473][907]LogWindows: Error: [Callstack] 0x00007ffba806adb0 UE4Editor-UnrealEd.dll!UnknownFunction []
[2020.01.20-04.34.40:473][907]LogWindows: Error: [Callstack] 0x00007ffba88cdd66 UE4Editor-UnrealEd.dll!UnknownFunction []
[2020.01.20-04.34.40:473][907]LogWindows: Error: [Callstack] 0x00007ff77d5b7f62 UE4Editor.exe!UnknownFunction []
[2020.01.20-04.34.40:473][907]LogWindows: Error: [Callstack] 0x00007ff77d5cc3ec UE4Editor.exe!UnknownFunction []
[2020.01.20-04.34.40:474][907]LogWindows: Error: [Callstack] 0x00007ff77d5cc4ca UE4Editor.exe!UnknownFunction []
[2020.01.20-04.34.40:474][907]LogWindows: Error: [Callstack] 0x00007ff77d5dceae UE4Editor.exe!UnknownFunction []
[2020.01.20-04.34.40:474][907]LogWindows: Error: [Callstack] 0x00007ff77d5dfcbe UE4Editor.exe!UnknownFunction []
[2020.01.20-04.34.40:474][907]LogWindows: Error: [Callstack] 0x00007ffc22097bd4 KERNEL32.DLL!UnknownFunction []
[2020.01.20-04.34.40:474][907]LogWindows: Error: [Callstack] 0x00007ffc2334ced1 ntdll.dll!UnknownFunction []
[2020.01.20-04.34.40:474][907]LogWindows: Error: 
[2020.01.20-04.34.40:496][907]LogExit: Executing StaticShutdownAfterError
[2020.01.20-04.34.40:516][907]LogWindows: FPlatformMisc::RequestExit(1)
[2020.01.20-04.34.40:516][907]LogCore: Engine exit requested (reason: Win RequestExit)
[2020.01.20-04.34.40:528][907]Log file closed, 01/19/20 23:34:40
