Log file open, 12/02/19 22:26:32
LogWindows: Failed to load 'aqProf.dll' (GetLastError=126)
LogWindows: File 'aqProf.dll' does not exist
LogWindows: Failed to load 'VtuneApi.dll' (GetLastError=126)
LogWindows: File 'VtuneApi.dll' does not exist
LogWindows: Failed to load 'VtuneApi32e.dll' (GetLastError=126)
LogWindows: File 'VtuneApi32e.dll' does not exist
LogConsoleResponse: Display: Failed to find resolution value strings in scalability ini. Falling back to default.
LogInit: Display: Running engine for game: BuildingEscape
LogPlatformFile: Not using cached read wrapper
LogTaskGraph: Started task graph with 5 named threads and 14 total threads with 3 sets of task threads.
LogStats: Stats thread started at 0.384590
LogD3D11RHI: Loaded GFSDK_Aftermath_Lib.x64.dll
LogICUInternationalization: ICU TimeZone Detection - Raw Offset: -5:00, Platform Override: ''
LogPluginManager: Mounting plugin Paper2D
LogPluginManager: Mounting plugin AISupport
LogPluginManager: Mounting plugin LightPropagationVolume
LogPluginManager: Mounting plugin ActorLayerUtilities
LogPluginManager: Mounting plugin AnimationSharing
LogPluginManager: Mounting plugin CLionSourceCodeAccess
LogPluginManager: Mounting plugin CodeLiteSourceCodeAccess
LogPluginManager: Mounting plugin GitSourceControl
LogPluginManager: Mounting plugin KDevelopSourceCodeAccess
LogPluginManager: Mounting plugin NullSourceCodeAccess
LogPluginManager: Mounting plugin PerforceSourceControl
LogPluginManager: Mounting plugin SubversionSourceControl
LogPluginManager: Mounting plugin UObjectPlugin
LogPluginManager: Mounting plugin VisualStudioCodeSourceCodeAccess
LogPluginManager: Mounting plugin VisualStudioSourceCodeAccess
LogPluginManager: Mounting plugin XCodeSourceCodeAccess
LogPluginManager: Mounting plugin AssetManagerEditor
LogPluginManager: Mounting plugin CryptoKeys
LogPluginManager: Mounting plugin CurveEditorTools
LogPluginManager: Mounting plugin DataValidation
LogPluginManager: Mounting plugin EditorScriptingUtilities
LogPluginManager: Mounting plugin FacialAnimation
LogPluginManager: Mounting plugin GameplayTagsEditor
LogPluginManager: Mounting plugin GLTFImporter
LogPluginManager: Mounting plugin MacGraphicsSwitching
LogPluginManager: Mounting plugin MaterialAnalyzer
LogPluginManager: Mounting plugin MeshEditor
LogPluginManager: Mounting plugin MobileLauncherProfileWizard
LogPluginManager: Mounting plugin PluginBrowser
LogPluginManager: Mounting plugin SpeedTreeImporter
LogPluginManager: Mounting plugin DatasmithContent
LogPluginManager: Mounting plugin VariantManagerContent
LogPluginManager: Mounting plugin AlembicImporter
LogPluginManager: Mounting plugin AutomationUtils
LogPluginManager: Mounting plugin BackChannel
LogPluginManager: Mounting plugin BlastPlugin
LogPluginManager: Mounting plugin ChaosSolverPlugin
LogPluginManager: Mounting plugin CharacterAI
LogPluginManager: Mounting plugin DataPrepEditor
LogPluginManager: Mounting plugin GeometryCache
LogPluginManager: Mounting plugin GeometryCollectionPlugin
LogPluginManager: Mounting plugin HTML5Networking
LogPluginManager: Mounting plugin PlatformCrypto
LogPluginManager: Mounting plugin ProxyLODPlugin
LogPluginManager: Mounting plugin SkeletalReduction
LogPluginManager: Mounting plugin MagicLeap
LogPluginManager: Mounting plugin MagicLeapMedia
LogPluginManager: Mounting plugin AndroidMedia
LogPluginManager: Mounting plugin AvfMedia
LogPluginManager: Mounting plugin ImgMedia
LogPluginManager: Mounting plugin MediaCompositing
LogPluginManager: Mounting plugin MediaPlayerEditor
LogPluginManager: Mounting plugin WebMMedia
LogPluginManager: Mounting plugin WmfMedia
LogPluginManager: Mounting plugin TcpMessaging
LogPluginManager: Mounting plugin UdpMessaging
LogPluginManager: Mounting plugin ActorSequence
LogPluginManager: Mounting plugin LevelSequenceEditor
LogPluginManager: Mounting plugin MatineeToLevelSequence
LogPluginManager: Mounting plugin NetcodeUnitTest
LogPluginManager: Mounting plugin NUTUnrealEngine4
LogPluginManager: Mounting plugin OnlineSubsystemGooglePlay
LogPluginManager: Mounting plugin OnlineSubsystemIOS
LogPluginManager: Mounting plugin OnlineSubsystem
LogPluginManager: Mounting plugin OnlineSubsystemNull
LogPluginManager: Mounting plugin OnlineSubsystemUtils
LogPluginManager: Mounting plugin LauncherChunkInstaller
LogPluginManager: Mounting plugin AndroidDeviceProfileSelector
LogPluginManager: Mounting plugin AndroidMoviePlayer
LogPluginManager: Mounting plugin AndroidPermission
LogPluginManager: Mounting plugin AppleImageUtils
LogPluginManager: Mounting plugin AppleMoviePlayer
LogPluginManager: Mounting plugin ArchVisCharacter
LogPluginManager: Mounting plugin AudioCapture
LogPluginManager: Mounting plugin CableComponent
LogPluginManager: Mounting plugin CustomMeshComponent
LogPluginManager: Mounting plugin EditableMesh
LogPluginManager: Mounting plugin ExampleDeviceProfileSelector
LogPluginManager: Mounting plugin GoogleCloudMessaging
LogPluginManager: Mounting plugin IOSDeviceProfileSelector
LogPluginManager: Mounting plugin LinuxDeviceProfileSelector
LogPluginManager: Mounting plugin LocationServicesBPLibrary
LogPluginManager: Mounting plugin MobilePatchingUtils
LogPluginManager: Mounting plugin OculusVR
LogPluginManager: Mounting plugin PhysXVehicles
LogPluginManager: Mounting plugin ProceduralMeshComponent
LogPluginManager: Mounting plugin RuntimePhysXCooking
LogPluginManager: Mounting plugin SignificanceManager
LogPluginManager: Mounting plugin SteamVR
LogPluginManager: Mounting plugin WebMMoviePlayer
LogPluginManager: Mounting plugin WindowsMoviePlayer
LogPluginManager: Mounting plugin ScreenshotTools
LogPluginManager: Mounting plugin DatasmithC4DImporter
LogPluginManager: Mounting plugin DatasmithCADImporter
LogPluginManager: Mounting plugin DatasmithFBXImporter
LogPluginManager: Mounting plugin DatasmithGLTFImporter
LogPluginManager: Mounting plugin DatasmithIFCImporter
LogPluginManager: Mounting plugin DatasmithImporter
LogPluginManager: Mounting plugin MDLImporter
LogPluginManager: Mounting plugin StaticMeshEditorExtension
LogPluginManager: Mounting plugin VariantManager
LogInit: Using libcurl 7.55.1-DEV
LogInit:  - built for x86_64-pc-win32
LogInit:  - supports SSL with OpenSSL/1.1.1
LogInit:  - supports HTTP deflate (compression) using libz 1.2.8
LogInit:  - other features:
LogInit:      CURL_VERSION_SSL
LogInit:      CURL_VERSION_LIBZ
LogInit:      CURL_VERSION_IPV6
LogInit:      CURL_VERSION_ASYNCHDNS
LogInit:      CURL_VERSION_LARGEFILE
LogInit:      CURL_VERSION_IDN
LogInit:  CurlRequestOptions (configurable via config and command line):
LogInit:  - bVerifyPeer = true  - Libcurl will verify peer certificate
LogInit:  - bUseHttpProxy = false  - Libcurl will NOT use HTTP proxy
LogInit:  - bDontReuseConnections = false  - Libcurl will reuse connections
LogInit:  - MaxHostConnections = 16  - Libcurl will limit the number of connections to a host
LogInit:  - LocalHostAddr = Default
LogInit:  - BufferSize = 65536
LogOnline: OSS: Creating online subsystem instance for: NULL
LogInit: WinSock: version 1.1 (2.2), MaxSocks=32767, MaxUdp=65467
LogInit: Build: ++UE4+Release-4.23-CL-8386587
LogInit: Engine Version: 4.23.0-8386587+++UE4+Release-4.23
LogInit: Compatible Engine Version: 4.23.0-8386587+++UE4+Release-4.23
LogInit: Net CL: 8386587
LogInit: OS: Windows 10 (Release 1903) (), CPU: Intel(R) Core(TM) i5-6300HQ CPU @ 2.30GHz, GPU: Intel(R) HD Graphics 530
LogInit: Compiled (64-bit): Aug 31 2019 02:04:44
LogInit: Compiled with Visual C++: 19.16.27030.01
LogInit: Build Configuration: Development
LogInit: Branch Name: ++UE4+Release-4.23
LogInit: Command Line: 
LogInit: Base Directory: C:/Program Files/Epic Games/UE_4.23/Engine/Binaries/Win64/
LogInit: Installed Engine Build: 1
LogDevObjectVersion: Number of dev versions registered: 23
LogDevObjectVersion:   Dev-Blueprints (B0D832E4-1F89-4F0D-ACCF-7EB736FD4AA2): 10
LogDevObjectVersion:   Dev-Build (E1C64328-A22C-4D53-A36C-8E866417BD8C): 0
LogDevObjectVersion:   Dev-Core (375EC13C-06E4-48FB-B500-84F0262A717E): 3
LogDevObjectVersion:   Dev-Editor (E4B068ED-F494-42E9-A231-DA0B2E46BB41): 34
LogDevObjectVersion:   Dev-Framework (CFFC743F-43B0-4480-9391-14DF171D2073): 35
LogDevObjectVersion:   Dev-Mobile (B02B49B5-BB20-44E9-A304-32B752E40360): 2
LogDevObjectVersion:   Dev-Networking (A4E4105C-59A1-49B5-A7C5-40C4547EDFEE): 0
LogDevObjectVersion:   Dev-Online (39C831C9-5AE6-47DC-9A44-9C173E1C8E7C): 0
LogDevObjectVersion:   Dev-Physics (78F01B33-EBEA-4F98-B9B4-84EACCB95AA2): 0
LogDevObjectVersion:   Dev-Platform (6631380F-2D4D-43E0-8009-CF276956A95A): 0
LogDevObjectVersion:   Dev-Rendering (12F88B9F-8875-4AFC-A67C-D90C383ABD29): 31
LogDevObjectVersion:   Dev-Sequencer (7B5AE74C-D270-4C10-A958-57980B212A5A): 11
LogDevObjectVersion:   Dev-VR (D7296918-1DD6-4BDD-9DE2-64A83CC13884): 2
LogDevObjectVersion:   Dev-LoadTimes (C2A15278-BFE7-4AFE-6C17-90FF531DF755): 1
LogDevObjectVersion:   Private-Geometry (6EACA3D4-40EC-4CC1-B786-8BED09428FC5): 3
LogDevObjectVersion:   Dev-AnimPhys (29E575DD-E0A3-4627-9D10-D276232CDCEA): 17
LogDevObjectVersion:   Dev-Anim (AF43A65D-7FD3-4947-9873-3E8ED9C1BB05): 2
LogDevObjectVersion:   Dev-ReflectionCapture (6B266CEC-1EC7-4B8F-A30B-E4D90942FC07): 1
LogDevObjectVersion:   Dev-Automation (0DF73D61-A23F-47EA-B727-89E90C41499A): 1
LogDevObjectVersion:   FortniteMain (601D1886-AC64-4F84-AA16-D3DE0DEAC7D6): 27
LogDevObjectVersion:   Dev-Enterprise (9DFFBCD6-494F-0158-E221-12823C92A888): 6
LogDevObjectVersion:   Dev-Niagara (F2AED0AC-9AFE-416F-8664-AA7FFA26D6FC): 1
LogDevObjectVersion:   Dev-Destruction (174F1F0B-B4C6-45A5-B13F-2EE8D0FB917D): 9
LogInit: Presizing for max 16777216 objects, including 0 objects not considered by GC, pre-allocating 0 bytes for permanent pool.
LogInit: Object subsystem initialized
LogConfig: Setting CVar [[con.DebugEarlyDefault:1]]
LogConfig: Setting CVar [[r.setres:1280x720]]
[2019.12.03-03.26.33:045][  0]LogConfig: Setting CVar [[r.VSync:0]]
[2019.12.03-03.26.33:045][  0]LogConfig: Setting CVar [[r.RHICmdBypass:0]]
[2019.12.03-03.26.33:045][  0]LogConfig: Applying CVar settings from Section [/Script/Engine.RendererSettings] File [C:/Users/TheK-B1000/Desktop/The K-B Folder/Unreal/repos/Section 3/BuildingEscape/Saved/Config/Windows/Engine.ini]
[2019.12.03-03.26.33:045][  0]LogConfig: Setting CVar [[r.GPUCrashDebugging:0]]
[2019.12.03-03.26.33:045][  0]LogConfig: Setting CVar [[r.DefaultFeature.AutoExposure.ExtendDefaultLuminanceRange:1]]
[2019.12.03-03.26.33:045][  0]LogConfig: Applying CVar settings from Section [/Script/Engine.RendererOverrideSettings] File [C:/Users/TheK-B1000/Desktop/The K-B Folder/Unreal/repos/Section 3/BuildingEscape/Saved/Config/Windows/Engine.ini]
[2019.12.03-03.26.33:045][  0]LogConfig: Applying CVar settings from Section [/Script/Engine.StreamingSettings] File [C:/Users/TheK-B1000/Desktop/The K-B Folder/Unreal/repos/Section 3/BuildingEscape/Saved/Config/Windows/Engine.ini]
[2019.12.03-03.26.33:045][  0]LogConfig: Setting CVar [[s.MinBulkDataSizeForAsyncLoading:131072]]
[2019.12.03-03.26.33:045][  0]LogConfig: Setting CVar [[s.AsyncLoadingThreadEnabled:0]]
[2019.12.03-03.26.33:045][  0]LogConfig: Setting CVar [[s.EventDrivenLoaderEnabled:1]]
[2019.12.03-03.26.33:045][  0]LogConfig: Setting CVar [[s.WarnIfTimeLimitExceeded:0]]
[2019.12.03-03.26.33:046][  0]LogConfig: Setting CVar [[s.TimeLimitExceededMultiplier:1.5]]
[2019.12.03-03.26.33:046][  0]LogConfig: Setting CVar [[s.TimeLimitExceededMinTime:0.005]]
[2019.12.03-03.26.33:046][  0]LogConfig: Setting CVar [[s.UseBackgroundLevelStreaming:1]]
[2019.12.03-03.26.33:046][  0]LogConfig: Setting CVar [[s.PriorityAsyncLoadingExtraTime:15.0]]
[2019.12.03-03.26.33:046][  0]LogConfig: Setting CVar [[s.LevelStreamingActorsUpdateTimeLimit:5.0]]
[2019.12.03-03.26.33:046][  0]LogConfig: Setting CVar [[s.PriorityLevelStreamingActorsUpdateExtraTime:5.0]]
[2019.12.03-03.26.33:046][  0]LogConfig: Setting CVar [[s.LevelStreamingComponentsRegistrationGranularity:10]]
[2019.12.03-03.26.33:046][  0]LogConfig: Setting CVar [[s.UnregisterComponentsTimeLimit:1.0]]
[2019.12.03-03.26.33:046][  0]LogConfig: Setting CVar [[s.LevelStreamingComponentsUnregistrationGranularity:5]]
[2019.12.03-03.26.33:046][  0]LogConfig: Applying CVar settings from Section [/Script/Engine.GarbageCollectionSettings] File [C:/Users/TheK-B1000/Desktop/The K-B Folder/Unreal/repos/Section 3/BuildingEscape/Saved/Config/Windows/Engine.ini]
[2019.12.03-03.26.33:046][  0]LogConfig: Setting CVar [[gc.MaxObjectsNotConsideredByGC:1]]
[2019.12.03-03.26.33:046][  0]LogConfig: Setting CVar [[gc.SizeOfPermanentObjectPool:0]]
[2019.12.03-03.26.33:046][  0]LogConfig: Setting CVar [[gc.FlushStreamingOnGC:0]]
[2019.12.03-03.26.33:046][  0]LogConfig: Setting CVar [[gc.NumRetriesBeforeForcingGC:10]]
[2019.12.03-03.26.33:046][  0]LogConfig: Setting CVar [[gc.AllowParallelGC:1]]
[2019.12.03-03.26.33:046][  0]LogConfig: Setting CVar [[gc.TimeBetweenPurgingPendingKillObjects:61.1]]
[2019.12.03-03.26.33:046][  0]LogConfig: Setting CVar [[gc.MaxObjectsInEditor:16777216]]
[2019.12.03-03.26.33:046][  0]LogConfig: Setting CVar [[gc.IncrementalBeginDestroyEnabled:1]]
[2019.12.03-03.26.33:046][  0]LogConfig: Setting CVar [[gc.CreateGCClusters:1]]
[2019.12.03-03.26.33:046][  0]LogConfig: Setting CVar [[gc.MinGCClusterSize:5]]
[2019.12.03-03.26.33:046][  0]LogConfig: Setting CVar [[gc.ActorClusteringEnabled:0]]
[2019.12.03-03.26.33:046][  0]LogConfig: Setting CVar [[gc.BlueprintClusteringEnabled:0]]
[2019.12.03-03.26.33:046][  0]LogConfig: Setting CVar [[gc.UseDisregardForGCOnDedicatedServers:0]]
[2019.12.03-03.26.33:046][  0]LogConfig: Applying CVar settings from Section [/Script/Engine.NetworkSettings] File [C:/Users/TheK-B1000/Desktop/The K-B Folder/Unreal/repos/Section 3/BuildingEscape/Saved/Config/Windows/Engine.ini]
[2019.12.03-03.26.33:046][  0]LogConfig: Applying CVar settings from Section [/Script/UnrealEd.CookerSettings] File [C:/Users/TheK-B1000/Desktop/The K-B Folder/Unreal/repos/Section 3/BuildingEscape/Saved/Config/Windows/Engine.ini]
[2019.12.03-03.26.33:053][  0]LogConfig: Applying CVar settings from Section [ViewDistanceQuality@3] File [C:/Users/TheK-B1000/Desktop/The K-B Folder/Unreal/repos/Section 3/BuildingEscape/Saved/Config/Windows/Scalability.ini]
[2019.12.03-03.26.33:053][  0]LogConfig: Setting CVar [[r.SkeletalMeshLODBias:0]]
[2019.12.03-03.26.33:053][  0]LogConfig: Setting CVar [[r.ViewDistanceScale:1.0]]
[2019.12.03-03.26.33:053][  0]LogConfig: Applying CVar settings from Section [AntiAliasingQuality@3] File [C:/Users/TheK-B1000/Desktop/The K-B Folder/Unreal/repos/Section 3/BuildingEscape/Saved/Config/Windows/Scalability.ini]
[2019.12.03-03.26.33:053][  0]LogConfig: Setting CVar [[r.PostProcessAAQuality:4]]
[2019.12.03-03.26.33:053][  0]LogConfig: Applying CVar settings from Section [ShadowQuality@3] File [C:/Users/TheK-B1000/Desktop/The K-B Folder/Unreal/repos/Section 3/BuildingEscape/Saved/Config/Windows/Scalability.ini]
[2019.12.03-03.26.33:053][  0]LogConfig: Setting CVar [[r.LightFunctionQuality:1]]
[2019.12.03-03.26.33:053][  0]LogConfig: Setting CVar [[r.ShadowQuality:5]]
[2019.12.03-03.26.33:053][  0]LogConfig: Setting CVar [[r.Shadow.CSM.MaxCascades:10]]
[2019.12.03-03.26.33:053][  0]LogConfig: Setting CVar [[r.Shadow.MaxResolution:2048]]
[2019.12.03-03.26.33:053][  0]LogConfig: Setting CVar [[r.Shadow.MaxCSMResolution:2048]]
[2019.12.03-03.26.33:053][  0]LogConfig: Setting CVar [[r.Shadow.RadiusThreshold:0.01]]
[2019.12.03-03.26.33:053][  0]LogConfig: Setting CVar [[r.Shadow.DistanceScale:1.0]]
[2019.12.03-03.26.33:053][  0]LogConfig: Setting CVar [[r.Shadow.CSM.TransitionScale:1.0]]
[2019.12.03-03.26.33:053][  0]LogConfig: Setting CVar [[r.Shadow.PreShadowResolutionFactor:1.0]]
[2019.12.03-03.26.33:054][  0]LogConfig: Setting CVar [[r.DistanceFieldShadowing:1]]
[2019.12.03-03.26.33:054][  0]LogConfig: Setting CVar [[r.DistanceFieldAO:1]]
[2019.12.03-03.26.33:054][  0]LogConfig: Setting CVar [[r.AOQuality:2]]
[2019.12.03-03.26.33:054][  0]LogConfig: Setting CVar [[r.VolumetricFog:1]]
[2019.12.03-03.26.33:054][  0]LogConfig: Setting CVar [[r.VolumetricFog.GridPixelSize:8]]
[2019.12.03-03.26.33:054][  0]LogConfig: Setting CVar [[r.VolumetricFog.GridSizeZ:128]]
[2019.12.03-03.26.33:054][  0]LogConfig: Setting CVar [[r.VolumetricFog.HistoryMissSupersampleCount:4]]
[2019.12.03-03.26.33:054][  0]LogConfig: Setting CVar [[r.LightMaxDrawDistanceScale:1]]
[2019.12.03-03.26.33:054][  0]LogConfig: Setting CVar [[r.CapsuleShadows:1]]
[2019.12.03-03.26.33:054][  0]LogConfig: Applying CVar settings from Section [PostProcessQuality@3] File [C:/Users/TheK-B1000/Desktop/The K-B Folder/Unreal/repos/Section 3/BuildingEscape/Saved/Config/Windows/Scalability.ini]
[2019.12.03-03.26.33:054][  0]LogConfig: Setting CVar [[r.MotionBlurQuality:4]]
[2019.12.03-03.26.33:054][  0]LogConfig: Setting CVar [[r.AmbientOcclusionMipLevelFactor:0.4]]
[2019.12.03-03.26.33:054][  0]LogConfig: Setting CVar [[r.AmbientOcclusionMaxQuality:100]]
[2019.12.03-03.26.33:054][  0]LogConfig: Setting CVar [[r.AmbientOcclusionLevels:-1]]
[2019.12.03-03.26.33:054][  0]LogConfig: Setting CVar [[r.AmbientOcclusionRadiusScale:1.0]]
[2019.12.03-03.26.33:054][  0]LogConfig: Setting CVar [[r.DepthOfFieldQuality:2]]
[2019.12.03-03.26.33:054][  0]LogConfig: Setting CVar [[r.RenderTargetPoolMin:400]]
[2019.12.03-03.26.33:054][  0]LogConfig: Setting CVar [[r.LensFlareQuality:2]]
[2019.12.03-03.26.33:054][  0]LogConfig: Setting CVar [[r.SceneColorFringeQuality:1]]
[2019.12.03-03.26.33:054][  0]LogConfig: Setting CVar [[r.EyeAdaptationQuality:2]]
[2019.12.03-03.26.33:054][  0]LogConfig: Setting CVar [[r.BloomQuality:5]]
[2019.12.03-03.26.33:054][  0]LogConfig: Setting CVar [[r.FastBlurThreshold:100]]
[2019.12.03-03.26.33:054][  0]LogConfig: Setting CVar [[r.Upscale.Quality:3]]
[2019.12.03-03.26.33:054][  0]LogConfig: Setting CVar [[r.Tonemapper.GrainQuantization:1]]
[2019.12.03-03.26.33:054][  0]LogConfig: Setting CVar [[r.LightShaftQuality:1]]
[2019.12.03-03.26.33:054][  0]LogConfig: Setting CVar [[r.Filter.SizeScale:1]]
[2019.12.03-03.26.33:054][  0]LogConfig: Setting CVar [[r.Tonemapper.Quality:5]]
[2019.12.03-03.26.33:054][  0]LogConfig: Setting CVar [[r.DOF.Gather.AccumulatorQuality:1        ; higher gathering accumulator quality]]
[2019.12.03-03.26.33:054][  0]LogConfig: Setting CVar [[r.DOF.Gather.PostfilterMethod:1          ; Median3x3 postfilering method]]
[2019.12.03-03.26.33:054][  0]LogConfig: Setting CVar [[r.DOF.Gather.EnableBokehSettings:0       ; no bokeh simulation when gathering]]
[2019.12.03-03.26.33:054][  0]LogConfig: Setting CVar [[r.DOF.Gather.RingCount:4                 ; medium number of samples when gathering]]
[2019.12.03-03.26.33:054][  0]LogConfig: Setting CVar [[r.DOF.Scatter.ForegroundCompositing:1    ; additive foreground scattering]]
[2019.12.03-03.26.33:054][  0]LogConfig: Setting CVar [[r.DOF.Scatter.BackgroundCompositing:2    ; additive background scattering]]
[2019.12.03-03.26.33:054][  0]LogConfig: Setting CVar [[r.DOF.Scatter.EnableBokehSettings:1      ; bokeh simulation when scattering]]
[2019.12.03-03.26.33:054][  0]LogConfig: Setting CVar [[r.DOF.Scatter.MaxSpriteRatio:0.1         ; only a maximum of 10% of scattered bokeh]]
[2019.12.03-03.26.33:054][  0]LogConfig: Setting CVar [[r.DOF.Recombine.Quality:1                ; cheap slight out of focus]]
[2019.12.03-03.26.33:054][  0]LogConfig: Setting CVar [[r.DOF.Recombine.EnableBokehSettings:0    ; no bokeh simulation on slight out of focus]]
[2019.12.03-03.26.33:054][  0]LogConfig: Setting CVar [[r.DOF.TemporalAAQuality:1                ; more stable temporal accumulation]]
[2019.12.03-03.26.33:054][  0]LogConfig: Setting CVar [[r.DOF.Kernel.MaxForegroundRadius:0.025]]
[2019.12.03-03.26.33:054][  0]LogConfig: Setting CVar [[r.DOF.Kernel.MaxBackgroundRadius:0.025]]
[2019.12.03-03.26.33:055][  0]LogConfig: Applying CVar settings from Section [TextureQuality@3] File [C:/Users/TheK-B1000/Desktop/The K-B Folder/Unreal/repos/Section 3/BuildingEscape/Saved/Config/Windows/Scalability.ini]
[2019.12.03-03.26.33:055][  0]LogConfig: Setting CVar [[r.Streaming.MipBias:0]]
[2019.12.03-03.26.33:055][  0]LogConfig: Setting CVar [[r.Streaming.AmortizeCPUToGPUCopy:0]]
[2019.12.03-03.26.33:055][  0]LogConfig: Setting CVar [[r.Streaming.MaxNumTexturesToStreamPerFrame:0]]
[2019.12.03-03.26.33:055][  0]LogConfig: Setting CVar [[r.Streaming.Boost:1]]
[2019.12.03-03.26.33:055][  0]LogConfig: Setting CVar [[r.MaxAnisotropy:8]]
[2019.12.03-03.26.33:055][  0]LogConfig: Setting CVar [[r.Streaming.LimitPoolSizeToVRAM:0]]
[2019.12.03-03.26.33:055][  0]LogConfig: Setting CVar [[r.Streaming.PoolSize:1000]]
[2019.12.03-03.26.33:055][  0]LogConfig: Setting CVar [[r.Streaming.MaxEffectiveScreenSize:0]]
[2019.12.03-03.26.33:055][  0]LogConfig: Applying CVar settings from Section [EffectsQuality@3] File [C:/Users/TheK-B1000/Desktop/The K-B Folder/Unreal/repos/Section 3/BuildingEscape/Saved/Config/Windows/Scalability.ini]
[2019.12.03-03.26.33:055][  0]LogConfig: Setting CVar [[r.TranslucencyLightingVolumeDim:64]]
[2019.12.03-03.26.33:055][  0]LogConfig: Setting CVar [[r.RefractionQuality:2]]
[2019.12.03-03.26.33:055][  0]LogConfig: Setting CVar [[r.SSR.Quality:3]]
[2019.12.03-03.26.33:055][  0]LogConfig: Setting CVar [[r.SceneColorFormat:4]]
[2019.12.03-03.26.33:055][  0]LogConfig: Setting CVar [[r.DetailMode:2]]
[2019.12.03-03.26.33:055][  0]LogConfig: Setting CVar [[r.TranslucencyVolumeBlur:1]]
[2019.12.03-03.26.33:055][  0]LogConfig: Setting CVar [[r.MaterialQualityLevel:1 ; High quality]]
[2019.12.03-03.26.33:055][  0]LogConfig: Setting CVar [[r.SSS.Scale:1]]
[2019.12.03-03.26.33:055][  0]LogConfig: Setting CVar [[r.SSS.SampleSet:2]]
[2019.12.03-03.26.33:055][  0]LogConfig: Setting CVar [[r.SSS.Quality:1]]
[2019.12.03-03.26.33:055][  0]LogConfig: Setting CVar [[r.SSS.HalfRes:1]]
[2019.12.03-03.26.33:055][  0]LogConfig: Setting CVar [[r.EmitterSpawnRateScale:1.0]]
[2019.12.03-03.26.33:055][  0]LogConfig: Setting CVar [[r.ParticleLightQuality:2]]
[2019.12.03-03.26.33:055][  0]LogConfig: Applying CVar settings from Section [FoliageQuality@3] File [C:/Users/TheK-B1000/Desktop/The K-B Folder/Unreal/repos/Section 3/BuildingEscape/Saved/Config/Windows/Scalability.ini]
[2019.12.03-03.26.33:055][  0]LogConfig: Setting CVar [[foliage.DensityScale:1.0]]
[2019.12.03-03.26.33:055][  0]LogConfig: Setting CVar [[grass.DensityScale:1.0]]
[2019.12.03-03.26.33:055][  0]LogInit: Selected Device Profile: [Windows]
[2019.12.03-03.26.33:055][  0]LogInit: Applying CVar settings loaded from the selected device profile: [Windows]
[2019.12.03-03.26.33:060][  0]LogHAL: Display: Platform has ~ 8 GB [8462237696 / 8589934592 / 8], which maps to Default [LargestMinGB=32, LargerMinGB=12, DefaultMinGB=8, SmallerMinGB=6, SmallestMinGB=0)
[2019.12.03-03.26.33:060][  0]LogInit: Going up to parent DeviceProfile []
[2019.12.03-03.26.33:060][  0]LogConfig: Applying CVar settings from Section [ViewDistanceQuality@3] File [C:/Users/TheK-B1000/Desktop/The K-B Folder/Unreal/repos/Section 3/BuildingEscape/Saved/Config/Windows/Scalability.ini]
[2019.12.03-03.26.33:061][  0]LogConfig: Setting CVar [[r.SkeletalMeshLODBias:0]]
[2019.12.03-03.26.33:061][  0]LogConfig: Setting CVar [[r.ViewDistanceScale:1.0]]
[2019.12.03-03.26.33:061][  0]LogConfig: Applying CVar settings from Section [AntiAliasingQuality@3] File [C:/Users/TheK-B1000/Desktop/The K-B Folder/Unreal/repos/Section 3/BuildingEscape/Saved/Config/Windows/Scalability.ini]
[2019.12.03-03.26.33:061][  0]LogConfig: Setting CVar [[r.PostProcessAAQuality:4]]
[2019.12.03-03.26.33:061][  0]LogConfig: Applying CVar settings from Section [ShadowQuality@3] File [C:/Users/TheK-B1000/Desktop/The K-B Folder/Unreal/repos/Section 3/BuildingEscape/Saved/Config/Windows/Scalability.ini]
[2019.12.03-03.26.33:061][  0]LogConfig: Setting CVar [[r.LightFunctionQuality:1]]
[2019.12.03-03.26.33:061][  0]LogConfig: Setting CVar [[r.ShadowQuality:5]]
[2019.12.03-03.26.33:061][  0]LogConfig: Setting CVar [[r.Shadow.CSM.MaxCascades:10]]
[2019.12.03-03.26.33:061][  0]LogConfig: Setting CVar [[r.Shadow.MaxResolution:2048]]
[2019.12.03-03.26.33:061][  0]LogConfig: Setting CVar [[r.Shadow.MaxCSMResolution:2048]]
[2019.12.03-03.26.33:061][  0]LogConfig: Setting CVar [[r.Shadow.RadiusThreshold:0.01]]
[2019.12.03-03.26.33:061][  0]LogConfig: Setting CVar [[r.Shadow.DistanceScale:1.0]]
[2019.12.03-03.26.33:061][  0]LogConfig: Setting CVar [[r.Shadow.CSM.TransitionScale:1.0]]
[2019.12.03-03.26.33:061][  0]LogConfig: Setting CVar [[r.Shadow.PreShadowResolutionFactor:1.0]]
[2019.12.03-03.26.33:061][  0]LogConfig: Setting CVar [[r.DistanceFieldShadowing:1]]
[2019.12.03-03.26.33:061][  0]LogConfig: Setting CVar [[r.DistanceFieldAO:1]]
[2019.12.03-03.26.33:061][  0]LogConfig: Setting CVar [[r.AOQuality:2]]
[2019.12.03-03.26.33:061][  0]LogConfig: Setting CVar [[r.VolumetricFog:1]]
[2019.12.03-03.26.33:061][  0]LogConfig: Setting CVar [[r.VolumetricFog.GridPixelSize:8]]
[2019.12.03-03.26.33:061][  0]LogConfig: Setting CVar [[r.VolumetricFog.GridSizeZ:128]]
[2019.12.03-03.26.33:061][  0]LogConfig: Setting CVar [[r.VolumetricFog.HistoryMissSupersampleCount:4]]
[2019.12.03-03.26.33:061][  0]LogConfig: Setting CVar [[r.LightMaxDrawDistanceScale:1]]
[2019.12.03-03.26.33:061][  0]LogConfig: Setting CVar [[r.CapsuleShadows:1]]
[2019.12.03-03.26.33:061][  0]LogConfig: Applying CVar settings from Section [PostProcessQuality@3] File [C:/Users/TheK-B1000/Desktop/The K-B Folder/Unreal/repos/Section 3/BuildingEscape/Saved/Config/Windows/Scalability.ini]
[2019.12.03-03.26.33:061][  0]LogConfig: Setting CVar [[r.MotionBlurQuality:4]]
[2019.12.03-03.26.33:061][  0]LogConfig: Setting CVar [[r.AmbientOcclusionMipLevelFactor:0.4]]
[2019.12.03-03.26.33:061][  0]LogConfig: Setting CVar [[r.AmbientOcclusionMaxQuality:100]]
[2019.12.03-03.26.33:061][  0]LogConfig: Setting CVar [[r.AmbientOcclusionLevels:-1]]
[2019.12.03-03.26.33:061][  0]LogConfig: Setting CVar [[r.AmbientOcclusionRadiusScale:1.0]]
[2019.12.03-03.26.33:061][  0]LogConfig: Setting CVar [[r.DepthOfFieldQuality:2]]
[2019.12.03-03.26.33:061][  0]LogConfig: Setting CVar [[r.RenderTargetPoolMin:400]]
[2019.12.03-03.26.33:061][  0]LogConfig: Setting CVar [[r.LensFlareQuality:2]]
[2019.12.03-03.26.33:061][  0]LogConfig: Setting CVar [[r.SceneColorFringeQuality:1]]
[2019.12.03-03.26.33:061][  0]LogConfig: Setting CVar [[r.EyeAdaptationQuality:2]]
[2019.12.03-03.26.33:061][  0]LogConfig: Setting CVar [[r.BloomQuality:5]]
[2019.12.03-03.26.33:061][  0]LogConfig: Setting CVar [[r.FastBlurThreshold:100]]
[2019.12.03-03.26.33:061][  0]LogConfig: Setting CVar [[r.Upscale.Quality:3]]
[2019.12.03-03.26.33:061][  0]LogConfig: Setting CVar [[r.Tonemapper.GrainQuantization:1]]
[2019.12.03-03.26.33:061][  0]LogConfig: Setting CVar [[r.LightShaftQuality:1]]
[2019.12.03-03.26.33:061][  0]LogConfig: Setting CVar [[r.Filter.SizeScale:1]]
[2019.12.03-03.26.33:061][  0]LogConfig: Setting CVar [[r.Tonemapper.Quality:5]]
[2019.12.03-03.26.33:061][  0]LogConfig: Setting CVar [[r.DOF.Gather.AccumulatorQuality:1        ; higher gathering accumulator quality]]
[2019.12.03-03.26.33:061][  0]LogConfig: Setting CVar [[r.DOF.Gather.PostfilterMethod:1          ; Median3x3 postfilering method]]
[2019.12.03-03.26.33:061][  0]LogConfig: Setting CVar [[r.DOF.Gather.EnableBokehSettings:0       ; no bokeh simulation when gathering]]
[2019.12.03-03.26.33:061][  0]LogConfig: Setting CVar [[r.DOF.Gather.RingCount:4                 ; medium number of samples when gathering]]
[2019.12.03-03.26.33:061][  0]LogConfig: Setting CVar [[r.DOF.Scatter.ForegroundCompositing:1    ; additive foreground scattering]]
[2019.12.03-03.26.33:061][  0]LogConfig: Setting CVar [[r.DOF.Scatter.BackgroundCompositing:2    ; additive background scattering]]
[2019.12.03-03.26.33:061][  0]LogConfig: Setting CVar [[r.DOF.Scatter.EnableBokehSettings:1      ; bokeh simulation when scattering]]
[2019.12.03-03.26.33:061][  0]LogConfig: Setting CVar [[r.DOF.Scatter.MaxSpriteRatio:0.1         ; only a maximum of 10% of scattered bokeh]]
[2019.12.03-03.26.33:061][  0]LogConfig: Setting CVar [[r.DOF.Recombine.Quality:1                ; cheap slight out of focus]]
[2019.12.03-03.26.33:061][  0]LogConfig: Setting CVar [[r.DOF.Recombine.EnableBokehSettings:0    ; no bokeh simulation on slight out of focus]]
[2019.12.03-03.26.33:062][  0]LogConfig: Setting CVar [[r.DOF.TemporalAAQuality:1                ; more stable temporal accumulation]]
[2019.12.03-03.26.33:062][  0]LogConfig: Setting CVar [[r.DOF.Kernel.MaxForegroundRadius:0.025]]
[2019.12.03-03.26.33:062][  0]LogConfig: Setting CVar [[r.DOF.Kernel.MaxBackgroundRadius:0.025]]
[2019.12.03-03.26.33:062][  0]LogConfig: Applying CVar settings from Section [TextureQuality@3] File [C:/Users/TheK-B1000/Desktop/The K-B Folder/Unreal/repos/Section 3/BuildingEscape/Saved/Config/Windows/Scalability.ini]
[2019.12.03-03.26.33:062][  0]LogConfig: Setting CVar [[r.Streaming.MipBias:0]]
[2019.12.03-03.26.33:062][  0]LogConfig: Setting CVar [[r.Streaming.AmortizeCPUToGPUCopy:0]]
[2019.12.03-03.26.33:062][  0]LogConfig: Setting CVar [[r.Streaming.MaxNumTexturesToStreamPerFrame:0]]
[2019.12.03-03.26.33:062][  0]LogConfig: Setting CVar [[r.Streaming.Boost:1]]
[2019.12.03-03.26.33:062][  0]LogConfig: Setting CVar [[r.MaxAnisotropy:8]]
[2019.12.03-03.26.33:062][  0]LogConfig: Setting CVar [[r.Streaming.LimitPoolSizeToVRAM:0]]
[2019.12.03-03.26.33:062][  0]LogConfig: Setting CVar [[r.Streaming.PoolSize:1000]]
[2019.12.03-03.26.33:062][  0]LogConfig: Setting CVar [[r.Streaming.MaxEffectiveScreenSize:0]]
[2019.12.03-03.26.33:062][  0]LogConfig: Applying CVar settings from Section [EffectsQuality@3] File [C:/Users/TheK-B1000/Desktop/The K-B Folder/Unreal/repos/Section 3/BuildingEscape/Saved/Config/Windows/Scalability.ini]
[2019.12.03-03.26.33:062][  0]LogConfig: Setting CVar [[r.TranslucencyLightingVolumeDim:64]]
[2019.12.03-03.26.33:062][  0]LogConfig: Setting CVar [[r.RefractionQuality:2]]
[2019.12.03-03.26.33:062][  0]LogConfig: Setting CVar [[r.SSR.Quality:3]]
[2019.12.03-03.26.33:062][  0]LogConfig: Setting CVar [[r.SceneColorFormat:4]]
[2019.12.03-03.26.33:062][  0]LogConfig: Setting CVar [[r.DetailMode:2]]
[2019.12.03-03.26.33:062][  0]LogConfig: Setting CVar [[r.TranslucencyVolumeBlur:1]]
[2019.12.03-03.26.33:062][  0]LogConfig: Setting CVar [[r.MaterialQualityLevel:1 ; High quality]]
[2019.12.03-03.26.33:062][  0]LogConfig: Setting CVar [[r.SSS.Scale:1]]
[2019.12.03-03.26.33:062][  0]LogConfig: Setting CVar [[r.SSS.SampleSet:2]]
[2019.12.03-03.26.33:062][  0]LogConfig: Setting CVar [[r.SSS.Quality:1]]
[2019.12.03-03.26.33:062][  0]LogConfig: Setting CVar [[r.SSS.HalfRes:1]]
[2019.12.03-03.26.33:062][  0]LogConfig: Setting CVar [[r.EmitterSpawnRateScale:1.0]]
[2019.12.03-03.26.33:062][  0]LogConfig: Setting CVar [[r.ParticleLightQuality:2]]
[2019.12.03-03.26.33:062][  0]LogConfig: Applying CVar settings from Section [FoliageQuality@3] File [C:/Users/TheK-B1000/Desktop/The K-B Folder/Unreal/repos/Section 3/BuildingEscape/Saved/Config/Windows/Scalability.ini]
[2019.12.03-03.26.33:062][  0]LogConfig: Setting CVar [[foliage.DensityScale:1.0]]
[2019.12.03-03.26.33:062][  0]LogConfig: Setting CVar [[grass.DensityScale:1.0]]
[2019.12.03-03.26.33:062][  0]LogConfig: Applying CVar settings from Section [Startup] File [../../../Engine/Config/ConsoleVariables.ini]
[2019.12.03-03.26.33:063][  0]LogConfig: Setting CVar [[net.UseAdaptiveNetUpdateFrequency:0]]
[2019.12.03-03.26.33:063][  0]LogConfig: Setting CVar [[p.chaos.AllowCreatePhysxBodies:1]]
[2019.12.03-03.26.33:063][  0]LogConfig: Applying CVar settings from Section [ConsoleVariables] File [C:/Users/TheK-B1000/Desktop/The K-B Folder/Unreal/repos/Section 3/BuildingEscape/Saved/Config/Windows/Engine.ini]
[2019.12.03-03.26.33:064][  0]LogInit: Computer: LAPTOP-7TARG8CR
[2019.12.03-03.26.33:065][  0]LogInit: User: TheKB1000
[2019.12.03-03.26.33:065][  0]LogInit: CPU Page size=4096, Cores=4
[2019.12.03-03.26.33:065][  0]LogInit: High frequency timer resolution =10.000000 MHz
[2019.12.03-03.26.33:065][  0]LogMemory: Memory total: Physical=7.9GB (8GB approx)
[2019.12.03-03.26.33:065][  0]LogMemory: Platform Memory Stats for Windows
[2019.12.03-03.26.33:065][  0]LogMemory: Process Physical Memory: 100.85 MB used, 100.86 MB peak
[2019.12.03-03.26.33:065][  0]LogMemory: Process Virtual Memory: 100.27 MB used, 100.27 MB peak
[2019.12.03-03.26.33:065][  0]LogMemory: Physical Memory: 6216.03 MB used,  1854.19 MB free, 8070.22 MB total
[2019.12.03-03.26.33:065][  0]LogMemory: Virtual Memory: 4656.42 MB used,  134213072.00 MB free, 134217728.00 MB total
[2019.12.03-03.26.33:073][  0]LogWindows: WindowsPlatformFeatures enabled
[2019.12.03-03.26.33:204][  0]LogInit: Using OS detected language (en-US).
[2019.12.03-03.26.33:204][  0]LogInit: Using OS detected locale (en-US).
[2019.12.03-03.26.33:206][  0]LogTextLocalizationManager: No specific localization for 'en-US' exists, so the 'en' localization will be used.
[2019.12.03-03.26.33:560][  0]LogInit: Setting process to per monitor DPI aware
[2019.12.03-03.26.33:619][  0]LogSlate: New Slate User Created.  User Index 0, Is Virtual User: 0
[2019.12.03-03.26.33:619][  0]LogSlate: Slate User Registered.  User Index 0, Is Virtual User: 0
[2019.12.03-03.26.34:095][  0]LogHMD: Failed to initialize OpenVR with code 110
[2019.12.03-03.26.34:095][  0]LogD3D11RHI: D3D11 adapters:
[2019.12.03-03.26.34:209][  0]LogD3D11RHI:    0. 'NVIDIA GeForce GTX 960M' (Feature Level 11_0)
[2019.12.03-03.26.34:209][  0]LogD3D11RHI:       4055/0/4035 MB DedicatedVideo/DedicatedSystem/SharedSystem, Outputs:1, VendorId:0x10de
[2019.12.03-03.26.34:227][  0]LogD3D11RHI:    1. 'Intel(R) HD Graphics 530' (Feature Level 11_0)
[2019.12.03-03.26.34:227][  0]LogD3D11RHI:       128/0/4035 MB DedicatedVideo/DedicatedSystem/SharedSystem, Outputs:0, VendorId:0x8086
[2019.12.03-03.26.34:239][  0]LogD3D11RHI:    2. 'Microsoft Basic Render Driver' (Feature Level 11_0)
[2019.12.03-03.26.34:240][  0]LogD3D11RHI:       0/0/4035 MB DedicatedVideo/DedicatedSystem/SharedSystem, Outputs:0, VendorId:0x1414
[2019.12.03-03.26.34:240][  0]LogD3D11RHI: Chosen D3D11 Adapter: 0
[2019.12.03-03.26.34:308][  0]LogD3D11RHI: Creating new Direct3DDevice
[2019.12.03-03.26.34:308][  0]LogD3D11RHI:     GPU DeviceId: 0x139b (for the marketing name, search the web for "GPU Device Id")
[2019.12.03-03.26.34:308][  0]LogWindows: EnumDisplayDevices:
[2019.12.03-03.26.34:309][  0]LogWindows:    0. 'Intel(R) HD Graphics 530' (P:1 D:1)
[2019.12.03-03.26.34:309][  0]LogWindows:    1. 'Intel(R) HD Graphics 530' (P:0 D:0)
[2019.12.03-03.26.34:310][  0]LogWindows:    2. 'Intel(R) HD Graphics 530' (P:0 D:0)
[2019.12.03-03.26.34:310][  0]LogWindows: DebugString: PrimaryIsNotTheChoosenAdapter PrimaryIsNotTheChoosenAdapter PrimaryIsNotTheChoosenAdapter FoundDriverCount:0 
[2019.12.03-03.26.34:310][  0]LogD3D11RHI:     Adapter Name: NVIDIA GeForce GTX 960M
[2019.12.03-03.26.34:310][  0]LogD3D11RHI:   Driver Version: Unknown (internal:Unknown, unified:Unknown)
[2019.12.03-03.26.34:310][  0]LogD3D11RHI:      Driver Date: Unknown
[2019.12.03-03.26.34:310][  0]LogRHI: Texture pool is 2839 MB (70% of 4055 MB)
[2019.12.03-03.26.34:374][  0]LogD3D11RHI: Async texture creation enabled
[2019.12.03-03.26.34:394][  0]LogD3D11RHI: GPU Timing Frequency: 1000.000000 (Debug: 2 2)
[2019.12.03-03.26.35:063][  0]LogTemp: Display: Module 'AllDesktopTargetPlatform' loaded TargetPlatform 'AllDesktop'
[2019.12.03-03.26.35:082][  0]LogTemp: Display: Module 'MacClientTargetPlatform' loaded TargetPlatform 'MacClient'
[2019.12.03-03.26.35:100][  0]LogTemp: Display: Module 'MacNoEditorTargetPlatform' loaded TargetPlatform 'MacNoEditor'
[2019.12.03-03.26.35:117][  0]LogTemp: Display: Module 'MacServerTargetPlatform' loaded TargetPlatform 'MacServer'
[2019.12.03-03.26.35:136][  0]LogTemp: Display: Module 'MacTargetPlatform' loaded TargetPlatform 'Mac'
[2019.12.03-03.26.35:152][  0]LogTemp: Display: Module 'WindowsClientTargetPlatform' loaded TargetPlatform 'WindowsClient'
[2019.12.03-03.26.35:168][  0]LogTemp: Display: Module 'WindowsNoEditorTargetPlatform' loaded TargetPlatform 'WindowsNoEditor'
[2019.12.03-03.26.35:184][  0]LogTemp: Display: Module 'WindowsServerTargetPlatform' loaded TargetPlatform 'WindowsServer'
[2019.12.03-03.26.35:195][  0]LogTemp: Display: Module 'WindowsTargetPlatform' loaded TargetPlatform 'Windows'
[2019.12.03-03.26.35:246][  0]LogTemp: Display: Module 'AndroidTargetPlatform' loaded TargetPlatform 'Android'
[2019.12.03-03.26.35:246][  0]LogTemp: Display: Module 'AndroidTargetPlatform' loaded TargetPlatform 'Android_ASTC'
[2019.12.03-03.26.35:246][  0]LogTemp: Display: Module 'AndroidTargetPlatform' loaded TargetPlatform 'Android_ATC'
[2019.12.03-03.26.35:246][  0]LogTemp: Display: Module 'AndroidTargetPlatform' loaded TargetPlatform 'Android_DXT'
[2019.12.03-03.26.35:246][  0]LogTemp: Display: Module 'AndroidTargetPlatform' loaded TargetPlatform 'Android_ETC1'
[2019.12.03-03.26.35:247][  0]LogTemp: Display: Module 'AndroidTargetPlatform' loaded TargetPlatform 'Android_ETC1a'
[2019.12.03-03.26.35:247][  0]LogTemp: Display: Module 'AndroidTargetPlatform' loaded TargetPlatform 'Android_ETC2'
[2019.12.03-03.26.35:247][  0]LogTemp: Display: Module 'AndroidTargetPlatform' loaded TargetPlatform 'Android_PVRTC'
[2019.12.03-03.26.35:247][  0]LogTemp: Display: Module 'AndroidTargetPlatform' loaded TargetPlatform 'AndroidClient'
[2019.12.03-03.26.35:247][  0]LogTemp: Display: Module 'AndroidTargetPlatform' loaded TargetPlatform 'Android_ASTCClient'
[2019.12.03-03.26.35:247][  0]LogTemp: Display: Module 'AndroidTargetPlatform' loaded TargetPlatform 'Android_ATCClient'
[2019.12.03-03.26.35:247][  0]LogTemp: Display: Module 'AndroidTargetPlatform' loaded TargetPlatform 'Android_DXTClient'
[2019.12.03-03.26.35:247][  0]LogTemp: Display: Module 'AndroidTargetPlatform' loaded TargetPlatform 'Android_ETC1Client'
[2019.12.03-03.26.35:247][  0]LogTemp: Display: Module 'AndroidTargetPlatform' loaded TargetPlatform 'Android_ETC1aClient'
[2019.12.03-03.26.35:247][  0]LogTemp: Display: Module 'AndroidTargetPlatform' loaded TargetPlatform 'Android_ETC2Client'
[2019.12.03-03.26.35:247][  0]LogTemp: Display: Module 'AndroidTargetPlatform' loaded TargetPlatform 'Android_PVRTCClient'
[2019.12.03-03.26.35:247][  0]LogTemp: Display: Module 'AndroidTargetPlatform' loaded TargetPlatform 'Android_Multi'
[2019.12.03-03.26.35:247][  0]LogTemp: Display: Module 'AndroidTargetPlatform' loaded TargetPlatform 'Android_MultiClient'
[2019.12.03-03.26.35:253][  0]LogTemp: Display: Module 'HTML5TargetPlatform' loaded TargetPlatform 'HTML5'
[2019.12.03-03.26.35:290][  0]LogTemp: Display: Module 'IOSTargetPlatform' loaded TargetPlatform 'IOSClient'
[2019.12.03-03.26.35:290][  0]LogTemp: Display: Module 'IOSTargetPlatform' loaded TargetPlatform 'IOS'
[2019.12.03-03.26.35:313][  0]LogTemp: Display: Module 'TVOSTargetPlatform' loaded TargetPlatform 'TVOSClient'
[2019.12.03-03.26.35:313][  0]LogTemp: Display: Module 'TVOSTargetPlatform' loaded TargetPlatform 'TVOS'
[2019.12.03-03.26.35:327][  0]LogTemp: Display: Module 'LinuxClientTargetPlatform' loaded TargetPlatform 'LinuxClient'
[2019.12.03-03.26.35:342][  0]LogTemp: Display: Module 'LinuxNoEditorTargetPlatform' loaded TargetPlatform 'LinuxNoEditor'
[2019.12.03-03.26.35:355][  0]LogTemp: Display: Module 'LinuxServerTargetPlatform' loaded TargetPlatform 'LinuxServer'
[2019.12.03-03.26.35:370][  0]LogTemp: Display: Module 'LinuxTargetPlatform' loaded TargetPlatform 'Linux'
[2019.12.03-03.26.35:407][  0]LogTemp: Display: Module 'LuminTargetPlatform' loaded TargetPlatform 'Lumin'
[2019.12.03-03.26.35:407][  0]LogTemp: Display: Module 'LuminTargetPlatform' loaded TargetPlatform 'LuminClient'
[2019.12.03-03.26.35:407][  0]LogTargetPlatformManager: Display: Building Assets For Windows
[2019.12.03-03.26.35:437][  0]LogAudioDebug: Display: Lib vorbis DLL was dynamically loaded.
[2019.12.03-03.26.35:601][  0]LogShaderCompilers: Guid format shader working directory is -45 characters bigger than the processId version (../../../../../../Users/TheK-B1000/Desktop/The K-B Folder/Unreal/repos/Section 3/BuildingEscape/Intermediate/Shaders/WorkingDirectory/66936/).
[2019.12.03-03.26.35:601][  0]LogShaderCompilers: Cleaned the shader compiler working directory 'C:/Users/TheK-B1000/AppData/Local/Temp/UnrealShaderWorkingDir/87AD1EEC49BD52E56676B1A7C53FF069/'.
[2019.12.03-03.26.35:606][  0]LogXGEController: Cannot use XGE Controller as Incredibuild is not installed on this machine.
[2019.12.03-03.26.35:606][  0]LogShaderCompilers: Cannot use XGE Shader Compiler as Incredibuild is not installed on this machine.
[2019.12.03-03.26.35:606][  0]LogShaderCompilers: Display: Using Local Shader Compiler.
[2019.12.03-03.26.36:569][  0]LogDerivedDataCache: Display: Max Cache Size: 512 MB
[2019.12.03-03.26.36:642][  0]LogDerivedDataCache: Loaded boot cache 0.07s 74MB C:/Users/TheK-B1000/AppData/Local/UnrealEngine/4.23/DerivedDataCache/Boot.ddc.
[2019.12.03-03.26.36:642][  0]LogDerivedDataCache: Display: Loaded Boot cache: C:/Users/TheK-B1000/AppData/Local/UnrealEngine/4.23/DerivedDataCache/Boot.ddc
[2019.12.03-03.26.36:642][  0]LogDerivedDataCache: FDerivedDataBackendGraph:  Pak pak cache file ../../../../../../Users/TheK-B1000/Desktop/The K-B Folder/Unreal/repos/Section 3/BuildingEscape/DerivedDataCache/DDC.ddp not found, will not use a pak cache.
[2019.12.03-03.26.36:642][  0]LogDerivedDataCache: Unable to find inner node Pak for hierarchical cache Hierarchy.
[2019.12.03-03.26.36:642][  0]LogDerivedDataCache: FDerivedDataBackendGraph:  CompressedPak pak cache file ../../../../../../Users/TheK-B1000/Desktop/The K-B Folder/Unreal/repos/Section 3/BuildingEscape/DerivedDataCache/Compressed.ddp not found, will not use a pak cache.
[2019.12.03-03.26.36:642][  0]LogDerivedDataCache: Unable to find inner node CompressedPak for hierarchical cache Hierarchy.
[2019.12.03-03.26.36:658][  0]LogDerivedDataCache: Display: Pak cache opened for reading ../../../Engine/DerivedDataCache/Compressed.ddp.
[2019.12.03-03.26.36:661][  0]LogDerivedDataCache: Display: Pak cache opened for reading ../../../Enterprise/DerivedDataCache/Compressed.ddp.
[2019.12.03-03.26.36:662][  0]LogDerivedDataCache: Using Local data cache path C:/Users/TheK-B1000/AppData/Local/UnrealEngine/Common/DerivedDataCache: Writable
[2019.12.03-03.26.36:662][  0]LogDerivedDataCache: Shared data cache path not found in *engine.ini, will not use an Shared cache.
[2019.12.03-03.26.36:662][  0]LogDerivedDataCache: Unable to find inner node Shared for hierarchical cache Hierarchy.
[2019.12.03-03.26.36:692][  0]LogMaterial: Verifying Global Shaders for PCD3D_SM5
[2019.12.03-03.26.36:695][  0]LogSlate: Using FreeType 2.6.0
[2019.12.03-03.26.36:697][  0]LogSlate: SlateFontServices - WITH_FREETYPE: 1, WITH_HARFBUZZ: 1
[2019.12.03-03.26.36:859][  0]LogAssetRegistry: FAssetRegistry took 0.0031 seconds to start up
[2019.12.03-03.26.37:221][  0]LogInit: Selected Device Profile: [Windows]
[2019.12.03-03.26.37:331][  0]LogMeshReduction: Using QuadricMeshReduction for automatic static mesh reduction
[2019.12.03-03.26.37:331][  0]LogMeshReduction: Using SimplygonMeshReduction for automatic skeletal mesh reduction
[2019.12.03-03.26.37:331][  0]LogMeshReduction: Using ProxyLODMeshReduction for automatic mesh merging
[2019.12.03-03.26.37:331][  0]LogMeshReduction: No distributed automatic mesh merging module available
[2019.12.03-03.26.37:331][  0]LogMeshMerging: No distributed automatic mesh merging module available
[2019.12.03-03.26.37:470][  0]LogNetVersion: BuildingEscape 1.0.0, NetCL: 8386587, EngineNetVer: 11, GameNetVer: 0 (Checksum: 1610626118)
[2019.12.03-03.26.38:049][  0]LogPackageLocalizationCache: Processed 18 localized package path(s) for 1 prioritized culture(s) in 0.088571 seconds
[2019.12.03-03.26.38:057][  0]LogUObjectArray: 43444 objects as part of root set at end of initial load.
[2019.12.03-03.26.38:057][  0]LogUObjectAllocator: 7548648 out of 0 bytes used by permanent object pool.
[2019.12.03-03.26.38:057][  0]LogUObjectArray: CloseDisregardForGC: 0/0 objects in disregard for GC pool
[2019.12.03-03.26.39:510][  0]LogTcpMessaging: Initializing TcpMessaging bridge
[2019.12.03-03.26.39:519][  0]LogUdpMessaging: Initializing bridge on interface 0.0.0.0:0 to multicast group 230.0.0.1:6666.
[2019.12.03-03.26.39:671][  0]SourceControl: Source control is disabled
[2019.12.03-03.26.39:671][  0]SourceControl: Source control is disabled
[2019.12.03-03.26.39:679][  0]SourceControl: Source control is disabled
[2019.12.03-03.26.39:685][  0]SourceControl: Source control is disabled
[2019.12.03-03.26.40:274][  0]LogAndroidPermission: UAndroidPermissionCallbackProxy::GetInstance
[2019.12.03-03.26.40:503][  0]LogOcInput: OculusInput pre-init called
[2019.12.03-03.26.40:525][  0]LogWindows: Failed to load 'OVRPlugin.dll' (GetLastError=126)
[2019.12.03-03.26.40:525][  0]LogWindows: File 'OVRPlugin.dll' does not exist
[2019.12.03-03.26.44:256][  0]LogEngine: Initializing Engine...
[2019.12.03-03.26.44:257][  0]LogHMD: Failed to initialize OpenVR with code 110
[2019.12.03-03.26.44:259][  0]LogStats: UGameplayTagsManager::InitializeManager -  0.000 s
[2019.12.03-03.26.44:599][  0]LogInit: Initializing FReadOnlyCVARCache
[2019.12.03-03.26.44:621][  0]LogAIModule: Creating AISystem for world Untitled
[2019.12.03-03.26.44:652][  0]LogInit: XAudio2 using 'Speakers (Realtek High Definition Audio)' : 2 channels at 48 kHz using 32 bits per sample (channel mask 0x3)
[2019.12.03-03.26.44:771][  0]LogInit: FAudioDevice initialized.
[2019.12.03-03.26.44:772][  0]LogNetVersion: Set ProjectVersion to 1.0.0.0. Version Checksum will be recalculated on next use.
[2019.12.03-03.26.44:974][  0]LogDerivedDataCache: Saved boot cache 0.20s 74MB C:/Users/TheK-B1000/AppData/Local/UnrealEngine/4.23/DerivedDataCache/Boot.ddc.
[2019.12.03-03.26.44:975][  0]LogInit: Texture streaming: Enabled
[2019.12.03-03.26.45:013][  0]LogEngineSessionManager: EngineSessionManager initialized
[2019.12.03-03.26.45:086][  0]LogInit: Transaction tracking system initialized
[2019.12.03-03.26.45:155][  0]BlueprintLog: New page: Editor Load
[2019.12.03-03.26.45:316][  0]LocalizationService: Localization service is disabled
[2019.12.03-03.26.45:415][  0]LogLinker: Warning: Failed to load '/Game/CloseCombat/CloseCombat_Greeting_Tutorial': Can't find file.
[2019.12.03-03.26.45:416][  0]LogLinker: Warning: Failed to load '/Game/CloseCombat/CloseCombat_Greeting_Tutorial': Can't find file.
[2019.12.03-03.26.45:416][  0]LogUObjectGlobals: Warning: Failed to find object 'Class /Game/CloseCombat/CloseCombat_Greeting_Tutorial.CloseCombat_Greeting_Tutorial_C'
[2019.12.03-03.26.45:702][  0]LogFileCache: Scanning file cache for directory 'C:/Users/TheK-B1000/Desktop/The K-B Folder/Unreal/repos/Section 3/BuildingEscape/Content/' took 0.03s
[2019.12.03-03.26.45:702][  0]LogCook: Display: Max memory allowance for cook 16384mb min free memory 0mb
[2019.12.03-03.26.45:702][  0]LogCook: Display: Mobile HDR setting 1
[2019.12.03-03.26.47:945][  0]SourceControl: Source control is disabled
[2019.12.03-03.26.47:945][  0]Cmd: MAP LOAD FILE="../../../Engine/Content/Maps/Templates/Template_Default.umap" TEMPLATE=1 SHOWPROGRESS=1 FEATURELEVEL=3
[2019.12.03-03.26.47:946][  0]LightingResults: New page: Lighting Build
[2019.12.03-03.26.47:950][  0]LogWorld: UWorld::CleanupWorld for Untitled, bSessionEnded=true, bCleanupResources=true
[2019.12.03-03.26.47:950][  0]MapCheck: New page: Map Check
[2019.12.03-03.26.47:950][  0]LightingResults: New page: Lighting Build
[2019.12.03-03.26.48:001][  0]LogUObjectHash: Compacting FUObjectHashTables data took   2.13ms
[2019.12.03-03.26.48:096][  0]LogAIModule: Creating AISystem for world Untitled_1
[2019.12.03-03.26.48:104][  0]LogEditorServer: Finished looking for orphan Actors (0.000 secs)
[2019.12.03-03.26.48:135][  0]LogUObjectHash: Compacting FUObjectHashTables data took   2.45ms
[2019.12.03-03.26.48:135][  0]Cmd: MAP CHECKDEP NOCLEARLOG
[2019.12.03-03.26.48:136][  0]MapCheck: Map check complete: 0 Error(s), 0 Warning(s), took 0.183ms to complete.
[2019.12.03-03.26.48:136][  0]LogFileHelpers: Loading map 'Template_Default' took 0.190
[2019.12.03-03.26.48:381][  0]LogSlate: Updating window title bar state: overlay mode, drag disabled, window buttons hidden, title bar hidden
[2019.12.03-03.26.48:395][  0]LogSlate: Updating window title bar state: overlay mode, drag disabled, window buttons hidden, title bar hidden
[2019.12.03-03.26.48:405][  0]LogSlate: Updating window title bar state: overlay mode, drag disabled, window buttons hidden, title bar hidden
[2019.12.03-03.26.48:415][  0]LogSlate: Updating window title bar state: overlay mode, drag disabled, window buttons hidden, title bar hidden
[2019.12.03-03.26.48:455][  0]LogCollectionManager: Loaded 0 collections in 0.005120 seconds
[2019.12.03-03.26.48:506][  0]LogFileCache: Scanning file cache for directory 'C:/Users/TheK-B1000/Desktop/The K-B Folder/Unreal/repos/Section 3/BuildingEscape/Saved/Collections/' took 0.00s
[2019.12.03-03.26.48:506][  0]LogFileCache: Scanning file cache for directory 'C:/Users/TheK-B1000/Desktop/The K-B Folder/Unreal/repos/Section 3/BuildingEscape/Content/Developers/TheKB1000/Collections/' took 0.00s
[2019.12.03-03.26.48:506][  0]LogFileCache: Scanning file cache for directory 'C:/Users/TheK-B1000/Desktop/The K-B Folder/Unreal/repos/Section 3/BuildingEscape/Content/Collections/' took 0.00s
[2019.12.03-03.26.48:506][  0]LogCollectionManager: Rebuilt the GUID cache for 0 collections in 0.000002 seconds
[2019.12.03-03.26.48:522][  0]LogContentBrowser: Native class hierarchy populated in 0.0133 seconds. Added 3047 classes and 768 folders.
[2019.12.03-03.26.48:541][  0]LogContentBrowser: Native class hierarchy updated for 'WidgetCarousel' in 0.0004 seconds. Added 0 classes and 0 folders.
[2019.12.03-03.26.48:748][  0]LogContentBrowser: Native class hierarchy updated for 'AddContentDialog' in 0.0004 seconds. Added 0 classes and 0 folders.
[2019.12.03-03.26.48:757][  0]LogContentBrowser: Native class hierarchy updated for 'SceneOutliner' in 0.0005 seconds. Added 1 classes and 0 folders.
[2019.12.03-03.26.48:960][  0]LogSlate: Took 0.000273 seconds to synchronously load lazily loaded font '../../../Engine/Content/Slate/Fonts/Roboto-Regular.ttf' (155K)
[2019.12.03-03.26.48:964][  0]LogSlate: Took 0.000797 seconds to synchronously load lazily loaded font '../../../Engine/Content/Slate/Fonts/Roboto-Bold.ttf' (160K)
[2019.12.03-03.26.48:976][  0]LogSlate: Took 0.001076 seconds to synchronously load lazily loaded font '../../../Engine/Content/Editor/Slate/Fonts/FontAwesome.ttf' (139K)
[2019.12.03-03.26.48:979][  0]LogSlate: Took 0.001002 seconds to synchronously load lazily loaded font '../../../Engine/Content/Slate/Fonts/DroidSansMono.ttf' (77K)
[2019.12.03-03.26.49:152][  0]LogRenderer: Reallocating scene render targets to support 752x488 Format 10 NumSamples 1 (Frame:1).
[2019.12.03-03.26.49:939][  0]LogContentBrowser: Native class hierarchy updated for 'HierarchicalLODOutliner' in 0.0005 seconds. Added 0 classes and 0 folders.
[2019.12.03-03.26.49:939][  0]LogLoad: (Engine Initialization) Total time: 20.73 seconds
[2019.12.03-03.26.49:939][  0]LogLoad: (Engine Initialization) Total Blueprint compile time: 0.00 seconds
[2019.12.03-03.26.49:998][  0]LogAssetRegistry: Asset discovery search completed in 13.1385 seconds
[2019.12.03-03.26.50:002][  0]LogCollectionManager: Rebuilt the object cache for 0 collections in 0.000005 seconds (found 0 objects)
[2019.12.03-03.26.50:003][  0]LogCollectionManager: Fixed up redirectors for 0 collections in 0.000269 seconds (updated 0 objects)
[2019.12.03-03.26.50:006][  0]LogContentStreaming: Texture pool size now 1000 MB
[2019.12.03-03.29.12:138][542]LogSlate: FSceneViewport::OnFocusLost() reason 0
[2019.12.03-03.29.12:220][542]LogSlate: Took 0.003191 seconds to synchronously load lazily loaded font '../../../Engine/Content/Slate/Fonts/Roboto-Light.ttf' (167K)
[2019.12.03-03.29.16:734][775]LogSlate: Took 0.000354 seconds to synchronously load lazily loaded font '../../../Engine/Content/Slate/Fonts/Roboto-Light.ttf' (167K)
[2019.12.03-03.29.16:756][775]LogAssetEditorManager: Opening Asset editor for Class /Script/BuildingEscape.WorldPosition
[2019.12.03-03.31.52:225][234]Candidate modules for hot reload:
[2019.12.03-03.31.52:226][234]  BuildingEscape
[2019.12.03-03.31.52:232][234]Launching UnrealBuildTool... [C:/Program Files/Epic Games/UE_4.23/Engine/Binaries/DotNET/UnrealBuildTool.exe  -ModuleWithSuffix=BuildingEscape,4196 Win64 Development -TargetType=Editor -Project="C:/Users/TheK-B1000/Desktop/The K-B Folder/Unreal/repos/Section 3/BuildingEscape/BuildingEscape.uproject" "C:/Users/TheK-B1000/Desktop/The K-B Folder/Unreal/repos/Section 3/BuildingEscape/BuildingEscape.uproject"  -IgnoreJunk]
[2019.12.03-03.31.52:287][234]Warning: Starting HotReload took  0.2s.
[2019.12.03-03.31.54:452][350]LogSlate: FSceneViewport::OnFocusLost() reason 0
[2019.12.03-03.31.54:652][358]LogRenderer: Reallocating scene render targets to support 768x488 Format 10 NumSamples 1 (Frame:604).
[2019.12.03-03.31.54:722][359]LogRenderer: Reallocating scene render targets to support 828x488 Format 10 NumSamples 1 (Frame:606).
[2019.12.03-03.31.54:818][360]LogRenderer: Reallocating scene render targets to support 936x488 Format 10 NumSamples 1 (Frame:608).
[2019.12.03-03.31.54:925][361]LogRenderer: Reallocating scene render targets to support 956x488 Format 10 NumSamples 1 (Frame:610).
[2019.12.03-03.32.47:256][572]CompilerResultsLog: New page: Compilation - Dec 2, 2019, 5:32:47 PM
[2019.12.03-03.32.47:268][572]CompilerResultsLog: Using 'git status' to determine working set for adaptive non-unity build (C:\Users\TheK-B1000\Desktop\The K-B Folder\Unreal\repos\Section 3).
[2019.12.03-03.32.47:273][572]CompilerResultsLog: Creating makefile for BuildingEscapeEditor (config setting changed)
[2019.12.03-03.32.47:273][572]CompilerResultsLog: Parsing headers for BuildingEscapeEditor
[2019.12.03-03.32.47:273][572]CompilerResultsLog:   Running UnrealHeaderTool "C:\Users\TheK-B1000\Desktop\The K-B Folder\Unreal\repos\Section 3\BuildingEscape\BuildingEscape.uproject" "C:\Users\TheK-B1000\Desktop\The K-B Folder\Unreal\repos\Section 3\BuildingEscape\Intermediate\Build\Win64\BuildingEscapeEditor\Development\BuildingEscapeEditor.uhtmanifest" -LogCmds="loginit warning, logexit warning, logdatabase error" -Unattended -WarningsAsErrors -installed
[2019.12.03-03.32.47:274][572]CompilerResultsLog: Reflection code generated for BuildingEscapeEditor in 16.9672296 seconds
[2019.12.03-03.32.47:274][572]CompilerResultsLog: Using Visual Studio 2019 14.21.27619 toolchain (C:\Program Files (x86)\Microsoft Visual Studio\2019\Preview\VC\Tools\MSVC\14.21.27619) and Windows 10.0.17763.0 SDK (C:\Program Files (x86)\Windows Kits\10).
[2019.12.03-03.32.47:277][572]CompilerResultsLog: Building 5 actions with 4 processes...
[2019.12.03-03.32.47:278][572]CompilerResultsLog:   [1/5] WorldPosition.cpp
[2019.12.03-03.32.47:278][572]CompilerResultsLog:   [2/5] WorldPosition.gen.cpp
[2019.12.03-03.32.47:280][572]CompilerResultsLog:   [3/5] UE4Editor-BuildingEscape-4196.lib
[2019.12.03-03.32.47:280][572]CompilerResultsLog:      Creating library C:\Users\TheK-B1000\Desktop\The K-B Folder\Unreal\repos\Section 3\BuildingEscape\Intermediate\Build\Win64\UE4Editor\Development\BuildingEscape\UE4Editor-BuildingEscape-4196.lib and object C:\Users\TheK-B1000\Desktop\The K-B Folder\Unreal\repos\Section 3\BuildingEscape\Intermediate\Build\Win64\UE4Editor\Development\BuildingEscape\UE4Editor-BuildingEscape-4196.exp
[2019.12.03-03.32.47:283][572]CompilerResultsLog:   [4/5] UE4Editor-BuildingEscape-4196.dll
[2019.12.03-03.32.47:283][572]CompilerResultsLog:      Creating library C:\Users\TheK-B1000\Desktop\The K-B Folder\Unreal\repos\Section 3\BuildingEscape\Intermediate\Build\Win64\UE4Editor\Development\BuildingEscape\UE4Editor-BuildingEscape-4196.suppressed.lib and object C:\Users\TheK-B1000\Desktop\The K-B Folder\Unreal\repos\Section 3\BuildingEscape\Intermediate\Build\Win64\UE4Editor\Development\BuildingEscape\UE4Editor-BuildingEscape-4196.suppressed.exp
[2019.12.03-03.32.47:287][572]CompilerResultsLog:   [5/5] BuildingEscapeEditor.target
[2019.12.03-03.32.47:287][572]CompilerResultsLog: Total time in Parallel executor: 26.17 seconds
[2019.12.03-03.32.47:287][572]CompilerResultsLog: Total execution time: 51.26 seconds
[2019.12.03-03.32.47:287][572]LogMainFrame: MainFrame: Module compiling took 55.163 seconds
[2019.12.03-03.32.47:588][572]LogUObjectHash: Compacting FUObjectHashTables data took  33.87ms
[2019.12.03-03.32.49:380][572]LogContentBrowser: Native class hierarchy updated for 'BuildingEscape' in 0.0123 seconds. Added 2 classes and 3 folders.
[2019.12.03-03.32.49:386][572]Display: HotReload successful (0 functions remapped  0 scriptstructs remapped)
[2019.12.03-03.32.49:666][572]LogUObjectHash: Compacting FUObjectHashTables data took  13.04ms
[2019.12.03-03.32.49:769][572]LogContentBrowser: Native class hierarchy populated in 0.0324 seconds. Added 3047 classes and 768 folders.
[2019.12.03-03.32.49:783][572]Display: HotReload took 57.7s.
[2019.12.03-03.35.24:619][ 73]Candidate modules for hot reload:
[2019.12.03-03.35.24:619][ 73]  BuildingEscape
[2019.12.03-03.35.24:620][ 73]Launching UnrealBuildTool... [C:/Program Files/Epic Games/UE_4.23/Engine/Binaries/DotNET/UnrealBuildTool.exe  -ModuleWithSuffix=BuildingEscape,24 Win64 Development -TargetType=Editor -Project="C:/Users/TheK-B1000/Desktop/The K-B Folder/Unreal/repos/Section 3/BuildingEscape/BuildingEscape.uproject" "C:/Users/TheK-B1000/Desktop/The K-B Folder/Unreal/repos/Section 3/BuildingEscape/BuildingEscape.uproject"  -IgnoreJunk]
[2019.12.03-03.35.24:667][ 73]Warning: Starting HotReload took  0.1s.
[2019.12.03-03.36.38:589][ 50]CompilerResultsLog: New page: Compilation - Dec 2, 2019, 5:36:38 PM
[2019.12.03-03.36.38:591][ 50]CompilerResultsLog: Using 'git status' to determine working set for adaptive non-unity build (C:\Users\TheK-B1000\Desktop\The K-B Folder\Unreal\repos\Section 3).
[2019.12.03-03.36.38:591][ 50]CompilerResultsLog: Parsing headers for BuildingEscapeEditor
[2019.12.03-03.36.38:592][ 50]CompilerResultsLog:   Running UnrealHeaderTool "C:\Users\TheK-B1000\Desktop\The K-B Folder\Unreal\repos\Section 3\BuildingEscape\BuildingEscape.uproject" "C:\Users\TheK-B1000\Desktop\The K-B Folder\Unreal\repos\Section 3\BuildingEscape\Intermediate\Build\Win64\BuildingEscapeEditor\Development\BuildingEscapeEditor.uhtmanifest" -LogCmds="loginit warning, logexit warning, logdatabase error" -Unattended -WarningsAsErrors -installed
[2019.12.03-03.36.38:592][ 50]CompilerResultsLog: Reflection code generated for BuildingEscapeEditor in 18.4794206 seconds
[2019.12.03-03.36.38:593][ 50]CompilerResultsLog: Using Visual Studio 2019 14.21.27619 toolchain (C:\Program Files (x86)\Microsoft Visual Studio\2019\Preview\VC\Tools\MSVC\14.21.27619) and Windows 10.0.17763.0 SDK (C:\Program Files (x86)\Windows Kits\10).
[2019.12.03-03.36.38:593][ 50]CompilerResultsLog: Building 4 actions with 4 processes...
[2019.12.03-03.36.38:594][ 50]CompilerResultsLog:   [1/4] WorldPosition.cpp
[2019.12.03-03.36.38:594][ 50]CompilerResultsLog:   [2/4] UE4Editor-BuildingEscape-0024.lib
[2019.12.03-03.36.38:594][ 50]CompilerResultsLog:      Creating library C:\Users\TheK-B1000\Desktop\The K-B Folder\Unreal\repos\Section 3\BuildingEscape\Intermediate\Build\Win64\UE4Editor\Development\BuildingEscape\UE4Editor-BuildingEscape-0024.lib and object C:\Users\TheK-B1000\Desktop\The K-B Folder\Unreal\repos\Section 3\BuildingEscape\Intermediate\Build\Win64\UE4Editor\Development\BuildingEscape\UE4Editor-BuildingEscape-0024.exp
[2019.12.03-03.36.38:595][ 50]CompilerResultsLog:   [3/4] UE4Editor-BuildingEscape-0024.dll
[2019.12.03-03.36.38:601][ 50]CompilerResultsLog:      Creating library C:\Users\TheK-B1000\Desktop\The K-B Folder\Unreal\repos\Section 3\BuildingEscape\Intermediate\Build\Win64\UE4Editor\Development\BuildingEscape\UE4Editor-BuildingEscape-0024.suppressed.lib and object C:\Users\TheK-B1000\Desktop\The K-B Folder\Unreal\repos\Section 3\BuildingEscape\Intermediate\Build\Win64\UE4Editor\Development\BuildingEscape\UE4Editor-BuildingEscape-0024.suppressed.exp
[2019.12.03-03.36.38:607][ 50]CompilerResultsLog:   [4/4] BuildingEscapeEditor.target
[2019.12.03-03.36.38:607][ 50]CompilerResultsLog: Total time in Parallel executor: 46.28 seconds
[2019.12.03-03.36.38:607][ 50]CompilerResultsLog: Total execution time: 72.83 seconds
[2019.12.03-03.36.38:608][ 50]LogMainFrame: MainFrame: Module compiling took 73.995 seconds
[2019.12.03-03.36.38:650][ 50]LogUObjectHash: Compacting FUObjectHashTables data took   3.97ms
[2019.12.03-03.36.38:690][ 50]LogContentBrowser: Native class hierarchy populated in 0.0289 seconds. Added 3047 classes and 768 folders.
[2019.12.03-03.36.38:690][ 50]Display: HotReload took 74.1s.
[2019.12.03-03.37.08:199][171]LogTemp: Repeating last play command: Selected Viewport
[2019.12.03-03.37.08:257][171]LogBlueprintUserMessages: Early PlayInEditor Detection: Level '/Temp/Untitled_1.Untitled_1:PersistentLevel' has LevelScriptBlueprint '/Temp/Untitled_1.Untitled_1:PersistentLevel.Untitled' with GeneratedClass '/Temp/Untitled_1.Untitled_C' with ClassGeneratedBy '/Temp/Untitled_1.Untitled_1:PersistentLevel.Untitled'
[2019.12.03-03.37.08:263][171]LogPlayLevel: PlayLevel: No blueprints needed recompiling
[2019.12.03-03.37.08:267][171]PIE: New page: PIE session: Untitled_1 (Dec 2, 2019, 5:37:08 PM)
[2019.12.03-03.37.08:301][171]LogOnline: OSS: Creating online subsystem instance for: NULL
[2019.12.03-03.37.08:332][171]LogPlayLevel: Creating play world package: /Temp/UEDPIE_0_Untitled_1
[2019.12.03-03.37.08:502][171]LogPlayLevel: PIE: StaticDuplicateObject took: (0.158347s)
[2019.12.03-03.37.08:584][171]LogAIModule: Creating AISystem for world Untitled_1
[2019.12.03-03.37.08:615][171]LogPlayLevel: PIE: World Init took: (0.112646s)
[2019.12.03-03.37.08:616][171]LogPlayLevel: PIE: Created PIE world by copying editor world from /Temp/Untitled_1.Untitled_1 to /Temp/UEDPIE_0_Untitled_1.Untitled_1 (0.285243s)
[2019.12.03-03.37.08:659][171]LogUObjectHash: Compacting FUObjectHashTables data took   2.48ms
[2019.12.03-03.37.08:726][171]LogInit: XAudio2 using 'Speakers (Realtek High Definition Audio)' : 2 channels at 48 kHz using 32 bits per sample (channel mask 0x3)
[2019.12.03-03.37.09:106][171]LogInit: FAudioDevice initialized.
[2019.12.03-03.37.09:209][171]LogLoad: Game class is 'GameModeBase'
[2019.12.03-03.37.09:315][171]LogWorld: Bringing World /Temp/UEDPIE_0_Untitled_1.Untitled_1 up for play (max tick rate 0) at 2019.12.02-22.37.09
[2019.12.03-03.37.09:321][171]LogWorld: Bringing up level for play took: 0.065797
[2019.12.03-03.37.09:333][171]LogOnline: OSS: Creating online subsystem instance for: :Context_1
[2019.12.03-03.37.09:475][171]LogContentBrowser: Native class hierarchy updated for 'MovieSceneCapture' in 0.0014 seconds. Added 20 classes and 0 folders.
[2019.12.03-03.37.09:527][171]PIE: Play in editor start time for /Temp/UEDPIE_0_Untitled_1 1.839
[2019.12.03-03.37.09:561][171]LogBlueprintUserMessages: Late PlayInEditor Detection: Level '/Temp/Untitled_1.Untitled_1:PersistentLevel' has LevelScriptBlueprint '/Temp/Untitled_1.Untitled_1:PersistentLevel.Untitled' with GeneratedClass '/Temp/Untitled_1.Untitled_C' with ClassGeneratedBy '/Temp/Untitled_1.Untitled_1:PersistentLevel.Untitled'
[2019.12.03-03.37.15:500][471]LogBlueprintUserMessages: Early EndPlayMap Detection: Level '/Temp/Untitled_1.Untitled_1:PersistentLevel' has LevelScriptBlueprint '/Temp/Untitled_1.Untitled_1:PersistentLevel.Untitled' with GeneratedClass '/Temp/Untitled_1.Untitled_C' with ClassGeneratedBy '/Temp/Untitled_1.Untitled_1:PersistentLevel.Untitled'
[2019.12.03-03.37.15:516][471]LogSlate: Updating window title bar state: overlay mode, drag disabled, window buttons hidden, title bar hidden
[2019.12.03-03.37.15:516][471]LogWorld: BeginTearingDown for /Temp/UEDPIE_0_Untitled_1
[2019.12.03-03.37.15:523][471]LogWorld: UWorld::CleanupWorld for Untitled_1, bSessionEnded=true, bCleanupResources=true
[2019.12.03-03.37.15:550][471]LogPlayLevel: Display: Shutting down PIE online subsystems
[2019.12.03-03.37.15:554][471]LogBlueprintUserMessages: Late EndPlayMap Detection: Level '/Temp/Untitled_1.Untitled_1:PersistentLevel' has LevelScriptBlueprint '/Temp/Untitled_1.Untitled_1:PersistentLevel.Untitled' with GeneratedClass '/Temp/Untitled_1.Untitled_C' with ClassGeneratedBy '/Temp/Untitled_1.Untitled_1:PersistentLevel.Untitled'
[2019.12.03-03.37.15:613][471]LogSlate: Updating window title bar state: overlay mode, drag disabled, window buttons hidden, title bar hidden
[2019.12.03-03.37.15:674][471]LogUObjectHash: Compacting FUObjectHashTables data took   2.72ms
[2019.12.03-03.37.15:735][472]LogPlayLevel: Display: Destroying online subsystem :Context_1
[2019.12.03-03.37.17:116][552]LogSlate: FSceneViewport::OnFocusLost() reason 0
[2019.12.03-03.37.17:341][554]LogActorFactory: Actor Factory created Sphere
[2019.12.03-03.37.19:977][556]LogActorFactory: Actor Factory created Sphere
[2019.12.03-03.37.20:290][556]LogSlate: FSceneViewport::OnFocusLost() reason 0
[2019.12.03-03.37.21:607][609]Cmd: DELETE
[2019.12.03-03.37.21:608][609]Cmd: ACTOR DELETE
[2019.12.03-03.37.21:655][609]LogEditorActor: Deleted Actor: StaticMeshActor
[2019.12.03-03.37.21:696][609]LogUObjectHash: Compacting FUObjectHashTables data took   3.91ms
[2019.12.03-03.37.21:696][609]LogEditorActor: Deleted 1 Actors (0.058 secs)
[2019.12.03-03.37.26:256][725]LogSlate: Only BGRA pngs, bmps or icos are supported in by External Image Picker
[2019.12.03-03.37.30:676][900]LogAIModule: Creating AISystem for world Level_001
[2019.12.03-03.37.32:866][978]LogSlate: Window 'Project Settings' being destroyed
[2019.12.03-03.37.32:883][978]LogSlate: Window 'Project Settings' being destroyed
[2019.12.03-03.37.35:626][125]LogAssetEditorManager: Opening Asset editor for World /Game/Level_001.Level_001
[2019.12.03-03.37.35:672][125]LogUObjectHash: Compacting FUObjectHashTables data took   2.01ms
[2019.12.03-03.37.36:650][125]LogSlate: Window 'Save Content' being destroyed
[2019.12.03-03.37.40:466][125]LogSlate: Window 'Message' being destroyed
[2019.12.03-03.37.40:474][125]LogSlate: Window 'Save Level As' being destroyed
[2019.12.03-03.37.40:602][125]LogUObjectHash: Compacting FUObjectHashTables data took   1.88ms
[2019.12.03-03.37.40:639][125]LogUObjectHash: Compacting FUObjectHashTables data took   1.26ms
[2019.12.03-03.37.40:686][125]LogUObjectHash: Compacting FUObjectHashTables data took   1.33ms
[2019.12.03-03.37.40:715][125]LogUObjectHash: Compacting FUObjectHashTables data took   0.83ms
[2019.12.03-03.37.40:802][125]LogUObjectHash: Compacting FUObjectHashTables data took   9.20ms
[2019.12.03-03.37.40:854][125]LogUObjectHash: Compacting FUObjectHashTables data took   3.11ms
[2019.12.03-03.37.41:155][125]LogSavePackage: Moving '../../../../../../Users/TheK-B1000/Desktop/The K-B Folder/Unreal/repos/Section 3/BuildingEscape/Saved/Level_0012490F6E94D9B74EA842DEBBAD053111C.tmp' to '../../../../../../Users/TheK-B1000/Desktop/The K-B Folder/Unreal/repos/Section 3/BuildingEscape/Content/Level_001.umap'
[2019.12.03-03.37.41:187][125]LogFileHelpers: Saving map 'Level_001' took 0.548
[2019.12.03-03.37.41:201][125]Cmd: MAP LOAD FILE="../../../../../../Users/TheK-B1000/Desktop/The K-B Folder/Unreal/repos/Section 3/BuildingEscape/Content/Level_001.umap" TEMPLATE=0 SHOWPROGRESS=1 FEATURELEVEL=3
[2019.12.03-03.37.41:202][125]LightingResults: New page: Lighting Build
[2019.12.03-03.37.41:207][125]LoadErrors: New page: Loading map: Level_001.umap
[2019.12.03-03.37.41:218][125]LogWorld: UWorld::CleanupWorld for Level_001, bSessionEnded=true, bCleanupResources=true
[2019.12.03-03.37.41:221][125]MapCheck: New page: Map Check
[2019.12.03-03.37.41:221][125]LightingResults: New page: Lighting Build
[2019.12.03-03.37.41:301][125]LogUObjectHash: Compacting FUObjectHashTables data took   3.29ms
[2019.12.03-03.37.41:342][125]LogAIModule: Creating AISystem for world Level_001
[2019.12.03-03.37.41:495][125]LogEditorServer: Finished looking for orphan Actors (0.000 secs)
[2019.12.03-03.37.41:542][125]LogUObjectHash: Compacting FUObjectHashTables data took   2.72ms
[2019.12.03-03.37.41:567][125]Cmd: MAP CHECKDEP NOCLEARLOG
[2019.12.03-03.37.41:568][125]MapCheck: Map check complete: 0 Error(s), 0 Warning(s), took 0.596ms to complete.
[2019.12.03-03.37.41:580][125]LogFileHelpers: Loading map 'Level_001' took 0.391
[2019.12.03-03.37.44:980][333]LogSlate: FSceneViewport::OnFocusLost() reason 0
[2019.12.03-03.37.45:137][336]LogActorFactory: Actor Factory created Sphere
[2019.12.03-03.37.45:504][355]LogActorFactory: Actor Factory created Sphere
[2019.12.03-03.37.52:520][641]LogSlate: FSceneViewport::OnFocusLost() reason 0
[2019.12.03-03.38.02:141][119]LogSlate: Took 0.001790 seconds to synchronously load lazily loaded font '../../../Engine/Content/Slate/Fonts/Roboto-Italic.ttf' (157K)
[2019.12.03-03.38.02:814][155]LogSlate: FSceneViewport::OnFocusLost() reason 2
[2019.12.03-03.38.03:985][218]LogTemp: Repeating last play command: Selected Viewport
[2019.12.03-03.38.04:383][218]LogBlueprintUserMessages: Early PlayInEditor Detection: Level '/Game/Level_001.Level_001:PersistentLevel' has LevelScriptBlueprint '/Game/Level_001.Level_001:PersistentLevel.Level_001' with GeneratedClass '/Game/Level_001.Level_001_C' with ClassGeneratedBy '/Game/Level_001.Level_001:PersistentLevel.Level_001'
[2019.12.03-03.38.04:385][218]LogPlayLevel: PlayLevel: No blueprints needed recompiling
[2019.12.03-03.38.04:386][218]PIE: New page: PIE session: Level_001 (Dec 2, 2019, 5:38:04 PM)
[2019.12.03-03.38.04:390][218]LogPlayLevel: Creating play world package: /Game/UEDPIE_0_Level_001
[2019.12.03-03.38.04:398][218]LogPlayLevel: PIE: StaticDuplicateObject took: (0.006745s)
[2019.12.03-03.38.04:403][218]LogAIModule: Creating AISystem for world Level_001
[2019.12.03-03.38.04:405][218]LogPlayLevel: PIE: World Init took: (0.007087s)
[2019.12.03-03.38.04:406][218]LogPlayLevel: PIE: Created PIE world by copying editor world from /Game/Level_001.Level_001 to /Game/UEDPIE_0_Level_001.Level_001 (0.015289s)
[2019.12.03-03.38.04:442][218]LogUObjectHash: Compacting FUObjectHashTables data took   2.14ms
[2019.12.03-03.38.04:481][218]LogInit: XAudio2 using 'Speakers (Realtek High Definition Audio)' : 2 channels at 48 kHz using 32 bits per sample (channel mask 0x3)
[2019.12.03-03.38.04:630][218]LogInit: FAudioDevice initialized.
[2019.12.03-03.38.04:669][218]LogLoad: Game class is 'GameModeBase'
[2019.12.03-03.38.04:675][218]LogWorld: Bringing World /Game/UEDPIE_0_Level_001.Level_001 up for play (max tick rate 0) at 2019.12.02-22.38.04
[2019.12.03-03.38.04:679][218]LogWorld: Bringing up level for play took: 0.005113
[2019.12.03-03.38.04:683][218]LogOnline: OSS: Creating online subsystem instance for: :Context_4
[2019.12.03-03.38.04:724][218]PIE: Play in editor start time for /Game/UEDPIE_0_Level_001 1.039
[2019.12.03-03.38.04:725][218]LogBlueprintUserMessages: Late PlayInEditor Detection: Level '/Game/Level_001.Level_001:PersistentLevel' has LevelScriptBlueprint '/Game/Level_001.Level_001:PersistentLevel.Level_001' with GeneratedClass '/Game/Level_001.Level_001_C' with ClassGeneratedBy '/Game/Level_001.Level_001:PersistentLevel.Level_001'
[2019.12.03-03.38.13:724][820]LogBlueprintUserMessages: Early EndPlayMap Detection: Level '/Game/Level_001.Level_001:PersistentLevel' has LevelScriptBlueprint '/Game/Level_001.Level_001:PersistentLevel.Level_001' with GeneratedClass '/Game/Level_001.Level_001_C' with ClassGeneratedBy '/Game/Level_001.Level_001:PersistentLevel.Level_001'
[2019.12.03-03.38.13:726][820]LogSlate: Updating window title bar state: overlay mode, drag disabled, window buttons hidden, title bar hidden
[2019.12.03-03.38.13:726][820]LogWorld: BeginTearingDown for /Game/UEDPIE_0_Level_001
[2019.12.03-03.38.13:727][820]LogWorld: UWorld::CleanupWorld for Level_001, bSessionEnded=true, bCleanupResources=true
[2019.12.03-03.38.13:744][820]LogPlayLevel: Display: Shutting down PIE online subsystems
[2019.12.03-03.38.13:745][820]LogBlueprintUserMessages: Late EndPlayMap Detection: Level '/Game/Level_001.Level_001:PersistentLevel' has LevelScriptBlueprint '/Game/Level_001.Level_001:PersistentLevel.Level_001' with GeneratedClass '/Game/Level_001.Level_001_C' with ClassGeneratedBy '/Game/Level_001.Level_001:PersistentLevel.Level_001'
[2019.12.03-03.38.13:788][820]LogSlate: Updating window title bar state: overlay mode, drag disabled, window buttons hidden, title bar hidden
[2019.12.03-03.38.13:792][820]LogUObjectHash: Compacting FUObjectHashTables data took   2.05ms
[2019.12.03-03.38.13:821][821]LogPlayLevel: Display: Destroying online subsystem :Context_4
[2019.12.03-03.38.14:280][850]LogEditorViewport: Clicking on Actor (LMB): StaticMeshActor (Sphere)
[2019.12.03-03.38.15:260][896]LogSlate: FSceneViewport::OnFocusLost() reason 0
[2019.12.03-03.38.33:239][ 98]Candidate modules for hot reload:
[2019.12.03-03.38.33:239][ 98]  BuildingEscape
[2019.12.03-03.38.33:240][ 98]Launching UnrealBuildTool... [C:/Program Files/Epic Games/UE_4.23/Engine/Binaries/DotNET/UnrealBuildTool.exe  -ModuleWithSuffix=BuildingEscape,6391 Win64 Development -TargetType=Editor -Project="C:/Users/TheK-B1000/Desktop/The K-B Folder/Unreal/repos/Section 3/BuildingEscape/BuildingEscape.uproject" "C:/Users/TheK-B1000/Desktop/The K-B Folder/Unreal/repos/Section 3/BuildingEscape/BuildingEscape.uproject"  -IgnoreJunk]
[2019.12.03-03.38.33:269][ 98]Warning: Starting HotReload took  0.1s.
[2019.12.03-03.39.24:085][289]CompilerResultsLog: New page: Compilation - Dec 2, 2019, 5:39:24 PM
[2019.12.03-03.39.24:085][289]CompilerResultsLog: Using 'git status' to determine working set for adaptive non-unity build (C:\Users\TheK-B1000\Desktop\The K-B Folder\Unreal\repos\Section 3).
[2019.12.03-03.39.24:085][289]CompilerResultsLog: Parsing headers for BuildingEscapeEditor
[2019.12.03-03.39.24:085][289]CompilerResultsLog:   Running UnrealHeaderTool "C:\Users\TheK-B1000\Desktop\The K-B Folder\Unreal\repos\Section 3\BuildingEscape\BuildingEscape.uproject" "C:\Users\TheK-B1000\Desktop\The K-B Folder\Unreal\repos\Section 3\BuildingEscape\Intermediate\Build\Win64\BuildingEscapeEditor\Development\BuildingEscapeEditor.uhtmanifest" -LogCmds="loginit warning, logexit warning, logdatabase error" -Unattended -WarningsAsErrors -installed
[2019.12.03-03.39.24:086][289]CompilerResultsLog: Reflection code generated for BuildingEscapeEditor in 13.4041938 seconds
[2019.12.03-03.39.24:086][289]CompilerResultsLog: Using Visual Studio 2019 14.21.27619 toolchain (C:\Program Files (x86)\Microsoft Visual Studio\2019\Preview\VC\Tools\MSVC\14.21.27619) and Windows 10.0.17763.0 SDK (C:\Program Files (x86)\Windows Kits\10).
[2019.12.03-03.39.24:087][289]CompilerResultsLog: Building 4 actions with 4 processes...
[2019.12.03-03.39.24:087][289]CompilerResultsLog:   [1/4] WorldPosition.cpp
[2019.12.03-03.39.24:087][289]CompilerResultsLog:   [2/4] UE4Editor-BuildingEscape-6391.lib
[2019.12.03-03.39.24:087][289]CompilerResultsLog:      Creating library C:\Users\TheK-B1000\Desktop\The K-B Folder\Unreal\repos\Section 3\BuildingEscape\Intermediate\Build\Win64\UE4Editor\Development\BuildingEscape\UE4Editor-BuildingEscape-6391.lib and object C:\Users\TheK-B1000\Desktop\The K-B Folder\Unreal\repos\Section 3\BuildingEscape\Intermediate\Build\Win64\UE4Editor\Development\BuildingEscape\UE4Editor-BuildingEscape-6391.exp
[2019.12.03-03.39.24:088][289]CompilerResultsLog:   [3/4] UE4Editor-BuildingEscape-6391.dll
[2019.12.03-03.39.24:089][289]CompilerResultsLog:      Creating library C:\Users\TheK-B1000\Desktop\The K-B Folder\Unreal\repos\Section 3\BuildingEscape\Intermediate\Build\Win64\UE4Editor\Development\BuildingEscape\UE4Editor-BuildingEscape-6391.suppressed.lib and object C:\Users\TheK-B1000\Desktop\The K-B Folder\Unreal\repos\Section 3\BuildingEscape\Intermediate\Build\Win64\UE4Editor\Development\BuildingEscape\UE4Editor-BuildingEscape-6391.suppressed.exp
[2019.12.03-03.39.24:089][289]CompilerResultsLog:   [4/4] BuildingEscapeEditor.target
[2019.12.03-03.39.24:090][289]CompilerResultsLog: Total time in Parallel executor: 32.54 seconds
[2019.12.03-03.39.24:090][289]CompilerResultsLog: Total execution time: 49.23 seconds
[2019.12.03-03.39.24:090][289]LogMainFrame: MainFrame: Module compiling took 50.869 seconds
[2019.12.03-03.39.24:142][289]LogUObjectHash: Compacting FUObjectHashTables data took   2.77ms
[2019.12.03-03.39.25:231][289]LogContentBrowser: Native class hierarchy updated for 'BuildingEscape' in 0.0096 seconds. Added 2 classes and 3 folders.
[2019.12.03-03.39.25:236][289]Display: HotReload successful (0 functions remapped  0 scriptstructs remapped)
[2019.12.03-03.39.25:357][289]LogUObjectHash: Compacting FUObjectHashTables data took   2.65ms
[2019.12.03-03.39.25:388][289]LogContentBrowser: Native class hierarchy populated in 0.0230 seconds. Added 3047 classes and 768 folders.
[2019.12.03-03.39.25:411][289]Display: HotReload took 52.2s.
[2019.12.03-03.46.18:624][650]LogTemp: Repeating last play command: Selected Viewport
[2019.12.03-03.46.18:649][650]LogBlueprintUserMessages: Early PlayInEditor Detection: Level '/Game/Level_001.Level_001:PersistentLevel' has LevelScriptBlueprint '/Game/Level_001.Level_001:PersistentLevel.Level_001' with GeneratedClass '/Game/Level_001.Level_001_C' with ClassGeneratedBy '/Game/Level_001.Level_001:PersistentLevel.Level_001'
[2019.12.03-03.46.18:649][650]LogPlayLevel: PlayLevel: No blueprints needed recompiling
[2019.12.03-03.46.18:650][650]PIE: New page: PIE session: Level_001 (Dec 2, 2019, 5:46:18 PM)
[2019.12.03-03.46.18:651][650]LogPlayLevel: Creating play world package: /Game/UEDPIE_0_Level_001
[2019.12.03-03.46.18:656][650]LogPlayLevel: PIE: StaticDuplicateObject took: (0.004646s)
[2019.12.03-03.46.18:663][650]LogAIModule: Creating AISystem for world Level_001
[2019.12.03-03.46.18:664][650]LogPlayLevel: PIE: World Init took: (0.007670s)
[2019.12.03-03.46.18:665][650]LogPlayLevel: PIE: Created PIE world by copying editor world from /Game/Level_001.Level_001 to /Game/UEDPIE_0_Level_001.Level_001 (0.014181s)
[2019.12.03-03.46.18:697][650]LogUObjectHash: Compacting FUObjectHashTables data took   2.87ms
[2019.12.03-03.46.18:730][650]LogInit: XAudio2 using 'Speakers (Realtek High Definition Audio)' : 2 channels at 48 kHz using 32 bits per sample (channel mask 0x3)
[2019.12.03-03.46.18:881][650]LogInit: FAudioDevice initialized.
[2019.12.03-03.46.18:898][650]LogLoad: Game class is 'GameModeBase'
[2019.12.03-03.46.18:899][650]LogWorld: Bringing World /Game/UEDPIE_0_Level_001.Level_001 up for play (max tick rate 0) at 2019.12.02-22.46.18
[2019.12.03-03.46.18:900][650]LogWorld: Bringing up level for play took: 0.001150
[2019.12.03-03.46.18:903][650]LogOnline: OSS: Creating online subsystem instance for: :Context_5
[2019.12.03-03.46.24:304][650]LogWindows: Error: === Critical error: ===
[2019.12.03-03.46.24:304][650]LogWindows: Error: 
[2019.12.03-03.46.24:304][650]LogWindows: Error: Fatal error!
[2019.12.03-03.46.24:304][650]LogWindows: Error: 
[2019.12.03-03.46.24:304][650]LogWindows: Error: Unhandled Exception: EXCEPTION_ACCESS_VIOLATION reading address 0x00000053
[2019.12.03-03.46.24:304][650]LogWindows: Error: 
[2019.12.03-03.46.24:304][650]LogWindows: Error: [Callstack] 0x00007ffae5762f9d ucrtbase.dll!UnknownFunction []
[2019.12.03-03.46.24:304][650]LogWindows: Error: [Callstack] 0x00007ffae574f1ec ucrtbase.dll!UnknownFunction []
[2019.12.03-03.46.24:304][650]LogWindows: Error: [Callstack] 0x00007ffae574eba7 ucrtbase.dll!UnknownFunction []
[2019.12.03-03.46.24:304][650]LogWindows: Error: [Callstack] 0x00007ffa86794048 UE4Editor-Core.dll!UnknownFunction []
[2019.12.03-03.46.24:304][650]LogWindows: Error: [Callstack] 0x00007ffab1571d84 UE4Editor-BuildingEscape-6391.dll!UWorldPosition::BeginPlay() [C:\Users\TheK-B1000\Desktop\The K-B Folder\Unreal\repos\Section 3\BuildingEscape\Source\BuildingEscape\Private\WorldPosition.cpp:24]
[2019.12.03-03.46.24:304][650]LogWindows: Error: [Callstack] 0x00007ffa613d3f42 UE4Editor-Engine.dll!UnknownFunction []
[2019.12.03-03.46.24:304][650]LogWindows: Error: [Callstack] 0x00007ffa613df9f6 UE4Editor-Engine.dll!UnknownFunction []
[2019.12.03-03.46.24:304][650]LogWindows: Error: [Callstack] 0x00007ffa6263cd40 UE4Editor-Engine.dll!UnknownFunction []
[2019.12.03-03.46.24:304][650]LogWindows: Error: [Callstack] 0x00007ffa61ad23b1 UE4Editor-Engine.dll!UnknownFunction []
[2019.12.03-03.46.24:305][650]LogWindows: Error: [Callstack] 0x00007ffa625eadfe UE4Editor-Engine.dll!UnknownFunction []
[2019.12.03-03.46.24:305][650]LogWindows: Error: [Callstack] 0x00007ffa61a94389 UE4Editor-Engine.dll!UnknownFunction []
[2019.12.03-03.46.24:305][650]LogWindows: Error: [Callstack] 0x00007ffa79654953 UE4Editor-UnrealEd.dll!UnknownFunction []
[2019.12.03-03.46.24:305][650]LogWindows: Error: [Callstack] 0x00007ffa79673c01 UE4Editor-UnrealEd.dll!UnknownFunction []
[2019.12.03-03.46.24:305][650]LogWindows: Error: [Callstack] 0x00007ffa7968daf5 UE4Editor-UnrealEd.dll!UnknownFunction []
[2019.12.03-03.46.24:305][650]LogWindows: Error: [Callstack] 0x00007ffa7914d9b4 UE4Editor-UnrealEd.dll!UnknownFunction []
[2019.12.03-03.46.24:305][650]LogWindows: Error: [Callstack] 0x00007ffa799a4b16 UE4Editor-UnrealEd.dll!UnknownFunction []
[2019.12.03-03.46.24:305][650]LogWindows: Error: [Callstack] 0x00007ff757c57b0a UE4Editor.exe!UnknownFunction []
[2019.12.03-03.46.24:305][650]LogWindows: Error: [Callstack] 0x00007ff757c6a91c UE4Editor.exe!UnknownFunction []
[2019.12.03-03.46.24:305][650]LogWindows: Error: [Callstack] 0x00007ff757c6a9fa UE4Editor.exe!UnknownFunction []
[2019.12.03-03.46.24:305][650]LogWindows: Error: [Callstack] 0x00007ff757c7b92c UE4Editor.exe!UnknownFunction []
[2019.12.03-03.46.24:305][650]LogWindows: Error: [Callstack] 0x00007ff757c7e60e UE4Editor.exe!UnknownFunction []
[2019.12.03-03.46.24:305][650]LogWindows: Error: [Callstack] 0x00007ffae59b7bd4 KERNEL32.DLL!UnknownFunction []
[2019.12.03-03.46.24:305][650]LogWindows: Error: [Callstack] 0x00007ffae78acee1 ntdll.dll!UnknownFunction []
[2019.12.03-03.46.24:305][650]LogWindows: Error: 
[2019.12.03-03.46.24:327][650]LogExit: Executing StaticShutdownAfterError
[2019.12.03-03.46.24:424][650]LogWindows: FPlatformMisc::RequestExit(1)
[2019.12.03-03.46.24:435][650]Log file closed, 12/02/19 22:46:24
