Log file open, 11/25/19 14:05:31
LogWindows: Failed to load 'aqProf.dll' (GetLastError=126)
LogWindows: File 'aqProf.dll' does not exist
LogWindows: Failed to load 'VtuneApi.dll' (GetLastError=126)
LogWindows: File 'VtuneApi.dll' does not exist
LogWindows: Failed to load 'VtuneApi32e.dll' (GetLastError=126)
LogWindows: File 'VtuneApi32e.dll' does not exist
LogConsoleResponse: Display: Failed to find resolution value strings in scalability ini. Falling back to default.
LogInit: Display: Running engine for game: BuildingEscape
LogPlatformFile: Not using cached read wrapper
LogTaskGraph: Started task graph with 5 named threads and 14 total threads with 3 sets of task threads.
LogStats: Stats thread started at 0.119591
LogD3D11RHI: Loaded GFSDK_Aftermath_Lib.x64.dll
LogICUInternationalization: ICU TimeZone Detection - Raw Offset: -5:00, Platform Override: ''
LogPluginManager: Mounting plugin Paper2D
LogPluginManager: Mounting plugin AISupport
LogPluginManager: Mounting plugin LightPropagationVolume
LogPluginManager: Mounting plugin ActorLayerUtilities
LogPluginManager: Mounting plugin AnimationSharing
LogPluginManager: Mounting plugin CLionSourceCodeAccess
LogPluginManager: Mounting plugin CodeLiteSourceCodeAccess
LogPluginManager: Mounting plugin GitSourceControl
LogPluginManager: Mounting plugin KDevelopSourceCodeAccess
LogPluginManager: Mounting plugin NullSourceCodeAccess
LogPluginManager: Mounting plugin PerforceSourceControl
LogPluginManager: Mounting plugin SubversionSourceControl
LogPluginManager: Mounting plugin UObjectPlugin
LogPluginManager: Mounting plugin VisualStudioCodeSourceCodeAccess
LogPluginManager: Mounting plugin VisualStudioSourceCodeAccess
LogPluginManager: Mounting plugin XCodeSourceCodeAccess
LogPluginManager: Mounting plugin AssetManagerEditor
LogPluginManager: Mounting plugin CryptoKeys
LogPluginManager: Mounting plugin CurveEditorTools
LogPluginManager: Mounting plugin DataValidation
LogPluginManager: Mounting plugin EditorScriptingUtilities
LogPluginManager: Mounting plugin FacialAnimation
LogPluginManager: Mounting plugin GameplayTagsEditor
LogPluginManager: Mounting plugin GLTFImporter
LogPluginManager: Mounting plugin MacGraphicsSwitching
LogPluginManager: Mounting plugin MaterialAnalyzer
LogPluginManager: Mounting plugin MeshEditor
LogPluginManager: Mounting plugin MobileLauncherProfileWizard
LogPluginManager: Mounting plugin PluginBrowser
LogPluginManager: Mounting plugin SpeedTreeImporter
LogPluginManager: Mounting plugin DatasmithContent
LogPluginManager: Mounting plugin VariantManagerContent
LogPluginManager: Mounting plugin AlembicImporter
LogPluginManager: Mounting plugin AutomationUtils
LogPluginManager: Mounting plugin BackChannel
LogPluginManager: Mounting plugin BlastPlugin
LogPluginManager: Mounting plugin ChaosSolverPlugin
LogPluginManager: Mounting plugin CharacterAI
LogPluginManager: Mounting plugin DataPrepEditor
LogPluginManager: Mounting plugin GeometryCache
LogPluginManager: Mounting plugin GeometryCollectionPlugin
LogPluginManager: Mounting plugin HTML5Networking
LogPluginManager: Mounting plugin PlatformCrypto
LogPluginManager: Mounting plugin ProxyLODPlugin
LogPluginManager: Mounting plugin SkeletalReduction
LogPluginManager: Mounting plugin MagicLeap
LogPluginManager: Mounting plugin MagicLeapMedia
LogPluginManager: Mounting plugin AndroidMedia
LogPluginManager: Mounting plugin AvfMedia
LogPluginManager: Mounting plugin ImgMedia
LogPluginManager: Mounting plugin MediaCompositing
LogPluginManager: Mounting plugin MediaPlayerEditor
LogPluginManager: Mounting plugin WebMMedia
LogPluginManager: Mounting plugin WmfMedia
LogPluginManager: Mounting plugin TcpMessaging
LogPluginManager: Mounting plugin UdpMessaging
LogPluginManager: Mounting plugin ActorSequence
LogPluginManager: Mounting plugin LevelSequenceEditor
LogPluginManager: Mounting plugin MatineeToLevelSequence
LogPluginManager: Mounting plugin NetcodeUnitTest
LogPluginManager: Mounting plugin NUTUnrealEngine4
LogPluginManager: Mounting plugin OnlineSubsystemGooglePlay
LogPluginManager: Mounting plugin OnlineSubsystemIOS
LogPluginManager: Mounting plugin OnlineSubsystem
LogPluginManager: Mounting plugin OnlineSubsystemNull
LogPluginManager: Mounting plugin OnlineSubsystemUtils
LogPluginManager: Mounting plugin LauncherChunkInstaller
LogPluginManager: Mounting plugin AndroidDeviceProfileSelector
LogPluginManager: Mounting plugin AndroidMoviePlayer
LogPluginManager: Mounting plugin AndroidPermission
LogPluginManager: Mounting plugin AppleImageUtils
LogPluginManager: Mounting plugin AppleMoviePlayer
LogPluginManager: Mounting plugin ArchVisCharacter
LogPluginManager: Mounting plugin AudioCapture
LogPluginManager: Mounting plugin CableComponent
LogPluginManager: Mounting plugin CustomMeshComponent
LogPluginManager: Mounting plugin EditableMesh
LogPluginManager: Mounting plugin ExampleDeviceProfileSelector
LogPluginManager: Mounting plugin GoogleCloudMessaging
LogPluginManager: Mounting plugin IOSDeviceProfileSelector
LogPluginManager: Mounting plugin LinuxDeviceProfileSelector
LogPluginManager: Mounting plugin LocationServicesBPLibrary
LogPluginManager: Mounting plugin MobilePatchingUtils
LogPluginManager: Mounting plugin OculusVR
LogPluginManager: Mounting plugin PhysXVehicles
LogPluginManager: Mounting plugin ProceduralMeshComponent
LogPluginManager: Mounting plugin RuntimePhysXCooking
LogPluginManager: Mounting plugin SignificanceManager
LogPluginManager: Mounting plugin SteamVR
LogPluginManager: Mounting plugin WebMMoviePlayer
LogPluginManager: Mounting plugin WindowsMoviePlayer
LogPluginManager: Mounting plugin ScreenshotTools
LogPluginManager: Mounting plugin DatasmithC4DImporter
LogPluginManager: Mounting plugin DatasmithCADImporter
LogPluginManager: Mounting plugin DatasmithFBXImporter
LogPluginManager: Mounting plugin DatasmithGLTFImporter
LogPluginManager: Mounting plugin DatasmithIFCImporter
LogPluginManager: Mounting plugin DatasmithImporter
LogPluginManager: Mounting plugin MDLImporter
LogPluginManager: Mounting plugin StaticMeshEditorExtension
LogPluginManager: Mounting plugin VariantManager
LogInit: Using libcurl 7.55.1-DEV
LogInit:  - built for x86_64-pc-win32
LogInit:  - supports SSL with OpenSSL/1.1.1
LogInit:  - supports HTTP deflate (compression) using libz 1.2.8
LogInit:  - other features:
LogInit:      CURL_VERSION_SSL
LogInit:      CURL_VERSION_LIBZ
LogInit:      CURL_VERSION_IPV6
LogInit:      CURL_VERSION_ASYNCHDNS
LogInit:      CURL_VERSION_LARGEFILE
LogInit:      CURL_VERSION_IDN
LogInit:  CurlRequestOptions (configurable via config and command line):
LogInit:  - bVerifyPeer = true  - Libcurl will verify peer certificate
LogInit:  - bUseHttpProxy = false  - Libcurl will NOT use HTTP proxy
LogInit:  - bDontReuseConnections = false  - Libcurl will reuse connections
LogInit:  - MaxHostConnections = 16  - Libcurl will limit the number of connections to a host
LogInit:  - LocalHostAddr = Default
LogInit:  - BufferSize = 65536
LogOnline: OSS: Creating online subsystem instance for: NULL
LogInit: WinSock: version 1.1 (2.2), MaxSocks=32767, MaxUdp=65467
LogInit: Build: ++UE4+Release-4.23-CL-8386587
LogInit: Engine Version: 4.23.0-8386587+++UE4+Release-4.23
LogInit: Compatible Engine Version: 4.23.0-8386587+++UE4+Release-4.23
LogInit: Net CL: 8386587
LogInit: OS: Windows 10 (Release 1903) (), CPU: Intel(R) Core(TM) i5-6300HQ CPU @ 2.30GHz, GPU: Intel(R) HD Graphics 530
LogInit: Compiled (64-bit): Aug 31 2019 02:04:44
LogInit: Compiled with Visual C++: 19.16.27030.01
LogInit: Build Configuration: Development
LogInit: Branch Name: ++UE4+Release-4.23
LogInit: Command Line: 
LogInit: Base Directory: C:/Program Files/Epic Games/UE_4.23/Engine/Binaries/Win64/
LogInit: Installed Engine Build: 1
LogDevObjectVersion: Number of dev versions registered: 23
LogDevObjectVersion:   Dev-Blueprints (B0D832E4-1F89-4F0D-ACCF-7EB736FD4AA2): 10
LogDevObjectVersion:   Dev-Build (E1C64328-A22C-4D53-A36C-8E866417BD8C): 0
LogDevObjectVersion:   Dev-Core (375EC13C-06E4-48FB-B500-84F0262A717E): 3
LogDevObjectVersion:   Dev-Editor (E4B068ED-F494-42E9-A231-DA0B2E46BB41): 34
LogDevObjectVersion:   Dev-Framework (CFFC743F-43B0-4480-9391-14DF171D2073): 35
LogDevObjectVersion:   Dev-Mobile (B02B49B5-BB20-44E9-A304-32B752E40360): 2
LogDevObjectVersion:   Dev-Networking (A4E4105C-59A1-49B5-A7C5-40C4547EDFEE): 0
LogDevObjectVersion:   Dev-Online (39C831C9-5AE6-47DC-9A44-9C173E1C8E7C): 0
LogDevObjectVersion:   Dev-Physics (78F01B33-EBEA-4F98-B9B4-84EACCB95AA2): 0
LogDevObjectVersion:   Dev-Platform (6631380F-2D4D-43E0-8009-CF276956A95A): 0
LogDevObjectVersion:   Dev-Rendering (12F88B9F-8875-4AFC-A67C-D90C383ABD29): 31
LogDevObjectVersion:   Dev-Sequencer (7B5AE74C-D270-4C10-A958-57980B212A5A): 11
LogDevObjectVersion:   Dev-VR (D7296918-1DD6-4BDD-9DE2-64A83CC13884): 2
LogDevObjectVersion:   Dev-LoadTimes (C2A15278-BFE7-4AFE-6C17-90FF531DF755): 1
LogDevObjectVersion:   Private-Geometry (6EACA3D4-40EC-4CC1-B786-8BED09428FC5): 3
LogDevObjectVersion:   Dev-AnimPhys (29E575DD-E0A3-4627-9D10-D276232CDCEA): 17
LogDevObjectVersion:   Dev-Anim (AF43A65D-7FD3-4947-9873-3E8ED9C1BB05): 2
LogDevObjectVersion:   Dev-ReflectionCapture (6B266CEC-1EC7-4B8F-A30B-E4D90942FC07): 1
LogDevObjectVersion:   Dev-Automation (0DF73D61-A23F-47EA-B727-89E90C41499A): 1
LogDevObjectVersion:   FortniteMain (601D1886-AC64-4F84-AA16-D3DE0DEAC7D6): 27
LogDevObjectVersion:   Dev-Enterprise (9DFFBCD6-494F-0158-E221-12823C92A888): 6
LogDevObjectVersion:   Dev-Niagara (F2AED0AC-9AFE-416F-8664-AA7FFA26D6FC): 1
LogDevObjectVersion:   Dev-Destruction (174F1F0B-B4C6-45A5-B13F-2EE8D0FB917D): 9
LogInit: Presizing for max 16777216 objects, including 0 objects not considered by GC, pre-allocating 0 bytes for permanent pool.
LogInit: Object subsystem initialized
LogConfig: Setting CVar [[con.DebugEarlyDefault:1]]
LogConfig: Setting CVar [[r.setres:1280x720]]
[2019.11.25-19.05.31:998][  0]LogConfig: Setting CVar [[r.VSync:0]]
[2019.11.25-19.05.31:998][  0]LogConfig: Setting CVar [[r.RHICmdBypass:0]]
[2019.11.25-19.05.31:998][  0]LogConfig: Applying CVar settings from Section [/Script/Engine.RendererSettings] File [C:/Users/TheK-B1000/Desktop/The K-B Folder/Unreal/repos/Section 3/BuildingEscape/Saved/Config/Windows/Engine.ini]
[2019.11.25-19.05.31:998][  0]LogConfig: Setting CVar [[r.GPUCrashDebugging:0]]
[2019.11.25-19.05.31:998][  0]LogConfig: Setting CVar [[r.DefaultFeature.AutoExposure.ExtendDefaultLuminanceRange:1]]
[2019.11.25-19.05.31:998][  0]LogConfig: Applying CVar settings from Section [/Script/Engine.RendererOverrideSettings] File [C:/Users/TheK-B1000/Desktop/The K-B Folder/Unreal/repos/Section 3/BuildingEscape/Saved/Config/Windows/Engine.ini]
[2019.11.25-19.05.31:998][  0]LogConfig: Applying CVar settings from Section [/Script/Engine.StreamingSettings] File [C:/Users/TheK-B1000/Desktop/The K-B Folder/Unreal/repos/Section 3/BuildingEscape/Saved/Config/Windows/Engine.ini]
[2019.11.25-19.05.31:998][  0]LogConfig: Setting CVar [[s.MinBulkDataSizeForAsyncLoading:131072]]
[2019.11.25-19.05.31:998][  0]LogConfig: Setting CVar [[s.AsyncLoadingThreadEnabled:0]]
[2019.11.25-19.05.31:998][  0]LogConfig: Setting CVar [[s.EventDrivenLoaderEnabled:1]]
[2019.11.25-19.05.31:998][  0]LogConfig: Setting CVar [[s.WarnIfTimeLimitExceeded:0]]
[2019.11.25-19.05.31:998][  0]LogConfig: Setting CVar [[s.TimeLimitExceededMultiplier:1.5]]
[2019.11.25-19.05.31:998][  0]LogConfig: Setting CVar [[s.TimeLimitExceededMinTime:0.005]]
[2019.11.25-19.05.31:998][  0]LogConfig: Setting CVar [[s.UseBackgroundLevelStreaming:1]]
[2019.11.25-19.05.31:998][  0]LogConfig: Setting CVar [[s.PriorityAsyncLoadingExtraTime:15.0]]
[2019.11.25-19.05.31:998][  0]LogConfig: Setting CVar [[s.LevelStreamingActorsUpdateTimeLimit:5.0]]
[2019.11.25-19.05.31:998][  0]LogConfig: Setting CVar [[s.PriorityLevelStreamingActorsUpdateExtraTime:5.0]]
[2019.11.25-19.05.31:998][  0]LogConfig: Setting CVar [[s.LevelStreamingComponentsRegistrationGranularity:10]]
[2019.11.25-19.05.31:998][  0]LogConfig: Setting CVar [[s.UnregisterComponentsTimeLimit:1.0]]
[2019.11.25-19.05.31:998][  0]LogConfig: Setting CVar [[s.LevelStreamingComponentsUnregistrationGranularity:5]]
[2019.11.25-19.05.31:998][  0]LogConfig: Applying CVar settings from Section [/Script/Engine.GarbageCollectionSettings] File [C:/Users/TheK-B1000/Desktop/The K-B Folder/Unreal/repos/Section 3/BuildingEscape/Saved/Config/Windows/Engine.ini]
[2019.11.25-19.05.31:999][  0]LogConfig: Setting CVar [[gc.MaxObjectsNotConsideredByGC:1]]
[2019.11.25-19.05.31:999][  0]LogConfig: Setting CVar [[gc.SizeOfPermanentObjectPool:0]]
[2019.11.25-19.05.31:999][  0]LogConfig: Setting CVar [[gc.FlushStreamingOnGC:0]]
[2019.11.25-19.05.31:999][  0]LogConfig: Setting CVar [[gc.NumRetriesBeforeForcingGC:10]]
[2019.11.25-19.05.31:999][  0]LogConfig: Setting CVar [[gc.AllowParallelGC:1]]
[2019.11.25-19.05.31:999][  0]LogConfig: Setting CVar [[gc.TimeBetweenPurgingPendingKillObjects:61.1]]
[2019.11.25-19.05.31:999][  0]LogConfig: Setting CVar [[gc.MaxObjectsInEditor:16777216]]
[2019.11.25-19.05.31:999][  0]LogConfig: Setting CVar [[gc.IncrementalBeginDestroyEnabled:1]]
[2019.11.25-19.05.31:999][  0]LogConfig: Setting CVar [[gc.CreateGCClusters:1]]
[2019.11.25-19.05.31:999][  0]LogConfig: Setting CVar [[gc.MinGCClusterSize:5]]
[2019.11.25-19.05.31:999][  0]LogConfig: Setting CVar [[gc.ActorClusteringEnabled:0]]
[2019.11.25-19.05.31:999][  0]LogConfig: Setting CVar [[gc.BlueprintClusteringEnabled:0]]
[2019.11.25-19.05.31:999][  0]LogConfig: Setting CVar [[gc.UseDisregardForGCOnDedicatedServers:0]]
[2019.11.25-19.05.31:999][  0]LogConfig: Applying CVar settings from Section [/Script/Engine.NetworkSettings] File [C:/Users/TheK-B1000/Desktop/The K-B Folder/Unreal/repos/Section 3/BuildingEscape/Saved/Config/Windows/Engine.ini]
[2019.11.25-19.05.31:999][  0]LogConfig: Applying CVar settings from Section [/Script/UnrealEd.CookerSettings] File [C:/Users/TheK-B1000/Desktop/The K-B Folder/Unreal/repos/Section 3/BuildingEscape/Saved/Config/Windows/Engine.ini]
[2019.11.25-19.05.32:003][  0]LogConfig: Applying CVar settings from Section [ViewDistanceQuality@3] File [C:/Users/TheK-B1000/Desktop/The K-B Folder/Unreal/repos/Section 3/BuildingEscape/Saved/Config/Windows/Scalability.ini]
[2019.11.25-19.05.32:003][  0]LogConfig: Setting CVar [[r.SkeletalMeshLODBias:0]]
[2019.11.25-19.05.32:003][  0]LogConfig: Setting CVar [[r.ViewDistanceScale:1.0]]
[2019.11.25-19.05.32:003][  0]LogConfig: Applying CVar settings from Section [AntiAliasingQuality@3] File [C:/Users/TheK-B1000/Desktop/The K-B Folder/Unreal/repos/Section 3/BuildingEscape/Saved/Config/Windows/Scalability.ini]
[2019.11.25-19.05.32:003][  0]LogConfig: Setting CVar [[r.PostProcessAAQuality:4]]
[2019.11.25-19.05.32:003][  0]LogConfig: Applying CVar settings from Section [ShadowQuality@3] File [C:/Users/TheK-B1000/Desktop/The K-B Folder/Unreal/repos/Section 3/BuildingEscape/Saved/Config/Windows/Scalability.ini]
[2019.11.25-19.05.32:003][  0]LogConfig: Setting CVar [[r.LightFunctionQuality:1]]
[2019.11.25-19.05.32:003][  0]LogConfig: Setting CVar [[r.ShadowQuality:5]]
[2019.11.25-19.05.32:003][  0]LogConfig: Setting CVar [[r.Shadow.CSM.MaxCascades:10]]
[2019.11.25-19.05.32:003][  0]LogConfig: Setting CVar [[r.Shadow.MaxResolution:2048]]
[2019.11.25-19.05.32:003][  0]LogConfig: Setting CVar [[r.Shadow.MaxCSMResolution:2048]]
[2019.11.25-19.05.32:003][  0]LogConfig: Setting CVar [[r.Shadow.RadiusThreshold:0.01]]
[2019.11.25-19.05.32:003][  0]LogConfig: Setting CVar [[r.Shadow.DistanceScale:1.0]]
[2019.11.25-19.05.32:003][  0]LogConfig: Setting CVar [[r.Shadow.CSM.TransitionScale:1.0]]
[2019.11.25-19.05.32:003][  0]LogConfig: Setting CVar [[r.Shadow.PreShadowResolutionFactor:1.0]]
[2019.11.25-19.05.32:003][  0]LogConfig: Setting CVar [[r.DistanceFieldShadowing:1]]
[2019.11.25-19.05.32:003][  0]LogConfig: Setting CVar [[r.DistanceFieldAO:1]]
[2019.11.25-19.05.32:003][  0]LogConfig: Setting CVar [[r.AOQuality:2]]
[2019.11.25-19.05.32:003][  0]LogConfig: Setting CVar [[r.VolumetricFog:1]]
[2019.11.25-19.05.32:003][  0]LogConfig: Setting CVar [[r.VolumetricFog.GridPixelSize:8]]
[2019.11.25-19.05.32:003][  0]LogConfig: Setting CVar [[r.VolumetricFog.GridSizeZ:128]]
[2019.11.25-19.05.32:003][  0]LogConfig: Setting CVar [[r.VolumetricFog.HistoryMissSupersampleCount:4]]
[2019.11.25-19.05.32:003][  0]LogConfig: Setting CVar [[r.LightMaxDrawDistanceScale:1]]
[2019.11.25-19.05.32:003][  0]LogConfig: Setting CVar [[r.CapsuleShadows:1]]
[2019.11.25-19.05.32:003][  0]LogConfig: Applying CVar settings from Section [PostProcessQuality@3] File [C:/Users/TheK-B1000/Desktop/The K-B Folder/Unreal/repos/Section 3/BuildingEscape/Saved/Config/Windows/Scalability.ini]
[2019.11.25-19.05.32:003][  0]LogConfig: Setting CVar [[r.MotionBlurQuality:4]]
[2019.11.25-19.05.32:003][  0]LogConfig: Setting CVar [[r.AmbientOcclusionMipLevelFactor:0.4]]
[2019.11.25-19.05.32:003][  0]LogConfig: Setting CVar [[r.AmbientOcclusionMaxQuality:100]]
[2019.11.25-19.05.32:003][  0]LogConfig: Setting CVar [[r.AmbientOcclusionLevels:-1]]
[2019.11.25-19.05.32:003][  0]LogConfig: Setting CVar [[r.AmbientOcclusionRadiusScale:1.0]]
[2019.11.25-19.05.32:003][  0]LogConfig: Setting CVar [[r.DepthOfFieldQuality:2]]
[2019.11.25-19.05.32:004][  0]LogConfig: Setting CVar [[r.RenderTargetPoolMin:400]]
[2019.11.25-19.05.32:004][  0]LogConfig: Setting CVar [[r.LensFlareQuality:2]]
[2019.11.25-19.05.32:004][  0]LogConfig: Setting CVar [[r.SceneColorFringeQuality:1]]
[2019.11.25-19.05.32:004][  0]LogConfig: Setting CVar [[r.EyeAdaptationQuality:2]]
[2019.11.25-19.05.32:004][  0]LogConfig: Setting CVar [[r.BloomQuality:5]]
[2019.11.25-19.05.32:004][  0]LogConfig: Setting CVar [[r.FastBlurThreshold:100]]
[2019.11.25-19.05.32:004][  0]LogConfig: Setting CVar [[r.Upscale.Quality:3]]
[2019.11.25-19.05.32:004][  0]LogConfig: Setting CVar [[r.Tonemapper.GrainQuantization:1]]
[2019.11.25-19.05.32:004][  0]LogConfig: Setting CVar [[r.LightShaftQuality:1]]
[2019.11.25-19.05.32:004][  0]LogConfig: Setting CVar [[r.Filter.SizeScale:1]]
[2019.11.25-19.05.32:004][  0]LogConfig: Setting CVar [[r.Tonemapper.Quality:5]]
[2019.11.25-19.05.32:004][  0]LogConfig: Setting CVar [[r.DOF.Gather.AccumulatorQuality:1        ; higher gathering accumulator quality]]
[2019.11.25-19.05.32:004][  0]LogConfig: Setting CVar [[r.DOF.Gather.PostfilterMethod:1          ; Median3x3 postfilering method]]
[2019.11.25-19.05.32:004][  0]LogConfig: Setting CVar [[r.DOF.Gather.EnableBokehSettings:0       ; no bokeh simulation when gathering]]
[2019.11.25-19.05.32:004][  0]LogConfig: Setting CVar [[r.DOF.Gather.RingCount:4                 ; medium number of samples when gathering]]
[2019.11.25-19.05.32:004][  0]LogConfig: Setting CVar [[r.DOF.Scatter.ForegroundCompositing:1    ; additive foreground scattering]]
[2019.11.25-19.05.32:004][  0]LogConfig: Setting CVar [[r.DOF.Scatter.BackgroundCompositing:2    ; additive background scattering]]
[2019.11.25-19.05.32:004][  0]LogConfig: Setting CVar [[r.DOF.Scatter.EnableBokehSettings:1      ; bokeh simulation when scattering]]
[2019.11.25-19.05.32:004][  0]LogConfig: Setting CVar [[r.DOF.Scatter.MaxSpriteRatio:0.1         ; only a maximum of 10% of scattered bokeh]]
[2019.11.25-19.05.32:004][  0]LogConfig: Setting CVar [[r.DOF.Recombine.Quality:1                ; cheap slight out of focus]]
[2019.11.25-19.05.32:004][  0]LogConfig: Setting CVar [[r.DOF.Recombine.EnableBokehSettings:0    ; no bokeh simulation on slight out of focus]]
[2019.11.25-19.05.32:004][  0]LogConfig: Setting CVar [[r.DOF.TemporalAAQuality:1                ; more stable temporal accumulation]]
[2019.11.25-19.05.32:004][  0]LogConfig: Setting CVar [[r.DOF.Kernel.MaxForegroundRadius:0.025]]
[2019.11.25-19.05.32:004][  0]LogConfig: Setting CVar [[r.DOF.Kernel.MaxBackgroundRadius:0.025]]
[2019.11.25-19.05.32:004][  0]LogConfig: Applying CVar settings from Section [TextureQuality@3] File [C:/Users/TheK-B1000/Desktop/The K-B Folder/Unreal/repos/Section 3/BuildingEscape/Saved/Config/Windows/Scalability.ini]
[2019.11.25-19.05.32:004][  0]LogConfig: Setting CVar [[r.Streaming.MipBias:0]]
[2019.11.25-19.05.32:004][  0]LogConfig: Setting CVar [[r.Streaming.AmortizeCPUToGPUCopy:0]]
[2019.11.25-19.05.32:004][  0]LogConfig: Setting CVar [[r.Streaming.MaxNumTexturesToStreamPerFrame:0]]
[2019.11.25-19.05.32:004][  0]LogConfig: Setting CVar [[r.Streaming.Boost:1]]
[2019.11.25-19.05.32:004][  0]LogConfig: Setting CVar [[r.MaxAnisotropy:8]]
[2019.11.25-19.05.32:005][  0]LogConfig: Setting CVar [[r.Streaming.LimitPoolSizeToVRAM:0]]
[2019.11.25-19.05.32:005][  0]LogConfig: Setting CVar [[r.Streaming.PoolSize:1000]]
[2019.11.25-19.05.32:005][  0]LogConfig: Setting CVar [[r.Streaming.MaxEffectiveScreenSize:0]]
[2019.11.25-19.05.32:005][  0]LogConfig: Applying CVar settings from Section [EffectsQuality@3] File [C:/Users/TheK-B1000/Desktop/The K-B Folder/Unreal/repos/Section 3/BuildingEscape/Saved/Config/Windows/Scalability.ini]
[2019.11.25-19.05.32:005][  0]LogConfig: Setting CVar [[r.TranslucencyLightingVolumeDim:64]]
[2019.11.25-19.05.32:005][  0]LogConfig: Setting CVar [[r.RefractionQuality:2]]
[2019.11.25-19.05.32:005][  0]LogConfig: Setting CVar [[r.SSR.Quality:3]]
[2019.11.25-19.05.32:005][  0]LogConfig: Setting CVar [[r.SceneColorFormat:4]]
[2019.11.25-19.05.32:005][  0]LogConfig: Setting CVar [[r.DetailMode:2]]
[2019.11.25-19.05.32:005][  0]LogConfig: Setting CVar [[r.TranslucencyVolumeBlur:1]]
[2019.11.25-19.05.32:005][  0]LogConfig: Setting CVar [[r.MaterialQualityLevel:1 ; High quality]]
[2019.11.25-19.05.32:005][  0]LogConfig: Setting CVar [[r.SSS.Scale:1]]
[2019.11.25-19.05.32:005][  0]LogConfig: Setting CVar [[r.SSS.SampleSet:2]]
[2019.11.25-19.05.32:005][  0]LogConfig: Setting CVar [[r.SSS.Quality:1]]
[2019.11.25-19.05.32:005][  0]LogConfig: Setting CVar [[r.SSS.HalfRes:1]]
[2019.11.25-19.05.32:005][  0]LogConfig: Setting CVar [[r.EmitterSpawnRateScale:1.0]]
[2019.11.25-19.05.32:005][  0]LogConfig: Setting CVar [[r.ParticleLightQuality:2]]
[2019.11.25-19.05.32:005][  0]LogConfig: Applying CVar settings from Section [FoliageQuality@3] File [C:/Users/TheK-B1000/Desktop/The K-B Folder/Unreal/repos/Section 3/BuildingEscape/Saved/Config/Windows/Scalability.ini]
[2019.11.25-19.05.32:005][  0]LogConfig: Setting CVar [[foliage.DensityScale:1.0]]
[2019.11.25-19.05.32:005][  0]LogConfig: Setting CVar [[grass.DensityScale:1.0]]
[2019.11.25-19.05.32:005][  0]LogInit: Selected Device Profile: [Windows]
[2019.11.25-19.05.32:005][  0]LogInit: Applying CVar settings loaded from the selected device profile: [Windows]
[2019.11.25-19.05.32:009][  0]LogHAL: Display: Platform has ~ 8 GB [8462237696 / 8589934592 / 8], which maps to Default [LargestMinGB=32, LargerMinGB=12, DefaultMinGB=8, SmallerMinGB=6, SmallestMinGB=0)
[2019.11.25-19.05.32:009][  0]LogInit: Going up to parent DeviceProfile []
[2019.11.25-19.05.32:010][  0]LogConfig: Applying CVar settings from Section [ViewDistanceQuality@3] File [C:/Users/TheK-B1000/Desktop/The K-B Folder/Unreal/repos/Section 3/BuildingEscape/Saved/Config/Windows/Scalability.ini]
[2019.11.25-19.05.32:010][  0]LogConfig: Setting CVar [[r.SkeletalMeshLODBias:0]]
[2019.11.25-19.05.32:010][  0]LogConfig: Setting CVar [[r.ViewDistanceScale:1.0]]
[2019.11.25-19.05.32:010][  0]LogConfig: Applying CVar settings from Section [AntiAliasingQuality@3] File [C:/Users/TheK-B1000/Desktop/The K-B Folder/Unreal/repos/Section 3/BuildingEscape/Saved/Config/Windows/Scalability.ini]
[2019.11.25-19.05.32:010][  0]LogConfig: Setting CVar [[r.PostProcessAAQuality:4]]
[2019.11.25-19.05.32:010][  0]LogConfig: Applying CVar settings from Section [ShadowQuality@3] File [C:/Users/TheK-B1000/Desktop/The K-B Folder/Unreal/repos/Section 3/BuildingEscape/Saved/Config/Windows/Scalability.ini]
[2019.11.25-19.05.32:010][  0]LogConfig: Setting CVar [[r.LightFunctionQuality:1]]
[2019.11.25-19.05.32:010][  0]LogConfig: Setting CVar [[r.ShadowQuality:5]]
[2019.11.25-19.05.32:010][  0]LogConfig: Setting CVar [[r.Shadow.CSM.MaxCascades:10]]
[2019.11.25-19.05.32:010][  0]LogConfig: Setting CVar [[r.Shadow.MaxResolution:2048]]
[2019.11.25-19.05.32:010][  0]LogConfig: Setting CVar [[r.Shadow.MaxCSMResolution:2048]]
[2019.11.25-19.05.32:010][  0]LogConfig: Setting CVar [[r.Shadow.RadiusThreshold:0.01]]
[2019.11.25-19.05.32:010][  0]LogConfig: Setting CVar [[r.Shadow.DistanceScale:1.0]]
[2019.11.25-19.05.32:010][  0]LogConfig: Setting CVar [[r.Shadow.CSM.TransitionScale:1.0]]
[2019.11.25-19.05.32:010][  0]LogConfig: Setting CVar [[r.Shadow.PreShadowResolutionFactor:1.0]]
[2019.11.25-19.05.32:010][  0]LogConfig: Setting CVar [[r.DistanceFieldShadowing:1]]
[2019.11.25-19.05.32:010][  0]LogConfig: Setting CVar [[r.DistanceFieldAO:1]]
[2019.11.25-19.05.32:010][  0]LogConfig: Setting CVar [[r.AOQuality:2]]
[2019.11.25-19.05.32:010][  0]LogConfig: Setting CVar [[r.VolumetricFog:1]]
[2019.11.25-19.05.32:010][  0]LogConfig: Setting CVar [[r.VolumetricFog.GridPixelSize:8]]
[2019.11.25-19.05.32:010][  0]LogConfig: Setting CVar [[r.VolumetricFog.GridSizeZ:128]]
[2019.11.25-19.05.32:010][  0]LogConfig: Setting CVar [[r.VolumetricFog.HistoryMissSupersampleCount:4]]
[2019.11.25-19.05.32:010][  0]LogConfig: Setting CVar [[r.LightMaxDrawDistanceScale:1]]
[2019.11.25-19.05.32:010][  0]LogConfig: Setting CVar [[r.CapsuleShadows:1]]
[2019.11.25-19.05.32:010][  0]LogConfig: Applying CVar settings from Section [PostProcessQuality@3] File [C:/Users/TheK-B1000/Desktop/The K-B Folder/Unreal/repos/Section 3/BuildingEscape/Saved/Config/Windows/Scalability.ini]
[2019.11.25-19.05.32:010][  0]LogConfig: Setting CVar [[r.MotionBlurQuality:4]]
[2019.11.25-19.05.32:010][  0]LogConfig: Setting CVar [[r.AmbientOcclusionMipLevelFactor:0.4]]
[2019.11.25-19.05.32:010][  0]LogConfig: Setting CVar [[r.AmbientOcclusionMaxQuality:100]]
[2019.11.25-19.05.32:010][  0]LogConfig: Setting CVar [[r.AmbientOcclusionLevels:-1]]
[2019.11.25-19.05.32:010][  0]LogConfig: Setting CVar [[r.AmbientOcclusionRadiusScale:1.0]]
[2019.11.25-19.05.32:010][  0]LogConfig: Setting CVar [[r.DepthOfFieldQuality:2]]
[2019.11.25-19.05.32:010][  0]LogConfig: Setting CVar [[r.RenderTargetPoolMin:400]]
[2019.11.25-19.05.32:010][  0]LogConfig: Setting CVar [[r.LensFlareQuality:2]]
[2019.11.25-19.05.32:010][  0]LogConfig: Setting CVar [[r.SceneColorFringeQuality:1]]
[2019.11.25-19.05.32:010][  0]LogConfig: Setting CVar [[r.EyeAdaptationQuality:2]]
[2019.11.25-19.05.32:010][  0]LogConfig: Setting CVar [[r.BloomQuality:5]]
[2019.11.25-19.05.32:010][  0]LogConfig: Setting CVar [[r.FastBlurThreshold:100]]
[2019.11.25-19.05.32:010][  0]LogConfig: Setting CVar [[r.Upscale.Quality:3]]
[2019.11.25-19.05.32:010][  0]LogConfig: Setting CVar [[r.Tonemapper.GrainQuantization:1]]
[2019.11.25-19.05.32:010][  0]LogConfig: Setting CVar [[r.LightShaftQuality:1]]
[2019.11.25-19.05.32:010][  0]LogConfig: Setting CVar [[r.Filter.SizeScale:1]]
[2019.11.25-19.05.32:010][  0]LogConfig: Setting CVar [[r.Tonemapper.Quality:5]]
[2019.11.25-19.05.32:010][  0]LogConfig: Setting CVar [[r.DOF.Gather.AccumulatorQuality:1        ; higher gathering accumulator quality]]
[2019.11.25-19.05.32:010][  0]LogConfig: Setting CVar [[r.DOF.Gather.PostfilterMethod:1          ; Median3x3 postfilering method]]
[2019.11.25-19.05.32:010][  0]LogConfig: Setting CVar [[r.DOF.Gather.EnableBokehSettings:0       ; no bokeh simulation when gathering]]
[2019.11.25-19.05.32:010][  0]LogConfig: Setting CVar [[r.DOF.Gather.RingCount:4                 ; medium number of samples when gathering]]
[2019.11.25-19.05.32:010][  0]LogConfig: Setting CVar [[r.DOF.Scatter.ForegroundCompositing:1    ; additive foreground scattering]]
[2019.11.25-19.05.32:010][  0]LogConfig: Setting CVar [[r.DOF.Scatter.BackgroundCompositing:2    ; additive background scattering]]
[2019.11.25-19.05.32:010][  0]LogConfig: Setting CVar [[r.DOF.Scatter.EnableBokehSettings:1      ; bokeh simulation when scattering]]
[2019.11.25-19.05.32:010][  0]LogConfig: Setting CVar [[r.DOF.Scatter.MaxSpriteRatio:0.1         ; only a maximum of 10% of scattered bokeh]]
[2019.11.25-19.05.32:010][  0]LogConfig: Setting CVar [[r.DOF.Recombine.Quality:1                ; cheap slight out of focus]]
[2019.11.25-19.05.32:010][  0]LogConfig: Setting CVar [[r.DOF.Recombine.EnableBokehSettings:0    ; no bokeh simulation on slight out of focus]]
[2019.11.25-19.05.32:010][  0]LogConfig: Setting CVar [[r.DOF.TemporalAAQuality:1                ; more stable temporal accumulation]]
[2019.11.25-19.05.32:010][  0]LogConfig: Setting CVar [[r.DOF.Kernel.MaxForegroundRadius:0.025]]
[2019.11.25-19.05.32:010][  0]LogConfig: Setting CVar [[r.DOF.Kernel.MaxBackgroundRadius:0.025]]
[2019.11.25-19.05.32:011][  0]LogConfig: Applying CVar settings from Section [TextureQuality@3] File [C:/Users/TheK-B1000/Desktop/The K-B Folder/Unreal/repos/Section 3/BuildingEscape/Saved/Config/Windows/Scalability.ini]
[2019.11.25-19.05.32:011][  0]LogConfig: Setting CVar [[r.Streaming.MipBias:0]]
[2019.11.25-19.05.32:011][  0]LogConfig: Setting CVar [[r.Streaming.AmortizeCPUToGPUCopy:0]]
[2019.11.25-19.05.32:011][  0]LogConfig: Setting CVar [[r.Streaming.MaxNumTexturesToStreamPerFrame:0]]
[2019.11.25-19.05.32:011][  0]LogConfig: Setting CVar [[r.Streaming.Boost:1]]
[2019.11.25-19.05.32:011][  0]LogConfig: Setting CVar [[r.MaxAnisotropy:8]]
[2019.11.25-19.05.32:011][  0]LogConfig: Setting CVar [[r.Streaming.LimitPoolSizeToVRAM:0]]
[2019.11.25-19.05.32:011][  0]LogConfig: Setting CVar [[r.Streaming.PoolSize:1000]]
[2019.11.25-19.05.32:011][  0]LogConfig: Setting CVar [[r.Streaming.MaxEffectiveScreenSize:0]]
[2019.11.25-19.05.32:011][  0]LogConfig: Applying CVar settings from Section [EffectsQuality@3] File [C:/Users/TheK-B1000/Desktop/The K-B Folder/Unreal/repos/Section 3/BuildingEscape/Saved/Config/Windows/Scalability.ini]
[2019.11.25-19.05.32:011][  0]LogConfig: Setting CVar [[r.TranslucencyLightingVolumeDim:64]]
[2019.11.25-19.05.32:011][  0]LogConfig: Setting CVar [[r.RefractionQuality:2]]
[2019.11.25-19.05.32:011][  0]LogConfig: Setting CVar [[r.SSR.Quality:3]]
[2019.11.25-19.05.32:011][  0]LogConfig: Setting CVar [[r.SceneColorFormat:4]]
[2019.11.25-19.05.32:011][  0]LogConfig: Setting CVar [[r.DetailMode:2]]
[2019.11.25-19.05.32:011][  0]LogConfig: Setting CVar [[r.TranslucencyVolumeBlur:1]]
[2019.11.25-19.05.32:011][  0]LogConfig: Setting CVar [[r.MaterialQualityLevel:1 ; High quality]]
[2019.11.25-19.05.32:011][  0]LogConfig: Setting CVar [[r.SSS.Scale:1]]
[2019.11.25-19.05.32:011][  0]LogConfig: Setting CVar [[r.SSS.SampleSet:2]]
[2019.11.25-19.05.32:011][  0]LogConfig: Setting CVar [[r.SSS.Quality:1]]
[2019.11.25-19.05.32:011][  0]LogConfig: Setting CVar [[r.SSS.HalfRes:1]]
[2019.11.25-19.05.32:011][  0]LogConfig: Setting CVar [[r.EmitterSpawnRateScale:1.0]]
[2019.11.25-19.05.32:011][  0]LogConfig: Setting CVar [[r.ParticleLightQuality:2]]
[2019.11.25-19.05.32:011][  0]LogConfig: Applying CVar settings from Section [FoliageQuality@3] File [C:/Users/TheK-B1000/Desktop/The K-B Folder/Unreal/repos/Section 3/BuildingEscape/Saved/Config/Windows/Scalability.ini]
[2019.11.25-19.05.32:011][  0]LogConfig: Setting CVar [[foliage.DensityScale:1.0]]
[2019.11.25-19.05.32:011][  0]LogConfig: Setting CVar [[grass.DensityScale:1.0]]
[2019.11.25-19.05.32:011][  0]LogConfig: Applying CVar settings from Section [Startup] File [../../../Engine/Config/ConsoleVariables.ini]
[2019.11.25-19.05.32:011][  0]LogConfig: Setting CVar [[net.UseAdaptiveNetUpdateFrequency:0]]
[2019.11.25-19.05.32:011][  0]LogConfig: Setting CVar [[p.chaos.AllowCreatePhysxBodies:1]]
[2019.11.25-19.05.32:011][  0]LogConfig: Applying CVar settings from Section [ConsoleVariables] File [C:/Users/TheK-B1000/Desktop/The K-B Folder/Unreal/repos/Section 3/BuildingEscape/Saved/Config/Windows/Engine.ini]
[2019.11.25-19.05.32:012][  0]LogInit: Computer: LAPTOP-7TARG8CR
[2019.11.25-19.05.32:012][  0]LogInit: User: TheKB1000
[2019.11.25-19.05.32:012][  0]LogInit: CPU Page size=4096, Cores=4
[2019.11.25-19.05.32:012][  0]LogInit: High frequency timer resolution =10.000000 MHz
[2019.11.25-19.05.32:012][  0]LogMemory: Memory total: Physical=7.9GB (8GB approx)
[2019.11.25-19.05.32:012][  0]LogMemory: Platform Memory Stats for Windows
[2019.11.25-19.05.32:012][  0]LogMemory: Process Physical Memory: 100.65 MB used, 100.66 MB peak
[2019.11.25-19.05.32:012][  0]LogMemory: Process Virtual Memory: 99.99 MB used, 99.99 MB peak
[2019.11.25-19.05.32:012][  0]LogMemory: Physical Memory: 6921.90 MB used,  1148.32 MB free, 8070.22 MB total
[2019.11.25-19.05.32:012][  0]LogMemory: Virtual Memory: 4656.42 MB used,  134213072.00 MB free, 134217728.00 MB total
[2019.11.25-19.05.32:018][  0]LogWindows: WindowsPlatformFeatures enabled
[2019.11.25-19.05.32:106][  0]LogInit: Using OS detected language (en-US).
[2019.11.25-19.05.32:106][  0]LogInit: Using OS detected locale (en-US).
[2019.11.25-19.05.32:107][  0]LogTextLocalizationManager: No specific localization for 'en-US' exists, so the 'en' localization will be used.
[2019.11.25-19.05.32:341][  0]LogInit: Setting process to per monitor DPI aware
[2019.11.25-19.05.32:405][  0]LogSlate: New Slate User Created.  User Index 0, Is Virtual User: 0
[2019.11.25-19.05.32:405][  0]LogSlate: Slate User Registered.  User Index 0, Is Virtual User: 0
[2019.11.25-19.05.32:589][  0]LogHMD: Failed to initialize OpenVR with code 110
[2019.11.25-19.05.32:589][  0]LogD3D11RHI: D3D11 adapters:
[2019.11.25-19.05.32:606][  0]LogD3D11RHI:    0. 'Intel(R) HD Graphics 530' (Feature Level 11_0)
[2019.11.25-19.05.32:606][  0]LogD3D11RHI:       128/0/4035 MB DedicatedVideo/DedicatedSystem/SharedSystem, Outputs:1, VendorId:0x8086
[2019.11.25-19.05.32:690][  0]LogD3D11RHI:    1. 'NVIDIA GeForce GTX 960M' (Feature Level 11_0)
[2019.11.25-19.05.32:690][  0]LogD3D11RHI:       4055/0/4035 MB DedicatedVideo/DedicatedSystem/SharedSystem, Outputs:0, VendorId:0x10de
[2019.11.25-19.05.32:695][  0]LogD3D11RHI:    2. 'Microsoft Basic Render Driver' (Feature Level 11_0)
[2019.11.25-19.05.32:695][  0]LogD3D11RHI:       0/0/4035 MB DedicatedVideo/DedicatedSystem/SharedSystem, Outputs:0, VendorId:0x1414
[2019.11.25-19.05.32:695][  0]LogD3D11RHI: Chosen D3D11 Adapter: 1
[2019.11.25-19.05.32:711][  0]LogD3D11RHI: Creating new Direct3DDevice
[2019.11.25-19.05.32:711][  0]LogD3D11RHI:     GPU DeviceId: 0x139b (for the marketing name, search the web for "GPU Device Id")
[2019.11.25-19.05.32:711][  0]LogWindows: EnumDisplayDevices:
[2019.11.25-19.05.32:711][  0]LogWindows:    0. 'Intel(R) HD Graphics 530' (P:1 D:1)
[2019.11.25-19.05.32:712][  0]LogWindows:    1. 'Intel(R) HD Graphics 530' (P:0 D:0)
[2019.11.25-19.05.32:712][  0]LogWindows:    2. 'Intel(R) HD Graphics 530' (P:0 D:0)
[2019.11.25-19.05.32:712][  0]LogWindows: DebugString: PrimaryIsNotTheChoosenAdapter PrimaryIsNotTheChoosenAdapter PrimaryIsNotTheChoosenAdapter FoundDriverCount:0 
[2019.11.25-19.05.32:712][  0]LogD3D11RHI:     Adapter Name: NVIDIA GeForce GTX 960M
[2019.11.25-19.05.32:712][  0]LogD3D11RHI:   Driver Version: Unknown (internal:Unknown, unified:Unknown)
[2019.11.25-19.05.32:712][  0]LogD3D11RHI:      Driver Date: Unknown
[2019.11.25-19.05.32:712][  0]LogRHI: Texture pool is 2839 MB (70% of 4055 MB)
[2019.11.25-19.05.32:761][  0]LogD3D11RHI: Async texture creation enabled
[2019.11.25-19.05.32:779][  0]LogD3D11RHI: GPU Timing Frequency: 1000.000000 (Debug: 2 2)
[2019.11.25-19.05.33:227][  0]LogTemp: Display: Module 'AllDesktopTargetPlatform' loaded TargetPlatform 'AllDesktop'
[2019.11.25-19.05.33:241][  0]LogTemp: Display: Module 'MacClientTargetPlatform' loaded TargetPlatform 'MacClient'
[2019.11.25-19.05.33:256][  0]LogTemp: Display: Module 'MacNoEditorTargetPlatform' loaded TargetPlatform 'MacNoEditor'
[2019.11.25-19.05.33:271][  0]LogTemp: Display: Module 'MacServerTargetPlatform' loaded TargetPlatform 'MacServer'
[2019.11.25-19.05.33:286][  0]LogTemp: Display: Module 'MacTargetPlatform' loaded TargetPlatform 'Mac'
[2019.11.25-19.05.33:301][  0]LogTemp: Display: Module 'WindowsClientTargetPlatform' loaded TargetPlatform 'WindowsClient'
[2019.11.25-19.05.33:315][  0]LogTemp: Display: Module 'WindowsNoEditorTargetPlatform' loaded TargetPlatform 'WindowsNoEditor'
[2019.11.25-19.05.33:330][  0]LogTemp: Display: Module 'WindowsServerTargetPlatform' loaded TargetPlatform 'WindowsServer'
[2019.11.25-19.05.33:338][  0]LogTemp: Display: Module 'WindowsTargetPlatform' loaded TargetPlatform 'Windows'
[2019.11.25-19.05.33:386][  0]LogTemp: Display: Module 'AndroidTargetPlatform' loaded TargetPlatform 'Android'
[2019.11.25-19.05.33:387][  0]LogTemp: Display: Module 'AndroidTargetPlatform' loaded TargetPlatform 'Android_ASTC'
[2019.11.25-19.05.33:387][  0]LogTemp: Display: Module 'AndroidTargetPlatform' loaded TargetPlatform 'Android_ATC'
[2019.11.25-19.05.33:387][  0]LogTemp: Display: Module 'AndroidTargetPlatform' loaded TargetPlatform 'Android_DXT'
[2019.11.25-19.05.33:387][  0]LogTemp: Display: Module 'AndroidTargetPlatform' loaded TargetPlatform 'Android_ETC1'
[2019.11.25-19.05.33:387][  0]LogTemp: Display: Module 'AndroidTargetPlatform' loaded TargetPlatform 'Android_ETC1a'
[2019.11.25-19.05.33:387][  0]LogTemp: Display: Module 'AndroidTargetPlatform' loaded TargetPlatform 'Android_ETC2'
[2019.11.25-19.05.33:387][  0]LogTemp: Display: Module 'AndroidTargetPlatform' loaded TargetPlatform 'Android_PVRTC'
[2019.11.25-19.05.33:387][  0]LogTemp: Display: Module 'AndroidTargetPlatform' loaded TargetPlatform 'AndroidClient'
[2019.11.25-19.05.33:387][  0]LogTemp: Display: Module 'AndroidTargetPlatform' loaded TargetPlatform 'Android_ASTCClient'
[2019.11.25-19.05.33:387][  0]LogTemp: Display: Module 'AndroidTargetPlatform' loaded TargetPlatform 'Android_ATCClient'
[2019.11.25-19.05.33:387][  0]LogTemp: Display: Module 'AndroidTargetPlatform' loaded TargetPlatform 'Android_DXTClient'
[2019.11.25-19.05.33:387][  0]LogTemp: Display: Module 'AndroidTargetPlatform' loaded TargetPlatform 'Android_ETC1Client'
[2019.11.25-19.05.33:387][  0]LogTemp: Display: Module 'AndroidTargetPlatform' loaded TargetPlatform 'Android_ETC1aClient'
[2019.11.25-19.05.33:387][  0]LogTemp: Display: Module 'AndroidTargetPlatform' loaded TargetPlatform 'Android_ETC2Client'
[2019.11.25-19.05.33:387][  0]LogTemp: Display: Module 'AndroidTargetPlatform' loaded TargetPlatform 'Android_PVRTCClient'
[2019.11.25-19.05.33:387][  0]LogTemp: Display: Module 'AndroidTargetPlatform' loaded TargetPlatform 'Android_Multi'
[2019.11.25-19.05.33:387][  0]LogTemp: Display: Module 'AndroidTargetPlatform' loaded TargetPlatform 'Android_MultiClient'
[2019.11.25-19.05.33:393][  0]LogTemp: Display: Module 'HTML5TargetPlatform' loaded TargetPlatform 'HTML5'
[2019.11.25-19.05.33:428][  0]LogTemp: Display: Module 'IOSTargetPlatform' loaded TargetPlatform 'IOSClient'
[2019.11.25-19.05.33:428][  0]LogTemp: Display: Module 'IOSTargetPlatform' loaded TargetPlatform 'IOS'
[2019.11.25-19.05.33:448][  0]LogTemp: Display: Module 'TVOSTargetPlatform' loaded TargetPlatform 'TVOSClient'
[2019.11.25-19.05.33:449][  0]LogTemp: Display: Module 'TVOSTargetPlatform' loaded TargetPlatform 'TVOS'
[2019.11.25-19.05.33:460][  0]LogTemp: Display: Module 'LinuxClientTargetPlatform' loaded TargetPlatform 'LinuxClient'
[2019.11.25-19.05.33:473][  0]LogTemp: Display: Module 'LinuxNoEditorTargetPlatform' loaded TargetPlatform 'LinuxNoEditor'
[2019.11.25-19.05.33:485][  0]LogTemp: Display: Module 'LinuxServerTargetPlatform' loaded TargetPlatform 'LinuxServer'
[2019.11.25-19.05.33:502][  0]LogTemp: Display: Module 'LinuxTargetPlatform' loaded TargetPlatform 'Linux'
[2019.11.25-19.05.33:535][  0]LogTemp: Display: Module 'LuminTargetPlatform' loaded TargetPlatform 'Lumin'
[2019.11.25-19.05.33:535][  0]LogTemp: Display: Module 'LuminTargetPlatform' loaded TargetPlatform 'LuminClient'
[2019.11.25-19.05.33:535][  0]LogTargetPlatformManager: Display: Building Assets For Windows
[2019.11.25-19.05.33:564][  0]LogAudioDebug: Display: Lib vorbis DLL was dynamically loaded.
[2019.11.25-19.05.33:699][  0]LogShaderCompilers: Guid format shader working directory is -45 characters bigger than the processId version (../../../../../../Users/TheK-B1000/Desktop/The K-B Folder/Unreal/repos/Section 3/BuildingEscape/Intermediate/Shaders/WorkingDirectory/36736/).
[2019.11.25-19.05.33:699][  0]LogShaderCompilers: Cleaned the shader compiler working directory 'C:/Users/TheK-B1000/AppData/Local/Temp/UnrealShaderWorkingDir/2E6DE6C94FA2CF5BB77ED4B3B449091C/'.
[2019.11.25-19.05.33:702][  0]LogXGEController: Cannot use XGE Controller as Incredibuild is not installed on this machine.
[2019.11.25-19.05.33:702][  0]LogShaderCompilers: Cannot use XGE Shader Compiler as Incredibuild is not installed on this machine.
[2019.11.25-19.05.33:702][  0]LogShaderCompilers: Display: Using Local Shader Compiler.
[2019.11.25-19.05.34:454][  0]LogDerivedDataCache: Display: Max Cache Size: 512 MB
[2019.11.25-19.05.34:527][  0]LogDerivedDataCache: Loaded boot cache 0.07s 74MB C:/Users/TheK-B1000/AppData/Local/UnrealEngine/4.23/DerivedDataCache/Boot.ddc.
[2019.11.25-19.05.34:528][  0]LogDerivedDataCache: Display: Loaded Boot cache: C:/Users/TheK-B1000/AppData/Local/UnrealEngine/4.23/DerivedDataCache/Boot.ddc
[2019.11.25-19.05.34:528][  0]LogDerivedDataCache: FDerivedDataBackendGraph:  Pak pak cache file ../../../../../../Users/TheK-B1000/Desktop/The K-B Folder/Unreal/repos/Section 3/BuildingEscape/DerivedDataCache/DDC.ddp not found, will not use a pak cache.
[2019.11.25-19.05.34:528][  0]LogDerivedDataCache: Unable to find inner node Pak for hierarchical cache Hierarchy.
[2019.11.25-19.05.34:528][  0]LogDerivedDataCache: FDerivedDataBackendGraph:  CompressedPak pak cache file ../../../../../../Users/TheK-B1000/Desktop/The K-B Folder/Unreal/repos/Section 3/BuildingEscape/DerivedDataCache/Compressed.ddp not found, will not use a pak cache.
[2019.11.25-19.05.34:528][  0]LogDerivedDataCache: Unable to find inner node CompressedPak for hierarchical cache Hierarchy.
[2019.11.25-19.05.34:543][  0]LogDerivedDataCache: Display: Pak cache opened for reading ../../../Engine/DerivedDataCache/Compressed.ddp.
[2019.11.25-19.05.34:545][  0]LogDerivedDataCache: Display: Pak cache opened for reading ../../../Enterprise/DerivedDataCache/Compressed.ddp.
[2019.11.25-19.05.34:546][  0]LogDerivedDataCache: Using Local data cache path C:/Users/TheK-B1000/AppData/Local/UnrealEngine/Common/DerivedDataCache: Writable
[2019.11.25-19.05.34:546][  0]LogDerivedDataCache: Shared data cache path not found in *engine.ini, will not use an Shared cache.
[2019.11.25-19.05.34:546][  0]LogDerivedDataCache: Unable to find inner node Shared for hierarchical cache Hierarchy.
[2019.11.25-19.05.34:575][  0]LogMaterial: Verifying Global Shaders for PCD3D_SM5
[2019.11.25-19.05.34:578][  0]LogSlate: Using FreeType 2.6.0
[2019.11.25-19.05.34:578][  0]LogSlate: SlateFontServices - WITH_FREETYPE: 1, WITH_HARFBUZZ: 1
[2019.11.25-19.05.34:649][  0]LogAssetRegistry: FAssetRegistry took 0.0028 seconds to start up
[2019.11.25-19.05.34:999][  0]LogInit: Selected Device Profile: [Windows]
[2019.11.25-19.05.35:218][  0]LogMeshReduction: Using QuadricMeshReduction for automatic static mesh reduction
[2019.11.25-19.05.35:218][  0]LogMeshReduction: Using SimplygonMeshReduction for automatic skeletal mesh reduction
[2019.11.25-19.05.35:218][  0]LogMeshReduction: Using ProxyLODMeshReduction for automatic mesh merging
[2019.11.25-19.05.35:218][  0]LogMeshReduction: No distributed automatic mesh merging module available
[2019.11.25-19.05.35:218][  0]LogMeshMerging: No distributed automatic mesh merging module available
[2019.11.25-19.05.35:231][  0]LogNetVersion: BuildingEscape 1.0.0, NetCL: 8386587, EngineNetVer: 11, GameNetVer: 0 (Checksum: 1610626118)
[2019.11.25-19.05.35:788][  0]LogPackageLocalizationCache: Processed 18 localized package path(s) for 1 prioritized culture(s) in 0.091798 seconds
[2019.11.25-19.05.35:796][  0]LogUObjectArray: 43444 objects as part of root set at end of initial load.
[2019.11.25-19.05.35:796][  0]LogUObjectAllocator: 7548648 out of 0 bytes used by permanent object pool.
[2019.11.25-19.05.35:796][  0]LogUObjectArray: CloseDisregardForGC: 0/0 objects in disregard for GC pool
[2019.11.25-19.05.37:179][  0]LogTcpMessaging: Initializing TcpMessaging bridge
[2019.11.25-19.05.37:187][  0]LogUdpMessaging: Initializing bridge on interface 0.0.0.0:0 to multicast group 230.0.0.1:6666.
[2019.11.25-19.05.37:343][  0]SourceControl: Source control is disabled
[2019.11.25-19.05.37:343][  0]SourceControl: Source control is disabled
[2019.11.25-19.05.37:350][  0]SourceControl: Source control is disabled
[2019.11.25-19.05.37:355][  0]SourceControl: Source control is disabled
[2019.11.25-19.05.37:850][  0]LogAndroidPermission: UAndroidPermissionCallbackProxy::GetInstance
[2019.11.25-19.05.38:065][  0]LogOcInput: OculusInput pre-init called
[2019.11.25-19.05.38:081][  0]LogWindows: Failed to load 'OVRPlugin.dll' (GetLastError=126)
[2019.11.25-19.05.38:081][  0]LogWindows: File 'OVRPlugin.dll' does not exist
[2019.11.25-19.05.41:553][  0]LogEngine: Initializing Engine...
[2019.11.25-19.05.41:554][  0]LogHMD: Failed to initialize OpenVR with code 110
[2019.11.25-19.05.41:556][  0]LogStats: UGameplayTagsManager::InitializeManager -  0.000 s
[2019.11.25-19.05.41:896][  0]LogInit: Initializing FReadOnlyCVARCache
[2019.11.25-19.05.41:920][  0]LogAIModule: Creating AISystem for world Untitled
[2019.11.25-19.05.41:949][  0]LogInit: XAudio2 using 'Speakers (Realtek High Definition Audio)' : 2 channels at 48 kHz using 32 bits per sample (channel mask 0x3)
[2019.11.25-19.05.42:574][  0]LogInit: FAudioDevice initialized.
[2019.11.25-19.05.42:574][  0]LogNetVersion: Set ProjectVersion to 1.0.0.0. Version Checksum will be recalculated on next use.
[2019.11.25-19.05.42:786][  0]LogDerivedDataCache: Saved boot cache 0.21s 74MB C:/Users/TheK-B1000/AppData/Local/UnrealEngine/4.23/DerivedDataCache/Boot.ddc.
[2019.11.25-19.05.42:787][  0]LogInit: Texture streaming: Enabled
[2019.11.25-19.05.42:827][  0]LogEngineSessionManager: EngineSessionManager initialized
[2019.11.25-19.05.42:893][  0]LogInit: Transaction tracking system initialized
[2019.11.25-19.05.42:966][  0]BlueprintLog: New page: Editor Load
[2019.11.25-19.05.43:140][  0]LocalizationService: Localization service is disabled
[2019.11.25-19.05.43:253][  0]LogLinker: Warning: Failed to load '/Game/CloseCombat/CloseCombat_Greeting_Tutorial': Can't find file.
[2019.11.25-19.05.43:253][  0]LogLinker: Warning: Failed to load '/Game/CloseCombat/CloseCombat_Greeting_Tutorial': Can't find file.
[2019.11.25-19.05.43:253][  0]LogUObjectGlobals: Warning: Failed to find object 'Class /Game/CloseCombat/CloseCombat_Greeting_Tutorial.CloseCombat_Greeting_Tutorial_C'
[2019.11.25-19.05.43:521][  0]LogFileCache: Scanning file cache for directory 'C:/Users/TheK-B1000/Desktop/The K-B Folder/Unreal/repos/Section 3/BuildingEscape/Content/' took 0.00s
[2019.11.25-19.05.43:521][  0]LogCook: Display: Max memory allowance for cook 16384mb min free memory 0mb
[2019.11.25-19.05.43:521][  0]LogCook: Display: Mobile HDR setting 1
[2019.11.25-19.05.45:708][  0]SourceControl: Source control is disabled
[2019.11.25-19.05.45:708][  0]Cmd: MAP LOAD FILE="../../../Engine/Content/Maps/Templates/Template_Default.umap" TEMPLATE=1 SHOWPROGRESS=1 FEATURELEVEL=3
[2019.11.25-19.05.45:708][  0]LightingResults: New page: Lighting Build
[2019.11.25-19.05.45:712][  0]LogWorld: UWorld::CleanupWorld for Untitled, bSessionEnded=true, bCleanupResources=true
[2019.11.25-19.05.45:713][  0]MapCheck: New page: Map Check
[2019.11.25-19.05.45:713][  0]LightingResults: New page: Lighting Build
[2019.11.25-19.05.45:744][  0]LogUObjectHash: Compacting FUObjectHashTables data took   2.53ms
[2019.11.25-19.05.45:856][  0]LogAIModule: Creating AISystem for world Untitled_1
[2019.11.25-19.05.45:866][  0]LogEditorServer: Finished looking for orphan Actors (0.000 secs)
[2019.11.25-19.05.45:897][  0]LogUObjectHash: Compacting FUObjectHashTables data took   2.49ms
[2019.11.25-19.05.45:897][  0]Cmd: MAP CHECKDEP NOCLEARLOG
[2019.11.25-19.05.45:898][  0]MapCheck: Map check complete: 0 Error(s), 0 Warning(s), took 0.256ms to complete.
[2019.11.25-19.05.45:898][  0]LogFileHelpers: Loading map 'Template_Default' took 0.190
[2019.11.25-19.05.46:128][  0]LogSlate: Updating window title bar state: overlay mode, drag disabled, window buttons hidden, title bar hidden
[2019.11.25-19.05.46:138][  0]LogSlate: Updating window title bar state: overlay mode, drag disabled, window buttons hidden, title bar hidden
[2019.11.25-19.05.46:147][  0]LogSlate: Updating window title bar state: overlay mode, drag disabled, window buttons hidden, title bar hidden
[2019.11.25-19.05.46:156][  0]LogSlate: Updating window title bar state: overlay mode, drag disabled, window buttons hidden, title bar hidden
[2019.11.25-19.05.46:196][  0]LogCollectionManager: Loaded 0 collections in 0.004421 seconds
[2019.11.25-19.05.46:230][  0]LogFileCache: Scanning file cache for directory 'C:/Users/TheK-B1000/Desktop/The K-B Folder/Unreal/repos/Section 3/BuildingEscape/Saved/Collections/' took 0.00s
[2019.11.25-19.05.46:230][  0]LogFileCache: Scanning file cache for directory 'C:/Users/TheK-B1000/Desktop/The K-B Folder/Unreal/repos/Section 3/BuildingEscape/Content/Developers/TheKB1000/Collections/' took 0.00s
[2019.11.25-19.05.46:230][  0]LogFileCache: Scanning file cache for directory 'C:/Users/TheK-B1000/Desktop/The K-B Folder/Unreal/repos/Section 3/BuildingEscape/Content/Collections/' took 0.00s
[2019.11.25-19.05.46:230][  0]LogCollectionManager: Rebuilt the GUID cache for 0 collections in 0.000002 seconds
[2019.11.25-19.05.46:244][  0]LogContentBrowser: Native class hierarchy populated in 0.0129 seconds. Added 3046 classes and 767 folders.
[2019.11.25-19.05.46:265][  0]LogContentBrowser: Native class hierarchy updated for 'WidgetCarousel' in 0.0003 seconds. Added 0 classes and 0 folders.
[2019.11.25-19.05.46:467][  0]LogContentBrowser: Native class hierarchy updated for 'AddContentDialog' in 0.0004 seconds. Added 0 classes and 0 folders.
[2019.11.25-19.05.46:479][  0]LogContentBrowser: Native class hierarchy updated for 'SceneOutliner' in 0.0005 seconds. Added 1 classes and 0 folders.
[2019.11.25-19.05.46:687][  0]LogSlate: Took 0.000142 seconds to synchronously load lazily loaded font '../../../Engine/Content/Slate/Fonts/Roboto-Bold.ttf' (160K)
[2019.11.25-19.05.46:688][  0]LogSlate: Took 0.000152 seconds to synchronously load lazily loaded font '../../../Engine/Content/Slate/Fonts/Roboto-Regular.ttf' (155K)
[2019.11.25-19.05.46:706][  0]LogContentBrowser: Native class hierarchy updated for 'HierarchicalLODOutliner' in 0.0005 seconds. Added 0 classes and 0 folders.
[2019.11.25-19.05.46:706][  0]LogLoad: (Engine Initialization) Total time: 16.70 seconds
[2019.11.25-19.05.46:706][  0]LogLoad: (Engine Initialization) Total Blueprint compile time: 0.00 seconds
[2019.11.25-19.05.46:765][  0]LogAssetRegistry: Asset discovery search completed in 12.1170 seconds
[2019.11.25-19.05.46:770][  0]LogCollectionManager: Rebuilt the object cache for 0 collections in 0.000006 seconds (found 0 objects)
[2019.11.25-19.05.46:770][  0]LogCollectionManager: Fixed up redirectors for 0 collections in 0.000111 seconds (updated 0 objects)
[2019.11.25-19.05.46:771][  0]LogContentStreaming: Texture pool size now 1000 MB
[2019.11.25-19.05.46:789][  0]LogSlate: Took 0.000933 seconds to synchronously load lazily loaded font '../../../Engine/Content/Editor/Slate/Fonts/FontAwesome.ttf' (139K)
[2019.11.25-19.05.47:105][  1]LogRenderer: Reallocating scene render targets to support 832x404 Format 10 NumSamples 1 (Frame:1).
[2019.11.25-19.06.35:129][441]LogSlate: FSceneViewport::OnFocusLost() reason 0
[2019.11.25-19.06.41:068][555]LogRenderer: Reallocating scene render targets to support 832x412 Format 10 NumSamples 1 (Frame:1527).
[2019.11.25-19.06.41:135][555]LogRenderer: Reallocating scene render targets to support 832x476 Format 10 NumSamples 1 (Frame:1528).
[2019.11.26-15.55.01:961][918]LogHttp: Warning: 000001145C329580: invalid HTTP response code received. URL: https://datarouter.ol.epicgames.com/datarouter/api/v1/public/data?SessionID=%7B5BD0D5D4-4C9E-5FEA-9DEC-7F8C900315AB%7D&AppID=UEEditor.Rocket.Release&AppVersion=4.23.0-8386587%2B%2B%2BUE4%2BRelease-4.23&UserID=9fac42f04d0bf86c7c77a38461b5dbfe%7Cb17b9a24caaf4b22beb43e36ae37cc22%7C1aadf357-618d-45b7-89b5-366b54ee33e8&AppEnvironment=datacollector-binary&UploadType=eteventstream, HTTP code: 0, content length: -1, actual payload size: 0
[2019.11.26-15.55.01:963][918]LogHttp: Warning: 000001145C329580: request failed, libcurl error: 6 (Couldn't resolve host name)
[2019.11.26-15.55.01:963][918]LogHttp: Warning: 000001145C329580: libcurl info message cache 0 (Connection 0 seems to be dead!)
[2019.11.26-15.55.01:963][918]LogHttp: Warning: 000001145C329580: libcurl info message cache 1 (Closing connection 0)
[2019.11.26-15.55.01:963][918]LogHttp: Warning: 000001145C329580: libcurl info message cache 2 (Could not resolve host: datarouter.ol.epicgames.com)
[2019.11.26-15.55.01:963][918]LogHttp: Warning: 000001145C329580: libcurl info message cache 3 (Closing connection 1)
[2019.11.26-15.55.01:963][918]LogHttp: Warning: Retry exhausted on https://datarouter.ol.epicgames.com/datarouter/api/v1/public/data?SessionID=%7B5BD0D5D4-4C9E-5FEA-9DEC-7F8C900315AB%7D&AppID=UEEditor.Rocket.Release&AppVersion=4.23.0-8386587%2B%2B%2BUE4%2BRelease-4.23&UserID=9fac42f04d0bf86c7c77a38461b5dbfe%7Cb17b9a24caaf4b22beb43e36ae37cc22%7C1aadf357-618d-45b7-89b5-366b54ee33e8&AppEnvironment=datacollector-binary&UploadType=eteventstream
[2019.11.26-15.55.43:442][228]LogUObjectHash: Compacting FUObjectHashTables data took   1.40ms
[2019.11.26-15.55.43:561][228]LogSlate: Window 'BuildingEscape - Unreal Editor' being destroyed
[2019.11.26-15.55.43:572][228]LogWindowsTextInputMethodSystem: Display: IME system now deactivated.
[2019.11.26-15.55.55:631][229]Cmd: QUIT_EDITOR
[2019.11.26-15.56.09:886][229]LogExit: Preparing to exit.
[2019.11.26-15.56.16:728][229]LogDemo: Cleaned up 0 splitscreen connections with owner deletion
[2019.11.26-15.56.17:267][229]LogWorld: UWorld::CleanupWorld for None, bSessionEnded=true, bCleanupResources=true
[2019.11.26-15.56.17:299][229]LogExit: Editor shut down
[2019.11.26-15.56.17:306][229]LogExit: Transaction tracking system shut down
[2019.11.26-15.56.20:893][229]LogExit: Object subsystem successfully closed.
[2019.11.26-15.56.21:109][229]LogShaderCompilers: Display: Shaders left to compile 0
[2019.11.26-15.56.23:384][229]LogModuleManager: Shutting down and abandoning module HierarchicalLODOutliner (732)
[2019.11.26-15.56.23:386][229]LogModuleManager: Shutting down and abandoning module SceneOutliner (730)
[2019.11.26-15.56.23:395][229]LogModuleManager: Shutting down and abandoning module AddContentDialog (728)
[2019.11.26-15.56.23:968][229]LogModuleManager: Shutting down and abandoning module WidgetCarousel (727)
[2019.11.26-15.56.23:968][229]LogModuleManager: Shutting down and abandoning module EditorWidgets (724)
[2019.11.26-15.56.23:968][229]LogModuleManager: Shutting down and abandoning module CollectionManager (722)
[2019.11.26-15.56.23:978][229]LogModuleManager: Shutting down and abandoning module HierarchicalLODUtilities (720)
[2019.11.26-15.56.23:978][229]LogModuleManager: Shutting down and abandoning module StatsViewer (718)
[2019.11.26-15.56.23:980][229]LogModuleManager: Shutting down and abandoning module VirtualTexturingEditor (716)
[2019.11.26-15.56.23:980][229]LogModuleManager: Shutting down and abandoning module FoliageEdit (714)
[2019.11.26-15.56.23:983][229]LogModuleManager: Shutting down and abandoning module LandscapeEditor (712)
[2019.11.26-15.56.24:014][229]LogModuleManager: Shutting down and abandoning module MeshPaintMode (710)
[2019.11.26-15.56.24:015][229]LogModuleManager: Shutting down and abandoning module SceneDepthPickerMode (708)
[2019.11.26-15.56.24:015][229]LogModuleManager: Shutting down and abandoning module ActorPickerMode (706)
[2019.11.26-15.56.24:015][229]LogModuleManager: Shutting down and abandoning module GeometryMode (704)
[2019.11.26-15.56.24:016][229]LogModuleManager: Shutting down and abandoning module TextureAlignMode (702)
[2019.11.26-15.56.24:016][229]LogModuleManager: Shutting down and abandoning module BspMode (700)
[2019.11.26-15.56.24:017][229]LogModuleManager: Shutting down and abandoning module PIEPreviewDeviceProfileSelector (698)
[2019.11.26-15.56.24:050][229]LogModuleManager: Shutting down and abandoning module SequenceRecorderSections (696)
[2019.11.26-15.56.24:051][229]LogModuleManager: Shutting down and abandoning module AutomationWorker (694)
[2019.11.26-15.56.24:053][229]LogModuleManager: Shutting down and abandoning module DatasmithFBXImporter (692)
[2019.11.26-15.56.24:053][229]LogModuleManager: Shutting down and abandoning module DatasmithDeltaGenImporter (690)
[2019.11.26-15.56.24:064][229]LogModuleManager: Shutting down and abandoning module DatasmithVREDImporter (688)
[2019.11.26-15.56.24:065][229]LogModuleManager: Shutting down and abandoning module OculusMR (686)
[2019.11.26-15.56.24:065][229]LogModuleManager: Shutting down and abandoning module AudioCaptureEditor (684)
[2019.11.26-15.56.24:065][229]LogModuleManager: Shutting down and abandoning module MatineeToLevelSequence (682)
[2019.11.26-15.56.24:084][229]LogModuleManager: Shutting down and abandoning module LevelSequenceEditor (680)
[2019.11.26-15.56.24:344][229]LogModuleManager: Shutting down and abandoning module PlacementMode (679)
[2019.11.26-15.56.24:361][229]LogModuleManager: Shutting down and abandoning module MaterialEditor (678)
[2019.11.26-15.56.24:513][229]LogModuleManager: Shutting down and abandoning module ActorSequenceEditor (674)
[2019.11.26-15.56.24:552][229]LogModuleManager: Shutting down and abandoning module WmfMediaFactory (672)
[2019.11.26-15.56.24:552][229]LogModuleManager: Shutting down and abandoning module WmfMediaEditor (670)
[2019.11.26-15.56.24:552][229]LogModuleManager: Shutting down and abandoning module WebMMediaFactory (668)
[2019.11.26-15.56.24:569][229]LogModuleManager: Shutting down and abandoning module WebMMediaEditor (666)
[2019.11.26-15.56.24:569][229]LogModuleManager: Shutting down and abandoning module WebMMedia (664)
[2019.11.26-15.56.24:578][229]LogModuleManager: Shutting down and abandoning module MediaPlayerEditor (662)
[2019.11.26-15.56.24:627][229]LogModuleManager: Shutting down and abandoning module MediaCompositingEditor (660)
[2019.11.26-15.56.24:708][229]LogModuleManager: Shutting down and abandoning module SequenceRecorder (659)
[2019.11.26-15.56.24:710][229]LogModuleManager: Shutting down and abandoning module OpenExrWrapper (656)
[2019.11.26-15.56.24:710][229]LogModuleManager: Shutting down and abandoning module ImgMediaFactory (654)
[2019.11.26-15.56.24:710][229]LogModuleManager: Shutting down and abandoning module ImgMediaEditor (652)
[2019.11.26-15.56.24:710][229]LogModuleManager: Shutting down and abandoning module AvfMediaFactory (650)
[2019.11.26-15.56.24:710][229]LogModuleManager: Shutting down and abandoning module AvfMediaEditor (648)
[2019.11.26-15.56.24:710][229]LogModuleManager: Shutting down and abandoning module AndroidMediaFactory (646)
[2019.11.26-15.56.24:710][229]LogModuleManager: Shutting down and abandoning module AndroidMediaEditor (644)
[2019.11.26-15.56.24:710][229]LogModuleManager: Shutting down and abandoning module MagicLeapCameraPreviewFactory (642)
[2019.11.26-15.56.24:712][229]LogModuleManager: Shutting down and abandoning module MagicLeapMediaCodecFactory (640)
[2019.11.26-15.56.24:716][229]LogModuleManager: Shutting down and abandoning module MagicLeapMediaFactory (638)
[2019.11.26-15.56.24:718][229]LogModuleManager: Shutting down and abandoning module MagicLeapMediaEditor (636)
[2019.11.26-15.56.24:718][229]LogModuleManager: Shutting down and abandoning module CharacterAI (634)
[2019.11.26-15.56.24:718][229]LogModuleManager: Shutting down and abandoning module SmartSnapping (632)
[2019.11.26-15.56.24:736][229]LogModuleManager: Shutting down and abandoning module SessionServices (630)
[2019.11.26-15.56.24:737][229]LogModuleManager: Shutting down and abandoning module MeshPaint (628)
[2019.11.26-15.56.24:812][229]LogModuleManager: Shutting down and abandoning module ViewportSnapping (626)
[2019.11.26-15.56.24:813][229]LogModuleManager: Shutting down and abandoning module ViewportInteraction (624)
[2019.11.26-15.56.24:830][229]LogModuleManager: Shutting down and abandoning module ClothPainter (622)
[2019.11.26-15.56.24:849][229]LogModuleManager: Shutting down and abandoning module SkeletalMeshEditor (621)
[2019.11.26-15.56.24:861][229]LogModuleManager: Shutting down and abandoning module LogVisualizer (618)
[2019.11.26-15.56.24:882][229]LogModuleManager: Shutting down and abandoning module IntroTutorials (616)
[2019.11.26-15.56.24:894][229]LogModuleManager: Shutting down and abandoning module GameProjectGeneration (615)
[2019.11.26-15.56.24:898][229]LogModuleManager: Shutting down and abandoning module LuminPlatformEditor (612)
[2019.11.26-15.56.24:899][229]LogModuleManager: Shutting down and abandoning module IOSPlatformEditor (610)
[2019.11.26-15.56.24:902][229]LogModuleManager: Shutting down and abandoning module HTML5PlatformEditor (608)
[2019.11.26-15.56.24:902][229]LogModuleManager: Shutting down and abandoning module AndroidPlatformEditor (606)
[2019.11.26-15.56.24:905][229]LogModuleManager: Shutting down and abandoning module AndroidDeviceDetection (605)
[2019.11.26-15.56.26:793][229]LogModuleManager: Shutting down and abandoning module WindowsPlatformEditor (602)
[2019.11.26-15.56.26:794][229]LogModuleManager: Shutting down and abandoning module LuminRuntimeSettings (600)
[2019.11.26-15.56.26:794][229]LogModuleManager: Shutting down and abandoning module IOSRuntimeSettings (598)
[2019.11.26-15.56.26:794][229]LogModuleManager: Shutting down and abandoning module AndroidRuntimeSettings (596)
[2019.11.26-15.56.26:794][229]LogModuleManager: Shutting down and abandoning module TimeManagementEditor (594)
[2019.11.26-15.56.26:832][229]LogModuleManager: Shutting down and abandoning module InputBindingEditor (592)
[2019.11.26-15.56.26:834][229]LogModuleManager: Shutting down and abandoning module MergeActors (590)
[2019.11.26-15.56.26:850][229]LogModuleManager: Shutting down and abandoning module LocalizationDashboard (588)
[2019.11.26-15.56.26:858][229]LogModuleManager: Shutting down and abandoning module LocalizationService (587)
[2019.11.26-15.56.26:859][229]LogModuleManager: Shutting down and abandoning module HardwareTargeting (584)
[2019.11.26-15.56.26:860][229]LogModuleManager: Shutting down and abandoning module DeviceProfileEditor (582)
[2019.11.26-15.56.26:862][229]LogModuleManager: Shutting down and abandoning module UndoHistory (580)
[2019.11.26-15.56.26:863][229]LogModuleManager: Shutting down and abandoning module XmlParser (578)
[2019.11.26-15.56.26:863][229]LogModuleManager: Shutting down and abandoning module Blutility (576)
[2019.11.26-15.56.26:864][229]LogModuleManager: Shutting down and abandoning module ProjectSettingsViewer (574)
[2019.11.26-15.56.26:884][229]LogModuleManager: Shutting down and abandoning module ProjectTargetPlatformEditor (573)
[2019.11.26-15.56.26:911][229]LogModuleManager: Shutting down and abandoning module EditorSettingsViewer (570)
[2019.11.26-15.56.26:914][229]LogModuleManager: Shutting down and abandoning module SettingsEditor (568)
[2019.11.26-15.56.26:923][229]LogModuleManager: Shutting down and abandoning module ProjectLauncher (566)
[2019.11.26-15.56.26:924][229]LogModuleManager: Shutting down and abandoning module SessionFrontend (564)
[2019.11.26-15.56.26:925][229]LogModuleManager: Shutting down and abandoning module ProfilerClient (562)
[2019.11.26-15.56.26:926][229]LogModuleManager: Shutting down and abandoning module DeviceManager (560)
[2019.11.26-15.56.26:928][229]LogModuleManager: Shutting down and abandoning module TargetDeviceServices (559)
[2019.11.26-15.56.26:998][229]LogModuleManager: Shutting down and abandoning module AutomationController (556)
[2019.11.26-15.56.27:000][229]LogModuleManager: Shutting down and abandoning module AutomationWindow (554)
[2019.11.26-15.56.27:001][229]LogModuleManager: Shutting down and abandoning module Layers (552)
[2019.11.26-15.56.27:008][229]LogModuleManager: Shutting down and abandoning module ComponentVisualizers (550)
[2019.11.26-15.56.27:009][229]LogModuleManager: Shutting down and abandoning module DetailCustomizations (548)
[2019.11.26-15.56.27:012][229]LogModuleManager: Shutting down and abandoning module PackagesDialog (546)
[2019.11.26-15.56.27:013][229]LogModuleManager: Shutting down and abandoning module AnimationBlueprintEditor (544)
[2019.11.26-15.56.27:018][229]LogModuleManager: Shutting down and abandoning module Persona (542)
[2019.11.26-15.56.27:028][229]LogModuleManager: Shutting down and abandoning module AnimGraph (541)
[2019.11.26-15.56.27:029][229]LogModuleManager: Shutting down and abandoning module Kismet (538)
[2019.11.26-15.56.27:047][229]LogModuleManager: Shutting down and abandoning module KismetWidgets (537)
[2019.11.26-15.56.27:049][229]LogModuleManager: Shutting down and abandoning module GraphEditor (534)
[2019.11.26-15.56.27:062][229]LogModuleManager: Shutting down and abandoning module StructViewer (532)
[2019.11.26-15.56.27:063][229]LogModuleManager: Shutting down and abandoning module ClassViewer (530)
[2019.11.26-15.56.27:063][229]LogModuleManager: Shutting down and abandoning module Toolbox (528)
[2019.11.26-15.56.27:065][229]LogModuleManager: Shutting down and abandoning module DesktopPlatform (527)
[2019.11.26-15.56.27:066][229]LogModuleManager: Shutting down and abandoning module ModuleUI (524)
[2019.11.26-15.56.27:066][229]LogModuleManager: Shutting down and abandoning module MovieSceneTools (522)
[2019.11.26-15.56.27:077][229]LogModuleManager: Shutting down and abandoning module OutputLog (520)
[2019.11.26-15.56.27:079][229]LogModuleManager: Shutting down and abandoning module GammaUI (518)
[2019.11.26-15.56.27:080][229]LogModuleManager: Shutting down and abandoning module Documentation (516)
[2019.11.26-15.56.27:081][229]LogModuleManager: Shutting down and abandoning module LiveCoding (514)
[2019.11.26-15.56.27:084][229]LogModuleManager: Shutting down and abandoning module LevelSequence (512)
[2019.11.26-15.56.27:085][229]LogModuleManager: Shutting down and abandoning module MovieSceneTracks (510)
[2019.11.26-15.56.27:086][229]LogModuleManager: Shutting down and abandoning module MovieScene (508)
[2019.11.26-15.56.27:089][229]LogModuleManager: Shutting down and abandoning module StreamingPauseRendering (506)
[2019.11.26-15.56.27:090][229]LogModuleManager: Shutting down and abandoning module LauncherPlatform (504)
[2019.11.26-15.56.27:090][229]LogModuleManager: Shutting down and abandoning module AnalyticsET (502)
[2019.11.26-15.56.27:090][229]LogModuleManager: Shutting down and abandoning module PortalServices (500)
[2019.11.26-15.56.27:090][229]LogModuleManager: Shutting down and abandoning module PortalRpc (498)
[2019.11.26-15.56.27:090][229]LogModuleManager: Shutting down and abandoning module MessagingRpc (496)
[2019.11.26-15.56.27:090][229]LogModuleManager: Shutting down and abandoning module AIModule (494)
[2019.11.26-15.56.27:095][229]LogModuleManager: Shutting down and abandoning module GameplayDebugger (493)
[2019.11.26-15.56.27:095][229]LogModuleManager: Shutting down and abandoning module AITestSuite (491)
[2019.11.26-15.56.27:096][229]LogModuleManager: Shutting down and abandoning module NavigationSystem (489)
[2019.11.26-15.56.27:096][229]LogModuleManager: Shutting down and abandoning module ImageWriteQueue (486)
[2019.11.26-15.56.27:122][229]LogModuleManager: Shutting down and abandoning module ProfilerService (484)
[2019.11.26-15.56.27:150][229]LogModuleManager: Shutting down and abandoning module TaskGraph (482)
[2019.11.26-15.56.27:157][229]LogModuleManager: Shutting down and abandoning module DatasmithCADTranslator (480)
[2019.11.26-15.56.27:161][229]LogModuleManager: Shutting down and abandoning module DatasmithC4DImporter (478)
[2019.11.26-15.56.27:162][229]LogModuleManager: Shutting down and abandoning module VariantManager (476)
[2019.11.26-15.56.27:168][229]LogModuleManager: Shutting down and abandoning module StaticMeshEditorExtension (474)
[2019.11.26-15.56.27:184][229]LogModuleManager: Shutting down and abandoning module MeshProcessingLibrary (473)
[2019.11.26-15.56.27:185][229]LogModuleManager: Shutting down and abandoning module MDLImporter (470)
[2019.11.26-15.56.27:189][229]LogModuleManager: Shutting down and abandoning module DatasmithCoreTechExtension (468)
[2019.11.26-15.56.27:190][229]LogModuleManager: Shutting down and abandoning module StaticMeshEditor (467)
[2019.11.26-15.56.27:193][229]LogModuleManager: Shutting down and abandoning module AdvancedPreviewScene (466)
[2019.11.26-15.56.27:193][229]LogModuleManager: Shutting down and abandoning module DatasmithOpenNurbsTranslator (462)
[2019.11.26-15.56.27:196][229]LogModuleManager: Shutting down and abandoning module DatasmithNativeTranslator (460)
[2019.11.26-15.56.27:196][229]LogModuleManager: Shutting down and abandoning module DatasmithIFCImporter (458)
[2019.11.26-15.56.27:198][229]LogModuleManager: Shutting down and abandoning module DatasmithGLTFImporter (456)
[2019.11.26-15.56.27:200][229]LogModuleManager: Shutting down and abandoning module DatasmithImporter (455)
[2019.11.26-15.56.27:228][229]LogModuleManager: Shutting down and abandoning module ScreenshotTools (452)
[2019.11.26-15.56.27:228][229]LogModuleManager: Shutting down and abandoning module SteamVRController (450)
[2019.11.26-15.56.27:228][229]LogModuleManager: Shutting down and abandoning module ProceduralMeshComponentEditor (448)
[2019.11.26-15.56.27:229][229]LogModuleManager: Shutting down and abandoning module ProceduralMeshComponent (446)
[2019.11.26-15.56.27:230][229]LogModuleManager: Shutting down and abandoning module OculusEditor (444)
[2019.11.26-15.56.27:231][229]LogModuleManager: Shutting down and abandoning module OculusInput (442)
[2019.11.26-15.56.27:232][229]LogModuleManager: Shutting down and abandoning module MobilePatchingUtils (440)
[2019.11.26-15.56.27:232][229]LogModuleManager: Shutting down and abandoning module EditableMesh (438)
[2019.11.26-15.56.27:232][229]LogModuleManager: Shutting down and abandoning module CustomMeshComponent (436)
[2019.11.26-15.56.27:232][229]LogModuleManager: Shutting down and abandoning module CableComponent (434)
[2019.11.26-15.56.27:232][229]LogModuleManager: Shutting down and abandoning module AudioCapture (432)
[2019.11.26-15.56.27:232][229]LogModuleManager: Shutting down and abandoning module ArchVisCharacter (430)
[2019.11.26-15.56.27:233][229]LogModuleManager: Shutting down and abandoning module AppleImageUtilsBlueprintSupport (428)
[2019.11.26-15.56.27:233][229]LogModuleManager: Shutting down and abandoning module AppleImageUtils (426)
[2019.11.26-15.56.27:233][229]LogModuleManager: Shutting down and abandoning module AndroidPermission (424)
[2019.11.26-15.56.27:233][229]LogModuleManager: Shutting down and abandoning module NUTUnrealEngine4 (422)
[2019.11.26-15.56.27:233][229]LogModuleManager: Shutting down and abandoning module NetcodeUnitTest (420)
[2019.11.26-15.56.27:246][229]LogModuleManager: Shutting down and abandoning module MediaCompositing (418)
[2019.11.26-15.56.27:246][229]LogModuleManager: Shutting down and abandoning module ImgMedia (416)
[2019.11.26-15.56.27:247][229]LogModuleManager: Shutting down and abandoning module MagicLeapHelperVulkan (414)
[2019.11.26-15.56.27:247][229]LogModuleManager: Shutting down and abandoning module MagicLeapHelperOpenGL (412)
[2019.11.26-15.56.27:247][229]LogModuleManager: Shutting down and abandoning module MagicLeapAudio (410)
[2019.11.26-15.56.27:247][229]LogModuleManager: Shutting down and abandoning module HTML5Networking (408)
[2019.11.26-15.56.27:247][229]LogModuleManager: Shutting down and abandoning module GeometryCollectionTracks (406)
[2019.11.26-15.56.27:247][229]LogModuleManager: Shutting down and abandoning module GeometryCollectionSequencer (405)
[2019.11.26-15.56.27:248][229]LogModuleManager: Shutting down and abandoning module GeometryCollectionEditor (402)
[2019.11.26-15.56.27:250][229]LogModuleManager: Shutting down and abandoning module GeometryCollectionExampleCore (400)
[2019.11.26-15.56.27:251][229]LogModuleManager: Shutting down and abandoning module GeometryCacheTracks (398)
[2019.11.26-15.56.27:251][229]LogModuleManager: Shutting down and abandoning module GeometryCacheSequencer (396)
[2019.11.26-15.56.27:255][229]LogModuleManager: Shutting down and abandoning module DataprepLibraries (394)
[2019.11.26-15.56.27:256][229]LogModuleManager: Shutting down and abandoning module DataprepCore (392)
[2019.11.26-15.56.27:256][229]LogModuleManager: Shutting down and abandoning module DataprepEditor (390)
[2019.11.26-15.56.27:267][229]LogModuleManager: Shutting down and abandoning module ChaosSolverEditor (388)
[2019.11.26-15.56.27:268][229]LogModuleManager: Shutting down and abandoning module BlastCore (386)
[2019.11.26-15.56.27:268][229]LogModuleManager: Shutting down and abandoning module BlastAuthoring (384)
[2019.11.26-15.56.27:268][229]LogModuleManager: Shutting down and abandoning module BackChannel (382)
[2019.11.26-15.56.27:268][229]LogModuleManager: Shutting down and abandoning module AutomationUtilsEditor (380)
[2019.11.26-15.56.27:268][229]LogModuleManager: Shutting down and abandoning module AutomationUtils (378)
[2019.11.26-15.56.27:271][229]LogModuleManager: Shutting down and abandoning module AlembicImporter (376)
[2019.11.26-15.56.27:273][229]LogModuleManager: Shutting down and abandoning module AlembicLibrary (375)
[2019.11.26-15.56.27:273][229]LogModuleManager: Shutting down and abandoning module GeometryCache (374)
[2019.11.26-15.56.27:274][229]LogModuleManager: Shutting down and abandoning module GeometryCacheEd (373)
[2019.11.26-15.56.27:274][229]LogModuleManager: Shutting down and abandoning module VariantManagerContent (368)
[2019.11.26-15.56.27:274][229]LogModuleManager: Shutting down and abandoning module DatasmithContentEditor (366)
[2019.11.26-15.56.27:275][229]LogModuleManager: Shutting down and abandoning module SpeedTreeImporter (364)
[2019.11.26-15.56.27:275][229]LogModuleManager: Shutting down and abandoning module PluginBrowser (362)
[2019.11.26-15.56.27:284][229]LogModuleManager: Shutting down and abandoning module MobileLauncherProfileWizard (360)
[2019.11.26-15.56.27:290][229]LogModuleManager: Shutting down and abandoning module PolygonModeling (358)
[2019.11.26-15.56.27:291][229]LogModuleManager: Shutting down and abandoning module MeshEditor (356)
[2019.11.26-15.56.27:292][229]LogModuleManager: Shutting down and abandoning module MaterialAnalyzer (354)
[2019.11.26-15.56.27:293][229]LogModuleManager: Shutting down and abandoning module GLTFImporter (352)
[2019.11.26-15.56.27:293][229]LogModuleManager: Shutting down and abandoning module EditorScriptingUtilities (350)
[2019.11.26-15.56.27:294][229]LogModuleManager: Shutting down and abandoning module CurveEditorTools (348)
[2019.11.26-15.56.27:297][229]LogModuleManager: Shutting down and abandoning module CurveEditor (347)
[2019.11.26-15.56.27:300][229]LogModuleManager: Shutting down and abandoning module CryptoKeysOpenSSL (344)
[2019.11.26-15.56.27:300][229]LogModuleManager: Shutting down and abandoning module CryptoKeys (342)
[2019.11.26-15.56.27:306][229]LogModuleManager: Shutting down and abandoning module VisualStudioSourceCodeAccess (340)
[2019.11.26-15.56.27:316][229]LogModuleManager: Shutting down and abandoning module VisualStudioCodeSourceCodeAccess (338)
[2019.11.26-15.56.27:322][229]LogModuleManager: Shutting down and abandoning module UObjectPlugin (336)
[2019.11.26-15.56.27:322][229]LogModuleManager: Shutting down and abandoning module SubversionSourceControl (334)
[2019.11.26-15.56.27:324][229]LogModuleManager: Shutting down and abandoning module PerforceSourceControl (332)
[2019.11.26-15.56.27:329][229]LogModuleManager: Shutting down and abandoning module GitSourceControl (330)
[2019.11.26-15.56.27:332][229]LogModuleManager: Shutting down and abandoning module SourceControl (329)
[2019.11.26-15.56.27:333][229]LogModuleManager: Shutting down and abandoning module CLionSourceCodeAccess (326)
[2019.11.26-15.56.27:334][229]LogModuleManager: Shutting down and abandoning module AnimationSharingEd (324)
[2019.11.26-15.56.27:334][229]LogModuleManager: Shutting down and abandoning module ActorLayerUtilitiesEditor (322)
[2019.11.26-15.56.27:341][229]LogModuleManager: Shutting down and abandoning module ActorLayerUtilities (320)
[2019.11.26-15.56.27:342][229]LogModuleManager: Shutting down and abandoning module LightPropagationVolumeEditor (318)
[2019.11.26-15.56.27:343][229]LogModuleManager: Shutting down and abandoning module PaperTiledImporter (316)
[2019.11.26-15.56.27:343][229]LogModuleManager: Shutting down and abandoning module PaperSpriteSheetImporter (314)
[2019.11.26-15.56.27:344][229]LogModuleManager: Shutting down and abandoning module Paper2DEditor (312)
[2019.11.26-15.56.27:350][229]LogModuleManager: Shutting down and abandoning module BuildingEscape (310)
[2019.11.26-15.56.27:350][229]LogModuleManager: Shutting down and abandoning module SignificanceManager (308)
[2019.11.26-15.56.27:350][229]LogModuleManager: Shutting down and abandoning module RuntimePhysXCooking (306)
[2019.11.26-15.56.27:350][229]LogModuleManager: Shutting down and abandoning module PhysXVehiclesEditor (304)
[2019.11.26-15.56.27:351][229]LogModuleManager: Shutting down and abandoning module LocationServicesBPLibrary (300)
[2019.11.26-15.56.27:351][229]LogModuleManager: Shutting down and abandoning module ActorSequence (298)
[2019.11.26-15.56.27:351][229]LogModuleManager: Shutting down and abandoning module UdpMessaging (296)
[2019.11.26-15.56.27:459][229]LogModuleManager: Shutting down and abandoning module TcpMessaging (294)
[2019.11.26-15.56.27:593][229]LogModuleManager: Shutting down and abandoning module MagicLeapIdentity (292)
[2019.11.26-15.56.27:610][229]LogModuleManager: Shutting down and abandoning module MagicLeapSecureStorage (290)
[2019.11.26-15.56.27:611][229]LogModuleManager: Shutting down and abandoning module MagicLeapHandTracking (288)
[2019.11.26-15.56.27:722][229]LogModuleManager: Shutting down and abandoning module MagicLeapEyeTracker (286)
[2019.11.26-15.56.27:766][229]LogModuleManager: Shutting down and abandoning module MagicLeapController (284)
[2019.11.26-15.56.27:873][229]LogSlate: Slate User Destroyed.  User Index 0, Is Virtual User: 0
[2019.11.26-15.56.27:873][229]LogModuleManager: Shutting down and abandoning module MagicLeapAR (282)
[2019.11.26-15.56.27:874][229]LogModuleManager: Shutting down and abandoning module AugmentedReality (281)
[2019.11.26-15.56.27:874][229]LogModuleManager: Shutting down and abandoning module GameplayTagsEditor (278)
[2019.11.26-15.56.27:875][229]LogModuleManager: Shutting down and abandoning module FacialAnimationEditor (276)
[2019.11.26-15.56.27:876][229]LogModuleManager: Shutting down and abandoning module FacialAnimation (274)
[2019.11.26-15.56.27:876][229]LogModuleManager: Shutting down and abandoning module DataValidation (272)
[2019.11.26-15.56.27:877][229]LogModuleManager: Shutting down and abandoning module AssetManagerEditor (270)
[2019.11.26-15.56.27:880][229]LogModuleManager: Shutting down and abandoning module LevelEditor (269)
[2019.11.26-15.56.28:026][229]LogModuleManager: Shutting down and abandoning module PixelInspectorModule (268)
[2019.11.26-15.56.28:042][229]LogModuleManager: Shutting down and abandoning module CommonMenuExtensions (266)
[2019.11.26-15.56.28:200][229]LogModuleManager: Shutting down and abandoning module MainFrame (264)
[2019.11.26-15.56.28:214][229]LogModuleManager: Shutting down and abandoning module HotReload (263)
[2019.11.26-15.56.28:222][229]LogModuleManager: Shutting down and abandoning module ContentBrowser (259)
[2019.11.26-15.56.28:295][229]LogModuleManager: Shutting down and abandoning module TreeMap (257)
[2019.11.26-15.56.28:297][229]LogModuleManager: Shutting down and abandoning module AnimationSharing (254)
[2019.11.26-15.56.28:297][229]LogModuleManager: Shutting down and abandoning module LightPropagationVolumeRuntime (252)
[2019.11.26-15.56.28:297][229]LogModuleManager: Shutting down and abandoning module Paper2D (250)
[2019.11.26-15.56.28:298][229]LogModuleManager: Shutting down and abandoning module WindowsMoviePlayer (248)
[2019.11.26-15.56.28:389][229]LogModuleManager: Shutting down and abandoning module WebMMoviePlayer (246)
[2019.11.26-15.56.28:411][229]LogModuleManager: Shutting down and abandoning module NetworkReplayStreaming (244)
[2019.11.26-15.56.28:412][229]LogModuleManager: Shutting down and abandoning module PacketHandler (242)
[2019.11.26-15.56.28:413][229]LogModuleManager: Shutting down and abandoning module ClothingSystemEditor (240)
[2019.11.26-15.56.28:414][229]LogModuleManager: Shutting down and abandoning module ClothingSystemRuntime (238)
[2019.11.26-15.56.28:422][229]LogModuleManager: Shutting down and abandoning module MediaAssets (236)
[2019.11.26-15.56.28:423][229]LogModuleManager: Shutting down and abandoning module Overlay (234)
[2019.11.26-15.56.28:423][229]LogModuleManager: Shutting down and abandoning module OverlayEditor (233)
[2019.11.26-15.56.28:423][229]LogModuleManager: Shutting down and abandoning module VREditor (230)
[2019.11.26-15.56.28:424][229]LogModuleManager: Shutting down and abandoning module StringTableEditor (228)
[2019.11.26-15.56.28:427][229]LogModuleManager: Shutting down and abandoning module GameplayTasksEditor (226)
[2019.11.26-15.56.28:427][229]LogModuleManager: Shutting down and abandoning module BehaviorTreeEditor (224)
[2019.11.26-15.56.28:465][229]LogModuleManager: Shutting down and abandoning module FunctionalTesting (222)
[2019.11.26-15.56.28:477][229]LogModuleManager: Shutting down and abandoning module CollisionAnalyzer (220)
[2019.11.26-15.56.28:484][229]LogModuleManager: Shutting down and abandoning module WorkspaceMenuStructure (219)
[2019.11.26-15.56.28:491][229]LogModuleManager: Shutting down and abandoning module UMG (216)
[2019.11.26-15.56.28:496][229]LogModuleManager: Shutting down and abandoning module UMGEditor (215)
[2019.11.26-15.56.28:630][229]LogModuleManager: Shutting down and abandoning module Sequencer (214)
[2019.11.26-15.56.28:690][229]LogModuleManager: Shutting down and abandoning module MessageLog (211)
[2019.11.26-15.56.28:700][229]LogModuleManager: Shutting down and abandoning module SlateReflector (206)
[2019.11.26-15.56.28:709][229]LogModuleManager: Shutting down and abandoning module Slate (204)
[2019.11.26-15.56.28:710][229]LogModuleManager: Shutting down and abandoning module LandscapeEditorUtilities (202)
[2019.11.26-15.56.28:710][229]LogModuleManager: Shutting down and abandoning module EditorStyle (200)
[2019.11.26-15.56.28:764][229]LogModuleManager: Shutting down and abandoning module UnrealEd (198)
[2019.11.26-15.56.28:765][229]LogModuleManager: Shutting down and abandoning module MRMesh (196)
[2019.11.26-15.56.28:765][229]LogModuleManager: Shutting down and abandoning module SourceCodeAccess (194)
[2019.11.26-15.56.28:765][229]LogModuleManager: Shutting down and abandoning module HeadMountedDisplay (192)
[2019.11.26-15.56.28:766][229]LogModuleManager: Shutting down and abandoning module XAudio2 (190)
[2019.11.26-15.56.28:766][229]LogModuleManager: Shutting down and abandoning module Networking (188)
[2019.11.26-15.56.28:766][229]LogModuleManager: Shutting down and abandoning module Core (186)
[2019.11.26-15.56.28:767][229]LogModuleManager: Shutting down and abandoning module KismetCompiler (184)
[2019.11.26-15.56.28:767][229]LogModuleManager: Shutting down and abandoning module MeshUtilities (182)
[2019.11.26-15.56.28:776][229]LogModuleManager: Shutting down and abandoning module MeshMergeUtilities (181)
[2019.11.26-15.56.28:777][229]LogModuleManager: Shutting down and abandoning module MeshReductionInterface (180)
[2019.11.26-15.56.28:778][229]LogModuleManager: Shutting down and abandoning module SkeletalMeshReduction (179)
[2019.11.26-15.56.28:779][229]LogModuleManager: Shutting down and abandoning module ProxyLODMeshReduction (177)
[2019.11.26-15.56.28:783][229]LogModuleManager: Shutting down and abandoning module QuadricMeshReduction (175)
[2019.11.26-15.56.28:787][229]LogModuleManager: Shutting down and abandoning module MaterialBaking (171)
[2019.11.26-15.56.28:790][229]LogModuleManager: Shutting down and abandoning module NullInstallBundleManager (166)
[2019.11.26-15.56.28:790][229]LogModuleManager: Shutting down and abandoning module DerivedDataCache (164)
[2019.11.26-15.56.28:890][229]LogDerivedDataCache: Shutdown
[2019.11.26-15.56.28:891][229]LogModuleManager: Shutting down and abandoning module XGEController (162)
[2019.11.26-15.56.28:908][229]LogModuleManager: Shutting down and abandoning module TargetPlatform (160)
[2019.11.26-15.56.28:923][229]LogModuleManager: Shutting down and abandoning module VulkanShaderFormat (159)
[2019.11.26-15.56.28:924][229]LogModuleManager: Shutting down and abandoning module ShaderFormatVectorVM (157)
[2019.11.26-15.56.28:926][229]LogModuleManager: Shutting down and abandoning module ShaderFormatOpenGL (155)
[2019.11.26-15.56.28:927][229]LogModuleManager: Shutting down and abandoning module ShaderFormatD3D (153)
[2019.11.26-15.56.28:928][229]LogModuleManager: Shutting down and abandoning module MetalShaderFormat (151)
[2019.11.26-15.56.28:929][229]LogModuleManager: Shutting down and abandoning module TextureFormatUncompressed (149)
[2019.11.26-15.56.28:930][229]LogModuleManager: Shutting down and abandoning module TextureFormatPVR (147)
[2019.11.26-15.56.28:931][229]LogModuleManager: Shutting down and abandoning module TextureFormatDXT (145)
[2019.11.26-15.56.28:932][229]LogModuleManager: Shutting down and abandoning module TextureFormatIntelISPCTexComp (143)
[2019.11.26-15.56.28:940][229]LogModuleManager: Shutting down and abandoning module TextureFormatASTC (141)
[2019.11.26-15.56.28:941][229]LogModuleManager: Shutting down and abandoning module ImageWrapper (140)
[2019.11.26-15.56.28:942][229]LogModuleManager: Shutting down and abandoning module TextureFormatAndroid (137)
[2019.11.26-15.56.28:943][229]LogModuleManager: Shutting down and abandoning module AudioFormatOpus (135)
[2019.11.26-15.56.28:945][229]LogModuleManager: Shutting down and abandoning module AudioFormatOgg (133)
[2019.11.26-15.56.28:946][229]LogModuleManager: Shutting down and abandoning module AudioFormatADPCM (131)
[2019.11.26-15.56.28:947][229]LogModuleManager: Shutting down and abandoning module LuminTargetPlatform (129)
[2019.11.26-15.56.29:331][229]LogModuleManager: Shutting down and abandoning module LinuxTargetPlatform (127)
[2019.11.26-15.56.29:332][229]LogModuleManager: Shutting down and abandoning module LinuxServerTargetPlatform (125)
[2019.11.26-15.56.29:356][229]LogModuleManager: Shutting down and abandoning module LinuxNoEditorTargetPlatform (123)
[2019.11.26-15.56.29:359][229]LogModuleManager: Shutting down and abandoning module LinuxClientTargetPlatform (121)
[2019.11.26-15.56.29:360][229]LogModuleManager: Shutting down and abandoning module TVOSTargetPlatform (119)
[2019.11.26-15.56.29:461][229]LogModuleManager: Shutting down and abandoning module Messaging (117)
[2019.11.26-15.56.29:461][229]LogModuleManager: Shutting down and abandoning module IOSTargetPlatform (115)
[2019.11.26-15.56.29:683][229]LogModuleManager: Shutting down and abandoning module HTML5TargetPlatform (113)
[2019.11.26-15.56.29:696][229]LogModuleManager: Shutting down and abandoning module AndroidTargetPlatform (111)
[2019.11.26-15.56.30:646][229]LogModuleManager: Shutting down and abandoning module WindowsTargetPlatform (109)
[2019.11.26-15.56.30:647][229]LogModuleManager: Shutting down and abandoning module WindowsServerTargetPlatform (107)
[2019.11.26-15.56.30:648][229]LogModuleManager: Shutting down and abandoning module WindowsNoEditorTargetPlatform (105)
[2019.11.26-15.56.30:648][229]LogModuleManager: Shutting down and abandoning module WindowsClientTargetPlatform (103)
[2019.11.26-15.56.30:650][229]LogModuleManager: Shutting down and abandoning module MacTargetPlatform (101)
[2019.11.26-15.56.30:678][229]LogModuleManager: Shutting down and abandoning module MacServerTargetPlatform (99)
[2019.11.26-15.56.30:679][229]LogModuleManager: Shutting down and abandoning module MacNoEditorTargetPlatform (97)
[2019.11.26-15.56.30:681][229]LogModuleManager: Shutting down and abandoning module MacClientTargetPlatform (95)
[2019.11.26-15.56.30:681][229]LogModuleManager: Shutting down and abandoning module AllDesktopTargetPlatform (93)
[2019.11.26-15.56.30:686][229]LogModuleManager: Shutting down and abandoning module InputCore (90)
[2019.11.26-15.56.30:688][229]LogModuleManager: Shutting down and abandoning module Settings (88)
[2019.11.26-15.56.30:690][229]LogModuleManager: Shutting down and abandoning module DirectoryWatcher (86)
[2019.11.26-15.56.30:708][229]LogModuleManager: Shutting down and abandoning module PhysXCooking (84)
[2019.11.26-15.56.30:709][229]LogModuleManager: Shutting down and abandoning module WindowsPlatformFeatures (82)
[2019.11.26-15.56.30:710][229]LogModuleManager: Shutting down and abandoning module GameplayMediaEncoder (81)
[2019.11.26-15.56.30:711][229]LogModuleManager: Shutting down and abandoning module SteamVR (78)
[2019.11.26-15.56.30:713][229]LogHMD: Freeing OpenVRDLLHandle.
[2019.11.26-15.56.30:714][229]LogModuleManager: Shutting down and abandoning module OculusHMD (76)
[2019.11.26-15.56.30:716][229]LogModuleManager: Shutting down and abandoning module ExampleDeviceProfileSelector (74)
[2019.11.26-15.56.30:716][229]LogModuleManager: Shutting down and abandoning module LauncherChunkInstaller (72)
[2019.11.26-15.56.30:716][229]LogModuleManager: Shutting down and abandoning module OnlineBlueprintSupport (70)
[2019.11.26-15.56.30:716][229]LogModuleManager: Shutting down and abandoning module OnlineSubsystem (66)
[2019.11.26-15.56.30:742][229]LogModuleManager: Shutting down and abandoning module XMPP (61)
[2019.11.26-15.56.30:745][229]LogModuleManager: Shutting down and abandoning module WebSockets (60)
[2019.11.26-15.56.30:796][229]LogModuleManager: Shutting down and abandoning module HTTP (57)
[2019.11.26-15.56.30:796][229]LogHttp: Display: Http module shutting down, but needs to wait on 1 outstanding Http requests:
[2019.11.26-15.56.30:797][229]LogHttp: Display: 	verb=[POST] url=[https://datarouter.ol.epicgames.com/datarouter/api/v1/public/data?SessionID=%7B5BD0D5D4-4C9E-5FEA-9DEC-7F8C900315AB%7D&AppID=UEEditor.Rocket.Release&AppVersion=4.23.0-8386587%2B%2B%2BUE4%2BRelease-4.23&UserID=9fac42f04d0bf86c7c77a38461b5dbfe%7Cb17b9a24caaf4b22beb43e36ae37cc22%7C1aadf357-618d-45b7-89b5-366b54ee33e8&AppEnvironment=datacollector-binary&UploadType=eteventstream] status=Processing
[2019.11.26-15.56.30:811][229]LogModuleManager: Shutting down and abandoning module SSL (56)
[2019.11.26-15.56.30:862][229]LogModuleManager: Shutting down and abandoning module WmfMedia (52)
[2019.11.26-15.56.30:877][229]LogModuleManager: Shutting down and abandoning module Media (51)
[2019.11.26-15.56.30:881][229]LogModuleManager: Shutting down and abandoning module MagicLeap (48)
[2019.11.26-15.56.30:894][229]LogModuleManager: Shutting down and abandoning module DatasmithContent (46)
[2019.11.26-15.56.30:906][229]LogModuleManager: Shutting down and abandoning module AISupportModule (44)
[2019.11.26-15.56.30:907][229]LogModuleManager: Shutting down and abandoning module PlatformCryptoOpenSSL (42)
[2019.11.26-15.56.30:908][229]LogModuleManager: Shutting down and abandoning module PlatformCrypto (40)
[2019.11.26-15.56.30:908][229]LogModuleManager: Shutting down and abandoning module AnimationModifiers (38)
[2019.11.26-15.56.30:909][229]LogModuleManager: Shutting down and abandoning module PropertyEditor (37)
[2019.11.26-15.56.30:927][229]LogModuleManager: Shutting down and abandoning module AudioEditor (34)
[2019.11.26-15.56.30:944][229]LogModuleManager: Shutting down and abandoning module TextureCompressor (32)
[2019.11.26-15.56.30:946][229]LogModuleManager: Shutting down and abandoning module RenderCore (30)
[2019.11.26-15.56.30:947][229]LogModuleManager: Shutting down and abandoning module Landscape (28)
[2019.11.26-15.56.30:947][229]LogModuleManager: Shutting down and abandoning module SlateRHIRenderer (26)
[2019.11.26-15.56.31:090][229]LogModuleManager: Shutting down and abandoning module OpenGLDrv (24)
[2019.11.26-15.56.31:091][229]LogModuleManager: Shutting down and abandoning module D3D11RHI (22)
[2019.11.26-15.56.31:091][229]LogModuleManager: Shutting down and abandoning module AnimGraphRuntime (20)
[2019.11.26-15.56.31:092][229]LogModuleManager: Shutting down and abandoning module Renderer (18)
[2019.11.26-15.56.31:096][229]LogModuleManager: Shutting down and abandoning module Engine (16)
[2019.11.26-15.56.31:097][229]LogModuleManager: Shutting down and abandoning module CoreUObject (14)
[2019.11.26-15.56.31:098][229]LogModuleManager: Shutting down and abandoning module NetworkFile (12)
[2019.11.26-15.56.31:099][229]LogModuleManager: Shutting down and abandoning module CookedIterativeFile (10)
[2019.11.26-15.56.31:099][229]LogModuleManager: Shutting down and abandoning module StreamingFile (8)
[2019.11.26-15.56.31:099][229]LogModuleManager: Shutting down and abandoning module SandboxFile (6)
[2019.11.26-15.56.31:100][229]LogModuleManager: Shutting down and abandoning module PakFile (4)
[2019.11.26-15.56.31:109][229]LogModuleManager: Shutting down and abandoning module RSA (3)
[2019.11.26-15.56.31:175][229]LogD3D11RHI: Shutdown
[2019.11.26-15.56.31:176][229]LogD3D11RHI: CleanupD3DDevice
[2019.11.26-15.56.31:313][229]LogRendererCore: FGlobalDynamicReadBuffer::Cleanup()
[2019.11.26-15.56.31:327][229]LogRendererCore: FGlobalDynamicReadBuffer::Cleanup()
[2019.11.26-15.56.31:327][229]LogRendererCore: FGlobalDynamicReadBuffer::Cleanup()
[2019.11.26-15.56.32:275][229]LogD3D11RHI: ~FD3D11DynamicRHI
[2019.11.26-15.56.32:315][229]LogExit: Exiting.
[2019.11.26-15.56.32:432][229]Log file closed, 11/26/19 10:56:32
