Log file open, 11/21/19 18:25:27
LogWindows: Failed to load 'aqProf.dll' (GetLastError=126)
LogWindows: File 'aqProf.dll' does not exist
LogWindows: Failed to load 'VtuneApi.dll' (GetLastError=126)
LogWindows: File 'VtuneApi.dll' does not exist
LogWindows: Failed to load 'VtuneApi32e.dll' (GetLastError=126)
LogWindows: File 'VtuneApi32e.dll' does not exist
LogConsoleResponse: Display: Failed to find resolution value strings in scalability ini. Falling back to default.
LogInit: Display: Running engine for game: BuildingEscape
LogPlatformFile: Not using cached read wrapper
LogTaskGraph: Started task graph with 5 named threads and 14 total threads with 3 sets of task threads.
LogStats: Stats thread started at 0.939733
LogD3D11RHI: Loaded GFSDK_Aftermath_Lib.x64.dll
LogICUInternationalization: ICU TimeZone Detection - Raw Offset: -5:00, Platform Override: ''
LogPluginManager: Mounting plugin Paper2D
LogPluginManager: Mounting plugin AISupport
LogPluginManager: Mounting plugin LightPropagationVolume
LogPluginManager: Mounting plugin ActorLayerUtilities
LogPluginManager: Mounting plugin AnimationSharing
LogPluginManager: Mounting plugin CLionSourceCodeAccess
LogPluginManager: Mounting plugin CodeLiteSourceCodeAccess
LogPluginManager: Mounting plugin GitSourceControl
LogPluginManager: Mounting plugin KDevelopSourceCodeAccess
LogPluginManager: Mounting plugin NullSourceCodeAccess
LogPluginManager: Mounting plugin PerforceSourceControl
LogPluginManager: Mounting plugin SubversionSourceControl
LogPluginManager: Mounting plugin UObjectPlugin
LogPluginManager: Mounting plugin VisualStudioCodeSourceCodeAccess
LogPluginManager: Mounting plugin VisualStudioSourceCodeAccess
LogPluginManager: Mounting plugin XCodeSourceCodeAccess
LogPluginManager: Mounting plugin AssetManagerEditor
LogPluginManager: Mounting plugin CryptoKeys
LogPluginManager: Mounting plugin CurveEditorTools
LogPluginManager: Mounting plugin DataValidation
LogPluginManager: Mounting plugin EditorScriptingUtilities
LogPluginManager: Mounting plugin FacialAnimation
LogPluginManager: Mounting plugin GameplayTagsEditor
LogPluginManager: Mounting plugin GLTFImporter
LogPluginManager: Mounting plugin MacGraphicsSwitching
LogPluginManager: Mounting plugin MaterialAnalyzer
LogPluginManager: Mounting plugin MeshEditor
LogPluginManager: Mounting plugin MobileLauncherProfileWizard
LogPluginManager: Mounting plugin PluginBrowser
LogPluginManager: Mounting plugin SpeedTreeImporter
LogPluginManager: Mounting plugin DatasmithContent
LogPluginManager: Mounting plugin VariantManagerContent
LogPluginManager: Mounting plugin AlembicImporter
LogPluginManager: Mounting plugin AutomationUtils
LogPluginManager: Mounting plugin BackChannel
LogPluginManager: Mounting plugin BlastPlugin
LogPluginManager: Mounting plugin ChaosSolverPlugin
LogPluginManager: Mounting plugin CharacterAI
LogPluginManager: Mounting plugin DataPrepEditor
LogPluginManager: Mounting plugin GeometryCache
LogPluginManager: Mounting plugin GeometryCollectionPlugin
LogPluginManager: Mounting plugin HTML5Networking
LogPluginManager: Mounting plugin PlatformCrypto
LogPluginManager: Mounting plugin ProxyLODPlugin
LogPluginManager: Mounting plugin SkeletalReduction
LogPluginManager: Mounting plugin MagicLeap
LogPluginManager: Mounting plugin MagicLeapMedia
LogPluginManager: Mounting plugin AndroidMedia
LogPluginManager: Mounting plugin AvfMedia
LogPluginManager: Mounting plugin ImgMedia
LogPluginManager: Mounting plugin MediaCompositing
LogPluginManager: Mounting plugin MediaPlayerEditor
LogPluginManager: Mounting plugin WebMMedia
LogPluginManager: Mounting plugin WmfMedia
LogPluginManager: Mounting plugin TcpMessaging
LogPluginManager: Mounting plugin UdpMessaging
LogPluginManager: Mounting plugin ActorSequence
LogPluginManager: Mounting plugin LevelSequenceEditor
LogPluginManager: Mounting plugin MatineeToLevelSequence
LogPluginManager: Mounting plugin NetcodeUnitTest
LogPluginManager: Mounting plugin NUTUnrealEngine4
LogPluginManager: Mounting plugin OnlineSubsystemGooglePlay
LogPluginManager: Mounting plugin OnlineSubsystemIOS
LogPluginManager: Mounting plugin OnlineSubsystem
LogPluginManager: Mounting plugin OnlineSubsystemNull
LogPluginManager: Mounting plugin OnlineSubsystemUtils
LogPluginManager: Mounting plugin LauncherChunkInstaller
LogPluginManager: Mounting plugin AndroidDeviceProfileSelector
LogPluginManager: Mounting plugin AndroidMoviePlayer
LogPluginManager: Mounting plugin AndroidPermission
LogPluginManager: Mounting plugin AppleImageUtils
LogPluginManager: Mounting plugin AppleMoviePlayer
LogPluginManager: Mounting plugin ArchVisCharacter
LogPluginManager: Mounting plugin AudioCapture
LogPluginManager: Mounting plugin CableComponent
LogPluginManager: Mounting plugin CustomMeshComponent
LogPluginManager: Mounting plugin EditableMesh
LogPluginManager: Mounting plugin ExampleDeviceProfileSelector
LogPluginManager: Mounting plugin GoogleCloudMessaging
LogPluginManager: Mounting plugin IOSDeviceProfileSelector
LogPluginManager: Mounting plugin LinuxDeviceProfileSelector
LogPluginManager: Mounting plugin LocationServicesBPLibrary
LogPluginManager: Mounting plugin MobilePatchingUtils
LogPluginManager: Mounting plugin OculusVR
LogPluginManager: Mounting plugin PhysXVehicles
LogPluginManager: Mounting plugin ProceduralMeshComponent
LogPluginManager: Mounting plugin RuntimePhysXCooking
LogPluginManager: Mounting plugin SignificanceManager
LogPluginManager: Mounting plugin SteamVR
LogPluginManager: Mounting plugin WebMMoviePlayer
LogPluginManager: Mounting plugin WindowsMoviePlayer
LogPluginManager: Mounting plugin ScreenshotTools
LogPluginManager: Mounting plugin DatasmithC4DImporter
LogPluginManager: Mounting plugin DatasmithCADImporter
LogPluginManager: Mounting plugin DatasmithFBXImporter
LogPluginManager: Mounting plugin DatasmithGLTFImporter
LogPluginManager: Mounting plugin DatasmithIFCImporter
LogPluginManager: Mounting plugin DatasmithImporter
LogPluginManager: Mounting plugin MDLImporter
LogPluginManager: Mounting plugin StaticMeshEditorExtension
LogPluginManager: Mounting plugin VariantManager
LogInit: Using libcurl 7.55.1-DEV
LogInit:  - built for x86_64-pc-win32
LogInit:  - supports SSL with OpenSSL/1.1.1
LogInit:  - supports HTTP deflate (compression) using libz 1.2.8
LogInit:  - other features:
LogInit:      CURL_VERSION_SSL
LogInit:      CURL_VERSION_LIBZ
LogInit:      CURL_VERSION_IPV6
LogInit:      CURL_VERSION_ASYNCHDNS
LogInit:      CURL_VERSION_LARGEFILE
LogInit:      CURL_VERSION_IDN
LogInit:  CurlRequestOptions (configurable via config and command line):
LogInit:  - bVerifyPeer = true  - Libcurl will verify peer certificate
LogInit:  - bUseHttpProxy = false  - Libcurl will NOT use HTTP proxy
LogInit:  - bDontReuseConnections = false  - Libcurl will reuse connections
LogInit:  - MaxHostConnections = 16  - Libcurl will limit the number of connections to a host
LogInit:  - LocalHostAddr = Default
LogInit:  - BufferSize = 65536
LogOnline: OSS: Creating online subsystem instance for: NULL
LogInit: WinSock: version 1.1 (2.2), MaxSocks=32767, MaxUdp=65467
LogInit: Build: ++UE4+Release-4.23-CL-8386587
LogInit: Engine Version: 4.23.0-8386587+++UE4+Release-4.23
LogInit: Compatible Engine Version: 4.23.0-8386587+++UE4+Release-4.23
LogInit: Net CL: 8386587
LogInit: OS: Windows 10 (Release 1903) (), CPU: Intel(R) Core(TM) i5-6300HQ CPU @ 2.30GHz, GPU: Intel(R) HD Graphics 530
LogInit: Compiled (64-bit): Aug 31 2019 02:04:44
LogInit: Compiled with Visual C++: 19.16.27030.01
LogInit: Build Configuration: Development
LogInit: Branch Name: ++UE4+Release-4.23
LogInit: Command Line: 
LogInit: Base Directory: C:/Program Files/Epic Games/UE_4.23/Engine/Binaries/Win64/
LogInit: Installed Engine Build: 1
LogDevObjectVersion: Number of dev versions registered: 23
LogDevObjectVersion:   Dev-Blueprints (B0D832E4-1F89-4F0D-ACCF-7EB736FD4AA2): 10
LogDevObjectVersion:   Dev-Build (E1C64328-A22C-4D53-A36C-8E866417BD8C): 0
LogDevObjectVersion:   Dev-Core (375EC13C-06E4-48FB-B500-84F0262A717E): 3
LogDevObjectVersion:   Dev-Editor (E4B068ED-F494-42E9-A231-DA0B2E46BB41): 34
LogDevObjectVersion:   Dev-Framework (CFFC743F-43B0-4480-9391-14DF171D2073): 35
LogDevObjectVersion:   Dev-Mobile (B02B49B5-BB20-44E9-A304-32B752E40360): 2
LogDevObjectVersion:   Dev-Networking (A4E4105C-59A1-49B5-A7C5-40C4547EDFEE): 0
LogDevObjectVersion:   Dev-Online (39C831C9-5AE6-47DC-9A44-9C173E1C8E7C): 0
LogDevObjectVersion:   Dev-Physics (78F01B33-EBEA-4F98-B9B4-84EACCB95AA2): 0
LogDevObjectVersion:   Dev-Platform (6631380F-2D4D-43E0-8009-CF276956A95A): 0
LogDevObjectVersion:   Dev-Rendering (12F88B9F-8875-4AFC-A67C-D90C383ABD29): 31
LogDevObjectVersion:   Dev-Sequencer (7B5AE74C-D270-4C10-A958-57980B212A5A): 11
LogDevObjectVersion:   Dev-VR (D7296918-1DD6-4BDD-9DE2-64A83CC13884): 2
LogDevObjectVersion:   Dev-LoadTimes (C2A15278-BFE7-4AFE-6C17-90FF531DF755): 1
LogDevObjectVersion:   Private-Geometry (6EACA3D4-40EC-4CC1-B786-8BED09428FC5): 3
LogDevObjectVersion:   Dev-AnimPhys (29E575DD-E0A3-4627-9D10-D276232CDCEA): 17
LogDevObjectVersion:   Dev-Anim (AF43A65D-7FD3-4947-9873-3E8ED9C1BB05): 2
LogDevObjectVersion:   Dev-ReflectionCapture (6B266CEC-1EC7-4B8F-A30B-E4D90942FC07): 1
LogDevObjectVersion:   Dev-Automation (0DF73D61-A23F-47EA-B727-89E90C41499A): 1
LogDevObjectVersion:   FortniteMain (601D1886-AC64-4F84-AA16-D3DE0DEAC7D6): 27
LogDevObjectVersion:   Dev-Enterprise (9DFFBCD6-494F-0158-E221-12823C92A888): 6
LogDevObjectVersion:   Dev-Niagara (F2AED0AC-9AFE-416F-8664-AA7FFA26D6FC): 1
LogDevObjectVersion:   Dev-Destruction (174F1F0B-B4C6-45A5-B13F-2EE8D0FB917D): 9
LogInit: Presizing for max 16777216 objects, including 0 objects not considered by GC, pre-allocating 0 bytes for permanent pool.
LogInit: Object subsystem initialized
LogConfig: Setting CVar [[con.DebugEarlyDefault:1]]
LogConfig: Setting CVar [[r.setres:1280x720]]
[2019.11.21-23.25.28:703][  0]LogConfig: Setting CVar [[r.VSync:0]]
[2019.11.21-23.25.28:703][  0]LogConfig: Setting CVar [[r.RHICmdBypass:0]]
[2019.11.21-23.25.28:704][  0]LogConfig: Applying CVar settings from Section [/Script/Engine.RendererSettings] File [C:/Users/TheK-B1000/Desktop/The K-B Folder/Unreal/repos/Section 3/BuildingEscape/Saved/Config/Windows/Engine.ini]
[2019.11.21-23.25.28:704][  0]LogConfig: Setting CVar [[r.GPUCrashDebugging:0]]
[2019.11.21-23.25.28:704][  0]LogConfig: Setting CVar [[r.DefaultFeature.AutoExposure.ExtendDefaultLuminanceRange:1]]
[2019.11.21-23.25.28:704][  0]LogConfig: Applying CVar settings from Section [/Script/Engine.RendererOverrideSettings] File [C:/Users/TheK-B1000/Desktop/The K-B Folder/Unreal/repos/Section 3/BuildingEscape/Saved/Config/Windows/Engine.ini]
[2019.11.21-23.25.28:704][  0]LogConfig: Applying CVar settings from Section [/Script/Engine.StreamingSettings] File [C:/Users/TheK-B1000/Desktop/The K-B Folder/Unreal/repos/Section 3/BuildingEscape/Saved/Config/Windows/Engine.ini]
[2019.11.21-23.25.28:704][  0]LogConfig: Setting CVar [[s.MinBulkDataSizeForAsyncLoading:131072]]
[2019.11.21-23.25.28:704][  0]LogConfig: Setting CVar [[s.AsyncLoadingThreadEnabled:0]]
[2019.11.21-23.25.28:704][  0]LogConfig: Setting CVar [[s.EventDrivenLoaderEnabled:1]]
[2019.11.21-23.25.28:704][  0]LogConfig: Setting CVar [[s.WarnIfTimeLimitExceeded:0]]
[2019.11.21-23.25.28:704][  0]LogConfig: Setting CVar [[s.TimeLimitExceededMultiplier:1.5]]
[2019.11.21-23.25.28:704][  0]LogConfig: Setting CVar [[s.TimeLimitExceededMinTime:0.005]]
[2019.11.21-23.25.28:704][  0]LogConfig: Setting CVar [[s.UseBackgroundLevelStreaming:1]]
[2019.11.21-23.25.28:704][  0]LogConfig: Setting CVar [[s.PriorityAsyncLoadingExtraTime:15.0]]
[2019.11.21-23.25.28:704][  0]LogConfig: Setting CVar [[s.LevelStreamingActorsUpdateTimeLimit:5.0]]
[2019.11.21-23.25.28:704][  0]LogConfig: Setting CVar [[s.PriorityLevelStreamingActorsUpdateExtraTime:5.0]]
[2019.11.21-23.25.28:704][  0]LogConfig: Setting CVar [[s.LevelStreamingComponentsRegistrationGranularity:10]]
[2019.11.21-23.25.28:704][  0]LogConfig: Setting CVar [[s.UnregisterComponentsTimeLimit:1.0]]
[2019.11.21-23.25.28:704][  0]LogConfig: Setting CVar [[s.LevelStreamingComponentsUnregistrationGranularity:5]]
[2019.11.21-23.25.28:704][  0]LogConfig: Applying CVar settings from Section [/Script/Engine.GarbageCollectionSettings] File [C:/Users/TheK-B1000/Desktop/The K-B Folder/Unreal/repos/Section 3/BuildingEscape/Saved/Config/Windows/Engine.ini]
[2019.11.21-23.25.28:704][  0]LogConfig: Setting CVar [[gc.MaxObjectsNotConsideredByGC:1]]
[2019.11.21-23.25.28:704][  0]LogConfig: Setting CVar [[gc.SizeOfPermanentObjectPool:0]]
[2019.11.21-23.25.28:704][  0]LogConfig: Setting CVar [[gc.FlushStreamingOnGC:0]]
[2019.11.21-23.25.28:704][  0]LogConfig: Setting CVar [[gc.NumRetriesBeforeForcingGC:10]]
[2019.11.21-23.25.28:704][  0]LogConfig: Setting CVar [[gc.AllowParallelGC:1]]
[2019.11.21-23.25.28:704][  0]LogConfig: Setting CVar [[gc.TimeBetweenPurgingPendingKillObjects:61.1]]
[2019.11.21-23.25.28:704][  0]LogConfig: Setting CVar [[gc.MaxObjectsInEditor:16777216]]
[2019.11.21-23.25.28:704][  0]LogConfig: Setting CVar [[gc.IncrementalBeginDestroyEnabled:1]]
[2019.11.21-23.25.28:704][  0]LogConfig: Setting CVar [[gc.CreateGCClusters:1]]
[2019.11.21-23.25.28:704][  0]LogConfig: Setting CVar [[gc.MinGCClusterSize:5]]
[2019.11.21-23.25.28:704][  0]LogConfig: Setting CVar [[gc.ActorClusteringEnabled:0]]
[2019.11.21-23.25.28:704][  0]LogConfig: Setting CVar [[gc.BlueprintClusteringEnabled:0]]
[2019.11.21-23.25.28:704][  0]LogConfig: Setting CVar [[gc.UseDisregardForGCOnDedicatedServers:0]]
[2019.11.21-23.25.28:704][  0]LogConfig: Applying CVar settings from Section [/Script/Engine.NetworkSettings] File [C:/Users/TheK-B1000/Desktop/The K-B Folder/Unreal/repos/Section 3/BuildingEscape/Saved/Config/Windows/Engine.ini]
[2019.11.21-23.25.28:704][  0]LogConfig: Applying CVar settings from Section [/Script/UnrealEd.CookerSettings] File [C:/Users/TheK-B1000/Desktop/The K-B Folder/Unreal/repos/Section 3/BuildingEscape/Saved/Config/Windows/Engine.ini]
[2019.11.21-23.25.28:790][  0]LogConfig: Applying CVar settings from Section [ViewDistanceQuality@3] File [C:/Users/TheK-B1000/Desktop/The K-B Folder/Unreal/repos/Section 3/BuildingEscape/Saved/Config/Windows/Scalability.ini]
[2019.11.21-23.25.28:790][  0]LogConfig: Setting CVar [[r.SkeletalMeshLODBias:0]]
[2019.11.21-23.25.28:790][  0]LogConfig: Setting CVar [[r.ViewDistanceScale:1.0]]
[2019.11.21-23.25.28:790][  0]LogConfig: Applying CVar settings from Section [AntiAliasingQuality@3] File [C:/Users/TheK-B1000/Desktop/The K-B Folder/Unreal/repos/Section 3/BuildingEscape/Saved/Config/Windows/Scalability.ini]
[2019.11.21-23.25.28:790][  0]LogConfig: Setting CVar [[r.PostProcessAAQuality:4]]
[2019.11.21-23.25.28:790][  0]LogConfig: Applying CVar settings from Section [ShadowQuality@3] File [C:/Users/TheK-B1000/Desktop/The K-B Folder/Unreal/repos/Section 3/BuildingEscape/Saved/Config/Windows/Scalability.ini]
[2019.11.21-23.25.28:790][  0]LogConfig: Setting CVar [[r.LightFunctionQuality:1]]
[2019.11.21-23.25.28:790][  0]LogConfig: Setting CVar [[r.ShadowQuality:5]]
[2019.11.21-23.25.28:790][  0]LogConfig: Setting CVar [[r.Shadow.CSM.MaxCascades:10]]
[2019.11.21-23.25.28:790][  0]LogConfig: Setting CVar [[r.Shadow.MaxResolution:2048]]
[2019.11.21-23.25.28:790][  0]LogConfig: Setting CVar [[r.Shadow.MaxCSMResolution:2048]]
[2019.11.21-23.25.28:790][  0]LogConfig: Setting CVar [[r.Shadow.RadiusThreshold:0.01]]
[2019.11.21-23.25.28:790][  0]LogConfig: Setting CVar [[r.Shadow.DistanceScale:1.0]]
[2019.11.21-23.25.28:790][  0]LogConfig: Setting CVar [[r.Shadow.CSM.TransitionScale:1.0]]
[2019.11.21-23.25.28:790][  0]LogConfig: Setting CVar [[r.Shadow.PreShadowResolutionFactor:1.0]]
[2019.11.21-23.25.28:790][  0]LogConfig: Setting CVar [[r.DistanceFieldShadowing:1]]
[2019.11.21-23.25.28:790][  0]LogConfig: Setting CVar [[r.DistanceFieldAO:1]]
[2019.11.21-23.25.28:790][  0]LogConfig: Setting CVar [[r.AOQuality:2]]
[2019.11.21-23.25.28:790][  0]LogConfig: Setting CVar [[r.VolumetricFog:1]]
[2019.11.21-23.25.28:790][  0]LogConfig: Setting CVar [[r.VolumetricFog.GridPixelSize:8]]
[2019.11.21-23.25.28:790][  0]LogConfig: Setting CVar [[r.VolumetricFog.GridSizeZ:128]]
[2019.11.21-23.25.28:790][  0]LogConfig: Setting CVar [[r.VolumetricFog.HistoryMissSupersampleCount:4]]
[2019.11.21-23.25.28:790][  0]LogConfig: Setting CVar [[r.LightMaxDrawDistanceScale:1]]
[2019.11.21-23.25.28:790][  0]LogConfig: Setting CVar [[r.CapsuleShadows:1]]
[2019.11.21-23.25.28:790][  0]LogConfig: Applying CVar settings from Section [PostProcessQuality@3] File [C:/Users/TheK-B1000/Desktop/The K-B Folder/Unreal/repos/Section 3/BuildingEscape/Saved/Config/Windows/Scalability.ini]
[2019.11.21-23.25.28:790][  0]LogConfig: Setting CVar [[r.MotionBlurQuality:4]]
[2019.11.21-23.25.28:790][  0]LogConfig: Setting CVar [[r.AmbientOcclusionMipLevelFactor:0.4]]
[2019.11.21-23.25.28:790][  0]LogConfig: Setting CVar [[r.AmbientOcclusionMaxQuality:100]]
[2019.11.21-23.25.28:790][  0]LogConfig: Setting CVar [[r.AmbientOcclusionLevels:-1]]
[2019.11.21-23.25.28:791][  0]LogConfig: Setting CVar [[r.AmbientOcclusionRadiusScale:1.0]]
[2019.11.21-23.25.28:791][  0]LogConfig: Setting CVar [[r.DepthOfFieldQuality:2]]
[2019.11.21-23.25.28:791][  0]LogConfig: Setting CVar [[r.RenderTargetPoolMin:400]]
[2019.11.21-23.25.28:791][  0]LogConfig: Setting CVar [[r.LensFlareQuality:2]]
[2019.11.21-23.25.28:791][  0]LogConfig: Setting CVar [[r.SceneColorFringeQuality:1]]
[2019.11.21-23.25.28:791][  0]LogConfig: Setting CVar [[r.EyeAdaptationQuality:2]]
[2019.11.21-23.25.28:791][  0]LogConfig: Setting CVar [[r.BloomQuality:5]]
[2019.11.21-23.25.28:791][  0]LogConfig: Setting CVar [[r.FastBlurThreshold:100]]
[2019.11.21-23.25.28:791][  0]LogConfig: Setting CVar [[r.Upscale.Quality:3]]
[2019.11.21-23.25.28:791][  0]LogConfig: Setting CVar [[r.Tonemapper.GrainQuantization:1]]
[2019.11.21-23.25.28:791][  0]LogConfig: Setting CVar [[r.LightShaftQuality:1]]
[2019.11.21-23.25.28:791][  0]LogConfig: Setting CVar [[r.Filter.SizeScale:1]]
[2019.11.21-23.25.28:791][  0]LogConfig: Setting CVar [[r.Tonemapper.Quality:5]]
[2019.11.21-23.25.28:791][  0]LogConfig: Setting CVar [[r.DOF.Gather.AccumulatorQuality:1        ; higher gathering accumulator quality]]
[2019.11.21-23.25.28:791][  0]LogConfig: Setting CVar [[r.DOF.Gather.PostfilterMethod:1          ; Median3x3 postfilering method]]
[2019.11.21-23.25.28:791][  0]LogConfig: Setting CVar [[r.DOF.Gather.EnableBokehSettings:0       ; no bokeh simulation when gathering]]
[2019.11.21-23.25.28:791][  0]LogConfig: Setting CVar [[r.DOF.Gather.RingCount:4                 ; medium number of samples when gathering]]
[2019.11.21-23.25.28:791][  0]LogConfig: Setting CVar [[r.DOF.Scatter.ForegroundCompositing:1    ; additive foreground scattering]]
[2019.11.21-23.25.28:791][  0]LogConfig: Setting CVar [[r.DOF.Scatter.BackgroundCompositing:2    ; additive background scattering]]
[2019.11.21-23.25.28:791][  0]LogConfig: Setting CVar [[r.DOF.Scatter.EnableBokehSettings:1      ; bokeh simulation when scattering]]
[2019.11.21-23.25.28:791][  0]LogConfig: Setting CVar [[r.DOF.Scatter.MaxSpriteRatio:0.1         ; only a maximum of 10% of scattered bokeh]]
[2019.11.21-23.25.28:791][  0]LogConfig: Setting CVar [[r.DOF.Recombine.Quality:1                ; cheap slight out of focus]]
[2019.11.21-23.25.28:791][  0]LogConfig: Setting CVar [[r.DOF.Recombine.EnableBokehSettings:0    ; no bokeh simulation on slight out of focus]]
[2019.11.21-23.25.28:791][  0]LogConfig: Setting CVar [[r.DOF.TemporalAAQuality:1                ; more stable temporal accumulation]]
[2019.11.21-23.25.28:791][  0]LogConfig: Setting CVar [[r.DOF.Kernel.MaxForegroundRadius:0.025]]
[2019.11.21-23.25.28:791][  0]LogConfig: Setting CVar [[r.DOF.Kernel.MaxBackgroundRadius:0.025]]
[2019.11.21-23.25.28:791][  0]LogConfig: Applying CVar settings from Section [TextureQuality@3] File [C:/Users/TheK-B1000/Desktop/The K-B Folder/Unreal/repos/Section 3/BuildingEscape/Saved/Config/Windows/Scalability.ini]
[2019.11.21-23.25.28:791][  0]LogConfig: Setting CVar [[r.Streaming.MipBias:0]]
[2019.11.21-23.25.28:791][  0]LogConfig: Setting CVar [[r.Streaming.AmortizeCPUToGPUCopy:0]]
[2019.11.21-23.25.28:791][  0]LogConfig: Setting CVar [[r.Streaming.MaxNumTexturesToStreamPerFrame:0]]
[2019.11.21-23.25.28:791][  0]LogConfig: Setting CVar [[r.Streaming.Boost:1]]
[2019.11.21-23.25.28:791][  0]LogConfig: Setting CVar [[r.MaxAnisotropy:8]]
[2019.11.21-23.25.28:791][  0]LogConfig: Setting CVar [[r.Streaming.LimitPoolSizeToVRAM:0]]
[2019.11.21-23.25.28:791][  0]LogConfig: Setting CVar [[r.Streaming.PoolSize:1000]]
[2019.11.21-23.25.28:791][  0]LogConfig: Setting CVar [[r.Streaming.MaxEffectiveScreenSize:0]]
[2019.11.21-23.25.28:791][  0]LogConfig: Applying CVar settings from Section [EffectsQuality@3] File [C:/Users/TheK-B1000/Desktop/The K-B Folder/Unreal/repos/Section 3/BuildingEscape/Saved/Config/Windows/Scalability.ini]
[2019.11.21-23.25.28:791][  0]LogConfig: Setting CVar [[r.TranslucencyLightingVolumeDim:64]]
[2019.11.21-23.25.28:791][  0]LogConfig: Setting CVar [[r.RefractionQuality:2]]
[2019.11.21-23.25.28:791][  0]LogConfig: Setting CVar [[r.SSR.Quality:3]]
[2019.11.21-23.25.28:791][  0]LogConfig: Setting CVar [[r.SceneColorFormat:4]]
[2019.11.21-23.25.28:791][  0]LogConfig: Setting CVar [[r.DetailMode:2]]
[2019.11.21-23.25.28:791][  0]LogConfig: Setting CVar [[r.TranslucencyVolumeBlur:1]]
[2019.11.21-23.25.28:791][  0]LogConfig: Setting CVar [[r.MaterialQualityLevel:1 ; High quality]]
[2019.11.21-23.25.28:791][  0]LogConfig: Setting CVar [[r.SSS.Scale:1]]
[2019.11.21-23.25.28:792][  0]LogConfig: Setting CVar [[r.SSS.SampleSet:2]]
[2019.11.21-23.25.28:792][  0]LogConfig: Setting CVar [[r.SSS.Quality:1]]
[2019.11.21-23.25.28:792][  0]LogConfig: Setting CVar [[r.SSS.HalfRes:1]]
[2019.11.21-23.25.28:792][  0]LogConfig: Setting CVar [[r.EmitterSpawnRateScale:1.0]]
[2019.11.21-23.25.28:792][  0]LogConfig: Setting CVar [[r.ParticleLightQuality:2]]
[2019.11.21-23.25.28:792][  0]LogConfig: Applying CVar settings from Section [FoliageQuality@3] File [C:/Users/TheK-B1000/Desktop/The K-B Folder/Unreal/repos/Section 3/BuildingEscape/Saved/Config/Windows/Scalability.ini]
[2019.11.21-23.25.28:792][  0]LogConfig: Setting CVar [[foliage.DensityScale:1.0]]
[2019.11.21-23.25.28:792][  0]LogConfig: Setting CVar [[grass.DensityScale:1.0]]
[2019.11.21-23.25.28:792][  0]LogInit: Selected Device Profile: [Windows]
[2019.11.21-23.25.28:793][  0]LogInit: Applying CVar settings loaded from the selected device profile: [Windows]
[2019.11.21-23.25.28:802][  0]LogHAL: Display: Platform has ~ 8 GB [8462237696 / 8589934592 / 8], which maps to Default [LargestMinGB=32, LargerMinGB=12, DefaultMinGB=8, SmallerMinGB=6, SmallestMinGB=0)
[2019.11.21-23.25.28:802][  0]LogInit: Going up to parent DeviceProfile []
[2019.11.21-23.25.28:803][  0]LogConfig: Applying CVar settings from Section [ViewDistanceQuality@3] File [C:/Users/TheK-B1000/Desktop/The K-B Folder/Unreal/repos/Section 3/BuildingEscape/Saved/Config/Windows/Scalability.ini]
[2019.11.21-23.25.28:803][  0]LogConfig: Setting CVar [[r.SkeletalMeshLODBias:0]]
[2019.11.21-23.25.28:803][  0]LogConfig: Setting CVar [[r.ViewDistanceScale:1.0]]
[2019.11.21-23.25.28:803][  0]LogConfig: Applying CVar settings from Section [AntiAliasingQuality@3] File [C:/Users/TheK-B1000/Desktop/The K-B Folder/Unreal/repos/Section 3/BuildingEscape/Saved/Config/Windows/Scalability.ini]
[2019.11.21-23.25.28:803][  0]LogConfig: Setting CVar [[r.PostProcessAAQuality:4]]
[2019.11.21-23.25.28:803][  0]LogConfig: Applying CVar settings from Section [ShadowQuality@3] File [C:/Users/TheK-B1000/Desktop/The K-B Folder/Unreal/repos/Section 3/BuildingEscape/Saved/Config/Windows/Scalability.ini]
[2019.11.21-23.25.28:803][  0]LogConfig: Setting CVar [[r.LightFunctionQuality:1]]
[2019.11.21-23.25.28:803][  0]LogConfig: Setting CVar [[r.ShadowQuality:5]]
[2019.11.21-23.25.28:803][  0]LogConfig: Setting CVar [[r.Shadow.CSM.MaxCascades:10]]
[2019.11.21-23.25.28:803][  0]LogConfig: Setting CVar [[r.Shadow.MaxResolution:2048]]
[2019.11.21-23.25.28:803][  0]LogConfig: Setting CVar [[r.Shadow.MaxCSMResolution:2048]]
[2019.11.21-23.25.28:803][  0]LogConfig: Setting CVar [[r.Shadow.RadiusThreshold:0.01]]
[2019.11.21-23.25.28:803][  0]LogConfig: Setting CVar [[r.Shadow.DistanceScale:1.0]]
[2019.11.21-23.25.28:803][  0]LogConfig: Setting CVar [[r.Shadow.CSM.TransitionScale:1.0]]
[2019.11.21-23.25.28:803][  0]LogConfig: Setting CVar [[r.Shadow.PreShadowResolutionFactor:1.0]]
[2019.11.21-23.25.28:803][  0]LogConfig: Setting CVar [[r.DistanceFieldShadowing:1]]
[2019.11.21-23.25.28:803][  0]LogConfig: Setting CVar [[r.DistanceFieldAO:1]]
[2019.11.21-23.25.28:803][  0]LogConfig: Setting CVar [[r.AOQuality:2]]
[2019.11.21-23.25.28:803][  0]LogConfig: Setting CVar [[r.VolumetricFog:1]]
[2019.11.21-23.25.28:803][  0]LogConfig: Setting CVar [[r.VolumetricFog.GridPixelSize:8]]
[2019.11.21-23.25.28:803][  0]LogConfig: Setting CVar [[r.VolumetricFog.GridSizeZ:128]]
[2019.11.21-23.25.28:803][  0]LogConfig: Setting CVar [[r.VolumetricFog.HistoryMissSupersampleCount:4]]
[2019.11.21-23.25.28:803][  0]LogConfig: Setting CVar [[r.LightMaxDrawDistanceScale:1]]
[2019.11.21-23.25.28:803][  0]LogConfig: Setting CVar [[r.CapsuleShadows:1]]
[2019.11.21-23.25.28:803][  0]LogConfig: Applying CVar settings from Section [PostProcessQuality@3] File [C:/Users/TheK-B1000/Desktop/The K-B Folder/Unreal/repos/Section 3/BuildingEscape/Saved/Config/Windows/Scalability.ini]
[2019.11.21-23.25.28:803][  0]LogConfig: Setting CVar [[r.MotionBlurQuality:4]]
[2019.11.21-23.25.28:803][  0]LogConfig: Setting CVar [[r.AmbientOcclusionMipLevelFactor:0.4]]
[2019.11.21-23.25.28:803][  0]LogConfig: Setting CVar [[r.AmbientOcclusionMaxQuality:100]]
[2019.11.21-23.25.28:803][  0]LogConfig: Setting CVar [[r.AmbientOcclusionLevels:-1]]
[2019.11.21-23.25.28:803][  0]LogConfig: Setting CVar [[r.AmbientOcclusionRadiusScale:1.0]]
[2019.11.21-23.25.28:803][  0]LogConfig: Setting CVar [[r.DepthOfFieldQuality:2]]
[2019.11.21-23.25.28:804][  0]LogConfig: Setting CVar [[r.RenderTargetPoolMin:400]]
[2019.11.21-23.25.28:804][  0]LogConfig: Setting CVar [[r.LensFlareQuality:2]]
[2019.11.21-23.25.28:804][  0]LogConfig: Setting CVar [[r.SceneColorFringeQuality:1]]
[2019.11.21-23.25.28:804][  0]LogConfig: Setting CVar [[r.EyeAdaptationQuality:2]]
[2019.11.21-23.25.28:804][  0]LogConfig: Setting CVar [[r.BloomQuality:5]]
[2019.11.21-23.25.28:804][  0]LogConfig: Setting CVar [[r.FastBlurThreshold:100]]
[2019.11.21-23.25.28:804][  0]LogConfig: Setting CVar [[r.Upscale.Quality:3]]
[2019.11.21-23.25.28:804][  0]LogConfig: Setting CVar [[r.Tonemapper.GrainQuantization:1]]
[2019.11.21-23.25.28:804][  0]LogConfig: Setting CVar [[r.LightShaftQuality:1]]
[2019.11.21-23.25.28:804][  0]LogConfig: Setting CVar [[r.Filter.SizeScale:1]]
[2019.11.21-23.25.28:804][  0]LogConfig: Setting CVar [[r.Tonemapper.Quality:5]]
[2019.11.21-23.25.28:804][  0]LogConfig: Setting CVar [[r.DOF.Gather.AccumulatorQuality:1        ; higher gathering accumulator quality]]
[2019.11.21-23.25.28:804][  0]LogConfig: Setting CVar [[r.DOF.Gather.PostfilterMethod:1          ; Median3x3 postfilering method]]
[2019.11.21-23.25.28:804][  0]LogConfig: Setting CVar [[r.DOF.Gather.EnableBokehSettings:0       ; no bokeh simulation when gathering]]
[2019.11.21-23.25.28:804][  0]LogConfig: Setting CVar [[r.DOF.Gather.RingCount:4                 ; medium number of samples when gathering]]
[2019.11.21-23.25.28:804][  0]LogConfig: Setting CVar [[r.DOF.Scatter.ForegroundCompositing:1    ; additive foreground scattering]]
[2019.11.21-23.25.28:804][  0]LogConfig: Setting CVar [[r.DOF.Scatter.BackgroundCompositing:2    ; additive background scattering]]
[2019.11.21-23.25.28:804][  0]LogConfig: Setting CVar [[r.DOF.Scatter.EnableBokehSettings:1      ; bokeh simulation when scattering]]
[2019.11.21-23.25.28:804][  0]LogConfig: Setting CVar [[r.DOF.Scatter.MaxSpriteRatio:0.1         ; only a maximum of 10% of scattered bokeh]]
[2019.11.21-23.25.28:804][  0]LogConfig: Setting CVar [[r.DOF.Recombine.Quality:1                ; cheap slight out of focus]]
[2019.11.21-23.25.28:804][  0]LogConfig: Setting CVar [[r.DOF.Recombine.EnableBokehSettings:0    ; no bokeh simulation on slight out of focus]]
[2019.11.21-23.25.28:804][  0]LogConfig: Setting CVar [[r.DOF.TemporalAAQuality:1                ; more stable temporal accumulation]]
[2019.11.21-23.25.28:804][  0]LogConfig: Setting CVar [[r.DOF.Kernel.MaxForegroundRadius:0.025]]
[2019.11.21-23.25.28:804][  0]LogConfig: Setting CVar [[r.DOF.Kernel.MaxBackgroundRadius:0.025]]
[2019.11.21-23.25.28:804][  0]LogConfig: Applying CVar settings from Section [TextureQuality@3] File [C:/Users/TheK-B1000/Desktop/The K-B Folder/Unreal/repos/Section 3/BuildingEscape/Saved/Config/Windows/Scalability.ini]
[2019.11.21-23.25.28:804][  0]LogConfig: Setting CVar [[r.Streaming.MipBias:0]]
[2019.11.21-23.25.28:804][  0]LogConfig: Setting CVar [[r.Streaming.AmortizeCPUToGPUCopy:0]]
[2019.11.21-23.25.28:804][  0]LogConfig: Setting CVar [[r.Streaming.MaxNumTexturesToStreamPerFrame:0]]
[2019.11.21-23.25.28:804][  0]LogConfig: Setting CVar [[r.Streaming.Boost:1]]
[2019.11.21-23.25.28:804][  0]LogConfig: Setting CVar [[r.MaxAnisotropy:8]]
[2019.11.21-23.25.28:804][  0]LogConfig: Setting CVar [[r.Streaming.LimitPoolSizeToVRAM:0]]
[2019.11.21-23.25.28:804][  0]LogConfig: Setting CVar [[r.Streaming.PoolSize:1000]]
[2019.11.21-23.25.28:804][  0]LogConfig: Setting CVar [[r.Streaming.MaxEffectiveScreenSize:0]]
[2019.11.21-23.25.28:804][  0]LogConfig: Applying CVar settings from Section [EffectsQuality@3] File [C:/Users/TheK-B1000/Desktop/The K-B Folder/Unreal/repos/Section 3/BuildingEscape/Saved/Config/Windows/Scalability.ini]
[2019.11.21-23.25.28:804][  0]LogConfig: Setting CVar [[r.TranslucencyLightingVolumeDim:64]]
[2019.11.21-23.25.28:804][  0]LogConfig: Setting CVar [[r.RefractionQuality:2]]
[2019.11.21-23.25.28:804][  0]LogConfig: Setting CVar [[r.SSR.Quality:3]]
[2019.11.21-23.25.28:804][  0]LogConfig: Setting CVar [[r.SceneColorFormat:4]]
[2019.11.21-23.25.28:804][  0]LogConfig: Setting CVar [[r.DetailMode:2]]
[2019.11.21-23.25.28:804][  0]LogConfig: Setting CVar [[r.TranslucencyVolumeBlur:1]]
[2019.11.21-23.25.28:804][  0]LogConfig: Setting CVar [[r.MaterialQualityLevel:1 ; High quality]]
[2019.11.21-23.25.28:804][  0]LogConfig: Setting CVar [[r.SSS.Scale:1]]
[2019.11.21-23.25.28:804][  0]LogConfig: Setting CVar [[r.SSS.SampleSet:2]]
[2019.11.21-23.25.28:804][  0]LogConfig: Setting CVar [[r.SSS.Quality:1]]
[2019.11.21-23.25.28:804][  0]LogConfig: Setting CVar [[r.SSS.HalfRes:1]]
[2019.11.21-23.25.28:804][  0]LogConfig: Setting CVar [[r.EmitterSpawnRateScale:1.0]]
[2019.11.21-23.25.28:804][  0]LogConfig: Setting CVar [[r.ParticleLightQuality:2]]
[2019.11.21-23.25.28:804][  0]LogConfig: Applying CVar settings from Section [FoliageQuality@3] File [C:/Users/TheK-B1000/Desktop/The K-B Folder/Unreal/repos/Section 3/BuildingEscape/Saved/Config/Windows/Scalability.ini]
[2019.11.21-23.25.28:804][  0]LogConfig: Setting CVar [[foliage.DensityScale:1.0]]
[2019.11.21-23.25.28:804][  0]LogConfig: Setting CVar [[grass.DensityScale:1.0]]
[2019.11.21-23.25.28:805][  0]LogConfig: Applying CVar settings from Section [Startup] File [../../../Engine/Config/ConsoleVariables.ini]
[2019.11.21-23.25.28:805][  0]LogConfig: Setting CVar [[net.UseAdaptiveNetUpdateFrequency:0]]
[2019.11.21-23.25.28:805][  0]LogConfig: Setting CVar [[p.chaos.AllowCreatePhysxBodies:1]]
[2019.11.21-23.25.28:805][  0]LogConfig: Applying CVar settings from Section [ConsoleVariables] File [C:/Users/TheK-B1000/Desktop/The K-B Folder/Unreal/repos/Section 3/BuildingEscape/Saved/Config/Windows/Engine.ini]
[2019.11.21-23.25.28:807][  0]LogInit: Computer: LAPTOP-7TARG8CR
[2019.11.21-23.25.28:807][  0]LogInit: User: TheKB1000
[2019.11.21-23.25.28:807][  0]LogInit: CPU Page size=4096, Cores=4
[2019.11.21-23.25.28:807][  0]LogInit: High frequency timer resolution =10.000000 MHz
[2019.11.21-23.25.28:807][  0]LogMemory: Memory total: Physical=7.9GB (8GB approx)
[2019.11.21-23.25.28:808][  0]LogMemory: Platform Memory Stats for Windows
[2019.11.21-23.25.28:808][  0]LogMemory: Process Physical Memory: 99.93 MB used, 99.93 MB peak
[2019.11.21-23.25.28:808][  0]LogMemory: Process Virtual Memory: 88.33 MB used, 88.33 MB peak
[2019.11.21-23.25.28:808][  0]LogMemory: Physical Memory: 6821.69 MB used,  1248.53 MB free, 8070.22 MB total
[2019.11.21-23.25.28:808][  0]LogMemory: Virtual Memory: 4644.42 MB used,  134213080.00 MB free, 134217728.00 MB total
[2019.11.21-23.25.28:834][  0]LogWindows: WindowsPlatformFeatures enabled
[2019.11.21-23.25.29:416][  0]LogInit: Using OS detected language (en-US).
[2019.11.21-23.25.29:416][  0]LogInit: Using OS detected locale (en-US).
[2019.11.21-23.25.29:422][  0]LogTextLocalizationManager: No specific localization for 'en-US' exists, so the 'en' localization will be used.
[2019.11.21-23.25.30:070][  0]LogInit: Setting process to per monitor DPI aware
[2019.11.21-23.25.30:238][  0]LogSlate: New Slate User Created.  User Index 0, Is Virtual User: 0
[2019.11.21-23.25.30:238][  0]LogSlate: Slate User Registered.  User Index 0, Is Virtual User: 0
[2019.11.21-23.25.31:042][  0]LogHMD: Failed to initialize OpenVR with code 110
[2019.11.21-23.25.31:042][  0]LogD3D11RHI: D3D11 adapters:
[2019.11.21-23.25.31:385][  0]LogD3D11RHI:    0. 'NVIDIA GeForce GTX 960M' (Feature Level 11_0)
[2019.11.21-23.25.31:385][  0]LogD3D11RHI:       4055/0/4035 MB DedicatedVideo/DedicatedSystem/SharedSystem, Outputs:1, VendorId:0x10de
[2019.11.21-23.25.31:427][  0]LogD3D11RHI:    1. 'Intel(R) HD Graphics 530' (Feature Level 11_0)
[2019.11.21-23.25.31:427][  0]LogD3D11RHI:       128/0/4035 MB DedicatedVideo/DedicatedSystem/SharedSystem, Outputs:0, VendorId:0x8086
[2019.11.21-23.25.31:440][  0]LogD3D11RHI:    2. 'Microsoft Basic Render Driver' (Feature Level 11_0)
[2019.11.21-23.25.31:440][  0]LogD3D11RHI:       0/0/4035 MB DedicatedVideo/DedicatedSystem/SharedSystem, Outputs:0, VendorId:0x1414
[2019.11.21-23.25.31:440][  0]LogD3D11RHI: Chosen D3D11 Adapter: 0
[2019.11.21-23.25.31:567][  0]LogD3D11RHI: Creating new Direct3DDevice
[2019.11.21-23.25.31:567][  0]LogD3D11RHI:     GPU DeviceId: 0x139b (for the marketing name, search the web for "GPU Device Id")
[2019.11.21-23.25.31:567][  0]LogWindows: EnumDisplayDevices:
[2019.11.21-23.25.31:567][  0]LogWindows:    0. 'Intel(R) HD Graphics 530' (P:1 D:1)
[2019.11.21-23.25.31:569][  0]LogWindows:    1. 'Intel(R) HD Graphics 530' (P:0 D:0)
[2019.11.21-23.25.31:569][  0]LogWindows:    2. 'Intel(R) HD Graphics 530' (P:0 D:0)
[2019.11.21-23.25.31:569][  0]LogWindows: DebugString: PrimaryIsNotTheChoosenAdapter PrimaryIsNotTheChoosenAdapter PrimaryIsNotTheChoosenAdapter FoundDriverCount:0 
[2019.11.21-23.25.31:569][  0]LogD3D11RHI:     Adapter Name: NVIDIA GeForce GTX 960M
[2019.11.21-23.25.31:570][  0]LogD3D11RHI:   Driver Version: Unknown (internal:Unknown, unified:Unknown)
[2019.11.21-23.25.31:570][  0]LogD3D11RHI:      Driver Date: Unknown
[2019.11.21-23.25.31:570][  0]LogRHI: Texture pool is 2839 MB (70% of 4055 MB)
[2019.11.21-23.25.31:723][  0]LogD3D11RHI: Async texture creation enabled
[2019.11.21-23.25.31:782][  0]LogD3D11RHI: GPU Timing Frequency: 1000.000000 (Debug: 2 2)
[2019.11.21-23.25.34:757][  0]LogTemp: Display: Module 'AllDesktopTargetPlatform' loaded TargetPlatform 'AllDesktop'
[2019.11.21-23.25.34:783][  0]LogTemp: Display: Module 'MacClientTargetPlatform' loaded TargetPlatform 'MacClient'
[2019.11.21-23.25.34:810][  0]LogTemp: Display: Module 'MacNoEditorTargetPlatform' loaded TargetPlatform 'MacNoEditor'
[2019.11.21-23.25.34:834][  0]LogTemp: Display: Module 'MacServerTargetPlatform' loaded TargetPlatform 'MacServer'
[2019.11.21-23.25.34:860][  0]LogTemp: Display: Module 'MacTargetPlatform' loaded TargetPlatform 'Mac'
[2019.11.21-23.25.34:885][  0]LogTemp: Display: Module 'WindowsClientTargetPlatform' loaded TargetPlatform 'WindowsClient'
[2019.11.21-23.25.34:921][  0]LogTemp: Display: Module 'WindowsNoEditorTargetPlatform' loaded TargetPlatform 'WindowsNoEditor'
[2019.11.21-23.25.34:960][  0]LogTemp: Display: Module 'WindowsServerTargetPlatform' loaded TargetPlatform 'WindowsServer'
[2019.11.21-23.25.34:983][  0]LogTemp: Display: Module 'WindowsTargetPlatform' loaded TargetPlatform 'Windows'
[2019.11.21-23.25.35:073][  0]LogTemp: Display: Module 'AndroidTargetPlatform' loaded TargetPlatform 'Android'
[2019.11.21-23.25.35:073][  0]LogTemp: Display: Module 'AndroidTargetPlatform' loaded TargetPlatform 'Android_ASTC'
[2019.11.21-23.25.35:073][  0]LogTemp: Display: Module 'AndroidTargetPlatform' loaded TargetPlatform 'Android_ATC'
[2019.11.21-23.25.35:073][  0]LogTemp: Display: Module 'AndroidTargetPlatform' loaded TargetPlatform 'Android_DXT'
[2019.11.21-23.25.35:073][  0]LogTemp: Display: Module 'AndroidTargetPlatform' loaded TargetPlatform 'Android_ETC1'
[2019.11.21-23.25.35:073][  0]LogTemp: Display: Module 'AndroidTargetPlatform' loaded TargetPlatform 'Android_ETC1a'
[2019.11.21-23.25.35:073][  0]LogTemp: Display: Module 'AndroidTargetPlatform' loaded TargetPlatform 'Android_ETC2'
[2019.11.21-23.25.35:074][  0]LogTemp: Display: Module 'AndroidTargetPlatform' loaded TargetPlatform 'Android_PVRTC'
[2019.11.21-23.25.35:074][  0]LogTemp: Display: Module 'AndroidTargetPlatform' loaded TargetPlatform 'AndroidClient'
[2019.11.21-23.25.35:074][  0]LogTemp: Display: Module 'AndroidTargetPlatform' loaded TargetPlatform 'Android_ASTCClient'
[2019.11.21-23.25.35:074][  0]LogTemp: Display: Module 'AndroidTargetPlatform' loaded TargetPlatform 'Android_ATCClient'
[2019.11.21-23.25.35:074][  0]LogTemp: Display: Module 'AndroidTargetPlatform' loaded TargetPlatform 'Android_DXTClient'
[2019.11.21-23.25.35:074][  0]LogTemp: Display: Module 'AndroidTargetPlatform' loaded TargetPlatform 'Android_ETC1Client'
[2019.11.21-23.25.35:074][  0]LogTemp: Display: Module 'AndroidTargetPlatform' loaded TargetPlatform 'Android_ETC1aClient'
[2019.11.21-23.25.35:074][  0]LogTemp: Display: Module 'AndroidTargetPlatform' loaded TargetPlatform 'Android_ETC2Client'
[2019.11.21-23.25.35:075][  0]LogTemp: Display: Module 'AndroidTargetPlatform' loaded TargetPlatform 'Android_PVRTCClient'
[2019.11.21-23.25.35:075][  0]LogTemp: Display: Module 'AndroidTargetPlatform' loaded TargetPlatform 'Android_Multi'
[2019.11.21-23.25.35:075][  0]LogTemp: Display: Module 'AndroidTargetPlatform' loaded TargetPlatform 'Android_MultiClient'
[2019.11.21-23.25.35:084][  0]LogTemp: Display: Module 'HTML5TargetPlatform' loaded TargetPlatform 'HTML5'
[2019.11.21-23.25.35:161][  0]LogTemp: Display: Module 'IOSTargetPlatform' loaded TargetPlatform 'IOSClient'
[2019.11.21-23.25.35:161][  0]LogTemp: Display: Module 'IOSTargetPlatform' loaded TargetPlatform 'IOS'
[2019.11.21-23.25.35:193][  0]LogTemp: Display: Module 'TVOSTargetPlatform' loaded TargetPlatform 'TVOSClient'
[2019.11.21-23.25.35:193][  0]LogTemp: Display: Module 'TVOSTargetPlatform' loaded TargetPlatform 'TVOS'
[2019.11.21-23.25.35:213][  0]LogTemp: Display: Module 'LinuxClientTargetPlatform' loaded TargetPlatform 'LinuxClient'
[2019.11.21-23.25.35:235][  0]LogTemp: Display: Module 'LinuxNoEditorTargetPlatform' loaded TargetPlatform 'LinuxNoEditor'
[2019.11.21-23.25.35:266][  0]LogTemp: Display: Module 'LinuxServerTargetPlatform' loaded TargetPlatform 'LinuxServer'
[2019.11.21-23.25.35:289][  0]LogTemp: Display: Module 'LinuxTargetPlatform' loaded TargetPlatform 'Linux'
[2019.11.21-23.25.35:362][  0]LogTemp: Display: Module 'LuminTargetPlatform' loaded TargetPlatform 'Lumin'
[2019.11.21-23.25.35:362][  0]LogTemp: Display: Module 'LuminTargetPlatform' loaded TargetPlatform 'LuminClient'
[2019.11.21-23.25.35:362][  0]LogTargetPlatformManager: Display: Building Assets For Windows
[2019.11.21-23.25.35:481][  0]LogAudioDebug: Display: Lib vorbis DLL was dynamically loaded.
[2019.11.21-23.25.35:985][  0]LogShaderCompilers: Guid format shader working directory is -45 characters bigger than the processId version (../../../../../../Users/TheK-B1000/Desktop/The K-B Folder/Unreal/repos/Section 3/BuildingEscape/Intermediate/Shaders/WorkingDirectory/46524/).
[2019.11.21-23.25.35:985][  0]LogShaderCompilers: Cleaned the shader compiler working directory 'C:/Users/TheK-B1000/AppData/Local/Temp/UnrealShaderWorkingDir/49E3DAEF4F3D68FAA7CEF6B4761ACA5B/'.
[2019.11.21-23.25.35:994][  0]LogXGEController: Cannot use XGE Controller as Incredibuild is not installed on this machine.
[2019.11.21-23.25.35:994][  0]LogShaderCompilers: Cannot use XGE Shader Compiler as Incredibuild is not installed on this machine.
[2019.11.21-23.25.35:994][  0]LogShaderCompilers: Display: Using Local Shader Compiler.
[2019.11.21-23.25.37:646][  0]LogDerivedDataCache: Display: Max Cache Size: 512 MB
[2019.11.21-23.25.38:264][  0]LogDerivedDataCache: Loaded boot cache 0.62s 81MB C:/Users/TheK-B1000/AppData/Local/UnrealEngine/4.23/DerivedDataCache/Boot.ddc.
[2019.11.21-23.25.38:264][  0]LogDerivedDataCache: Display: Loaded Boot cache: C:/Users/TheK-B1000/AppData/Local/UnrealEngine/4.23/DerivedDataCache/Boot.ddc
[2019.11.21-23.25.38:265][  0]LogDerivedDataCache: FDerivedDataBackendGraph:  Pak pak cache file ../../../../../../Users/TheK-B1000/Desktop/The K-B Folder/Unreal/repos/Section 3/BuildingEscape/DerivedDataCache/DDC.ddp not found, will not use a pak cache.
[2019.11.21-23.25.38:265][  0]LogDerivedDataCache: Unable to find inner node Pak for hierarchical cache Hierarchy.
[2019.11.21-23.25.38:265][  0]LogDerivedDataCache: FDerivedDataBackendGraph:  CompressedPak pak cache file ../../../../../../Users/TheK-B1000/Desktop/The K-B Folder/Unreal/repos/Section 3/BuildingEscape/DerivedDataCache/Compressed.ddp not found, will not use a pak cache.
[2019.11.21-23.25.38:265][  0]LogDerivedDataCache: Unable to find inner node CompressedPak for hierarchical cache Hierarchy.
[2019.11.21-23.25.38:289][  0]LogDerivedDataCache: Display: Pak cache opened for reading ../../../Engine/DerivedDataCache/Compressed.ddp.
[2019.11.21-23.25.38:297][  0]LogDerivedDataCache: Display: Pak cache opened for reading ../../../Enterprise/DerivedDataCache/Compressed.ddp.
[2019.11.21-23.25.38:301][  0]LogDerivedDataCache: Using Local data cache path C:/Users/TheK-B1000/AppData/Local/UnrealEngine/Common/DerivedDataCache: Writable
[2019.11.21-23.25.38:302][  0]LogDerivedDataCache: Shared data cache path not found in *engine.ini, will not use an Shared cache.
[2019.11.21-23.25.38:302][  0]LogDerivedDataCache: Unable to find inner node Shared for hierarchical cache Hierarchy.
[2019.11.21-23.25.38:346][  0]LogMaterial: Verifying Global Shaders for PCD3D_SM5
[2019.11.21-23.25.38:352][  0]LogSlate: Using FreeType 2.6.0
[2019.11.21-23.25.38:356][  0]LogSlate: SlateFontServices - WITH_FREETYPE: 1, WITH_HARFBUZZ: 1
[2019.11.21-23.25.38:697][  0]LogAssetRegistry: FAssetRegistry took 0.0346 seconds to start up
[2019.11.21-23.25.39:637][  0]LogInit: Selected Device Profile: [Windows]
[2019.11.21-23.25.40:231][  0]LogMeshReduction: Using QuadricMeshReduction for automatic static mesh reduction
[2019.11.21-23.25.40:231][  0]LogMeshReduction: Using SimplygonMeshReduction for automatic skeletal mesh reduction
[2019.11.21-23.25.40:231][  0]LogMeshReduction: Using ProxyLODMeshReduction for automatic mesh merging
[2019.11.21-23.25.40:231][  0]LogMeshReduction: No distributed automatic mesh merging module available
[2019.11.21-23.25.40:232][  0]LogMeshMerging: No distributed automatic mesh merging module available
[2019.11.21-23.25.40:298][  0]LogNetVersion: BuildingEscape 1.0.0, NetCL: 8386587, EngineNetVer: 11, GameNetVer: 0 (Checksum: 1610626118)
[2019.11.21-23.25.41:564][  0]LogPackageLocalizationCache: Processed 18 localized package path(s) for 1 prioritized culture(s) in 0.124713 seconds
[2019.11.21-23.25.41:574][  0]LogUObjectArray: 43444 objects as part of root set at end of initial load.
[2019.11.21-23.25.41:574][  0]LogUObjectAllocator: 7548648 out of 0 bytes used by permanent object pool.
[2019.11.21-23.25.41:574][  0]LogUObjectArray: CloseDisregardForGC: 0/0 objects in disregard for GC pool
[2019.11.21-23.25.46:668][  0]LogTcpMessaging: Initializing TcpMessaging bridge
[2019.11.21-23.25.46:789][  0]LogUdpMessaging: Initializing bridge on interface 0.0.0.0:0 to multicast group 230.0.0.1:6666.
[2019.11.21-23.25.48:397][  0]SourceControl: Source control is disabled
[2019.11.21-23.25.48:398][  0]SourceControl: Source control is disabled
[2019.11.21-23.25.48:444][  0]SourceControl: Source control is disabled
[2019.11.21-23.25.48:463][  0]SourceControl: Source control is disabled
[2019.11.21-23.25.49:733][  0]LogAndroidPermission: UAndroidPermissionCallbackProxy::GetInstance
[2019.11.21-23.25.50:491][  0]LogOcInput: OculusInput pre-init called
[2019.11.21-23.25.50:532][  0]LogWindows: Failed to load 'OVRPlugin.dll' (GetLastError=126)
[2019.11.21-23.25.50:532][  0]LogWindows: File 'OVRPlugin.dll' does not exist
[2019.11.21-23.25.56:146][  0]LogEngine: Initializing Engine...
[2019.11.21-23.25.56:152][  0]LogHMD: Failed to initialize OpenVR with code 110
[2019.11.21-23.25.56:157][  0]LogStats: UGameplayTagsManager::InitializeManager -  0.002 s
[2019.11.21-23.25.56:566][  0]LogInit: Initializing FReadOnlyCVARCache
[2019.11.21-23.25.56:844][  0]LogAIModule: Creating AISystem for world Untitled
[2019.11.21-23.25.56:982][  0]LogInit: XAudio2 using 'Speakers (Yeti Stereo Microphone)' : 2 channels at 48 kHz using 16 bits per sample (channel mask 0x3)
[2019.11.21-23.25.57:175][  0]LogInit: FAudioDevice initialized.
[2019.11.21-23.25.57:184][  0]LogNetVersion: Set ProjectVersion to 1.0.0.0. Version Checksum will be recalculated on next use.
[2019.11.21-23.25.57:493][  0]LogDerivedDataCache: Saved boot cache 0.31s 74MB C:/Users/TheK-B1000/AppData/Local/UnrealEngine/4.23/DerivedDataCache/Boot.ddc.
[2019.11.21-23.25.57:495][  0]LogInit: Texture streaming: Enabled
[2019.11.21-23.25.57:576][  0]LogEngineSessionManager: EngineSessionManager initialized
[2019.11.21-23.25.57:791][  0]LogInit: Transaction tracking system initialized
[2019.11.21-23.25.58:099][  0]BlueprintLog: New page: Editor Load
[2019.11.21-23.25.58:583][  0]LocalizationService: Localization service is disabled
[2019.11.21-23.25.58:906][  0]LogLinker: Warning: Failed to load '/Game/CloseCombat/CloseCombat_Greeting_Tutorial': Can't find file.
[2019.11.21-23.25.58:907][  0]LogLinker: Warning: Failed to load '/Game/CloseCombat/CloseCombat_Greeting_Tutorial': Can't find file.
[2019.11.21-23.25.58:907][  0]LogUObjectGlobals: Warning: Failed to find object 'Class /Game/CloseCombat/CloseCombat_Greeting_Tutorial.CloseCombat_Greeting_Tutorial_C'
[2019.11.21-23.25.59:496][  0]LogFileCache: Scanning file cache for directory 'C:/Users/TheK-B1000/Desktop/The K-B Folder/Unreal/repos/Section 3/BuildingEscape/Content/' took 0.00s
[2019.11.21-23.25.59:497][  0]LogCook: Display: Max memory allowance for cook 16384mb min free memory 0mb
[2019.11.21-23.25.59:497][  0]LogCook: Display: Mobile HDR setting 1
[2019.11.21-23.26.02:521][  0]SourceControl: Source control is disabled
[2019.11.21-23.26.02:525][  0]Cmd: MAP LOAD FILE="../../../Engine/Content/Maps/Templates/Template_Default.umap" TEMPLATE=1 SHOWPROGRESS=1 FEATURELEVEL=3
[2019.11.21-23.26.02:528][  0]LightingResults: New page: Lighting Build
[2019.11.21-23.26.02:553][  0]LogWorld: UWorld::CleanupWorld for Untitled, bSessionEnded=true, bCleanupResources=true
[2019.11.21-23.26.02:553][  0]MapCheck: New page: Map Check
[2019.11.21-23.26.02:554][  0]LightingResults: New page: Lighting Build
[2019.11.21-23.26.02:853][  0]LogUObjectHash: Compacting FUObjectHashTables data took   3.63ms
[2019.11.21-23.26.03:213][  0]LogAIModule: Creating AISystem for world Untitled_1
[2019.11.21-23.26.03:278][  0]LogEditorServer: Finished looking for orphan Actors (0.000 secs)
[2019.11.21-23.26.04:845][  0]LogUObjectHash: Compacting FUObjectHashTables data took   3.09ms
[2019.11.21-23.26.04:846][  0]Cmd: MAP CHECKDEP NOCLEARLOG
[2019.11.21-23.26.04:847][  0]MapCheck: Map check complete: 0 Error(s), 0 Warning(s), took 1.122ms to complete.
[2019.11.21-23.26.04:847][  0]LogFileHelpers: Loading map 'Template_Default' took 2.324
[2019.11.21-23.26.05:280][  0]LogSlate: Updating window title bar state: overlay mode, drag disabled, window buttons hidden, title bar hidden
[2019.11.21-23.26.05:295][  0]LogSlate: Updating window title bar state: overlay mode, drag disabled, window buttons hidden, title bar hidden
[2019.11.21-23.26.05:305][  0]LogSlate: Updating window title bar state: overlay mode, drag disabled, window buttons hidden, title bar hidden
[2019.11.21-23.26.05:316][  0]LogSlate: Updating window title bar state: overlay mode, drag disabled, window buttons hidden, title bar hidden
[2019.11.21-23.26.05:361][  0]LogCollectionManager: Loaded 0 collections in 0.003455 seconds
[2019.11.21-23.26.05:543][  0]LogFileCache: Scanning file cache for directory 'C:/Users/TheK-B1000/Desktop/The K-B Folder/Unreal/repos/Section 3/BuildingEscape/Saved/Collections/' took 0.00s
[2019.11.21-23.26.05:543][  0]LogFileCache: Scanning file cache for directory 'C:/Users/TheK-B1000/Desktop/The K-B Folder/Unreal/repos/Section 3/BuildingEscape/Content/Developers/TheKB1000/Collections/' took 0.01s
[2019.11.21-23.26.05:543][  0]LogFileCache: Scanning file cache for directory 'C:/Users/TheK-B1000/Desktop/The K-B Folder/Unreal/repos/Section 3/BuildingEscape/Content/Collections/' took 0.02s
[2019.11.21-23.26.05:543][  0]LogCollectionManager: Rebuilt the GUID cache for 0 collections in 0.000007 seconds
[2019.11.21-23.26.05:560][  0]LogContentBrowser: Native class hierarchy populated in 0.0147 seconds. Added 3046 classes and 767 folders.
[2019.11.21-23.26.05:588][  0]LogContentBrowser: Native class hierarchy updated for 'WidgetCarousel' in 0.0005 seconds. Added 0 classes and 0 folders.
[2019.11.21-23.26.05:829][  0]LogContentBrowser: Native class hierarchy updated for 'AddContentDialog' in 0.0007 seconds. Added 0 classes and 0 folders.
[2019.11.21-23.26.05:851][  0]LogContentBrowser: Native class hierarchy updated for 'SceneOutliner' in 0.0006 seconds. Added 1 classes and 0 folders.
[2019.11.21-23.26.06:140][  0]LogSlate: Took 0.001845 seconds to synchronously load lazily loaded font '../../../Engine/Content/Slate/Fonts/Roboto-Regular.ttf' (155K)
[2019.11.21-23.26.06:146][  0]LogSlate: Took 0.001239 seconds to synchronously load lazily loaded font '../../../Engine/Content/Slate/Fonts/Roboto-Bold.ttf' (160K)
[2019.11.21-23.26.06:162][  0]LogSlate: Took 0.001158 seconds to synchronously load lazily loaded font '../../../Engine/Content/Editor/Slate/Fonts/FontAwesome.ttf' (139K)
[2019.11.21-23.26.06:295][  0]LogRenderer: Reallocating scene render targets to support 1004x488 Format 10 NumSamples 1 (Frame:1).
[2019.11.21-23.26.07:643][  0]LogContentBrowser: Native class hierarchy updated for 'HierarchicalLODOutliner' in 0.0083 seconds. Added 0 classes and 0 folders.
[2019.11.21-23.26.07:652][  0]LogLoad: (Engine Initialization) Total time: 47.43 seconds
[2019.11.21-23.26.07:652][  0]LogLoad: (Engine Initialization) Total Blueprint compile time: 0.00 seconds
[2019.11.21-23.26.07:802][  0]LogContentStreaming: Texture pool size now 1000 MB
[2019.11.21-23.26.08:665][  3]LogAssetRegistry: Asset discovery search completed in 29.9991 seconds
[2019.11.21-23.26.08:682][  3]LogCollectionManager: Rebuilt the object cache for 0 collections in 0.000008 seconds (found 0 objects)
[2019.11.21-23.26.08:682][  3]LogCollectionManager: Fixed up redirectors for 0 collections in 0.000331 seconds (updated 0 objects)
[2019.11.21-23.28.31:380][153]LogSlate: FSceneViewport::OnFocusLost() reason 0
[2019.11.21-23.31.22:607][769]LogUObjectHash: Compacting FUObjectHashTables data took  54.38ms
[2019.11.21-23.31.22:739][769]LogSlate: Window 'BuildingEscape - Unreal Editor' being destroyed
[2019.11.21-23.31.22:803][769]LogWindowsTextInputMethodSystem: Display: IME system now deactivated.
[2019.11.21-23.31.27:034][770]Cmd: QUIT_EDITOR
[2019.11.21-23.31.28:146][770]LogExit: Preparing to exit.
[2019.11.21-23.31.30:838][770]LogDemo: Cleaned up 0 splitscreen connections with owner deletion
[2019.11.21-23.31.31:022][770]LogWorld: UWorld::CleanupWorld for None, bSessionEnded=true, bCleanupResources=true
[2019.11.21-23.31.31:042][770]LogExit: Editor shut down
[2019.11.21-23.31.31:047][770]LogExit: Transaction tracking system shut down
[2019.11.21-23.31.40:324][770]LogExit: Object subsystem successfully closed.
[2019.11.21-23.31.42:241][770]LogShaderCompilers: Display: Shaders left to compile 0
[2019.11.21-23.31.43:728][770]LogModuleManager: Shutting down and abandoning module HierarchicalLODOutliner (732)
[2019.11.21-23.31.43:728][770]LogModuleManager: Shutting down and abandoning module SceneOutliner (730)
[2019.11.21-23.31.43:729][770]LogModuleManager: Shutting down and abandoning module AddContentDialog (728)
[2019.11.21-23.31.43:794][770]LogModuleManager: Shutting down and abandoning module WidgetCarousel (727)
[2019.11.21-23.31.43:794][770]LogModuleManager: Shutting down and abandoning module EditorWidgets (724)
[2019.11.21-23.31.43:794][770]LogModuleManager: Shutting down and abandoning module CollectionManager (722)
[2019.11.21-23.31.43:796][770]LogModuleManager: Shutting down and abandoning module HierarchicalLODUtilities (720)
[2019.11.21-23.31.43:796][770]LogModuleManager: Shutting down and abandoning module StatsViewer (718)
[2019.11.21-23.31.43:802][770]LogModuleManager: Shutting down and abandoning module VirtualTexturingEditor (716)
[2019.11.21-23.31.43:812][770]LogModuleManager: Shutting down and abandoning module FoliageEdit (714)
[2019.11.21-23.31.43:813][770]LogModuleManager: Shutting down and abandoning module LandscapeEditor (712)
[2019.11.21-23.31.43:837][770]LogModuleManager: Shutting down and abandoning module MeshPaintMode (710)
[2019.11.21-23.31.43:837][770]LogModuleManager: Shutting down and abandoning module SceneDepthPickerMode (708)
[2019.11.21-23.31.43:837][770]LogModuleManager: Shutting down and abandoning module ActorPickerMode (706)
[2019.11.21-23.31.43:837][770]LogModuleManager: Shutting down and abandoning module GeometryMode (704)
[2019.11.21-23.31.43:839][770]LogModuleManager: Shutting down and abandoning module TextureAlignMode (702)
[2019.11.21-23.31.43:839][770]LogModuleManager: Shutting down and abandoning module BspMode (700)
[2019.11.21-23.31.43:839][770]LogModuleManager: Shutting down and abandoning module PIEPreviewDeviceProfileSelector (698)
[2019.11.21-23.31.43:843][770]LogModuleManager: Shutting down and abandoning module SequenceRecorderSections (696)
[2019.11.21-23.31.43:845][770]LogModuleManager: Shutting down and abandoning module AutomationWorker (694)
[2019.11.21-23.31.43:846][770]LogModuleManager: Shutting down and abandoning module DatasmithFBXImporter (692)
[2019.11.21-23.31.43:846][770]LogModuleManager: Shutting down and abandoning module DatasmithDeltaGenImporter (690)
[2019.11.21-23.31.43:855][770]LogModuleManager: Shutting down and abandoning module DatasmithVREDImporter (688)
[2019.11.21-23.31.43:855][770]LogModuleManager: Shutting down and abandoning module OculusMR (686)
[2019.11.21-23.31.43:855][770]LogModuleManager: Shutting down and abandoning module AudioCaptureEditor (684)
[2019.11.21-23.31.43:859][770]LogModuleManager: Shutting down and abandoning module MatineeToLevelSequence (682)
[2019.11.21-23.31.43:863][770]LogModuleManager: Shutting down and abandoning module LevelSequenceEditor (680)
[2019.11.21-23.31.43:879][770]LogModuleManager: Shutting down and abandoning module PlacementMode (679)
[2019.11.21-23.31.43:879][770]LogModuleManager: Shutting down and abandoning module MaterialEditor (678)
[2019.11.21-23.31.43:895][770]LogModuleManager: Shutting down and abandoning module ActorSequenceEditor (674)
[2019.11.21-23.31.43:913][770]LogModuleManager: Shutting down and abandoning module WmfMediaFactory (672)
[2019.11.21-23.31.43:913][770]LogModuleManager: Shutting down and abandoning module WmfMediaEditor (670)
[2019.11.21-23.31.43:913][770]LogModuleManager: Shutting down and abandoning module WebMMediaFactory (668)
[2019.11.21-23.31.43:924][770]LogModuleManager: Shutting down and abandoning module WebMMediaEditor (666)
[2019.11.21-23.31.43:924][770]LogModuleManager: Shutting down and abandoning module WebMMedia (664)
[2019.11.21-23.31.43:942][770]LogModuleManager: Shutting down and abandoning module MediaPlayerEditor (662)
[2019.11.21-23.31.43:975][770]LogModuleManager: Shutting down and abandoning module MediaCompositingEditor (660)
[2019.11.21-23.31.44:013][770]LogModuleManager: Shutting down and abandoning module SequenceRecorder (659)
[2019.11.21-23.31.44:019][770]LogModuleManager: Shutting down and abandoning module OpenExrWrapper (656)
[2019.11.21-23.31.44:019][770]LogModuleManager: Shutting down and abandoning module ImgMediaFactory (654)
[2019.11.21-23.31.44:019][770]LogModuleManager: Shutting down and abandoning module ImgMediaEditor (652)
[2019.11.21-23.31.44:019][770]LogModuleManager: Shutting down and abandoning module AvfMediaFactory (650)
[2019.11.21-23.31.44:019][770]LogModuleManager: Shutting down and abandoning module AvfMediaEditor (648)
[2019.11.21-23.31.44:019][770]LogModuleManager: Shutting down and abandoning module AndroidMediaFactory (646)
[2019.11.21-23.31.44:019][770]LogModuleManager: Shutting down and abandoning module AndroidMediaEditor (644)
[2019.11.21-23.31.44:019][770]LogModuleManager: Shutting down and abandoning module MagicLeapCameraPreviewFactory (642)
[2019.11.21-23.31.44:019][770]LogModuleManager: Shutting down and abandoning module MagicLeapMediaCodecFactory (640)
[2019.11.21-23.31.44:019][770]LogModuleManager: Shutting down and abandoning module MagicLeapMediaFactory (638)
[2019.11.21-23.31.44:019][770]LogModuleManager: Shutting down and abandoning module MagicLeapMediaEditor (636)
[2019.11.21-23.31.44:019][770]LogModuleManager: Shutting down and abandoning module CharacterAI (634)
[2019.11.21-23.31.44:019][770]LogModuleManager: Shutting down and abandoning module SmartSnapping (632)
[2019.11.21-23.31.44:021][770]LogModuleManager: Shutting down and abandoning module SessionServices (630)
[2019.11.21-23.31.44:021][770]LogModuleManager: Shutting down and abandoning module MeshPaint (628)
[2019.11.21-23.31.44:023][770]LogModuleManager: Shutting down and abandoning module ViewportSnapping (626)
[2019.11.21-23.31.44:023][770]LogModuleManager: Shutting down and abandoning module ViewportInteraction (624)
[2019.11.21-23.31.44:023][770]LogModuleManager: Shutting down and abandoning module ClothPainter (622)
[2019.11.21-23.31.44:042][770]LogModuleManager: Shutting down and abandoning module SkeletalMeshEditor (621)
[2019.11.21-23.31.44:054][770]LogModuleManager: Shutting down and abandoning module LogVisualizer (618)
[2019.11.21-23.31.44:059][770]LogModuleManager: Shutting down and abandoning module IntroTutorials (616)
[2019.11.21-23.31.44:070][770]LogModuleManager: Shutting down and abandoning module GameProjectGeneration (615)
[2019.11.21-23.31.44:073][770]LogModuleManager: Shutting down and abandoning module LuminPlatformEditor (612)
[2019.11.21-23.31.44:074][770]LogModuleManager: Shutting down and abandoning module IOSPlatformEditor (610)
[2019.11.21-23.31.44:076][770]LogModuleManager: Shutting down and abandoning module HTML5PlatformEditor (608)
[2019.11.21-23.31.44:078][770]LogModuleManager: Shutting down and abandoning module AndroidPlatformEditor (606)
[2019.11.21-23.31.44:078][770]LogModuleManager: Shutting down and abandoning module AndroidDeviceDetection (605)
[2019.11.21-23.31.44:276][770]LogModuleManager: Shutting down and abandoning module WindowsPlatformEditor (602)
[2019.11.21-23.31.44:276][770]LogModuleManager: Shutting down and abandoning module LuminRuntimeSettings (600)
[2019.11.21-23.31.44:276][770]LogModuleManager: Shutting down and abandoning module IOSRuntimeSettings (598)
[2019.11.21-23.31.44:277][770]LogModuleManager: Shutting down and abandoning module AndroidRuntimeSettings (596)
[2019.11.21-23.31.44:277][770]LogModuleManager: Shutting down and abandoning module TimeManagementEditor (594)
[2019.11.21-23.31.44:277][770]LogModuleManager: Shutting down and abandoning module InputBindingEditor (592)
[2019.11.21-23.31.44:278][770]LogModuleManager: Shutting down and abandoning module MergeActors (590)
[2019.11.21-23.31.44:288][770]LogModuleManager: Shutting down and abandoning module LocalizationDashboard (588)
[2019.11.21-23.31.44:293][770]LogModuleManager: Shutting down and abandoning module LocalizationService (587)
[2019.11.21-23.31.44:294][770]LogModuleManager: Shutting down and abandoning module HardwareTargeting (584)
[2019.11.21-23.31.44:294][770]LogModuleManager: Shutting down and abandoning module DeviceProfileEditor (582)
[2019.11.21-23.31.44:298][770]LogModuleManager: Shutting down and abandoning module UndoHistory (580)
[2019.11.21-23.31.44:305][770]LogModuleManager: Shutting down and abandoning module XmlParser (578)
[2019.11.21-23.31.44:305][770]LogModuleManager: Shutting down and abandoning module Blutility (576)
[2019.11.21-23.31.44:306][770]LogModuleManager: Shutting down and abandoning module ProjectSettingsViewer (574)
[2019.11.21-23.31.44:307][770]LogModuleManager: Shutting down and abandoning module ProjectTargetPlatformEditor (573)
[2019.11.21-23.31.44:308][770]LogModuleManager: Shutting down and abandoning module EditorSettingsViewer (570)
[2019.11.21-23.31.44:308][770]LogModuleManager: Shutting down and abandoning module SettingsEditor (568)
[2019.11.21-23.31.44:320][770]LogModuleManager: Shutting down and abandoning module ProjectLauncher (566)
[2019.11.21-23.31.44:322][770]LogModuleManager: Shutting down and abandoning module SessionFrontend (564)
[2019.11.21-23.31.44:323][770]LogModuleManager: Shutting down and abandoning module ProfilerClient (562)
[2019.11.21-23.31.44:324][770]LogModuleManager: Shutting down and abandoning module DeviceManager (560)
[2019.11.21-23.31.44:325][770]LogModuleManager: Shutting down and abandoning module TargetDeviceServices (559)
[2019.11.21-23.31.44:408][770]LogModuleManager: Shutting down and abandoning module AutomationController (556)
[2019.11.21-23.31.44:410][770]LogModuleManager: Shutting down and abandoning module AutomationWindow (554)
[2019.11.21-23.31.44:412][770]LogModuleManager: Shutting down and abandoning module Layers (552)
[2019.11.21-23.31.44:424][770]LogModuleManager: Shutting down and abandoning module ComponentVisualizers (550)
[2019.11.21-23.31.44:424][770]LogModuleManager: Shutting down and abandoning module DetailCustomizations (548)
[2019.11.21-23.31.44:426][770]LogModuleManager: Shutting down and abandoning module PackagesDialog (546)
[2019.11.21-23.31.44:440][770]LogModuleManager: Shutting down and abandoning module AnimationBlueprintEditor (544)
[2019.11.21-23.31.44:447][770]LogModuleManager: Shutting down and abandoning module Persona (542)
[2019.11.21-23.31.44:477][770]LogModuleManager: Shutting down and abandoning module AnimGraph (541)
[2019.11.21-23.31.44:479][770]LogModuleManager: Shutting down and abandoning module Kismet (538)
[2019.11.21-23.31.44:508][770]LogModuleManager: Shutting down and abandoning module KismetWidgets (537)
[2019.11.21-23.31.44:509][770]LogModuleManager: Shutting down and abandoning module GraphEditor (534)
[2019.11.21-23.31.44:523][770]LogModuleManager: Shutting down and abandoning module StructViewer (532)
[2019.11.21-23.31.44:524][770]LogModuleManager: Shutting down and abandoning module ClassViewer (530)
[2019.11.21-23.31.44:527][770]LogModuleManager: Shutting down and abandoning module Toolbox (528)
[2019.11.21-23.31.44:536][770]LogModuleManager: Shutting down and abandoning module DesktopPlatform (527)
[2019.11.21-23.31.44:537][770]LogModuleManager: Shutting down and abandoning module ModuleUI (524)
[2019.11.21-23.31.44:538][770]LogModuleManager: Shutting down and abandoning module MovieSceneTools (522)
[2019.11.21-23.31.44:544][770]LogModuleManager: Shutting down and abandoning module OutputLog (520)
[2019.11.21-23.31.44:545][770]LogModuleManager: Shutting down and abandoning module GammaUI (518)
[2019.11.21-23.31.44:546][770]LogModuleManager: Shutting down and abandoning module Documentation (516)
[2019.11.21-23.31.44:546][770]LogModuleManager: Shutting down and abandoning module LiveCoding (514)
[2019.11.21-23.31.44:554][770]LogModuleManager: Shutting down and abandoning module LevelSequence (512)
[2019.11.21-23.31.44:554][770]LogModuleManager: Shutting down and abandoning module MovieSceneTracks (510)
[2019.11.21-23.31.44:556][770]LogModuleManager: Shutting down and abandoning module MovieScene (508)
[2019.11.21-23.31.44:562][770]LogModuleManager: Shutting down and abandoning module StreamingPauseRendering (506)
[2019.11.21-23.31.44:572][770]LogModuleManager: Shutting down and abandoning module LauncherPlatform (504)
[2019.11.21-23.31.44:572][770]LogModuleManager: Shutting down and abandoning module AnalyticsET (502)
[2019.11.21-23.31.44:572][770]LogModuleManager: Shutting down and abandoning module PortalServices (500)
[2019.11.21-23.31.44:572][770]LogModuleManager: Shutting down and abandoning module PortalRpc (498)
[2019.11.21-23.31.44:572][770]LogModuleManager: Shutting down and abandoning module MessagingRpc (496)
[2019.11.21-23.31.44:572][770]LogModuleManager: Shutting down and abandoning module AIModule (494)
[2019.11.21-23.31.44:573][770]LogModuleManager: Shutting down and abandoning module GameplayDebugger (493)
[2019.11.21-23.31.44:574][770]LogModuleManager: Shutting down and abandoning module AITestSuite (491)
[2019.11.21-23.31.44:574][770]LogModuleManager: Shutting down and abandoning module NavigationSystem (489)
[2019.11.21-23.31.44:574][770]LogModuleManager: Shutting down and abandoning module ImageWriteQueue (486)
[2019.11.21-23.31.44:598][770]LogModuleManager: Shutting down and abandoning module ProfilerService (484)
[2019.11.21-23.31.44:645][770]LogModuleManager: Shutting down and abandoning module TaskGraph (482)
[2019.11.21-23.31.44:647][770]LogModuleManager: Shutting down and abandoning module DatasmithCADTranslator (480)
[2019.11.21-23.31.44:660][770]LogModuleManager: Shutting down and abandoning module DatasmithC4DImporter (478)
[2019.11.21-23.31.44:661][770]LogModuleManager: Shutting down and abandoning module VariantManager (476)
[2019.11.21-23.31.44:676][770]LogModuleManager: Shutting down and abandoning module StaticMeshEditorExtension (474)
[2019.11.21-23.31.44:728][770]LogModuleManager: Shutting down and abandoning module MeshProcessingLibrary (473)
[2019.11.21-23.31.44:737][770]LogModuleManager: Shutting down and abandoning module MDLImporter (470)
[2019.11.21-23.31.44:744][770]LogModuleManager: Shutting down and abandoning module DatasmithCoreTechExtension (468)
[2019.11.21-23.31.44:744][770]LogModuleManager: Shutting down and abandoning module StaticMeshEditor (467)
[2019.11.21-23.31.44:756][770]LogModuleManager: Shutting down and abandoning module AdvancedPreviewScene (466)
[2019.11.21-23.31.44:756][770]LogModuleManager: Shutting down and abandoning module DatasmithOpenNurbsTranslator (462)
[2019.11.21-23.31.44:759][770]LogModuleManager: Shutting down and abandoning module DatasmithNativeTranslator (460)
[2019.11.21-23.31.44:759][770]LogModuleManager: Shutting down and abandoning module DatasmithIFCImporter (458)
[2019.11.21-23.31.44:762][770]LogModuleManager: Shutting down and abandoning module DatasmithGLTFImporter (456)
[2019.11.21-23.31.44:773][770]LogModuleManager: Shutting down and abandoning module DatasmithImporter (455)
[2019.11.21-23.31.44:804][770]LogModuleManager: Shutting down and abandoning module ScreenshotTools (452)
[2019.11.21-23.31.44:804][770]LogModuleManager: Shutting down and abandoning module SteamVRController (450)
[2019.11.21-23.31.44:804][770]LogModuleManager: Shutting down and abandoning module ProceduralMeshComponentEditor (448)
[2019.11.21-23.31.44:805][770]LogModuleManager: Shutting down and abandoning module ProceduralMeshComponent (446)
[2019.11.21-23.31.44:805][770]LogModuleManager: Shutting down and abandoning module OculusEditor (444)
[2019.11.21-23.31.44:805][770]LogModuleManager: Shutting down and abandoning module OculusInput (442)
[2019.11.21-23.31.44:806][770]LogModuleManager: Shutting down and abandoning module MobilePatchingUtils (440)
[2019.11.21-23.31.44:806][770]LogModuleManager: Shutting down and abandoning module EditableMesh (438)
[2019.11.21-23.31.44:806][770]LogModuleManager: Shutting down and abandoning module CustomMeshComponent (436)
[2019.11.21-23.31.44:806][770]LogModuleManager: Shutting down and abandoning module CableComponent (434)
[2019.11.21-23.31.44:806][770]LogModuleManager: Shutting down and abandoning module AudioCapture (432)
[2019.11.21-23.31.44:806][770]LogModuleManager: Shutting down and abandoning module ArchVisCharacter (430)
[2019.11.21-23.31.44:806][770]LogModuleManager: Shutting down and abandoning module AppleImageUtilsBlueprintSupport (428)
[2019.11.21-23.31.44:806][770]LogModuleManager: Shutting down and abandoning module AppleImageUtils (426)
[2019.11.21-23.31.44:806][770]LogModuleManager: Shutting down and abandoning module AndroidPermission (424)
[2019.11.21-23.31.44:806][770]LogModuleManager: Shutting down and abandoning module NUTUnrealEngine4 (422)
[2019.11.21-23.31.44:807][770]LogModuleManager: Shutting down and abandoning module NetcodeUnitTest (420)
[2019.11.21-23.31.44:822][770]LogModuleManager: Shutting down and abandoning module MediaCompositing (418)
[2019.11.21-23.31.44:822][770]LogModuleManager: Shutting down and abandoning module ImgMedia (416)
[2019.11.21-23.31.44:823][770]LogModuleManager: Shutting down and abandoning module MagicLeapHelperVulkan (414)
[2019.11.21-23.31.44:824][770]LogModuleManager: Shutting down and abandoning module MagicLeapHelperOpenGL (412)
[2019.11.21-23.31.44:824][770]LogModuleManager: Shutting down and abandoning module MagicLeapAudio (410)
[2019.11.21-23.31.44:824][770]LogModuleManager: Shutting down and abandoning module HTML5Networking (408)
[2019.11.21-23.31.44:824][770]LogModuleManager: Shutting down and abandoning module GeometryCollectionTracks (406)
[2019.11.21-23.31.44:824][770]LogModuleManager: Shutting down and abandoning module GeometryCollectionSequencer (405)
[2019.11.21-23.31.44:824][770]LogModuleManager: Shutting down and abandoning module GeometryCollectionEditor (402)
[2019.11.21-23.31.44:824][770]LogModuleManager: Shutting down and abandoning module GeometryCollectionExampleCore (400)
[2019.11.21-23.31.44:826][770]LogModuleManager: Shutting down and abandoning module GeometryCacheTracks (398)
[2019.11.21-23.31.44:826][770]LogModuleManager: Shutting down and abandoning module GeometryCacheSequencer (396)
[2019.11.21-23.31.44:826][770]LogModuleManager: Shutting down and abandoning module DataprepLibraries (394)
[2019.11.21-23.31.44:827][770]LogModuleManager: Shutting down and abandoning module DataprepCore (392)
[2019.11.21-23.31.44:827][770]LogModuleManager: Shutting down and abandoning module DataprepEditor (390)
[2019.11.21-23.31.44:846][770]LogModuleManager: Shutting down and abandoning module ChaosSolverEditor (388)
[2019.11.21-23.31.44:854][770]LogModuleManager: Shutting down and abandoning module BlastCore (386)
[2019.11.21-23.31.44:854][770]LogModuleManager: Shutting down and abandoning module BlastAuthoring (384)
[2019.11.21-23.31.44:854][770]LogModuleManager: Shutting down and abandoning module BackChannel (382)
[2019.11.21-23.31.44:857][770]LogModuleManager: Shutting down and abandoning module AutomationUtilsEditor (380)
[2019.11.21-23.31.44:857][770]LogModuleManager: Shutting down and abandoning module AutomationUtils (378)
[2019.11.21-23.31.44:857][770]LogModuleManager: Shutting down and abandoning module AlembicImporter (376)
[2019.11.21-23.31.44:858][770]LogModuleManager: Shutting down and abandoning module AlembicLibrary (375)
[2019.11.21-23.31.44:858][770]LogModuleManager: Shutting down and abandoning module GeometryCache (374)
[2019.11.21-23.31.44:858][770]LogModuleManager: Shutting down and abandoning module GeometryCacheEd (373)
[2019.11.21-23.31.44:858][770]LogModuleManager: Shutting down and abandoning module VariantManagerContent (368)
[2019.11.21-23.31.44:858][770]LogModuleManager: Shutting down and abandoning module DatasmithContentEditor (366)
[2019.11.21-23.31.44:859][770]LogModuleManager: Shutting down and abandoning module SpeedTreeImporter (364)
[2019.11.21-23.31.44:859][770]LogModuleManager: Shutting down and abandoning module PluginBrowser (362)
[2019.11.21-23.31.44:875][770]LogModuleManager: Shutting down and abandoning module MobileLauncherProfileWizard (360)
[2019.11.21-23.31.44:877][770]LogModuleManager: Shutting down and abandoning module PolygonModeling (358)
[2019.11.21-23.31.44:877][770]LogModuleManager: Shutting down and abandoning module MeshEditor (356)
[2019.11.21-23.31.44:878][770]LogModuleManager: Shutting down and abandoning module MaterialAnalyzer (354)
[2019.11.21-23.31.44:889][770]LogModuleManager: Shutting down and abandoning module GLTFImporter (352)
[2019.11.21-23.31.44:892][770]LogModuleManager: Shutting down and abandoning module EditorScriptingUtilities (350)
[2019.11.21-23.31.44:893][770]LogModuleManager: Shutting down and abandoning module CurveEditorTools (348)
[2019.11.21-23.31.44:895][770]LogModuleManager: Shutting down and abandoning module CurveEditor (347)
[2019.11.21-23.31.44:909][770]LogModuleManager: Shutting down and abandoning module CryptoKeysOpenSSL (344)
[2019.11.21-23.31.44:909][770]LogModuleManager: Shutting down and abandoning module CryptoKeys (342)
[2019.11.21-23.31.44:909][770]LogModuleManager: Shutting down and abandoning module VisualStudioSourceCodeAccess (340)
[2019.11.21-23.31.44:911][770]LogModuleManager: Shutting down and abandoning module VisualStudioCodeSourceCodeAccess (338)
[2019.11.21-23.31.44:911][770]LogModuleManager: Shutting down and abandoning module UObjectPlugin (336)
[2019.11.21-23.31.44:912][770]LogModuleManager: Shutting down and abandoning module SubversionSourceControl (334)
[2019.11.21-23.31.44:945][770]LogModuleManager: Shutting down and abandoning module PerforceSourceControl (332)
[2019.11.21-23.31.44:995][770]LogModuleManager: Shutting down and abandoning module GitSourceControl (330)
[2019.11.21-23.31.45:023][770]LogModuleManager: Shutting down and abandoning module SourceControl (329)
[2019.11.21-23.31.45:043][770]LogModuleManager: Shutting down and abandoning module CLionSourceCodeAccess (326)
[2019.11.21-23.31.45:044][770]LogModuleManager: Shutting down and abandoning module AnimationSharingEd (324)
[2019.11.21-23.31.45:044][770]LogModuleManager: Shutting down and abandoning module ActorLayerUtilitiesEditor (322)
[2019.11.21-23.31.45:046][770]LogModuleManager: Shutting down and abandoning module ActorLayerUtilities (320)
[2019.11.21-23.31.45:047][770]LogModuleManager: Shutting down and abandoning module LightPropagationVolumeEditor (318)
[2019.11.21-23.31.45:047][770]LogModuleManager: Shutting down and abandoning module PaperTiledImporter (316)
[2019.11.21-23.31.45:047][770]LogModuleManager: Shutting down and abandoning module PaperSpriteSheetImporter (314)
[2019.11.21-23.31.45:047][770]LogModuleManager: Shutting down and abandoning module Paper2DEditor (312)
[2019.11.21-23.31.45:062][770]LogModuleManager: Shutting down and abandoning module BuildingEscape (310)
[2019.11.21-23.31.45:062][770]LogModuleManager: Shutting down and abandoning module SignificanceManager (308)
[2019.11.21-23.31.45:062][770]LogModuleManager: Shutting down and abandoning module RuntimePhysXCooking (306)
[2019.11.21-23.31.45:062][770]LogModuleManager: Shutting down and abandoning module PhysXVehiclesEditor (304)
[2019.11.21-23.31.45:063][770]LogModuleManager: Shutting down and abandoning module LocationServicesBPLibrary (300)
[2019.11.21-23.31.45:063][770]LogModuleManager: Shutting down and abandoning module ActorSequence (298)
[2019.11.21-23.31.45:063][770]LogModuleManager: Shutting down and abandoning module UdpMessaging (296)
[2019.11.21-23.31.45:261][770]LogModuleManager: Shutting down and abandoning module TcpMessaging (294)
[2019.11.21-23.31.45:526][770]LogModuleManager: Shutting down and abandoning module MagicLeapIdentity (292)
[2019.11.21-23.31.45:526][770]LogModuleManager: Shutting down and abandoning module MagicLeapSecureStorage (290)
[2019.11.21-23.31.45:526][770]LogModuleManager: Shutting down and abandoning module MagicLeapHandTracking (288)
[2019.11.21-23.31.45:529][770]LogModuleManager: Shutting down and abandoning module MagicLeapEyeTracker (286)
[2019.11.21-23.31.45:536][770]LogModuleManager: Shutting down and abandoning module MagicLeapController (284)
[2019.11.21-23.31.45:559][770]LogSlate: Slate User Destroyed.  User Index 0, Is Virtual User: 0
[2019.11.21-23.31.45:560][770]LogModuleManager: Shutting down and abandoning module MagicLeapAR (282)
[2019.11.21-23.31.45:560][770]LogModuleManager: Shutting down and abandoning module AugmentedReality (281)
[2019.11.21-23.31.45:560][770]LogModuleManager: Shutting down and abandoning module GameplayTagsEditor (278)
[2019.11.21-23.31.45:569][770]LogModuleManager: Shutting down and abandoning module FacialAnimationEditor (276)
[2019.11.21-23.31.45:569][770]LogModuleManager: Shutting down and abandoning module FacialAnimation (274)
[2019.11.21-23.31.45:569][770]LogModuleManager: Shutting down and abandoning module DataValidation (272)
[2019.11.21-23.31.45:569][770]LogModuleManager: Shutting down and abandoning module AssetManagerEditor (270)
[2019.11.21-23.31.45:591][770]LogModuleManager: Shutting down and abandoning module LevelEditor (269)
[2019.11.21-23.31.45:695][770]LogModuleManager: Shutting down and abandoning module PixelInspectorModule (268)
[2019.11.21-23.31.45:710][770]LogModuleManager: Shutting down and abandoning module CommonMenuExtensions (266)
[2019.11.21-23.31.45:723][770]LogModuleManager: Shutting down and abandoning module MainFrame (264)
[2019.11.21-23.31.45:739][770]LogModuleManager: Shutting down and abandoning module HotReload (263)
[2019.11.21-23.31.45:760][770]LogModuleManager: Shutting down and abandoning module ContentBrowser (259)
[2019.11.21-23.31.45:789][770]LogModuleManager: Shutting down and abandoning module TreeMap (257)
[2019.11.21-23.31.45:792][770]LogModuleManager: Shutting down and abandoning module AnimationSharing (254)
[2019.11.21-23.31.45:792][770]LogModuleManager: Shutting down and abandoning module LightPropagationVolumeRuntime (252)
[2019.11.21-23.31.45:792][770]LogModuleManager: Shutting down and abandoning module Paper2D (250)
[2019.11.21-23.31.45:793][770]LogModuleManager: Shutting down and abandoning module WindowsMoviePlayer (248)
[2019.11.21-23.31.45:827][770]LogModuleManager: Shutting down and abandoning module WebMMoviePlayer (246)
[2019.11.21-23.31.45:828][770]LogModuleManager: Shutting down and abandoning module NetworkReplayStreaming (244)
[2019.11.21-23.31.45:828][770]LogModuleManager: Shutting down and abandoning module PacketHandler (242)
[2019.11.21-23.31.45:828][770]LogModuleManager: Shutting down and abandoning module ClothingSystemEditor (240)
[2019.11.21-23.31.45:828][770]LogModuleManager: Shutting down and abandoning module ClothingSystemRuntime (238)
[2019.11.21-23.31.45:843][770]LogModuleManager: Shutting down and abandoning module MediaAssets (236)
[2019.11.21-23.31.45:843][770]LogModuleManager: Shutting down and abandoning module Overlay (234)
[2019.11.21-23.31.45:843][770]LogModuleManager: Shutting down and abandoning module OverlayEditor (233)
[2019.11.21-23.31.45:843][770]LogModuleManager: Shutting down and abandoning module VREditor (230)
[2019.11.21-23.31.45:845][770]LogModuleManager: Shutting down and abandoning module StringTableEditor (228)
[2019.11.21-23.31.45:856][770]LogModuleManager: Shutting down and abandoning module GameplayTasksEditor (226)
[2019.11.21-23.31.45:856][770]LogModuleManager: Shutting down and abandoning module BehaviorTreeEditor (224)
[2019.11.21-23.31.45:859][770]LogModuleManager: Shutting down and abandoning module FunctionalTesting (222)
[2019.11.21-23.31.45:860][770]LogModuleManager: Shutting down and abandoning module CollisionAnalyzer (220)
[2019.11.21-23.31.45:863][770]LogModuleManager: Shutting down and abandoning module WorkspaceMenuStructure (219)
[2019.11.21-23.31.45:874][770]LogModuleManager: Shutting down and abandoning module UMG (216)
[2019.11.21-23.31.45:875][770]LogModuleManager: Shutting down and abandoning module UMGEditor (215)
[2019.11.21-23.31.45:887][770]LogModuleManager: Shutting down and abandoning module Sequencer (214)
[2019.11.21-23.31.45:893][770]LogModuleManager: Shutting down and abandoning module MessageLog (211)
[2019.11.21-23.31.45:893][770]LogModuleManager: Shutting down and abandoning module SlateReflector (206)
[2019.11.21-23.31.45:908][770]LogModuleManager: Shutting down and abandoning module Slate (204)
[2019.11.21-23.31.45:909][770]LogModuleManager: Shutting down and abandoning module LandscapeEditorUtilities (202)
[2019.11.21-23.31.45:909][770]LogModuleManager: Shutting down and abandoning module EditorStyle (200)
[2019.11.21-23.31.45:938][770]LogModuleManager: Shutting down and abandoning module UnrealEd (198)
[2019.11.21-23.31.45:938][770]LogModuleManager: Shutting down and abandoning module MRMesh (196)
[2019.11.21-23.31.45:938][770]LogModuleManager: Shutting down and abandoning module SourceCodeAccess (194)
[2019.11.21-23.31.45:938][770]LogModuleManager: Shutting down and abandoning module HeadMountedDisplay (192)
[2019.11.21-23.31.45:942][770]LogModuleManager: Shutting down and abandoning module XAudio2 (190)
[2019.11.21-23.31.45:943][770]LogModuleManager: Shutting down and abandoning module Networking (188)
[2019.11.21-23.31.45:943][770]LogModuleManager: Shutting down and abandoning module Core (186)
[2019.11.21-23.31.45:943][770]LogModuleManager: Shutting down and abandoning module KismetCompiler (184)
[2019.11.21-23.31.45:943][770]LogModuleManager: Shutting down and abandoning module MeshUtilities (182)
[2019.11.21-23.31.45:957][770]LogModuleManager: Shutting down and abandoning module MeshMergeUtilities (181)
[2019.11.21-23.31.45:974][770]LogModuleManager: Shutting down and abandoning module MeshReductionInterface (180)
[2019.11.21-23.31.45:974][770]LogModuleManager: Shutting down and abandoning module SkeletalMeshReduction (179)
[2019.11.21-23.31.45:978][770]LogModuleManager: Shutting down and abandoning module ProxyLODMeshReduction (177)
[2019.11.21-23.31.45:989][770]LogModuleManager: Shutting down and abandoning module QuadricMeshReduction (175)
[2019.11.21-23.31.45:990][770]LogModuleManager: Shutting down and abandoning module MaterialBaking (171)
[2019.11.21-23.31.45:990][770]LogModuleManager: Shutting down and abandoning module NullInstallBundleManager (166)
[2019.11.21-23.31.45:990][770]LogModuleManager: Shutting down and abandoning module DerivedDataCache (164)
[2019.11.21-23.31.46:388][770]LogDerivedDataCache: Shutdown
[2019.11.21-23.31.46:388][770]LogModuleManager: Shutting down and abandoning module XGEController (162)
[2019.11.21-23.31.46:389][770]LogModuleManager: Shutting down and abandoning module TargetPlatform (160)
[2019.11.21-23.31.46:392][770]LogModuleManager: Shutting down and abandoning module VulkanShaderFormat (159)
[2019.11.21-23.31.46:393][770]LogModuleManager: Shutting down and abandoning module ShaderFormatVectorVM (157)
[2019.11.21-23.31.46:394][770]LogModuleManager: Shutting down and abandoning module ShaderFormatOpenGL (155)
[2019.11.21-23.31.46:395][770]LogModuleManager: Shutting down and abandoning module ShaderFormatD3D (153)
[2019.11.21-23.31.46:395][770]LogModuleManager: Shutting down and abandoning module MetalShaderFormat (151)
[2019.11.21-23.31.46:395][770]LogModuleManager: Shutting down and abandoning module TextureFormatUncompressed (149)
[2019.11.21-23.31.46:395][770]LogModuleManager: Shutting down and abandoning module TextureFormatPVR (147)
[2019.11.21-23.31.46:395][770]LogModuleManager: Shutting down and abandoning module TextureFormatDXT (145)
[2019.11.21-23.31.46:396][770]LogModuleManager: Shutting down and abandoning module TextureFormatIntelISPCTexComp (143)
[2019.11.21-23.31.46:406][770]LogModuleManager: Shutting down and abandoning module TextureFormatASTC (141)
[2019.11.21-23.31.46:406][770]LogModuleManager: Shutting down and abandoning module ImageWrapper (140)
[2019.11.21-23.31.46:406][770]LogModuleManager: Shutting down and abandoning module TextureFormatAndroid (137)
[2019.11.21-23.31.46:406][770]LogModuleManager: Shutting down and abandoning module AudioFormatOpus (135)
[2019.11.21-23.31.46:407][770]LogModuleManager: Shutting down and abandoning module AudioFormatOgg (133)
[2019.11.21-23.31.46:407][770]LogModuleManager: Shutting down and abandoning module AudioFormatADPCM (131)
[2019.11.21-23.31.46:407][770]LogModuleManager: Shutting down and abandoning module LuminTargetPlatform (129)
[2019.11.21-23.31.46:489][770]LogModuleManager: Shutting down and abandoning module LinuxTargetPlatform (127)
[2019.11.21-23.31.46:490][770]LogModuleManager: Shutting down and abandoning module LinuxServerTargetPlatform (125)
[2019.11.21-23.31.46:490][770]LogModuleManager: Shutting down and abandoning module LinuxNoEditorTargetPlatform (123)
[2019.11.21-23.31.46:490][770]LogModuleManager: Shutting down and abandoning module LinuxClientTargetPlatform (121)
[2019.11.21-23.31.46:491][770]LogModuleManager: Shutting down and abandoning module TVOSTargetPlatform (119)
[2019.11.21-23.31.46:511][770]LogModuleManager: Shutting down and abandoning module Messaging (117)
[2019.11.21-23.31.46:512][770]LogModuleManager: Shutting down and abandoning module IOSTargetPlatform (115)
[2019.11.21-23.31.46:540][770]LogModuleManager: Shutting down and abandoning module HTML5TargetPlatform (113)
[2019.11.21-23.31.46:540][770]LogModuleManager: Shutting down and abandoning module AndroidTargetPlatform (111)
[2019.11.21-23.31.46:891][770]LogModuleManager: Shutting down and abandoning module WindowsTargetPlatform (109)
[2019.11.21-23.31.46:891][770]LogModuleManager: Shutting down and abandoning module WindowsServerTargetPlatform (107)
[2019.11.21-23.31.46:894][770]LogModuleManager: Shutting down and abandoning module WindowsNoEditorTargetPlatform (105)
[2019.11.21-23.31.46:895][770]LogModuleManager: Shutting down and abandoning module WindowsClientTargetPlatform (103)
[2019.11.21-23.31.46:906][770]LogModuleManager: Shutting down and abandoning module MacTargetPlatform (101)
[2019.11.21-23.31.46:907][770]LogModuleManager: Shutting down and abandoning module MacServerTargetPlatform (99)
[2019.11.21-23.31.46:923][770]LogModuleManager: Shutting down and abandoning module MacNoEditorTargetPlatform (97)
[2019.11.21-23.31.46:925][770]LogModuleManager: Shutting down and abandoning module MacClientTargetPlatform (95)
[2019.11.21-23.31.46:926][770]LogModuleManager: Shutting down and abandoning module AllDesktopTargetPlatform (93)
[2019.11.21-23.31.46:927][770]LogModuleManager: Shutting down and abandoning module InputCore (90)
[2019.11.21-23.31.46:928][770]LogModuleManager: Shutting down and abandoning module Settings (88)
[2019.11.21-23.31.46:928][770]LogModuleManager: Shutting down and abandoning module DirectoryWatcher (86)
[2019.11.21-23.31.46:943][770]LogModuleManager: Shutting down and abandoning module PhysXCooking (84)
[2019.11.21-23.31.46:943][770]LogModuleManager: Shutting down and abandoning module WindowsPlatformFeatures (82)
[2019.11.21-23.31.46:954][770]LogModuleManager: Shutting down and abandoning module GameplayMediaEncoder (81)
[2019.11.21-23.31.46:957][770]LogModuleManager: Shutting down and abandoning module SteamVR (78)
[2019.11.21-23.31.46:957][770]LogHMD: Freeing OpenVRDLLHandle.
[2019.11.21-23.31.46:957][770]LogModuleManager: Shutting down and abandoning module OculusHMD (76)
[2019.11.21-23.31.46:960][770]LogModuleManager: Shutting down and abandoning module ExampleDeviceProfileSelector (74)
[2019.11.21-23.31.46:960][770]LogModuleManager: Shutting down and abandoning module LauncherChunkInstaller (72)
[2019.11.21-23.31.46:960][770]LogModuleManager: Shutting down and abandoning module OnlineBlueprintSupport (70)
[2019.11.21-23.31.46:961][770]LogModuleManager: Shutting down and abandoning module OnlineSubsystem (66)
[2019.11.21-23.31.46:979][770]LogModuleManager: Shutting down and abandoning module XMPP (61)
[2019.11.21-23.31.46:982][770]LogModuleManager: Shutting down and abandoning module WebSockets (60)
[2019.11.21-23.31.47:010][770]LogModuleManager: Shutting down and abandoning module HTTP (57)
[2019.11.21-23.31.47:010][770]LogHttp: Display: Http module shutting down, but needs to wait on 1 outstanding Http requests:
[2019.11.21-23.31.47:011][770]LogHttp: Display: 	verb=[POST] url=[https://datarouter.ol.epicgames.com/datarouter/api/v1/public/data?SessionID=%7B5AC4DBDE-4010-E61E-E3F6-6687EC23FEF4%7D&AppID=UEEditor.Rocket.Release&AppVersion=4.23.0-8386587%2B%2B%2BUE4%2BRelease-4.23&UserID=9fac42f04d0bf86c7c77a38461b5dbfe%7Cb17b9a24caaf4b22beb43e36ae37cc22%7C1aadf357-618d-45b7-89b5-366b54ee33e8&AppEnvironment=datacollector-binary&UploadType=eteventstream] status=Processing
[2019.11.21-23.31.47:058][770]LogModuleManager: Shutting down and abandoning module SSL (56)
[2019.11.21-23.31.47:086][770]LogModuleManager: Shutting down and abandoning module WmfMedia (52)
[2019.11.21-23.31.47:096][770]LogModuleManager: Shutting down and abandoning module Media (51)
[2019.11.21-23.31.47:104][770]LogModuleManager: Shutting down and abandoning module MagicLeap (48)
[2019.11.21-23.31.47:105][770]LogModuleManager: Shutting down and abandoning module DatasmithContent (46)
[2019.11.21-23.31.47:106][770]LogModuleManager: Shutting down and abandoning module AISupportModule (44)
[2019.11.21-23.31.47:106][770]LogModuleManager: Shutting down and abandoning module PlatformCryptoOpenSSL (42)
[2019.11.21-23.31.47:107][770]LogModuleManager: Shutting down and abandoning module PlatformCrypto (40)
[2019.11.21-23.31.47:107][770]LogModuleManager: Shutting down and abandoning module AnimationModifiers (38)
[2019.11.21-23.31.47:109][770]LogModuleManager: Shutting down and abandoning module PropertyEditor (37)
[2019.11.21-23.31.47:121][770]LogModuleManager: Shutting down and abandoning module AudioEditor (34)
[2019.11.21-23.31.47:127][770]LogModuleManager: Shutting down and abandoning module TextureCompressor (32)
[2019.11.21-23.31.47:136][770]LogModuleManager: Shutting down and abandoning module RenderCore (30)
[2019.11.21-23.31.47:136][770]LogModuleManager: Shutting down and abandoning module Landscape (28)
[2019.11.21-23.31.47:139][770]LogModuleManager: Shutting down and abandoning module SlateRHIRenderer (26)
[2019.11.21-23.31.47:161][770]LogModuleManager: Shutting down and abandoning module OpenGLDrv (24)
[2019.11.21-23.31.47:165][770]LogModuleManager: Shutting down and abandoning module D3D11RHI (22)
[2019.11.21-23.31.47:166][770]LogModuleManager: Shutting down and abandoning module AnimGraphRuntime (20)
[2019.11.21-23.31.47:166][770]LogModuleManager: Shutting down and abandoning module Renderer (18)
[2019.11.21-23.31.47:170][770]LogModuleManager: Shutting down and abandoning module Engine (16)
[2019.11.21-23.31.47:170][770]LogModuleManager: Shutting down and abandoning module CoreUObject (14)
[2019.11.21-23.31.47:171][770]LogModuleManager: Shutting down and abandoning module NetworkFile (12)
[2019.11.21-23.31.47:173][770]LogModuleManager: Shutting down and abandoning module CookedIterativeFile (10)
[2019.11.21-23.31.47:173][770]LogModuleManager: Shutting down and abandoning module StreamingFile (8)
[2019.11.21-23.31.47:174][770]LogModuleManager: Shutting down and abandoning module SandboxFile (6)
[2019.11.21-23.31.47:176][770]LogModuleManager: Shutting down and abandoning module PakFile (4)
[2019.11.21-23.31.47:190][770]LogModuleManager: Shutting down and abandoning module RSA (3)
[2019.11.21-23.31.47:191][770]LogD3D11RHI: Shutdown
[2019.11.21-23.31.47:192][770]LogD3D11RHI: CleanupD3DDevice
[2019.11.21-23.31.47:238][770]LogRendererCore: FGlobalDynamicReadBuffer::Cleanup()
[2019.11.21-23.31.47:242][770]LogRendererCore: FGlobalDynamicReadBuffer::Cleanup()
[2019.11.21-23.31.47:242][770]LogRendererCore: FGlobalDynamicReadBuffer::Cleanup()
[2019.11.21-23.31.47:705][770]LogD3D11RHI: ~FD3D11DynamicRHI
[2019.11.21-23.31.47:760][770]LogExit: Exiting.
[2019.11.21-23.31.47:856][770]Log file closed, 11/21/19 18:31:47
